[+] Containers:
 |- [+] Container: /Game/TopDown/Maps/TopDownMap
 |   |- [+] ActorDescs:
 |   |   |- Guid:0286C43042D648D3C0ADADAA1446FDB2 BaseClass: NativeClass:/Script/Engine.RuntimeVirtualTextureVolume Name:RuntimeVirtualTextureVolume_UAID_701AB8C826CFD5A701_2007556999 Label:Runtime Virtual Texture Volume SpatiallyLoaded:0 Bounds:IsValid=true, Min=(X=0.000 Y=0.000 Z=-80.000), Max=(X=10000.000 Y=10000.000 Z=420.000) RuntimeGrid:None EditorOnly:0 RuntimeOnly:0 HLODRelevant:0
 |   |   |- Guid:07810DB5476552C6ECC207B8FBE94500 BaseClass: NativeClass:/Script/Engine.StaticMeshActor Name:StaticMeshActor_UAID_A4AE111137DC5CFB00_1546167071 Label:SM_SkySphere SpatiallyLoaded:0 Bounds:IsValid=true, Min=(X=-1638400.000 Y=-1638400.000 Z=-1638400.000), Max=(X=1638400.000 Y=1638400.000 Z=1638400.000) RuntimeGrid:None EditorOnly:0 RuntimeOnly:0 HLODRelevant:1 FolderPath:Lighting FolderGuid:E13570EE436BA15E35C622BAA5B21164
 |   |   |- Guid:0B51D7AD4F062B92093210B32D09768C BaseClass: NativeClass:/Script/Engine.StaticMeshActor Name:StaticMeshActor_37 Label:SM_Cube4 SpatiallyLoaded:1 Bounds:IsValid=true, Min=(X=2000.000 Y=600.000 Z=0.000), Max=(X=2400.000 Y=1000.000 Z=200.000) RuntimeGrid:None EditorOnly:0 RuntimeOnly:0 HLODRelevant:1 FolderPath:Block01 FolderGuid:A3D0865D40B5211925A81EB39A13C84D
 |   |   |- Guid:101257634981149823D59D8A2DA679E8 BaseClass: NativeClass:/Script/Engine.StaticMeshActor Name:StaticMeshActor_UAID_701AB8C826CFECA701_1903860047 Label:Plane3 SpatiallyLoaded:1 Bounds:IsValid=true, Min=(X=1900.000 Y=400.000 Z=-175.000), Max=(X=2500.000 Y=400.000 Z=275.000) RuntimeGrid:None EditorOnly:0 RuntimeOnly:0 HLODRelevant:1
 |   |   |- Guid:111C698443056EA253A521B841F8CF45 BaseClass: NativeClass:/Script/Engine.StaticMeshActor Name:StaticMeshActor_45 Label:SM_QuarterCylinder3 SpatiallyLoaded:1 Bounds:IsValid=true, Min=(X=2400.000 Y=400.000 Z=0.000), Max=(X=2500.000 Y=500.000 Z=200.000) RuntimeGrid:None EditorOnly:0 RuntimeOnly:0 HLODRelevant:1 FolderPath:Block01 FolderGuid:A3D0865D40B5211925A81EB39A13C84D
 |   |   |- Guid:11B944C042882C11E44EA082F38B149A BaseClass: NativeClass:/Script/Engine.StaticMeshActor Name:StaticMeshActor_41 Label:SM_Cube7 SpatiallyLoaded:1 Bounds:IsValid=true, Min=(X=2400.000 Y=500.000 Z=0.000), Max=(X=2500.000 Y=900.000 Z=200.000) RuntimeGrid:None EditorOnly:0 RuntimeOnly:0 HLODRelevant:1 FolderPath:Block01 FolderGuid:A3D0865D40B5211925A81EB39A13C84D
 |   |   |- Guid:124EE53143C875A1C4F174B08C31D407 BaseClass: NativeClass:/Script/Engine.SkyAtmosphere Name:SkyAtmosphere_1 Label:SkyAtmosphere SpatiallyLoaded:0 Bounds:IsValid=true, Min=(X=0.000 Y=0.000 Z=1020.000), Max=(X=0.000 Y=0.000 Z=1020.000) RuntimeGrid:None EditorOnly:0 RuntimeOnly:0 HLODRelevant:0 FolderPath:Lighting FolderGuid:E13570EE436BA15E35C622BAA5B21164
 |   |   |- Guid:1694CAF046AB7ED663286BAEB2795CF5 BaseClass: NativeClass:/Script/Engine.StaticMeshActor Name:StaticMeshActor_43 Label:SM_Ramp3 SpatiallyLoaded:1 Bounds:IsValid=true, Min=(X=1600.000 Y=400.000 Z=100.000), Max=(X=1900.000 Y=600.000 Z=200.000) RuntimeGrid:None EditorOnly:0 RuntimeOnly:0 HLODRelevant:1 FolderPath:Block01 FolderGuid:A3D0865D40B5211925A81EB39A13C84D
 |   |   |- Guid:187C0F2A49C3862FA9AC9382E69A9808 BaseClass:/Game/TopDown/Blueprints/Game/Actors/BP_XYZ_Actor_Test.BP_XYZ_Actor_Test_C NativeClass:/Script/XYZ.XYZActor Name:BP_XYZ_Actor_Test_C_UAID_701AB8C826CF96A601_2130697855 Label:BP_XYZ_Actor_Test SpatiallyLoaded:1 Bounds:IsValid=true, Min=(X=1010.000 Y=1248.710 Z=105.485), Max=(X=1110.000 Y=1350.000 Z=370.000) RuntimeGrid:None EditorOnly:0 RuntimeOnly:0 HLODRelevant:0
 |   |   |- Guid:1A013F6D454DDAB5AD8E77B766ED9FAD BaseClass: NativeClass:/Script/Engine.ExponentialHeightFog Name:ExponentialHeightFog_1 Label:ExponentialHeightFog SpatiallyLoaded:0 Bounds:IsValid=true, Min=(X=-5600.000 Y=-50.000 Z=-6850.000), Max=(X=-5600.000 Y=-50.000 Z=-6850.000) RuntimeGrid:None EditorOnly:0 RuntimeOnly:0 HLODRelevant:0 FolderPath:Lighting FolderGuid:E13570EE436BA15E35C622BAA5B21164
 |   |   |- Guid:281B49C84DAFF6A6CB9C35A800DB17CE BaseClass: NativeClass:/Script/Engine.StaticMeshActor Name:StaticMeshActor_UAID_701AB8C826CFECA701_2053641053 Label:Plane9 SpatiallyLoaded:1 Bounds:IsValid=true, Min=(X=1600.000 Y=600.000 Z=-137.500), Max=(X=1900.000 Y=600.000 Z=237.500) RuntimeGrid:None EditorOnly:0 RuntimeOnly:0 HLODRelevant:1
 |   |   |- Guid:2A13D056452B49B93E502682954DB0DF BaseClass:/Game/TopDown/Blueprints/Game/Actors/BP_XYZ_Actor_Test.BP_XYZ_Actor_Test_C NativeClass:/Script/XYZ.XYZActor Name:BP_XYZ_Actor_Test_C_UAID_701AB8C826CF7DA701_1389792513 Label:BP_XYZ_Actor_Test7 SpatiallyLoaded:1 Bounds:IsValid=true, Min=(X=2150.000 Y=1248.710 Z=-4.542), Max=(X=2250.000 Y=1350.000 Z=290.000) RuntimeGrid:None EditorOnly:0 RuntimeOnly:0 HLODRelevant:0
 |   |   |- Guid:3AA00CC7473B3AB860032482C86F1357 BaseClass: NativeClass:/Script/Engine.SkyLight Name:SkyLight_1 Label:SkyLight SpatiallyLoaded:0 Bounds:IsValid=true, Min=(X=0.000 Y=0.000 Z=690.000), Max=(X=0.000 Y=0.000 Z=690.000) RuntimeGrid:None EditorOnly:0 RuntimeOnly:0 HLODRelevant:0 FolderPath:Lighting FolderGuid:E13570EE436BA15E35C622BAA5B21164
 |   |   |- Guid:505B4ED943FA99164AF46CAED7EC7B12 BaseClass: NativeClass:/Script/Engine.StaticMeshActor Name:StaticMeshActor_34 Label:SM_Cube SpatiallyLoaded:1 Bounds:IsValid=true, Min=(X=0.000 Y=0.000 Z=-50.000), Max=(X=10000.000 Y=10000.000 Z=0.000) RuntimeGrid:None EditorOnly:0 RuntimeOnly:0 HLODRelevant:1 FolderPath:Playground FolderGuid:8746DDAD42A18A3736DBE9BBB77675E5
 |   |   |- Guid:64AB90A1498EEAC3EA286F967D2D1FD8 BaseClass:/Game/TopDown/Blueprints/Game/Actors/BP_XYZ_Actor_Test.BP_XYZ_Actor_Test_C NativeClass:/Script/XYZ.XYZActor Name:BP_XYZ_Actor_Test_C_UAID_701AB8C826CF96A601_2132466856 Label:BP_XYZ_Actor_Test2 SpatiallyLoaded:1 Bounds:IsValid=true, Min=(X=1100.000 Y=1568.710 Z=105.485), Max=(X=1200.000 Y=1670.000 Z=370.000) RuntimeGrid:None EditorOnly:0 RuntimeOnly:0 HLODRelevant:0
 |   |   |- Guid:6CFE69CB41732F0CDEB04A85666FA67E BaseClass: NativeClass:/Script/Engine.WorldDataLayers Name:WorldDataLayers Label:WorldDataLayers-1 SpatiallyLoaded:0 Bounds:IsValid=true, Min=(X=0.000 Y=0.000 Z=0.000), Max=(X=0.000 Y=0.000 Z=0.000) RuntimeGrid:None EditorOnly:0 RuntimeOnly:0 HLODRelevant:0
 |   |   |- Guid:6EE91B5E4BE2697F6D57E2AE3FC32674 BaseClass: NativeClass:/Script/Engine.StaticMeshActor Name:StaticMeshActor_59 Label:SM_Cube8 SpatiallyLoaded:1 Bounds:IsValid=true, Min=(X=1900.000 Y=600.000 Z=0.000), Max=(X=2000.000 Y=900.000 Z=200.000) RuntimeGrid:None EditorOnly:0 RuntimeOnly:0 HLODRelevant:1 FolderPath:Block01 FolderGuid:A3D0865D40B5211925A81EB39A13C84D
 |   |   |- Guid:725DD05B4D9D142825330DA17C9345B9 BaseClass: NativeClass:/Script/Engine.StaticMeshActor Name:StaticMeshActor_UAID_701AB8C826CFE2A701_1114930287 Label:Plane SpatiallyLoaded:1 Bounds:IsValid=true, Min=(X=1400.000 Y=400.000 Z=-175.000), Max=(X=1400.000 Y=1000.000 Z=275.000) RuntimeGrid:None EditorOnly:0 RuntimeOnly:0 HLODRelevant:1
 |   |   |- Guid:76AEC25446F29A5D473591A2109933AD BaseClass: NativeClass:/Script/Engine.StaticMeshActor Name:StaticMeshActor_UAID_701AB8C826CFECA701_1970581050 Label:Plane6 SpatiallyLoaded:1 Bounds:IsValid=true, Min=(X=1900.000 Y=1000.000 Z=-175.000), Max=(X=2500.000 Y=1000.000 Z=275.000) RuntimeGrid:None EditorOnly:0 RuntimeOnly:0 HLODRelevant:1
 |   |   |- Guid:81E4D53A4C3D3E884024D5B2D7ACCFA0 BaseClass: NativeClass:/Script/Engine.StaticMeshActor Name:StaticMeshActor_44 Label:SM_Cube10 SpatiallyLoaded:1 Bounds:IsValid=true, Min=(X=1900.000 Y=400.000 Z=100.000), Max=(X=2400.000 Y=600.000 Z=200.000) RuntimeGrid:None EditorOnly:0 RuntimeOnly:0 HLODRelevant:1 FolderPath:Block01 FolderGuid:A3D0865D40B5211925A81EB39A13C84D
 |   |   |- Guid:87B92B0746F286BB3AE24B8FBA567F07 BaseClass:/Game/TopDown/Blueprints/Camera/BP_XYZCameraController.BP_XYZCameraController_C NativeClass:/Script/XYZ.XYZCameraController Name:BP_XYZCameraController_C_UAID_701AB8C826CF1EA701_1421586791 Label:BP_XYZCameraController SpatiallyLoaded:1 Bounds:IsValid=true, Min=(X=-4545.114 Y=-4455.114 Z=0.000), Max=(X=260.000 Y=350.000 Z=6795.457) RuntimeGrid:None EditorOnly:0 RuntimeOnly:0 HLODRelevant:0
 |   |   |- Guid:87D33A414B1B7E189E30FC94067361DB BaseClass:/Game/TopDown/Blueprints/Game/Actors/BP_XYZ_Actor_Test.BP_XYZ_Actor_Test_C NativeClass:/Script/XYZ.XYZActor Name:BP_XYZ_Actor_Test_C_UAID_701AB8C826CF01A801_1581352743 Label:BP_XYZ_Actor_Test9 SpatiallyLoaded:1 Bounds:IsValid=true, Min=(X=890.000 Y=2728.710 Z=105.485), Max=(X=990.000 Y=2830.000 Z=370.000) RuntimeGrid:None EditorOnly:0 RuntimeOnly:0 HLODRelevant:0
 |   |   |- Guid:8A6FD45E4EDA1D226B4E56A7FDD72602 BaseClass: NativeClass:/Script/Engine.StaticMeshActor Name:StaticMeshActor_UAID_701AB8C826CFECA701_1940148049 Label:Plane5 SpatiallyLoaded:1 Bounds:IsValid=true, Min=(X=2500.000 Y=400.000 Z=-175.000), Max=(X=2500.000 Y=1000.000 Z=275.000) RuntimeGrid:None EditorOnly:0 RuntimeOnly:0 HLODRelevant:1
 |   |   |- Guid:963169944433A544D75FF79A1B9FC159 BaseClass: NativeClass:/Script/NavigationSystem.NavMeshBoundsVolume Name:NavMeshBoundsVolume_1 Label:NavMeshBoundsVolume SpatiallyLoaded:0 Bounds:IsValid=true, Min=(X=-4571.944 Y=-1215.321 Z=-110.000), Max=(X=16371.944 Y=11815.321 Z=390.000) RuntimeGrid:None EditorOnly:0 RuntimeOnly:0 HLODRelevant:0 FolderPath:Navigation FolderGuid:5FBB7B1041A3902AEFBB4E87AA1D500F
 |   |   |- Guid:9943D1A7440CA9C75F8079A4237183D5 BaseClass:/Game/TopDown/Blueprints/Game/Actors/BP_XYZ_Actor_Test.BP_XYZ_Actor_Test_C NativeClass:/Script/XYZ.XYZActor Name:BP_XYZ_Actor_Test_C_UAID_701AB8C826CF01A801_1600495746 Label:BP_XYZ_Actor_Test12 SpatiallyLoaded:1 Bounds:IsValid=true, Min=(X=890.000 Y=3598.710 Z=105.485), Max=(X=990.000 Y=3700.000 Z=370.000) RuntimeGrid:None EditorOnly:0 RuntimeOnly:0 HLODRelevant:0
 |   |   |- Guid:A2C9FDC249407A0F7CC6C7AC6D190D89 BaseClass: NativeClass:/Script/Engine.StaticMeshActor Name:StaticMeshActor_UAID_701AB8C826CFECA701_2017840052 Label:Plane8 SpatiallyLoaded:1 Bounds:IsValid=true, Min=(X=1900.000 Y=600.000 Z=-175.000), Max=(X=1900.000 Y=1000.000 Z=275.000) RuntimeGrid:None EditorOnly:0 RuntimeOnly:0 HLODRelevant:1
 |   |   |- Guid:A38EC3DA419172D49C756FB8604FD64C BaseClass:/Game/TopDown/Blueprints/Game/Actors/BP_XYZ_Actor_Test.BP_XYZ_Actor_Test_C NativeClass:/Script/XYZ.XYZActor Name:BP_XYZ_Actor_Test_C_UAID_701AB8C826CF7DA701_1389785511 Label:BP_XYZ_Actor_Test5 SpatiallyLoaded:1 Bounds:IsValid=true, Min=(X=2030.000 Y=2188.710 Z=-4.542), Max=(X=2130.000 Y=2290.000 Z=290.000) RuntimeGrid:None EditorOnly:0 RuntimeOnly:0 HLODRelevant:0
 |   |   |- Guid:AB4707F74A9379070C7039B51FDBE34D BaseClass:/Game/TopDown/Blueprints/Game/Actors/BP_XYZ_Actor_Test.BP_XYZ_Actor_Test_C NativeClass:/Script/XYZ.XYZActor Name:BP_XYZ_Actor_Test_C_UAID_701AB8C826CF01A801_1590352744 Label:BP_XYZ_Actor_Test10 SpatiallyLoaded:1 Bounds:IsValid=true, Min=(X=890.000 Y=3048.710 Z=105.485), Max=(X=990.000 Y=3150.000 Z=370.000) RuntimeGrid:None EditorOnly:0 RuntimeOnly:0 HLODRelevant:0
 |   |   |- Guid:AF32E67340F72657701270A4BB118FEB BaseClass: NativeClass:/Script/Engine.StaticMeshActor Name:StaticMeshActor_UAID_701AB8C826CFE2A701_1159304288 Label:Plane2 SpatiallyLoaded:1 Bounds:IsValid=true, Min=(X=1600.000 Y=755.000 Z=-0.000), Max=(X=1600.000 Y=1005.000 Z=100.000) RuntimeGrid:None EditorOnly:0 RuntimeOnly:0 HLODRelevant:1
 |   |   |- Guid:B0B1B76944D8AA2773D21C8DA219E346 BaseClass:/Game/TopDown/Blueprints/Game/Actors/BP_XYZ_Actor_Test.BP_XYZ_Actor_Test_C NativeClass:/Script/XYZ.XYZActor Name:BP_XYZ_Actor_Test_C_UAID_701AB8C826CF96A601_2136189858 Label:BP_XYZ_Actor_Test4 SpatiallyLoaded:1 Bounds:IsValid=true, Min=(X=890.000 Y=2188.710 Z=105.485), Max=(X=990.000 Y=2290.000 Z=370.000) RuntimeGrid:None EditorOnly:0 RuntimeOnly:0 HLODRelevant:0
 |   |   |- Guid:B309552D41E05C17425AD0B758F37B6E BaseClass:/Game/TopDown/Blueprints/Game/Actors/BP_XYZ_Actor_Test.BP_XYZ_Actor_Test_C NativeClass:/Script/XYZ.XYZActor Name:BP_XYZ_Actor_Test_C_UAID_701AB8C826CF96A601_2134242857 Label:BP_XYZ_Actor_Test3 SpatiallyLoaded:1 Bounds:IsValid=true, Min=(X=900.000 Y=1728.710 Z=195.485), Max=(X=1000.000 Y=1830.000 Z=460.000) RuntimeGrid:None EditorOnly:0 RuntimeOnly:0 HLODRelevant:0
 |   |   |- Guid:B317A4D04F0F34842E8E6380E23CC978 BaseClass: NativeClass:/Script/Engine.StaticMeshActor Name:StaticMeshActor_UAID_701AB8C826CFECA701_2003944051 Label:Plane7 SpatiallyLoaded:1 Bounds:IsValid=true, Min=(X=1600.000 Y=595.000 Z=-0.000), Max=(X=1600.000 Y=845.000 Z=100.000) RuntimeGrid:None EditorOnly:0 RuntimeOnly:0 HLODRelevant:1
 |   |   |- Guid:BC9F05DA4F26FE20B8ADBEAC803D9E07 BaseClass: NativeClass:/Script/Engine.PostProcessVolume Name:PostProcessVolume_1 Label:PostProcessVolume SpatiallyLoaded:0 Bounds:IsValid=true, Min=(X=0.000 Y=-410.000 Z=400.000), Max=(X=200.000 Y=-210.000 Z=600.000) RuntimeGrid:None EditorOnly:0 RuntimeOnly:0 HLODRelevant:0 FolderPath:Lighting FolderGuid:E13570EE436BA15E35C622BAA5B21164
 |   |   |- Guid:BE42A0EC4802771FAFAC82A5ACD9B22B BaseClass: NativeClass:/Script/Engine.StaticMeshActor Name:StaticMeshActor_38 Label:SM_Ramp2 SpatiallyLoaded:1 Bounds:IsValid=true, Min=(X=1400.000 Y=600.000 Z=0.000), Max=(X=1600.000 Y=1000.000 Z=100.000) RuntimeGrid:None EditorOnly:0 RuntimeOnly:0 HLODRelevant:1 FolderPath:Block01 FolderGuid:A3D0865D40B5211925A81EB39A13C84D
 |   |   |- Guid:C1F343BF47546FC406FC86B4815E25C6 BaseClass: NativeClass:/Script/Engine.DirectionalLight Name:DirectionalLight_1 Label:DirectionalLight SpatiallyLoaded:0 Bounds:IsValid=true, Min=(X=-4398046511104.000 Y=-4398046511104.000 Z=-4398046511104.000), Max=(X=4398046511104.000 Y=4398046511104.000 Z=4398046511104.000) RuntimeGrid:None EditorOnly:0 RuntimeOnly:0 HLODRelevant:0 FolderPath:Lighting FolderGuid:E13570EE436BA15E35C622BAA5B21164
 |   |   |- Guid:C207630F46AD474F3A79B592280D36F3 BaseClass: NativeClass:/Script/Engine.StaticMeshActor Name:StaticMeshActor_58 Label:SM_QuarterCylinder7 SpatiallyLoaded:1 Bounds:IsValid=true, Min=(X=1900.000 Y=900.000 Z=0.000), Max=(X=2000.000 Y=1000.000 Z=200.000) RuntimeGrid:None EditorOnly:0 RuntimeOnly:0 HLODRelevant:1 FolderPath:Block01 FolderGuid:A3D0865D40B5211925A81EB39A13C84D
 |   |   |- Guid:CC9558944E3CB9356D05A78CA1B6DC7C BaseClass:/Game/TopDown/Blueprints/UI/Minimap/BP_Minimap_Passthrough.BP_Minimap_Passthrough_C NativeClass:/Script/Engine.Actor Name:BP_Minimap_Passthrough_C_UAID_701AB8C826CFD6A701_2047299175 Label:BP_Minimap_Passthrough SpatiallyLoaded:1 Bounds:IsValid=true, Min=(X=-2970.000 Y=-8030.000 Z=6190.000), Max=(X=-2870.000 Y=-7930.000 Z=6190.000) RuntimeGrid:None EditorOnly:0 RuntimeOnly:0 HLODRelevant:0
 |   |   |- Guid:D0C05B8644DB40A7AB0781A6C8DCF25C BaseClass:/Game/TopDown/Blueprints/Game/Actors/BP_XYZ_Actor_Test.BP_XYZ_Actor_Test_C NativeClass:/Script/XYZ.XYZActor Name:BP_XYZ_Actor_Test_C_UAID_701AB8C826CF7DA701_1389793514 Label:BP_XYZ_Actor_Test8 SpatiallyLoaded:1 Bounds:IsValid=true, Min=(X=2040.000 Y=1728.710 Z=115.485), Max=(X=2140.000 Y=1830.000 Z=380.000) RuntimeGrid:None EditorOnly:0 RuntimeOnly:0 HLODRelevant:0
 |   |   |- Guid:D4AEB424434B5BB8AD7BAA959EE02ACD BaseClass: NativeClass:/Script/Engine.StaticMeshActor Name:StaticMeshActor_UAID_701AB8C826CFECA701_1927114048 Label:Plane4 SpatiallyLoaded:1 Bounds:IsValid=true, Min=(X=1400.000 Y=400.000 Z=-175.000), Max=(X=2000.000 Y=400.000 Z=275.000) RuntimeGrid:None EditorOnly:0 RuntimeOnly:0 HLODRelevant:1
 |   |   |- Guid:E4FC2B3C450E04B80092E89AE841BE23 BaseClass: NativeClass:/Script/Engine.StaticMeshActor Name:StaticMeshActor_42 Label:SM_Cube9 SpatiallyLoaded:1 Bounds:IsValid=true, Min=(X=1400.000 Y=400.000 Z=0.000), Max=(X=2400.000 Y=600.000 Z=100.000) RuntimeGrid:None EditorOnly:0 RuntimeOnly:0 HLODRelevant:1 FolderPath:Block01 FolderGuid:A3D0865D40B5211925A81EB39A13C84D
 |   |   |- Guid:E798D61E4513407DFD2EFDA2E8F839FC BaseClass:/Game/TopDown/Blueprints/Game/Actors/BP_XYZ_Actor_Test.BP_XYZ_Actor_Test_C NativeClass:/Script/XYZ.XYZActor Name:BP_XYZ_Actor_Test_C_UAID_701AB8C826CF7DA701_1389791512 Label:BP_XYZ_Actor_Test6 SpatiallyLoaded:1 Bounds:IsValid=true, Min=(X=2240.000 Y=1568.710 Z=-4.542), Max=(X=2340.000 Y=1670.000 Z=290.000) RuntimeGrid:None EditorOnly:0 RuntimeOnly:0 HLODRelevant:0
 |   |   |- Guid:E92B029A43F3DD683C1B2481BF7B68DE BaseClass: NativeClass:/Script/Engine.VolumetricCloud Name:VolumetricCloud_1 Label:VolumetricCloud SpatiallyLoaded:0 Bounds:IsValid=true, Min=(X=0.000 Y=0.000 Z=820.000), Max=(X=0.000 Y=0.000 Z=820.000) RuntimeGrid:None EditorOnly:0 RuntimeOnly:0 HLODRelevant:0 FolderPath:Lighting FolderGuid:E13570EE436BA15E35C622BAA5B21164
 |   |   |- Guid:EE007D8D4628B59EB7CBB6A37BA5C0E2 BaseClass:/Game/TopDown/Blueprints/Game/Actors/BP_XYZ_Actor_Test.BP_XYZ_Actor_Test_C NativeClass:/Script/XYZ.XYZActor Name:BP_XYZ_Actor_Test_C_UAID_701AB8C826CF01A801_1595595745 Label:BP_XYZ_Actor_Test11 SpatiallyLoaded:1 Bounds:IsValid=true, Min=(X=890.000 Y=3348.710 Z=105.485), Max=(X=990.000 Y=3450.000 Z=370.000) RuntimeGrid:None EditorOnly:0 RuntimeOnly:0 HLODRelevant:0
 |   |   |- Guid:FFBC89574BBA5A9E2B5BEA99C0AE43F3 BaseClass: NativeClass:/Script/Engine.StaticMeshActor Name:StaticMeshActor_46 Label:SM_QuarterCylinder6 SpatiallyLoaded:1 Bounds:IsValid=true, Min=(X=2400.000 Y=900.000 Z=0.000), Max=(X=2500.000 Y=1000.000 Z=200.000) RuntimeGrid:None EditorOnly:0 RuntimeOnly:0 HLODRelevant:1 FolderPath:Block01 FolderGuid:A3D0865D40B5211925A81EB39A13C84D
 |   |- [+] Clusters:
 |   |   |- [+] [  0]
 |   |   |   |- Guid:111C698443056EA253A521B841F8CF45 BaseClass: NativeClass:/Script/Engine.StaticMeshActor Name:StaticMeshActor_45 Label:SM_QuarterCylinder3 SpatiallyLoaded:1 Bounds:IsValid=true, Min=(X=2400.000 Y=400.000 Z=0.000), Max=(X=2500.000 Y=500.000 Z=200.000) RuntimeGrid:None EditorOnly:0 RuntimeOnly:0 HLODRelevant:1 FolderPath:Block01 FolderGuid:A3D0865D40B5211925A81EB39A13C84D
 |   |   |- [+] [  1]
 |   |   |   |- Guid:8A6FD45E4EDA1D226B4E56A7FDD72602 BaseClass: NativeClass:/Script/Engine.StaticMeshActor Name:StaticMeshActor_UAID_701AB8C826CFECA701_1940148049 Label:Plane5 SpatiallyLoaded:1 Bounds:IsValid=true, Min=(X=2500.000 Y=400.000 Z=-175.000), Max=(X=2500.000 Y=1000.000 Z=275.000) RuntimeGrid:None EditorOnly:0 RuntimeOnly:0 HLODRelevant:1
 |   |   |- [+] [  2]
 |   |   |   |- Guid:963169944433A544D75FF79A1B9FC159 BaseClass: NativeClass:/Script/NavigationSystem.NavMeshBoundsVolume Name:NavMeshBoundsVolume_1 Label:NavMeshBoundsVolume SpatiallyLoaded:0 Bounds:IsValid=true, Min=(X=-4571.944 Y=-1215.321 Z=-110.000), Max=(X=16371.944 Y=11815.321 Z=390.000) RuntimeGrid:None EditorOnly:0 RuntimeOnly:0 HLODRelevant:0 FolderPath:Navigation FolderGuid:5FBB7B1041A3902AEFBB4E87AA1D500F
 |   |   |- [+] [  3]
 |   |   |   |- Guid:B317A4D04F0F34842E8E6380E23CC978 BaseClass: NativeClass:/Script/Engine.StaticMeshActor Name:StaticMeshActor_UAID_701AB8C826CFECA701_2003944051 Label:Plane7 SpatiallyLoaded:1 Bounds:IsValid=true, Min=(X=1600.000 Y=595.000 Z=-0.000), Max=(X=1600.000 Y=845.000 Z=100.000) RuntimeGrid:None EditorOnly:0 RuntimeOnly:0 HLODRelevant:1
 |   |   |- [+] [  4]
 |   |   |   |- Guid:87B92B0746F286BB3AE24B8FBA567F07 BaseClass:/Game/TopDown/Blueprints/Camera/BP_XYZCameraController.BP_XYZCameraController_C NativeClass:/Script/XYZ.XYZCameraController Name:BP_XYZCameraController_C_UAID_701AB8C826CF1EA701_1421586791 Label:BP_XYZCameraController SpatiallyLoaded:1 Bounds:IsValid=true, Min=(X=-4545.114 Y=-4455.114 Z=0.000), Max=(X=260.000 Y=350.000 Z=6795.457) RuntimeGrid:None EditorOnly:0 RuntimeOnly:0 HLODRelevant:0
 |   |   |- [+] [  5]
 |   |   |   |- Guid:B0B1B76944D8AA2773D21C8DA219E346 BaseClass:/Game/TopDown/Blueprints/Game/Actors/BP_XYZ_Actor_Test.BP_XYZ_Actor_Test_C NativeClass:/Script/XYZ.XYZActor Name:BP_XYZ_Actor_Test_C_UAID_701AB8C826CF96A601_2136189858 Label:BP_XYZ_Actor_Test4 SpatiallyLoaded:1 Bounds:IsValid=true, Min=(X=890.000 Y=2188.710 Z=105.485), Max=(X=990.000 Y=2290.000 Z=370.000) RuntimeGrid:None EditorOnly:0 RuntimeOnly:0 HLODRelevant:0
 |   |   |- [+] [  6]
 |   |   |   |- Guid:0B51D7AD4F062B92093210B32D09768C BaseClass: NativeClass:/Script/Engine.StaticMeshActor Name:StaticMeshActor_37 Label:SM_Cube4 SpatiallyLoaded:1 Bounds:IsValid=true, Min=(X=2000.000 Y=600.000 Z=0.000), Max=(X=2400.000 Y=1000.000 Z=200.000) RuntimeGrid:None EditorOnly:0 RuntimeOnly:0 HLODRelevant:1 FolderPath:Block01 FolderGuid:A3D0865D40B5211925A81EB39A13C84D
 |   |   |- [+] [  7]
 |   |   |   |- Guid:E4FC2B3C450E04B80092E89AE841BE23 BaseClass: NativeClass:/Script/Engine.StaticMeshActor Name:StaticMeshActor_42 Label:SM_Cube9 SpatiallyLoaded:1 Bounds:IsValid=true, Min=(X=1400.000 Y=400.000 Z=0.000), Max=(X=2400.000 Y=600.000 Z=100.000) RuntimeGrid:None EditorOnly:0 RuntimeOnly:0 HLODRelevant:1 FolderPath:Block01 FolderGuid:A3D0865D40B5211925A81EB39A13C84D
 |   |   |- [+] [  8]
 |   |   |   |- Guid:64AB90A1498EEAC3EA286F967D2D1FD8 BaseClass:/Game/TopDown/Blueprints/Game/Actors/BP_XYZ_Actor_Test.BP_XYZ_Actor_Test_C NativeClass:/Script/XYZ.XYZActor Name:BP_XYZ_Actor_Test_C_UAID_701AB8C826CF96A601_2132466856 Label:BP_XYZ_Actor_Test2 SpatiallyLoaded:1 Bounds:IsValid=true, Min=(X=1100.000 Y=1568.710 Z=105.485), Max=(X=1200.000 Y=1670.000 Z=370.000) RuntimeGrid:None EditorOnly:0 RuntimeOnly:0 HLODRelevant:0
 |   |   |- [+] [  9]
 |   |   |   |- Guid:D0C05B8644DB40A7AB0781A6C8DCF25C BaseClass:/Game/TopDown/Blueprints/Game/Actors/BP_XYZ_Actor_Test.BP_XYZ_Actor_Test_C NativeClass:/Script/XYZ.XYZActor Name:BP_XYZ_Actor_Test_C_UAID_701AB8C826CF7DA701_1389793514 Label:BP_XYZ_Actor_Test8 SpatiallyLoaded:1 Bounds:IsValid=true, Min=(X=2040.000 Y=1728.710 Z=115.485), Max=(X=2140.000 Y=1830.000 Z=380.000) RuntimeGrid:None EditorOnly:0 RuntimeOnly:0 HLODRelevant:0
 |   |   |- [+] [ 10]
 |   |   |   |- Guid:E798D61E4513407DFD2EFDA2E8F839FC BaseClass:/Game/TopDown/Blueprints/Game/Actors/BP_XYZ_Actor_Test.BP_XYZ_Actor_Test_C NativeClass:/Script/XYZ.XYZActor Name:BP_XYZ_Actor_Test_C_UAID_701AB8C826CF7DA701_1389791512 Label:BP_XYZ_Actor_Test6 SpatiallyLoaded:1 Bounds:IsValid=true, Min=(X=2240.000 Y=1568.710 Z=-4.542), Max=(X=2340.000 Y=1670.000 Z=290.000) RuntimeGrid:None EditorOnly:0 RuntimeOnly:0 HLODRelevant:0
 |   |   |- [+] [ 11]
 |   |   |   |- Guid:07810DB5476552C6ECC207B8FBE94500 BaseClass: NativeClass:/Script/Engine.StaticMeshActor Name:StaticMeshActor_UAID_A4AE111137DC5CFB00_1546167071 Label:SM_SkySphere SpatiallyLoaded:0 Bounds:IsValid=true, Min=(X=-1638400.000 Y=-1638400.000 Z=-1638400.000), Max=(X=1638400.000 Y=1638400.000 Z=1638400.000) RuntimeGrid:None EditorOnly:0 RuntimeOnly:0 HLODRelevant:1 FolderPath:Lighting FolderGuid:E13570EE436BA15E35C622BAA5B21164
 |   |   |- [+] [ 12]
 |   |   |   |- Guid:101257634981149823D59D8A2DA679E8 BaseClass: NativeClass:/Script/Engine.StaticMeshActor Name:StaticMeshActor_UAID_701AB8C826CFECA701_1903860047 Label:Plane3 SpatiallyLoaded:1 Bounds:IsValid=true, Min=(X=1900.000 Y=400.000 Z=-175.000), Max=(X=2500.000 Y=400.000 Z=275.000) RuntimeGrid:None EditorOnly:0 RuntimeOnly:0 HLODRelevant:1
 |   |   |- [+] [ 13]
 |   |   |   |- Guid:A2C9FDC249407A0F7CC6C7AC6D190D89 BaseClass: NativeClass:/Script/Engine.StaticMeshActor Name:StaticMeshActor_UAID_701AB8C826CFECA701_2017840052 Label:Plane8 SpatiallyLoaded:1 Bounds:IsValid=true, Min=(X=1900.000 Y=600.000 Z=-175.000), Max=(X=1900.000 Y=1000.000 Z=275.000) RuntimeGrid:None EditorOnly:0 RuntimeOnly:0 HLODRelevant:1
 |   |   |- [+] [ 14]
 |   |   |   |- Guid:124EE53143C875A1C4F174B08C31D407 BaseClass: NativeClass:/Script/Engine.SkyAtmosphere Name:SkyAtmosphere_1 Label:SkyAtmosphere SpatiallyLoaded:0 Bounds:IsValid=true, Min=(X=0.000 Y=0.000 Z=1020.000), Max=(X=0.000 Y=0.000 Z=1020.000) RuntimeGrid:None EditorOnly:0 RuntimeOnly:0 HLODRelevant:0 FolderPath:Lighting FolderGuid:E13570EE436BA15E35C622BAA5B21164
 |   |   |- [+] [ 15]
 |   |   |   |- Guid:1A013F6D454DDAB5AD8E77B766ED9FAD BaseClass: NativeClass:/Script/Engine.ExponentialHeightFog Name:ExponentialHeightFog_1 Label:ExponentialHeightFog SpatiallyLoaded:0 Bounds:IsValid=true, Min=(X=-5600.000 Y=-50.000 Z=-6850.000), Max=(X=-5600.000 Y=-50.000 Z=-6850.000) RuntimeGrid:None EditorOnly:0 RuntimeOnly:0 HLODRelevant:0 FolderPath:Lighting FolderGuid:E13570EE436BA15E35C622BAA5B21164
 |   |   |- [+] [ 16]
 |   |   |   |- Guid:BC9F05DA4F26FE20B8ADBEAC803D9E07 BaseClass: NativeClass:/Script/Engine.PostProcessVolume Name:PostProcessVolume_1 Label:PostProcessVolume SpatiallyLoaded:0 Bounds:IsValid=true, Min=(X=0.000 Y=-410.000 Z=400.000), Max=(X=200.000 Y=-210.000 Z=600.000) RuntimeGrid:None EditorOnly:0 RuntimeOnly:0 HLODRelevant:0 FolderPath:Lighting FolderGuid:E13570EE436BA15E35C622BAA5B21164
 |   |   |- [+] [ 17]
 |   |   |   |- Guid:11B944C042882C11E44EA082F38B149A BaseClass: NativeClass:/Script/Engine.StaticMeshActor Name:StaticMeshActor_41 Label:SM_Cube7 SpatiallyLoaded:1 Bounds:IsValid=true, Min=(X=2400.000 Y=500.000 Z=0.000), Max=(X=2500.000 Y=900.000 Z=200.000) RuntimeGrid:None EditorOnly:0 RuntimeOnly:0 HLODRelevant:1 FolderPath:Block01 FolderGuid:A3D0865D40B5211925A81EB39A13C84D
 |   |   |- [+] [ 18]
 |   |   |   |- Guid:A38EC3DA419172D49C756FB8604FD64C BaseClass:/Game/TopDown/Blueprints/Game/Actors/BP_XYZ_Actor_Test.BP_XYZ_Actor_Test_C NativeClass:/Script/XYZ.XYZActor Name:BP_XYZ_Actor_Test_C_UAID_701AB8C826CF7DA701_1389785511 Label:BP_XYZ_Actor_Test5 SpatiallyLoaded:1 Bounds:IsValid=true, Min=(X=2030.000 Y=2188.710 Z=-4.542), Max=(X=2130.000 Y=2290.000 Z=290.000) RuntimeGrid:None EditorOnly:0 RuntimeOnly:0 HLODRelevant:0
 |   |   |- [+] [ 19]
 |   |   |   |- Guid:BE42A0EC4802771FAFAC82A5ACD9B22B BaseClass: NativeClass:/Script/Engine.StaticMeshActor Name:StaticMeshActor_38 Label:SM_Ramp2 SpatiallyLoaded:1 Bounds:IsValid=true, Min=(X=1400.000 Y=600.000 Z=0.000), Max=(X=1600.000 Y=1000.000 Z=100.000) RuntimeGrid:None EditorOnly:0 RuntimeOnly:0 HLODRelevant:1 FolderPath:Block01 FolderGuid:A3D0865D40B5211925A81EB39A13C84D
 |   |   |- [+] [ 20]
 |   |   |   |- Guid:0286C43042D648D3C0ADADAA1446FDB2 BaseClass: NativeClass:/Script/Engine.RuntimeVirtualTextureVolume Name:RuntimeVirtualTextureVolume_UAID_701AB8C826CFD5A701_2007556999 Label:Runtime Virtual Texture Volume SpatiallyLoaded:0 Bounds:IsValid=true, Min=(X=0.000 Y=0.000 Z=-80.000), Max=(X=10000.000 Y=10000.000 Z=420.000) RuntimeGrid:None EditorOnly:0 RuntimeOnly:0 HLODRelevant:0
 |   |   |- [+] [ 21]
 |   |   |   |- Guid:505B4ED943FA99164AF46CAED7EC7B12 BaseClass: NativeClass:/Script/Engine.StaticMeshActor Name:StaticMeshActor_34 Label:SM_Cube SpatiallyLoaded:1 Bounds:IsValid=true, Min=(X=0.000 Y=0.000 Z=-50.000), Max=(X=10000.000 Y=10000.000 Z=0.000) RuntimeGrid:None EditorOnly:0 RuntimeOnly:0 HLODRelevant:1 FolderPath:Playground FolderGuid:8746DDAD42A18A3736DBE9BBB77675E5
 |   |   |- [+] [ 22]
 |   |   |   |- Guid:187C0F2A49C3862FA9AC9382E69A9808 BaseClass:/Game/TopDown/Blueprints/Game/Actors/BP_XYZ_Actor_Test.BP_XYZ_Actor_Test_C NativeClass:/Script/XYZ.XYZActor Name:BP_XYZ_Actor_Test_C_UAID_701AB8C826CF96A601_2130697855 Label:BP_XYZ_Actor_Test SpatiallyLoaded:1 Bounds:IsValid=true, Min=(X=1010.000 Y=1248.710 Z=105.485), Max=(X=1110.000 Y=1350.000 Z=370.000) RuntimeGrid:None EditorOnly:0 RuntimeOnly:0 HLODRelevant:0
 |   |   |- [+] [ 23]
 |   |   |   |- Guid:76AEC25446F29A5D473591A2109933AD BaseClass: NativeClass:/Script/Engine.StaticMeshActor Name:StaticMeshActor_UAID_701AB8C826CFECA701_1970581050 Label:Plane6 SpatiallyLoaded:1 Bounds:IsValid=true, Min=(X=1900.000 Y=1000.000 Z=-175.000), Max=(X=2500.000 Y=1000.000 Z=275.000) RuntimeGrid:None EditorOnly:0 RuntimeOnly:0 HLODRelevant:1
 |   |   |- [+] [ 24]
 |   |   |   |- Guid:CC9558944E3CB9356D05A78CA1B6DC7C BaseClass:/Game/TopDown/Blueprints/UI/Minimap/BP_Minimap_Passthrough.BP_Minimap_Passthrough_C NativeClass:/Script/Engine.Actor Name:BP_Minimap_Passthrough_C_UAID_701AB8C826CFD6A701_2047299175 Label:BP_Minimap_Passthrough SpatiallyLoaded:1 Bounds:IsValid=true, Min=(X=-2970.000 Y=-8030.000 Z=6190.000), Max=(X=-2870.000 Y=-7930.000 Z=6190.000) RuntimeGrid:None EditorOnly:0 RuntimeOnly:0 HLODRelevant:0
 |   |   |- [+] [ 25]
 |   |   |   |- Guid:81E4D53A4C3D3E884024D5B2D7ACCFA0 BaseClass: NativeClass:/Script/Engine.StaticMeshActor Name:StaticMeshActor_44 Label:SM_Cube10 SpatiallyLoaded:1 Bounds:IsValid=true, Min=(X=1900.000 Y=400.000 Z=100.000), Max=(X=2400.000 Y=600.000 Z=200.000) RuntimeGrid:None EditorOnly:0 RuntimeOnly:0 HLODRelevant:1 FolderPath:Block01 FolderGuid:A3D0865D40B5211925A81EB39A13C84D
 |   |   |- [+] [ 26]
 |   |   |   |- Guid:6EE91B5E4BE2697F6D57E2AE3FC32674 BaseClass: NativeClass:/Script/Engine.StaticMeshActor Name:StaticMeshActor_59 Label:SM_Cube8 SpatiallyLoaded:1 Bounds:IsValid=true, Min=(X=1900.000 Y=600.000 Z=0.000), Max=(X=2000.000 Y=900.000 Z=200.000) RuntimeGrid:None EditorOnly:0 RuntimeOnly:0 HLODRelevant:1 FolderPath:Block01 FolderGuid:A3D0865D40B5211925A81EB39A13C84D
 |   |   |- [+] [ 27]
 |   |   |   |- Guid:FFBC89574BBA5A9E2B5BEA99C0AE43F3 BaseClass: NativeClass:/Script/Engine.StaticMeshActor Name:StaticMeshActor_46 Label:SM_QuarterCylinder6 SpatiallyLoaded:1 Bounds:IsValid=true, Min=(X=2400.000 Y=900.000 Z=0.000), Max=(X=2500.000 Y=1000.000 Z=200.000) RuntimeGrid:None EditorOnly:0 RuntimeOnly:0 HLODRelevant:1 FolderPath:Block01 FolderGuid:A3D0865D40B5211925A81EB39A13C84D
 |   |   |- [+] [ 28]
 |   |   |   |- Guid:AF32E67340F72657701270A4BB118FEB BaseClass: NativeClass:/Script/Engine.StaticMeshActor Name:StaticMeshActor_UAID_701AB8C826CFE2A701_1159304288 Label:Plane2 SpatiallyLoaded:1 Bounds:IsValid=true, Min=(X=1600.000 Y=755.000 Z=-0.000), Max=(X=1600.000 Y=1005.000 Z=100.000) RuntimeGrid:None EditorOnly:0 RuntimeOnly:0 HLODRelevant:1
 |   |   |- [+] [ 29]
 |   |   |   |- Guid:C1F343BF47546FC406FC86B4815E25C6 BaseClass: NativeClass:/Script/Engine.DirectionalLight Name:DirectionalLight_1 Label:DirectionalLight SpatiallyLoaded:0 Bounds:IsValid=true, Min=(X=-4398046511104.000 Y=-4398046511104.000 Z=-4398046511104.000), Max=(X=4398046511104.000 Y=4398046511104.000 Z=4398046511104.000) RuntimeGrid:None EditorOnly:0 RuntimeOnly:0 HLODRelevant:0 FolderPath:Lighting FolderGuid:E13570EE436BA15E35C622BAA5B21164
 |   |   |- [+] [ 30]
 |   |   |   |- Guid:6CFE69CB41732F0CDEB04A85666FA67E BaseClass: NativeClass:/Script/Engine.WorldDataLayers Name:WorldDataLayers Label:WorldDataLayers-1 SpatiallyLoaded:0 Bounds:IsValid=true, Min=(X=0.000 Y=0.000 Z=0.000), Max=(X=0.000 Y=0.000 Z=0.000) RuntimeGrid:None EditorOnly:0 RuntimeOnly:0 HLODRelevant:0
 |   |   |- [+] [ 31]
 |   |   |   |- Guid:281B49C84DAFF6A6CB9C35A800DB17CE BaseClass: NativeClass:/Script/Engine.StaticMeshActor Name:StaticMeshActor_UAID_701AB8C826CFECA701_2053641053 Label:Plane9 SpatiallyLoaded:1 Bounds:IsValid=true, Min=(X=1600.000 Y=600.000 Z=-137.500), Max=(X=1900.000 Y=600.000 Z=237.500) RuntimeGrid:None EditorOnly:0 RuntimeOnly:0 HLODRelevant:1
 |   |   |- [+] [ 32]
 |   |   |   |- Guid:C207630F46AD474F3A79B592280D36F3 BaseClass: NativeClass:/Script/Engine.StaticMeshActor Name:StaticMeshActor_58 Label:SM_QuarterCylinder7 SpatiallyLoaded:1 Bounds:IsValid=true, Min=(X=1900.000 Y=900.000 Z=0.000), Max=(X=2000.000 Y=1000.000 Z=200.000) RuntimeGrid:None EditorOnly:0 RuntimeOnly:0 HLODRelevant:1 FolderPath:Block01 FolderGuid:A3D0865D40B5211925A81EB39A13C84D
 |   |   |- [+] [ 33]
 |   |   |   |- Guid:1694CAF046AB7ED663286BAEB2795CF5 BaseClass: NativeClass:/Script/Engine.StaticMeshActor Name:StaticMeshActor_43 Label:SM_Ramp3 SpatiallyLoaded:1 Bounds:IsValid=true, Min=(X=1600.000 Y=400.000 Z=100.000), Max=(X=1900.000 Y=600.000 Z=200.000) RuntimeGrid:None EditorOnly:0 RuntimeOnly:0 HLODRelevant:1 FolderPath:Block01 FolderGuid:A3D0865D40B5211925A81EB39A13C84D
 |   |   |- [+] [ 34]
 |   |   |   |- Guid:B309552D41E05C17425AD0B758F37B6E BaseClass:/Game/TopDown/Blueprints/Game/Actors/BP_XYZ_Actor_Test.BP_XYZ_Actor_Test_C NativeClass:/Script/XYZ.XYZActor Name:BP_XYZ_Actor_Test_C_UAID_701AB8C826CF96A601_2134242857 Label:BP_XYZ_Actor_Test3 SpatiallyLoaded:1 Bounds:IsValid=true, Min=(X=900.000 Y=1728.710 Z=195.485), Max=(X=1000.000 Y=1830.000 Z=460.000) RuntimeGrid:None EditorOnly:0 RuntimeOnly:0 HLODRelevant:0
 |   |   |- [+] [ 35]
 |   |   |   |- Guid:2A13D056452B49B93E502682954DB0DF BaseClass:/Game/TopDown/Blueprints/Game/Actors/BP_XYZ_Actor_Test.BP_XYZ_Actor_Test_C NativeClass:/Script/XYZ.XYZActor Name:BP_XYZ_Actor_Test_C_UAID_701AB8C826CF7DA701_1389792513 Label:BP_XYZ_Actor_Test7 SpatiallyLoaded:1 Bounds:IsValid=true, Min=(X=2150.000 Y=1248.710 Z=-4.542), Max=(X=2250.000 Y=1350.000 Z=290.000) RuntimeGrid:None EditorOnly:0 RuntimeOnly:0 HLODRelevant:0
 |   |   |- [+] [ 36]
 |   |   |   |- Guid:3AA00CC7473B3AB860032482C86F1357 BaseClass: NativeClass:/Script/Engine.SkyLight Name:SkyLight_1 Label:SkyLight SpatiallyLoaded:0 Bounds:IsValid=true, Min=(X=0.000 Y=0.000 Z=690.000), Max=(X=0.000 Y=0.000 Z=690.000) RuntimeGrid:None EditorOnly:0 RuntimeOnly:0 HLODRelevant:0 FolderPath:Lighting FolderGuid:E13570EE436BA15E35C622BAA5B21164
 |   |   |- [+] [ 37]
 |   |   |   |- Guid:E92B029A43F3DD683C1B2481BF7B68DE BaseClass: NativeClass:/Script/Engine.VolumetricCloud Name:VolumetricCloud_1 Label:VolumetricCloud SpatiallyLoaded:0 Bounds:IsValid=true, Min=(X=0.000 Y=0.000 Z=820.000), Max=(X=0.000 Y=0.000 Z=820.000) RuntimeGrid:None EditorOnly:0 RuntimeOnly:0 HLODRelevant:0 FolderPath:Lighting FolderGuid:E13570EE436BA15E35C622BAA5B21164
 |   |   |- [+] [ 38]
 |   |   |   |- Guid:725DD05B4D9D142825330DA17C9345B9 BaseClass: NativeClass:/Script/Engine.StaticMeshActor Name:StaticMeshActor_UAID_701AB8C826CFE2A701_1114930287 Label:Plane SpatiallyLoaded:1 Bounds:IsValid=true, Min=(X=1400.000 Y=400.000 Z=-175.000), Max=(X=1400.000 Y=1000.000 Z=275.000) RuntimeGrid:None EditorOnly:0 RuntimeOnly:0 HLODRelevant:1
 |   |   |- [+] [ 39]
 |   |   |   |- Guid:D4AEB424434B5BB8AD7BAA959EE02ACD BaseClass: NativeClass:/Script/Engine.StaticMeshActor Name:StaticMeshActor_UAID_701AB8C826CFECA701_1927114048 Label:Plane4 SpatiallyLoaded:1 Bounds:IsValid=true, Min=(X=1400.000 Y=400.000 Z=-175.000), Max=(X=2000.000 Y=400.000 Z=275.000) RuntimeGrid:None EditorOnly:0 RuntimeOnly:0 HLODRelevant:1
 |   |   |- [+] [ 40]
 |   |   |   |- Guid:87D33A414B1B7E189E30FC94067361DB BaseClass:/Game/TopDown/Blueprints/Game/Actors/BP_XYZ_Actor_Test.BP_XYZ_Actor_Test_C NativeClass:/Script/XYZ.XYZActor Name:BP_XYZ_Actor_Test_C_UAID_701AB8C826CF01A801_1581352743 Label:BP_XYZ_Actor_Test9 SpatiallyLoaded:1 Bounds:IsValid=true, Min=(X=890.000 Y=2728.710 Z=105.485), Max=(X=990.000 Y=2830.000 Z=370.000) RuntimeGrid:None EditorOnly:0 RuntimeOnly:0 HLODRelevant:0
 |   |   |- [+] [ 41]
 |   |   |   |- Guid:AB4707F74A9379070C7039B51FDBE34D BaseClass:/Game/TopDown/Blueprints/Game/Actors/BP_XYZ_Actor_Test.BP_XYZ_Actor_Test_C NativeClass:/Script/XYZ.XYZActor Name:BP_XYZ_Actor_Test_C_UAID_701AB8C826CF01A801_1590352744 Label:BP_XYZ_Actor_Test10 SpatiallyLoaded:1 Bounds:IsValid=true, Min=(X=890.000 Y=3048.710 Z=105.485), Max=(X=990.000 Y=3150.000 Z=370.000) RuntimeGrid:None EditorOnly:0 RuntimeOnly:0 HLODRelevant:0
 |   |   |- [+] [ 42]
 |   |   |   |- Guid:EE007D8D4628B59EB7CBB6A37BA5C0E2 BaseClass:/Game/TopDown/Blueprints/Game/Actors/BP_XYZ_Actor_Test.BP_XYZ_Actor_Test_C NativeClass:/Script/XYZ.XYZActor Name:BP_XYZ_Actor_Test_C_UAID_701AB8C826CF01A801_1595595745 Label:BP_XYZ_Actor_Test11 SpatiallyLoaded:1 Bounds:IsValid=true, Min=(X=890.000 Y=3348.710 Z=105.485), Max=(X=990.000 Y=3450.000 Z=370.000) RuntimeGrid:None EditorOnly:0 RuntimeOnly:0 HLODRelevant:0
 |   |   |- [+] [ 43]
 |   |   |   |- Guid:9943D1A7440CA9C75F8079A4237183D5 BaseClass:/Game/TopDown/Blueprints/Game/Actors/BP_XYZ_Actor_Test.BP_XYZ_Actor_Test_C NativeClass:/Script/XYZ.XYZActor Name:BP_XYZ_Actor_Test_C_UAID_701AB8C826CF01A801_1600495746 Label:BP_XYZ_Actor_Test12 SpatiallyLoaded:1 Bounds:IsValid=true, Min=(X=890.000 Y=3598.710 Z=105.485), Max=(X=990.000 Y=3700.000 Z=370.000) RuntimeGrid:None EditorOnly:0 RuntimeOnly:0 HLODRelevant:0
 |- ContainerInstances:
 |- [+] MainContainer:
 |   |-        ID: 0x0000000000000000
 |   |-    Bounds: IsValid=false, Min=(X=0.000 Y=0.000 Z=0.000), Max=(X=0.000 Y=0.000 Z=0.000)
 |   |- Transform: 0.000000,0.000000,0.000000|0.000000,0.000000,-0.000000|1.000000,1.000000,1.000000
 |   |- Container: /Game/TopDown/Maps/TopDownMap
----------------------------------------------------------------------------------------------------------------
TopDownMap - Persistent Level
----------------------------------------------------------------------------------------------------------------
Always loaded Actor Count: 52 

----------------------------------------------------------------------------------------------------------------
TopDownMap - Runtime Spatial Hash - Streaming Grid - MainGrid
----------------------------------------------------------------------------------------------------------------
            Origin: X=0.000 Y=0.000 Z=0.000
         Cell Size: 12800
      World Bounds: IsValid=false, Min=(X=0.000 Y=0.000 Z=0.000), Max=(X=0.000 Y=0.000 Z=0.000)
     Loading Range: 25600.00
Block Slow Loading: No
 ClientOnlyVisible: No

[+] Grid Levels: 1
 |- Level  0: Cell Count    0 | Cell Size   12800 | Actor Count    0 (0.0%)

[+] Content of Grid Level 0

