[+] Containers:
 |- [+] Container: /Game/TopDown/Maps/TopDownMap
 |   |- [+] ActorDescs:
 |   |   |- Guid:0286C43042D648D3C0ADADAA1446FDB2 BaseClass: NativeClass:/Script/Engine.RuntimeVirtualTextureVolume Name:RuntimeVirtualTextureVolume_UAID_701AB8C826CFD5A701_2007556999 Label:Runtime Virtual Texture Volume SpatiallyLoaded:0 Bounds:IsValid=true, Min=(X=0.000 Y=0.000 Z=-80.000), Max=(X=10000.000 Y=10000.000 Z=420.000) RuntimeGrid:None EditorOnly:0 RuntimeOnly:0 HLODRelevant:0
 |   |   |- Guid:06930CB54A4E47B84F98DEA0E5CEE3FE BaseClass:/Game/TopDown/Blueprints/Game/Actors/BP_XYZ_Actor_Test.BP_XYZ_Actor_Test_C NativeClass:/Script/XYZ.XYZActor Name:BP_XYZ_Actor_Test_C_UAID_701AB8C826CF0CA801_1455333724 Label:BP_XYZ_Actor_Test15 SpatiallyLoaded:1 Bounds:IsValid=true, Min=(X=730.000 Y=2128.710 Z=110.000), Max=(X=830.000 Y=2230.000 Z=370.000) RuntimeGrid:None EditorOnly:0 RuntimeOnly:0 HLODRelevant:0
 |   |   |- Guid:07810DB5476552C6ECC207B8FBE94500 BaseClass: NativeClass:/Script/Engine.StaticMeshActor Name:StaticMeshActor_UAID_A4AE111137DC5CFB00_1546167071 Label:SM_SkySphere SpatiallyLoaded:0 Bounds:IsValid=true, Min=(X=-1638400.000 Y=-1638400.000 Z=-1638400.000), Max=(X=1638400.000 Y=1638400.000 Z=1638400.000) RuntimeGrid:None EditorOnly:0 RuntimeOnly:0 HLODRelevant:1 FolderPath:Lighting FolderGuid:E13570EE436BA15E35C622BAA5B21164
 |   |   |- Guid:0B51D7AD4F062B92093210B32D09768C BaseClass: NativeClass:/Script/Engine.StaticMeshActor Name:StaticMeshActor_37 Label:SM_Cube4 SpatiallyLoaded:1 Bounds:IsValid=true, Min=(X=2000.000 Y=600.000 Z=0.000), Max=(X=2400.000 Y=1000.000 Z=200.000) RuntimeGrid:None EditorOnly:0 RuntimeOnly:0 HLODRelevant:1 FolderPath:Block01 FolderGuid:A3D0865D40B5211925A81EB39A13C84D
 |   |   |- Guid:101257634981149823D59D8A2DA679E8 BaseClass: NativeClass:/Script/Engine.StaticMeshActor Name:StaticMeshActor_UAID_701AB8C826CFECA701_1903860047 Label:Plane3 SpatiallyLoaded:1 Bounds:IsValid=true, Min=(X=1900.000 Y=400.000 Z=-175.000), Max=(X=2500.000 Y=400.000 Z=275.000) RuntimeGrid:None EditorOnly:0 RuntimeOnly:0 HLODRelevant:1
 |   |   |- Guid:111C698443056EA253A521B841F8CF45 BaseClass: NativeClass:/Script/Engine.StaticMeshActor Name:StaticMeshActor_45 Label:SM_QuarterCylinder3 SpatiallyLoaded:1 Bounds:IsValid=true, Min=(X=2400.000 Y=400.000 Z=0.000), Max=(X=2500.000 Y=500.000 Z=200.000) RuntimeGrid:None EditorOnly:0 RuntimeOnly:0 HLODRelevant:1 FolderPath:Block01 FolderGuid:A3D0865D40B5211925A81EB39A13C84D
 |   |   |- Guid:11B944C042882C11E44EA082F38B149A BaseClass: NativeClass:/Script/Engine.StaticMeshActor Name:StaticMeshActor_41 Label:SM_Cube7 SpatiallyLoaded:1 Bounds:IsValid=true, Min=(X=2400.000 Y=500.000 Z=0.000), Max=(X=2500.000 Y=900.000 Z=200.000) RuntimeGrid:None EditorOnly:0 RuntimeOnly:0 HLODRelevant:1 FolderPath:Block01 FolderGuid:A3D0865D40B5211925A81EB39A13C84D
 |   |   |- Guid:124EE53143C875A1C4F174B08C31D407 BaseClass: NativeClass:/Script/Engine.SkyAtmosphere Name:SkyAtmosphere_1 Label:SkyAtmosphere SpatiallyLoaded:0 Bounds:IsValid=true, Min=(X=0.000 Y=0.000 Z=1020.000), Max=(X=0.000 Y=0.000 Z=1020.000) RuntimeGrid:None EditorOnly:0 RuntimeOnly:0 HLODRelevant:0 FolderPath:Lighting FolderGuid:E13570EE436BA15E35C622BAA5B21164
 |   |   |- Guid:1694CAF046AB7ED663286BAEB2795CF5 BaseClass: NativeClass:/Script/Engine.StaticMeshActor Name:StaticMeshActor_43 Label:SM_Ramp3 SpatiallyLoaded:1 Bounds:IsValid=true, Min=(X=1600.000 Y=400.000 Z=100.000), Max=(X=1900.000 Y=600.000 Z=200.000) RuntimeGrid:None EditorOnly:0 RuntimeOnly:0 HLODRelevant:1 FolderPath:Block01 FolderGuid:A3D0865D40B5211925A81EB39A13C84D
 |   |   |- Guid:17E92D2E4AF0015F79FB28AE324559AF BaseClass:/Game/TopDown/Blueprints/Game/Actors/BP_XYZ_Actor_Test.BP_XYZ_Actor_Test_C NativeClass:/Script/XYZ.XYZActor Name:BP_XYZ_Actor_Test_C_UAID_701AB8C826CF0CA801_1455316720 Label:BP_XYZ_Actor_Test11 SpatiallyLoaded:1 Bounds:IsValid=true, Min=(X=730.000 Y=1448.710 Z=110.000), Max=(X=830.000 Y=1550.000 Z=370.000) RuntimeGrid:None EditorOnly:0 RuntimeOnly:0 HLODRelevant:0
 |   |   |- Guid:197B2D914AF7D670EFA1A697177AC113 BaseClass:/Game/TopDown/Blueprints/Game/Actors/BP_XYZ_Actor_Test.BP_XYZ_Actor_Test_C NativeClass:/Script/XYZ.XYZActor Name:BP_XYZ_Actor_Test_C_UAID_701AB8C826CF0CA801_1447413717 Label:BP_XYZ_Actor_Test8 SpatiallyLoaded:1 Bounds:IsValid=true, Min=(X=1010.000 Y=2478.710 Z=110.000), Max=(X=1110.000 Y=2580.000 Z=370.000) RuntimeGrid:None EditorOnly:0 RuntimeOnly:0 HLODRelevant:0
 |   |   |- Guid:1A013F6D454DDAB5AD8E77B766ED9FAD BaseClass: NativeClass:/Script/Engine.ExponentialHeightFog Name:ExponentialHeightFog_1 Label:ExponentialHeightFog SpatiallyLoaded:0 Bounds:IsValid=true, Min=(X=-5600.000 Y=-50.000 Z=-6850.000), Max=(X=-5600.000 Y=-50.000 Z=-6850.000) RuntimeGrid:None EditorOnly:0 RuntimeOnly:0 HLODRelevant:0 FolderPath:Lighting FolderGuid:E13570EE436BA15E35C622BAA5B21164
 |   |   |- Guid:2728ECF74EE79BF9A701D4B99FABECB2 BaseClass:/Game/TopDown/Blueprints/Game/Actors/BP_XYZ_Actor_Test.BP_XYZ_Actor_Test_C NativeClass:/Script/XYZ.XYZActor Name:BP_XYZ_Actor_Test_C_UAID_701AB8C826CF0CA801_1445380716 Label:BP_XYZ_Actor_Test7 SpatiallyLoaded:1 Bounds:IsValid=true, Min=(X=1010.000 Y=2288.710 Z=110.000), Max=(X=1110.000 Y=2390.000 Z=370.000) RuntimeGrid:None EditorOnly:0 RuntimeOnly:0 HLODRelevant:0
 |   |   |- Guid:281B49C84DAFF6A6CB9C35A800DB17CE BaseClass: NativeClass:/Script/Engine.StaticMeshActor Name:StaticMeshActor_UAID_701AB8C826CFECA701_2053641053 Label:Plane9 SpatiallyLoaded:1 Bounds:IsValid=true, Min=(X=1600.000 Y=600.000 Z=-137.500), Max=(X=1900.000 Y=600.000 Z=237.500) RuntimeGrid:None EditorOnly:0 RuntimeOnly:0 HLODRelevant:1
 |   |   |- Guid:2BCC76434B3EEC8A53D245AEE67B549F BaseClass:/Game/TopDown/Blueprints/Game/Actors/BP_XYZ_Actor_Test.BP_XYZ_Actor_Test_C NativeClass:/Script/XYZ.XYZActor Name:BP_XYZ_Actor_Test_C_UAID_701AB8C826CF0CA801_1457571728 Label:BP_XYZ_Actor_Test19 SpatiallyLoaded:1 Bounds:IsValid=true, Min=(X=490.000 Y=1248.710 Z=110.000), Max=(X=590.000 Y=1350.000 Z=370.000) RuntimeGrid:None EditorOnly:0 RuntimeOnly:0 HLODRelevant:0
 |   |   |- Guid:2E60824C46D859622D30F192C9C4442E BaseClass:/Game/TopDown/Blueprints/Game/Actors/BP_XYZ_Actor_Test.BP_XYZ_Actor_Test_C NativeClass:/Script/XYZ.XYZActor Name:BP_XYZ_Actor_Test_C_UAID_701AB8C826CF0CA801_1460562741 Label:BP_XYZ_Actor_Test32 SpatiallyLoaded:1 Bounds:IsValid=true, Min=(X=250.000 Y=1978.710 Z=110.000), Max=(X=350.000 Y=2080.000 Z=370.000) RuntimeGrid:None EditorOnly:0 RuntimeOnly:0 HLODRelevant:0
 |   |   |- Guid:3AA00CC7473B3AB860032482C86F1357 BaseClass: NativeClass:/Script/Engine.SkyLight Name:SkyLight_1 Label:SkyLight SpatiallyLoaded:0 Bounds:IsValid=true, Min=(X=0.000 Y=0.000 Z=690.000), Max=(X=0.000 Y=0.000 Z=690.000) RuntimeGrid:None EditorOnly:0 RuntimeOnly:0 HLODRelevant:0 FolderPath:Lighting FolderGuid:E13570EE436BA15E35C622BAA5B21164
 |   |   |- Guid:3AB8CAF0456B4F47450E66B57F30BE33 BaseClass:/Game/TopDown/Blueprints/Game/Actors/BP_XYZ_Actor_Test.BP_XYZ_Actor_Test_C NativeClass:/Script/XYZ.XYZActor Name:BP_XYZ_Actor_Test_C_UAID_701AB8C826CF0CA801_1460557740 Label:BP_XYZ_Actor_Test31 SpatiallyLoaded:1 Bounds:IsValid=true, Min=(X=250.000 Y=1808.710 Z=110.000), Max=(X=350.000 Y=1910.000 Z=370.000) RuntimeGrid:None EditorOnly:0 RuntimeOnly:0 HLODRelevant:0
 |   |   |- Guid:46252504480E1AB04D128A8F5AA07EFC BaseClass:/Game/TopDown/Blueprints/Game/Actors/BP_XYZ_Actor_Test.BP_XYZ_Actor_Test_C NativeClass:/Script/XYZ.XYZActor Name:BP_XYZ_Actor_Test_C_UAID_701AB8C826CF0CA801_1441224714 Label:BP_XYZ_Actor_Test5 SpatiallyLoaded:1 Bounds:IsValid=true, Min=(X=1010.000 Y=1978.710 Z=110.000), Max=(X=1110.000 Y=2080.000 Z=370.000) RuntimeGrid:None EditorOnly:0 RuntimeOnly:0 HLODRelevant:0
 |   |   |- Guid:46D3082C42700BA08CAE498378107069 BaseClass:/Game/TopDown/Blueprints/Game/Actors/BP_XYZ_Actor_Test.BP_XYZ_Actor_Test_C NativeClass:/Script/XYZ.XYZActor Name:BP_XYZ_Actor_Test_C_UAID_701AB8C826CF0CA801_1455311719 Label:BP_XYZ_Actor_Test10 SpatiallyLoaded:1 Bounds:IsValid=true, Min=(X=730.000 Y=1248.710 Z=110.000), Max=(X=830.000 Y=1350.000 Z=370.000) RuntimeGrid:None EditorOnly:0 RuntimeOnly:0 HLODRelevant:0
 |   |   |- Guid:505B4ED943FA99164AF46CAED7EC7B12 BaseClass: NativeClass:/Script/Engine.StaticMeshActor Name:StaticMeshActor_34 Label:SM_Cube SpatiallyLoaded:1 Bounds:IsValid=true, Min=(X=0.000 Y=0.000 Z=-50.000), Max=(X=10000.000 Y=10000.000 Z=0.000) RuntimeGrid:None EditorOnly:0 RuntimeOnly:0 HLODRelevant:1 FolderPath:Playground FolderGuid:8746DDAD42A18A3736DBE9BBB77675E5
 |   |   |- Guid:5A7C1C0D4E754B8806362D8B6DCE3E5E BaseClass:/Game/TopDown/Blueprints/Game/Actors/BP_XYZ_Actor_Test.BP_XYZ_Actor_Test_C NativeClass:/Script/XYZ.XYZActor Name:BP_XYZ_Actor_Test_C_UAID_701AB8C826CF0CA801_1457576729 Label:BP_XYZ_Actor_Test20 SpatiallyLoaded:1 Bounds:IsValid=true, Min=(X=490.000 Y=1448.710 Z=110.000), Max=(X=590.000 Y=1550.000 Z=370.000) RuntimeGrid:None EditorOnly:0 RuntimeOnly:0 HLODRelevant:0
 |   |   |- Guid:5F76DA6B4A2C3F241CBA78A53B8FDBFB BaseClass:/Game/TopDown/Blueprints/Game/Actors/BP_XYZ_Actor_Test.BP_XYZ_Actor_Test_C NativeClass:/Script/XYZ.XYZActor Name:BP_XYZ_Actor_Test_C_UAID_701AB8C826CF0CA801_1457590732 Label:BP_XYZ_Actor_Test23 SpatiallyLoaded:1 Bounds:IsValid=true, Min=(X=490.000 Y=1978.710 Z=110.000), Max=(X=590.000 Y=2080.000 Z=370.000) RuntimeGrid:None EditorOnly:0 RuntimeOnly:0 HLODRelevant:0
 |   |   |- Guid:6135F0894E32BAA1114A218756349D30 BaseClass:/Game/TopDown/Blueprints/Game/Actors/BP_XYZ_Actor_Test.BP_XYZ_Actor_Test_C NativeClass:/Script/XYZ.XYZActor Name:BP_XYZ_Actor_Test_C_UAID_701AB8C826CF0CA801_1457594733 Label:BP_XYZ_Actor_Test24 SpatiallyLoaded:1 Bounds:IsValid=true, Min=(X=490.000 Y=2128.710 Z=110.000), Max=(X=590.000 Y=2230.000 Z=370.000) RuntimeGrid:None EditorOnly:0 RuntimeOnly:0 HLODRelevant:0
 |   |   |- Guid:6C550872423B7FC2E49BE7926CCC19C2 BaseClass:/Game/TopDown/Blueprints/Game/Actors/BP_XYZ_Actor_Test.BP_XYZ_Actor_Test_C NativeClass:/Script/XYZ.XYZActor Name:BP_XYZ_Actor_Test_C_UAID_701AB8C826CF0CA801_1457598734 Label:BP_XYZ_Actor_Test25 SpatiallyLoaded:1 Bounds:IsValid=true, Min=(X=490.000 Y=2288.710 Z=110.000), Max=(X=590.000 Y=2390.000 Z=370.000) RuntimeGrid:None EditorOnly:0 RuntimeOnly:0 HLODRelevant:0
 |   |   |- Guid:6CAF8FDD458C19A881B6F3944C6F7433 BaseClass:/Game/TopDown/Blueprints/Game/Actors/BP_XYZ_Actor_Test.BP_XYZ_Actor_Test_C NativeClass:/Script/XYZ.XYZActor Name:BP_XYZ_Actor_Test_C_UAID_701AB8C826CF0CA801_1449805718 Label:BP_XYZ_Actor_Test9 SpatiallyLoaded:1 Bounds:IsValid=true, Min=(X=1010.000 Y=2628.710 Z=110.000), Max=(X=1110.000 Y=2730.000 Z=370.000) RuntimeGrid:None EditorOnly:0 RuntimeOnly:0 HLODRelevant:0
 |   |   |- Guid:6CFE69CB41732F0CDEB04A85666FA67E BaseClass: NativeClass:/Script/Engine.WorldDataLayers Name:WorldDataLayers Label:WorldDataLayers-1 SpatiallyLoaded:0 Bounds:IsValid=true, Min=(X=0.000 Y=0.000 Z=0.000), Max=(X=0.000 Y=0.000 Z=0.000) RuntimeGrid:None EditorOnly:0 RuntimeOnly:0 HLODRelevant:0
 |   |   |- Guid:6EE91B5E4BE2697F6D57E2AE3FC32674 BaseClass: NativeClass:/Script/Engine.StaticMeshActor Name:StaticMeshActor_59 Label:SM_Cube8 SpatiallyLoaded:1 Bounds:IsValid=true, Min=(X=1900.000 Y=600.000 Z=0.000), Max=(X=2000.000 Y=900.000 Z=200.000) RuntimeGrid:None EditorOnly:0 RuntimeOnly:0 HLODRelevant:1 FolderPath:Block01 FolderGuid:A3D0865D40B5211925A81EB39A13C84D
 |   |   |- Guid:725DD05B4D9D142825330DA17C9345B9 BaseClass: NativeClass:/Script/Engine.StaticMeshActor Name:StaticMeshActor_UAID_701AB8C826CFE2A701_1114930287 Label:Plane SpatiallyLoaded:1 Bounds:IsValid=true, Min=(X=1400.000 Y=400.000 Z=-175.000), Max=(X=1400.000 Y=1000.000 Z=275.000) RuntimeGrid:None EditorOnly:0 RuntimeOnly:0 HLODRelevant:1
 |   |   |- Guid:765B342A44BE0580BD6E19853C1AEF65 BaseClass:/Game/TopDown/Blueprints/Game/Actors/BP_XYZ_Actor_Test.BP_XYZ_Actor_Test_C NativeClass:/Script/XYZ.XYZActor Name:BP_XYZ_Actor_Test_C_UAID_701AB8C826CF0CA801_1457606736 Label:BP_XYZ_Actor_Test27 SpatiallyLoaded:1 Bounds:IsValid=true, Min=(X=490.000 Y=2628.710 Z=110.000), Max=(X=590.000 Y=2730.000 Z=370.000) RuntimeGrid:None EditorOnly:0 RuntimeOnly:0 HLODRelevant:0
 |   |   |- Guid:76AEC25446F29A5D473591A2109933AD BaseClass: NativeClass:/Script/Engine.StaticMeshActor Name:StaticMeshActor_UAID_701AB8C826CFECA701_1970581050 Label:Plane6 SpatiallyLoaded:1 Bounds:IsValid=true, Min=(X=1900.000 Y=1000.000 Z=-175.000), Max=(X=2500.000 Y=1000.000 Z=275.000) RuntimeGrid:None EditorOnly:0 RuntimeOnly:0 HLODRelevant:1
 |   |   |- Guid:7A6782C4444E8F11BCEDF19A2C5A6CD8 BaseClass:/Game/TopDown/Blueprints/Game/Actors/BP_XYZ_Actor_Test.BP_XYZ_Actor_Test_C NativeClass:/Script/XYZ.XYZActor Name:BP_XYZ_Actor_Test_C_UAID_701AB8C826CF0CA801_1443244715 Label:BP_XYZ_Actor_Test6 SpatiallyLoaded:1 Bounds:IsValid=true, Min=(X=1010.000 Y=2128.710 Z=110.000), Max=(X=1110.000 Y=2230.000 Z=370.000) RuntimeGrid:None EditorOnly:0 RuntimeOnly:0 HLODRelevant:0
 |   |   |- Guid:7BB190AC4D11CAC3527D0DAE5AF3F338 BaseClass:/Game/TopDown/Blueprints/Game/Actors/BP_XYZ_Actor_Test.BP_XYZ_Actor_Test_C NativeClass:/Script/XYZ.XYZActor Name:BP_XYZ_Actor_Test_C_UAID_701AB8C826CF0CA801_1455320721 Label:BP_XYZ_Actor_Test12 SpatiallyLoaded:1 Bounds:IsValid=true, Min=(X=730.000 Y=1638.710 Z=110.000), Max=(X=830.000 Y=1740.000 Z=370.000) RuntimeGrid:None EditorOnly:0 RuntimeOnly:0 HLODRelevant:0
 |   |   |- Guid:81E4D53A4C3D3E884024D5B2D7ACCFA0 BaseClass: NativeClass:/Script/Engine.StaticMeshActor Name:StaticMeshActor_44 Label:SM_Cube10 SpatiallyLoaded:1 Bounds:IsValid=true, Min=(X=1900.000 Y=400.000 Z=100.000), Max=(X=2400.000 Y=600.000 Z=200.000) RuntimeGrid:None EditorOnly:0 RuntimeOnly:0 HLODRelevant:1 FolderPath:Block01 FolderGuid:A3D0865D40B5211925A81EB39A13C84D
 |   |   |- Guid:83385C934FF2BEAEDB2600A56A6F88EF BaseClass:/Game/TopDown/Blueprints/Game/Actors/BP_XYZ_Actor_Test.BP_XYZ_Actor_Test_C NativeClass:/Script/XYZ.XYZActor Name:BP_XYZ_Actor_Test_C_UAID_701AB8C826CF0CA801_1460553739 Label:BP_XYZ_Actor_Test30 SpatiallyLoaded:1 Bounds:IsValid=true, Min=(X=250.000 Y=1638.710 Z=110.000), Max=(X=350.000 Y=1740.000 Z=370.000) RuntimeGrid:None EditorOnly:0 RuntimeOnly:0 HLODRelevant:0
 |   |   |- Guid:853262F84D8418052EAD9BAC7C1D1B01 BaseClass:/Game/TopDown/Blueprints/Game/Actors/BP_XYZ_Actor_Test.BP_XYZ_Actor_Test_C NativeClass:/Script/XYZ.XYZActor Name:BP_XYZ_Actor_Test_C_UAID_701AB8C826CF0CA801_1439742713 Label:BP_XYZ_Actor_Test4 SpatiallyLoaded:1 Bounds:IsValid=true, Min=(X=1010.000 Y=1808.710 Z=110.000), Max=(X=1110.000 Y=1910.000 Z=370.000) RuntimeGrid:None EditorOnly:0 RuntimeOnly:0 HLODRelevant:0
 |   |   |- Guid:87B92B0746F286BB3AE24B8FBA567F07 BaseClass:/Game/TopDown/Blueprints/Camera/BP_XYZCameraController.BP_XYZCameraController_C NativeClass:/Script/XYZ.XYZCameraController Name:BP_XYZCameraController_C_UAID_701AB8C826CF1EA701_1421586791 Label:BP_XYZCameraController SpatiallyLoaded:1 Bounds:IsValid=true, Min=(X=-4545.114 Y=-4455.114 Z=0.000), Max=(X=260.000 Y=350.000 Z=6795.457) RuntimeGrid:None EditorOnly:0 RuntimeOnly:0 HLODRelevant:0
 |   |   |- Guid:8895B3BF40245B77B187488AB45F4D66 BaseClass:/Game/TopDown/Blueprints/Game/Actors/BP_XYZ_Actor_Test.BP_XYZ_Actor_Test_C NativeClass:/Script/XYZ.XYZActor Name:BP_XYZ_Actor_Test_C_UAID_701AB8C826CF0CA801_1455329723 Label:BP_XYZ_Actor_Test14 SpatiallyLoaded:1 Bounds:IsValid=true, Min=(X=730.000 Y=1978.710 Z=110.000), Max=(X=830.000 Y=2080.000 Z=370.000) RuntimeGrid:None EditorOnly:0 RuntimeOnly:0 HLODRelevant:0
 |   |   |- Guid:89AD96DC4A21103AC6BE5A9BE8A42CD3 BaseClass:/Game/TopDown/Blueprints/Game/Actors/BP_XYZ_Actor_Test.BP_XYZ_Actor_Test_C NativeClass:/Script/XYZ.XYZActor Name:BP_XYZ_Actor_Test_C_UAID_701AB8C826CF0CA801_1457585731 Label:BP_XYZ_Actor_Test22 SpatiallyLoaded:1 Bounds:IsValid=true, Min=(X=490.000 Y=1808.710 Z=110.000), Max=(X=590.000 Y=1910.000 Z=370.000) RuntimeGrid:None EditorOnly:0 RuntimeOnly:0 HLODRelevant:0
 |   |   |- Guid:8A14DEE84C9C2C00D274AD8F50DB2D57 BaseClass:/Game/TopDown/Blueprints/Game/Actors/BP_XYZ_Actor_Test.BP_XYZ_Actor_Test_C NativeClass:/Script/XYZ.XYZActor Name:BP_XYZ_Actor_Test_C_UAID_701AB8C826CF0CA801_1436730711 Label:BP_XYZ_Actor_Test2 SpatiallyLoaded:1 Bounds:IsValid=true, Min=(X=1010.000 Y=1448.710 Z=110.000), Max=(X=1110.000 Y=1550.000 Z=370.000) RuntimeGrid:None EditorOnly:0 RuntimeOnly:0 HLODRelevant:0
 |   |   |- Guid:8A6FD45E4EDA1D226B4E56A7FDD72602 BaseClass: NativeClass:/Script/Engine.StaticMeshActor Name:StaticMeshActor_UAID_701AB8C826CFECA701_1940148049 Label:Plane5 SpatiallyLoaded:1 Bounds:IsValid=true, Min=(X=2500.000 Y=400.000 Z=-175.000), Max=(X=2500.000 Y=1000.000 Z=275.000) RuntimeGrid:None EditorOnly:0 RuntimeOnly:0 HLODRelevant:1
 |   |   |- Guid:94D2F08F4CF7CD8C334F3ABA5038165B BaseClass:/Game/TopDown/Blueprints/Game/Actors/BP_XYZ_Actor_Test.BP_XYZ_Actor_Test_C NativeClass:/Script/XYZ.XYZActor Name:BP_XYZ_Actor_Test_C_UAID_701AB8C826CF0CA801_1455341726 Label:BP_XYZ_Actor_Test17 SpatiallyLoaded:1 Bounds:IsValid=true, Min=(X=730.000 Y=2478.710 Z=110.000), Max=(X=830.000 Y=2580.000 Z=370.000) RuntimeGrid:None EditorOnly:0 RuntimeOnly:0 HLODRelevant:0
 |   |   |- Guid:963169944433A544D75FF79A1B9FC159 BaseClass: NativeClass:/Script/NavigationSystem.NavMeshBoundsVolume Name:NavMeshBoundsVolume_1 Label:NavMeshBoundsVolume SpatiallyLoaded:0 Bounds:IsValid=true, Min=(X=-4571.944 Y=-1215.321 Z=-110.000), Max=(X=16371.944 Y=11815.321 Z=390.000) RuntimeGrid:None EditorOnly:0 RuntimeOnly:0 HLODRelevant:0 FolderPath:Navigation FolderGuid:5FBB7B1041A3902AEFBB4E87AA1D500F
 |   |   |- Guid:9B12E7F34547F03FF37BE1B8415797C7 BaseClass:/Game/TopDown/Blueprints/Game/Actors/BP_XYZ_Actor_Test.BP_XYZ_Actor_Test_C NativeClass:/Script/XYZ.XYZActor Name:BP_XYZ_Actor_Test_C_UAID_701AB8C826CF0CA801_1455325722 Label:BP_XYZ_Actor_Test13 SpatiallyLoaded:1 Bounds:IsValid=true, Min=(X=730.000 Y=1808.710 Z=110.000), Max=(X=830.000 Y=1910.000 Z=370.000) RuntimeGrid:None EditorOnly:0 RuntimeOnly:0 HLODRelevant:0
 |   |   |- Guid:A1CCEDA44D9D8C548456D2960724AF32 BaseClass:/Game/TopDown/Blueprints/Game/Actors/BP_XYZ_Actor_Test.BP_XYZ_Actor_Test_C NativeClass:/Script/XYZ.XYZActor Name:BP_XYZ_Actor_Test_C_UAID_701AB8C826CF0CA801_1457580730 Label:BP_XYZ_Actor_Test21 SpatiallyLoaded:1 Bounds:IsValid=true, Min=(X=490.000 Y=1638.710 Z=110.000), Max=(X=590.000 Y=1740.000 Z=370.000) RuntimeGrid:None EditorOnly:0 RuntimeOnly:0 HLODRelevant:0
 |   |   |- Guid:A2C9FDC249407A0F7CC6C7AC6D190D89 BaseClass: NativeClass:/Script/Engine.StaticMeshActor Name:StaticMeshActor_UAID_701AB8C826CFECA701_2017840052 Label:Plane8 SpatiallyLoaded:1 Bounds:IsValid=true, Min=(X=1900.000 Y=600.000 Z=-175.000), Max=(X=1900.000 Y=1000.000 Z=275.000) RuntimeGrid:None EditorOnly:0 RuntimeOnly:0 HLODRelevant:1
 |   |   |- Guid:A7F875F5472F7B9999AC36BC9B1A4DAC BaseClass:/Game/TopDown/Blueprints/Game/Actors/BP_XYZ_Actor_Test.BP_XYZ_Actor_Test_C NativeClass:/Script/XYZ.XYZActor Name:BP_XYZ_Actor_Test_C_UAID_701AB8C826CF0CA801_1457602735 Label:BP_XYZ_Actor_Test26 SpatiallyLoaded:1 Bounds:IsValid=true, Min=(X=490.000 Y=2478.710 Z=110.000), Max=(X=590.000 Y=2580.000 Z=370.000) RuntimeGrid:None EditorOnly:0 RuntimeOnly:0 HLODRelevant:0
 |   |   |- Guid:AF32E67340F72657701270A4BB118FEB BaseClass: NativeClass:/Script/Engine.StaticMeshActor Name:StaticMeshActor_UAID_701AB8C826CFE2A701_1159304288 Label:Plane2 SpatiallyLoaded:1 Bounds:IsValid=true, Min=(X=1600.000 Y=755.000 Z=-0.000), Max=(X=1600.000 Y=1005.000 Z=100.000) RuntimeGrid:None EditorOnly:0 RuntimeOnly:0 HLODRelevant:1
 |   |   |- Guid:B317A4D04F0F34842E8E6380E23CC978 BaseClass: NativeClass:/Script/Engine.StaticMeshActor Name:StaticMeshActor_UAID_701AB8C826CFECA701_2003944051 Label:Plane7 SpatiallyLoaded:1 Bounds:IsValid=true, Min=(X=1600.000 Y=595.000 Z=-0.000), Max=(X=1600.000 Y=845.000 Z=100.000) RuntimeGrid:None EditorOnly:0 RuntimeOnly:0 HLODRelevant:1
 |   |   |- Guid:BACCF4CE41C052D5EDD58B97E3933C7B BaseClass:/Game/TopDown/Blueprints/Game/Actors/BP_XYZ_Actor_Test.BP_XYZ_Actor_Test_C NativeClass:/Script/XYZ.XYZActor Name:BP_XYZ_Actor_Test_C_UAID_701AB8C826CF0CA801_1437863712 Label:BP_XYZ_Actor_Test3 SpatiallyLoaded:1 Bounds:IsValid=true, Min=(X=1010.000 Y=1638.710 Z=110.000), Max=(X=1110.000 Y=1740.000 Z=370.000) RuntimeGrid:None EditorOnly:0 RuntimeOnly:0 HLODRelevant:0
 |   |   |- Guid:BC9F05DA4F26FE20B8ADBEAC803D9E07 BaseClass: NativeClass:/Script/Engine.PostProcessVolume Name:PostProcessVolume_1 Label:PostProcessVolume SpatiallyLoaded:0 Bounds:IsValid=true, Min=(X=0.000 Y=-410.000 Z=400.000), Max=(X=200.000 Y=-210.000 Z=600.000) RuntimeGrid:None EditorOnly:0 RuntimeOnly:0 HLODRelevant:0 FolderPath:Lighting FolderGuid:E13570EE436BA15E35C622BAA5B21164
 |   |   |- Guid:BE42A0EC4802771FAFAC82A5ACD9B22B BaseClass: NativeClass:/Script/Engine.StaticMeshActor Name:StaticMeshActor_38 Label:SM_Ramp2 SpatiallyLoaded:1 Bounds:IsValid=true, Min=(X=1400.000 Y=600.000 Z=0.000), Max=(X=1600.000 Y=1000.000 Z=100.000) RuntimeGrid:None EditorOnly:0 RuntimeOnly:0 HLODRelevant:1 FolderPath:Block01 FolderGuid:A3D0865D40B5211925A81EB39A13C84D
 |   |   |- Guid:BE5CD82F4E11FE6C8BE7B58BAF4EB1DD BaseClass:/Game/TopDown/Blueprints/Game/Actors/BP_XYZ_Actor_Test.BP_XYZ_Actor_Test_C NativeClass:/Script/XYZ.XYZActor Name:BP_XYZ_Actor_Test_C_UAID_701AB8C826CF0CA801_1455346727 Label:BP_XYZ_Actor_Test18 SpatiallyLoaded:1 Bounds:IsValid=true, Min=(X=730.000 Y=2628.710 Z=110.000), Max=(X=830.000 Y=2730.000 Z=370.000) RuntimeGrid:None EditorOnly:0 RuntimeOnly:0 HLODRelevant:0
 |   |   |- Guid:BE64011244FC1CD9BB2EA58BB58A58B0 BaseClass:/Game/TopDown/Blueprints/Game/Actors/BP_XYZ_Actor_Test.BP_XYZ_Actor_Test_C NativeClass:/Script/XYZ.XYZActor Name:BP_XYZ_Actor_Test_C_UAID_701AB8C826CF0CA801_1460544737 Label:BP_XYZ_Actor_Test28 SpatiallyLoaded:1 Bounds:IsValid=true, Min=(X=250.000 Y=1248.710 Z=110.000), Max=(X=350.000 Y=1350.000 Z=370.000) RuntimeGrid:None EditorOnly:0 RuntimeOnly:0 HLODRelevant:0
 |   |   |- Guid:C1F343BF47546FC406FC86B4815E25C6 BaseClass: NativeClass:/Script/Engine.DirectionalLight Name:DirectionalLight_1 Label:DirectionalLight SpatiallyLoaded:0 Bounds:IsValid=true, Min=(X=-4398046511104.000 Y=-4398046511104.000 Z=-4398046511104.000), Max=(X=4398046511104.000 Y=4398046511104.000 Z=4398046511104.000) RuntimeGrid:None EditorOnly:0 RuntimeOnly:0 HLODRelevant:0 FolderPath:Lighting FolderGuid:E13570EE436BA15E35C622BAA5B21164
 |   |   |- Guid:C207630F46AD474F3A79B592280D36F3 BaseClass: NativeClass:/Script/Engine.StaticMeshActor Name:StaticMeshActor_58 Label:SM_QuarterCylinder7 SpatiallyLoaded:1 Bounds:IsValid=true, Min=(X=1900.000 Y=900.000 Z=0.000), Max=(X=2000.000 Y=1000.000 Z=200.000) RuntimeGrid:None EditorOnly:0 RuntimeOnly:0 HLODRelevant:1 FolderPath:Block01 FolderGuid:A3D0865D40B5211925A81EB39A13C84D
 |   |   |- Guid:CC9558944E3CB9356D05A78CA1B6DC7C BaseClass:/Game/TopDown/Blueprints/UI/Minimap/BP_Minimap_Passthrough.BP_Minimap_Passthrough_C NativeClass:/Script/Engine.Actor Name:BP_Minimap_Passthrough_C_UAID_701AB8C826CFD6A701_2047299175 Label:BP_Minimap_Passthrough SpatiallyLoaded:1 Bounds:IsValid=true, Min=(X=-2970.000 Y=-8030.000 Z=6190.000), Max=(X=-2870.000 Y=-7930.000 Z=6190.000) RuntimeGrid:None EditorOnly:0 RuntimeOnly:0 HLODRelevant:0
 |   |   |- Guid:D12E75A84450C92CCB3153B204DAD430 BaseClass:/Game/TopDown/Blueprints/Game/Actors/BP_XYZ_Actor_Test.BP_XYZ_Actor_Test_C NativeClass:/Script/XYZ.XYZActor Name:BP_XYZ_Actor_Test_C_UAID_701AB8C826CF0CA801_1460548738 Label:BP_XYZ_Actor_Test29 SpatiallyLoaded:1 Bounds:IsValid=true, Min=(X=250.000 Y=1448.710 Z=110.000), Max=(X=350.000 Y=1550.000 Z=370.000) RuntimeGrid:None EditorOnly:0 RuntimeOnly:0 HLODRelevant:0
 |   |   |- Guid:D4AEB424434B5BB8AD7BAA959EE02ACD BaseClass: NativeClass:/Script/Engine.StaticMeshActor Name:StaticMeshActor_UAID_701AB8C826CFECA701_1927114048 Label:Plane4 SpatiallyLoaded:1 Bounds:IsValid=true, Min=(X=1400.000 Y=400.000 Z=-175.000), Max=(X=2000.000 Y=400.000 Z=275.000) RuntimeGrid:None EditorOnly:0 RuntimeOnly:0 HLODRelevant:1
 |   |   |- Guid:DE80CC3743FF7D32C78968824FD23078 BaseClass:/Game/TopDown/Blueprints/Game/Actors/BP_XYZ_Actor_Test.BP_XYZ_Actor_Test_C NativeClass:/Script/XYZ.XYZActor Name:BP_XYZ_Actor_Test_C_UAID_701AB8C826CF0CA801_1455336725 Label:BP_XYZ_Actor_Test16 SpatiallyLoaded:1 Bounds:IsValid=true, Min=(X=730.000 Y=2288.710 Z=110.000), Max=(X=830.000 Y=2390.000 Z=370.000) RuntimeGrid:None EditorOnly:0 RuntimeOnly:0 HLODRelevant:0
 |   |   |- Guid:E4FC2B3C450E04B80092E89AE841BE23 BaseClass: NativeClass:/Script/Engine.StaticMeshActor Name:StaticMeshActor_42 Label:SM_Cube9 SpatiallyLoaded:1 Bounds:IsValid=true, Min=(X=1400.000 Y=400.000 Z=0.000), Max=(X=2400.000 Y=600.000 Z=100.000) RuntimeGrid:None EditorOnly:0 RuntimeOnly:0 HLODRelevant:1 FolderPath:Block01 FolderGuid:A3D0865D40B5211925A81EB39A13C84D
 |   |   |- Guid:E92B029A43F3DD683C1B2481BF7B68DE BaseClass: NativeClass:/Script/Engine.VolumetricCloud Name:VolumetricCloud_1 Label:VolumetricCloud SpatiallyLoaded:0 Bounds:IsValid=true, Min=(X=0.000 Y=0.000 Z=820.000), Max=(X=0.000 Y=0.000 Z=820.000) RuntimeGrid:None EditorOnly:0 RuntimeOnly:0 HLODRelevant:0 FolderPath:Lighting FolderGuid:E13570EE436BA15E35C622BAA5B21164
 |   |   |- Guid:FFBC89574BBA5A9E2B5BEA99C0AE43F3 BaseClass: NativeClass:/Script/Engine.StaticMeshActor Name:StaticMeshActor_46 Label:SM_QuarterCylinder6 SpatiallyLoaded:1 Bounds:IsValid=true, Min=(X=2400.000 Y=900.000 Z=0.000), Max=(X=2500.000 Y=1000.000 Z=200.000) RuntimeGrid:None EditorOnly:0 RuntimeOnly:0 HLODRelevant:1 FolderPath:Block01 FolderGuid:A3D0865D40B5211925A81EB39A13C84D
 |   |- [+] Clusters:
 |   |   |- [+] [  0]
 |   |   |   |- Guid:111C698443056EA253A521B841F8CF45 BaseClass: NativeClass:/Script/Engine.StaticMeshActor Name:StaticMeshActor_45 Label:SM_QuarterCylinder3 SpatiallyLoaded:1 Bounds:IsValid=true, Min=(X=2400.000 Y=400.000 Z=0.000), Max=(X=2500.000 Y=500.000 Z=200.000) RuntimeGrid:None EditorOnly:0 RuntimeOnly:0 HLODRelevant:1 FolderPath:Block01 FolderGuid:A3D0865D40B5211925A81EB39A13C84D
 |   |   |- [+] [  1]
 |   |   |   |- Guid:7A6782C4444E8F11BCEDF19A2C5A6CD8 BaseClass:/Game/TopDown/Blueprints/Game/Actors/BP_XYZ_Actor_Test.BP_XYZ_Actor_Test_C NativeClass:/Script/XYZ.XYZActor Name:BP_XYZ_Actor_Test_C_UAID_701AB8C826CF0CA801_1443244715 Label:BP_XYZ_Actor_Test6 SpatiallyLoaded:1 Bounds:IsValid=true, Min=(X=1010.000 Y=2128.710 Z=110.000), Max=(X=1110.000 Y=2230.000 Z=370.000) RuntimeGrid:None EditorOnly:0 RuntimeOnly:0 HLODRelevant:0
 |   |   |- [+] [  2]
 |   |   |   |- Guid:8A6FD45E4EDA1D226B4E56A7FDD72602 BaseClass: NativeClass:/Script/Engine.StaticMeshActor Name:StaticMeshActor_UAID_701AB8C826CFECA701_1940148049 Label:Plane5 SpatiallyLoaded:1 Bounds:IsValid=true, Min=(X=2500.000 Y=400.000 Z=-175.000), Max=(X=2500.000 Y=1000.000 Z=275.000) RuntimeGrid:None EditorOnly:0 RuntimeOnly:0 HLODRelevant:1
 |   |   |- [+] [  3]
 |   |   |   |- Guid:963169944433A544D75FF79A1B9FC159 BaseClass: NativeClass:/Script/NavigationSystem.NavMeshBoundsVolume Name:NavMeshBoundsVolume_1 Label:NavMeshBoundsVolume SpatiallyLoaded:0 Bounds:IsValid=true, Min=(X=-4571.944 Y=-1215.321 Z=-110.000), Max=(X=16371.944 Y=11815.321 Z=390.000) RuntimeGrid:None EditorOnly:0 RuntimeOnly:0 HLODRelevant:0 FolderPath:Navigation FolderGuid:5FBB7B1041A3902AEFBB4E87AA1D500F
 |   |   |- [+] [  4]
 |   |   |   |- Guid:2E60824C46D859622D30F192C9C4442E BaseClass:/Game/TopDown/Blueprints/Game/Actors/BP_XYZ_Actor_Test.BP_XYZ_Actor_Test_C NativeClass:/Script/XYZ.XYZActor Name:BP_XYZ_Actor_Test_C_UAID_701AB8C826CF0CA801_1460562741 Label:BP_XYZ_Actor_Test32 SpatiallyLoaded:1 Bounds:IsValid=true, Min=(X=250.000 Y=1978.710 Z=110.000), Max=(X=350.000 Y=2080.000 Z=370.000) RuntimeGrid:None EditorOnly:0 RuntimeOnly:0 HLODRelevant:0
 |   |   |- [+] [  5]
 |   |   |   |- Guid:46D3082C42700BA08CAE498378107069 BaseClass:/Game/TopDown/Blueprints/Game/Actors/BP_XYZ_Actor_Test.BP_XYZ_Actor_Test_C NativeClass:/Script/XYZ.XYZActor Name:BP_XYZ_Actor_Test_C_UAID_701AB8C826CF0CA801_1455311719 Label:BP_XYZ_Actor_Test10 SpatiallyLoaded:1 Bounds:IsValid=true, Min=(X=730.000 Y=1248.710 Z=110.000), Max=(X=830.000 Y=1350.000 Z=370.000) RuntimeGrid:None EditorOnly:0 RuntimeOnly:0 HLODRelevant:0
 |   |   |- [+] [  6]
 |   |   |   |- Guid:B317A4D04F0F34842E8E6380E23CC978 BaseClass: NativeClass:/Script/Engine.StaticMeshActor Name:StaticMeshActor_UAID_701AB8C826CFECA701_2003944051 Label:Plane7 SpatiallyLoaded:1 Bounds:IsValid=true, Min=(X=1600.000 Y=595.000 Z=-0.000), Max=(X=1600.000 Y=845.000 Z=100.000) RuntimeGrid:None EditorOnly:0 RuntimeOnly:0 HLODRelevant:1
 |   |   |- [+] [  7]
 |   |   |   |- Guid:BE64011244FC1CD9BB2EA58BB58A58B0 BaseClass:/Game/TopDown/Blueprints/Game/Actors/BP_XYZ_Actor_Test.BP_XYZ_Actor_Test_C NativeClass:/Script/XYZ.XYZActor Name:BP_XYZ_Actor_Test_C_UAID_701AB8C826CF0CA801_1460544737 Label:BP_XYZ_Actor_Test28 SpatiallyLoaded:1 Bounds:IsValid=true, Min=(X=250.000 Y=1248.710 Z=110.000), Max=(X=350.000 Y=1350.000 Z=370.000) RuntimeGrid:None EditorOnly:0 RuntimeOnly:0 HLODRelevant:0
 |   |   |- [+] [  8]
 |   |   |   |- Guid:87B92B0746F286BB3AE24B8FBA567F07 BaseClass:/Game/TopDown/Blueprints/Camera/BP_XYZCameraController.BP_XYZCameraController_C NativeClass:/Script/XYZ.XYZCameraController Name:BP_XYZCameraController_C_UAID_701AB8C826CF1EA701_1421586791 Label:BP_XYZCameraController SpatiallyLoaded:1 Bounds:IsValid=true, Min=(X=-4545.114 Y=-4455.114 Z=0.000), Max=(X=260.000 Y=350.000 Z=6795.457) RuntimeGrid:None EditorOnly:0 RuntimeOnly:0 HLODRelevant:0
 |   |   |- [+] [  9]
 |   |   |   |- Guid:5A7C1C0D4E754B8806362D8B6DCE3E5E BaseClass:/Game/TopDown/Blueprints/Game/Actors/BP_XYZ_Actor_Test.BP_XYZ_Actor_Test_C NativeClass:/Script/XYZ.XYZActor Name:BP_XYZ_Actor_Test_C_UAID_701AB8C826CF0CA801_1457576729 Label:BP_XYZ_Actor_Test20 SpatiallyLoaded:1 Bounds:IsValid=true, Min=(X=490.000 Y=1448.710 Z=110.000), Max=(X=590.000 Y=1550.000 Z=370.000) RuntimeGrid:None EditorOnly:0 RuntimeOnly:0 HLODRelevant:0
 |   |   |- [+] [ 10]
 |   |   |   |- Guid:A1CCEDA44D9D8C548456D2960724AF32 BaseClass:/Game/TopDown/Blueprints/Game/Actors/BP_XYZ_Actor_Test.BP_XYZ_Actor_Test_C NativeClass:/Script/XYZ.XYZActor Name:BP_XYZ_Actor_Test_C_UAID_701AB8C826CF0CA801_1457580730 Label:BP_XYZ_Actor_Test21 SpatiallyLoaded:1 Bounds:IsValid=true, Min=(X=490.000 Y=1638.710 Z=110.000), Max=(X=590.000 Y=1740.000 Z=370.000) RuntimeGrid:None EditorOnly:0 RuntimeOnly:0 HLODRelevant:0
 |   |   |- [+] [ 11]
 |   |   |   |- Guid:0B51D7AD4F062B92093210B32D09768C BaseClass: NativeClass:/Script/Engine.StaticMeshActor Name:StaticMeshActor_37 Label:SM_Cube4 SpatiallyLoaded:1 Bounds:IsValid=true, Min=(X=2000.000 Y=600.000 Z=0.000), Max=(X=2400.000 Y=1000.000 Z=200.000) RuntimeGrid:None EditorOnly:0 RuntimeOnly:0 HLODRelevant:1 FolderPath:Block01 FolderGuid:A3D0865D40B5211925A81EB39A13C84D
 |   |   |- [+] [ 12]
 |   |   |   |- Guid:E4FC2B3C450E04B80092E89AE841BE23 BaseClass: NativeClass:/Script/Engine.StaticMeshActor Name:StaticMeshActor_42 Label:SM_Cube9 SpatiallyLoaded:1 Bounds:IsValid=true, Min=(X=1400.000 Y=400.000 Z=0.000), Max=(X=2400.000 Y=600.000 Z=100.000) RuntimeGrid:None EditorOnly:0 RuntimeOnly:0 HLODRelevant:1 FolderPath:Block01 FolderGuid:A3D0865D40B5211925A81EB39A13C84D
 |   |   |- [+] [ 13]
 |   |   |   |- Guid:07810DB5476552C6ECC207B8FBE94500 BaseClass: NativeClass:/Script/Engine.StaticMeshActor Name:StaticMeshActor_UAID_A4AE111137DC5CFB00_1546167071 Label:SM_SkySphere SpatiallyLoaded:0 Bounds:IsValid=true, Min=(X=-1638400.000 Y=-1638400.000 Z=-1638400.000), Max=(X=1638400.000 Y=1638400.000 Z=1638400.000) RuntimeGrid:None EditorOnly:0 RuntimeOnly:0 HLODRelevant:1 FolderPath:Lighting FolderGuid:E13570EE436BA15E35C622BAA5B21164
 |   |   |- [+] [ 14]
 |   |   |   |- Guid:101257634981149823D59D8A2DA679E8 BaseClass: NativeClass:/Script/Engine.StaticMeshActor Name:StaticMeshActor_UAID_701AB8C826CFECA701_1903860047 Label:Plane3 SpatiallyLoaded:1 Bounds:IsValid=true, Min=(X=1900.000 Y=400.000 Z=-175.000), Max=(X=2500.000 Y=400.000 Z=275.000) RuntimeGrid:None EditorOnly:0 RuntimeOnly:0 HLODRelevant:1
 |   |   |- [+] [ 15]
 |   |   |   |- Guid:A2C9FDC249407A0F7CC6C7AC6D190D89 BaseClass: NativeClass:/Script/Engine.StaticMeshActor Name:StaticMeshActor_UAID_701AB8C826CFECA701_2017840052 Label:Plane8 SpatiallyLoaded:1 Bounds:IsValid=true, Min=(X=1900.000 Y=600.000 Z=-175.000), Max=(X=1900.000 Y=1000.000 Z=275.000) RuntimeGrid:None EditorOnly:0 RuntimeOnly:0 HLODRelevant:1
 |   |   |- [+] [ 16]
 |   |   |   |- Guid:3AB8CAF0456B4F47450E66B57F30BE33 BaseClass:/Game/TopDown/Blueprints/Game/Actors/BP_XYZ_Actor_Test.BP_XYZ_Actor_Test_C NativeClass:/Script/XYZ.XYZActor Name:BP_XYZ_Actor_Test_C_UAID_701AB8C826CF0CA801_1460557740 Label:BP_XYZ_Actor_Test31 SpatiallyLoaded:1 Bounds:IsValid=true, Min=(X=250.000 Y=1808.710 Z=110.000), Max=(X=350.000 Y=1910.000 Z=370.000) RuntimeGrid:None EditorOnly:0 RuntimeOnly:0 HLODRelevant:0
 |   |   |- [+] [ 17]
 |   |   |   |- Guid:BE5CD82F4E11FE6C8BE7B58BAF4EB1DD BaseClass:/Game/TopDown/Blueprints/Game/Actors/BP_XYZ_Actor_Test.BP_XYZ_Actor_Test_C NativeClass:/Script/XYZ.XYZActor Name:BP_XYZ_Actor_Test_C_UAID_701AB8C826CF0CA801_1455346727 Label:BP_XYZ_Actor_Test18 SpatiallyLoaded:1 Bounds:IsValid=true, Min=(X=730.000 Y=2628.710 Z=110.000), Max=(X=830.000 Y=2730.000 Z=370.000) RuntimeGrid:None EditorOnly:0 RuntimeOnly:0 HLODRelevant:0
 |   |   |- [+] [ 18]
 |   |   |   |- Guid:124EE53143C875A1C4F174B08C31D407 BaseClass: NativeClass:/Script/Engine.SkyAtmosphere Name:SkyAtmosphere_1 Label:SkyAtmosphere SpatiallyLoaded:0 Bounds:IsValid=true, Min=(X=0.000 Y=0.000 Z=1020.000), Max=(X=0.000 Y=0.000 Z=1020.000) RuntimeGrid:None EditorOnly:0 RuntimeOnly:0 HLODRelevant:0 FolderPath:Lighting FolderGuid:E13570EE436BA15E35C622BAA5B21164
 |   |   |- [+] [ 19]
 |   |   |   |- Guid:17E92D2E4AF0015F79FB28AE324559AF BaseClass:/Game/TopDown/Blueprints/Game/Actors/BP_XYZ_Actor_Test.BP_XYZ_Actor_Test_C NativeClass:/Script/XYZ.XYZActor Name:BP_XYZ_Actor_Test_C_UAID_701AB8C826CF0CA801_1455316720 Label:BP_XYZ_Actor_Test11 SpatiallyLoaded:1 Bounds:IsValid=true, Min=(X=730.000 Y=1448.710 Z=110.000), Max=(X=830.000 Y=1550.000 Z=370.000) RuntimeGrid:None EditorOnly:0 RuntimeOnly:0 HLODRelevant:0
 |   |   |- [+] [ 20]
 |   |   |   |- Guid:6CAF8FDD458C19A881B6F3944C6F7433 BaseClass:/Game/TopDown/Blueprints/Game/Actors/BP_XYZ_Actor_Test.BP_XYZ_Actor_Test_C NativeClass:/Script/XYZ.XYZActor Name:BP_XYZ_Actor_Test_C_UAID_701AB8C826CF0CA801_1449805718 Label:BP_XYZ_Actor_Test9 SpatiallyLoaded:1 Bounds:IsValid=true, Min=(X=1010.000 Y=2628.710 Z=110.000), Max=(X=1110.000 Y=2730.000 Z=370.000) RuntimeGrid:None EditorOnly:0 RuntimeOnly:0 HLODRelevant:0
 |   |   |- [+] [ 21]
 |   |   |   |- Guid:1A013F6D454DDAB5AD8E77B766ED9FAD BaseClass: NativeClass:/Script/Engine.ExponentialHeightFog Name:ExponentialHeightFog_1 Label:ExponentialHeightFog SpatiallyLoaded:0 Bounds:IsValid=true, Min=(X=-5600.000 Y=-50.000 Z=-6850.000), Max=(X=-5600.000 Y=-50.000 Z=-6850.000) RuntimeGrid:None EditorOnly:0 RuntimeOnly:0 HLODRelevant:0 FolderPath:Lighting FolderGuid:E13570EE436BA15E35C622BAA5B21164
 |   |   |- [+] [ 22]
 |   |   |   |- Guid:BC9F05DA4F26FE20B8ADBEAC803D9E07 BaseClass: NativeClass:/Script/Engine.PostProcessVolume Name:PostProcessVolume_1 Label:PostProcessVolume SpatiallyLoaded:0 Bounds:IsValid=true, Min=(X=0.000 Y=-410.000 Z=400.000), Max=(X=200.000 Y=-210.000 Z=600.000) RuntimeGrid:None EditorOnly:0 RuntimeOnly:0 HLODRelevant:0 FolderPath:Lighting FolderGuid:E13570EE436BA15E35C622BAA5B21164
 |   |   |- [+] [ 23]
 |   |   |   |- Guid:06930CB54A4E47B84F98DEA0E5CEE3FE BaseClass:/Game/TopDown/Blueprints/Game/Actors/BP_XYZ_Actor_Test.BP_XYZ_Actor_Test_C NativeClass:/Script/XYZ.XYZActor Name:BP_XYZ_Actor_Test_C_UAID_701AB8C826CF0CA801_1455333724 Label:BP_XYZ_Actor_Test15 SpatiallyLoaded:1 Bounds:IsValid=true, Min=(X=730.000 Y=2128.710 Z=110.000), Max=(X=830.000 Y=2230.000 Z=370.000) RuntimeGrid:None EditorOnly:0 RuntimeOnly:0 HLODRelevant:0
 |   |   |- [+] [ 24]
 |   |   |   |- Guid:11B944C042882C11E44EA082F38B149A BaseClass: NativeClass:/Script/Engine.StaticMeshActor Name:StaticMeshActor_41 Label:SM_Cube7 SpatiallyLoaded:1 Bounds:IsValid=true, Min=(X=2400.000 Y=500.000 Z=0.000), Max=(X=2500.000 Y=900.000 Z=200.000) RuntimeGrid:None EditorOnly:0 RuntimeOnly:0 HLODRelevant:1 FolderPath:Block01 FolderGuid:A3D0865D40B5211925A81EB39A13C84D
 |   |   |- [+] [ 25]
 |   |   |   |- Guid:BE42A0EC4802771FAFAC82A5ACD9B22B BaseClass: NativeClass:/Script/Engine.StaticMeshActor Name:StaticMeshActor_38 Label:SM_Ramp2 SpatiallyLoaded:1 Bounds:IsValid=true, Min=(X=1400.000 Y=600.000 Z=0.000), Max=(X=1600.000 Y=1000.000 Z=100.000) RuntimeGrid:None EditorOnly:0 RuntimeOnly:0 HLODRelevant:1 FolderPath:Block01 FolderGuid:A3D0865D40B5211925A81EB39A13C84D
 |   |   |- [+] [ 26]
 |   |   |   |- Guid:0286C43042D648D3C0ADADAA1446FDB2 BaseClass: NativeClass:/Script/Engine.RuntimeVirtualTextureVolume Name:RuntimeVirtualTextureVolume_UAID_701AB8C826CFD5A701_2007556999 Label:Runtime Virtual Texture Volume SpatiallyLoaded:0 Bounds:IsValid=true, Min=(X=0.000 Y=0.000 Z=-80.000), Max=(X=10000.000 Y=10000.000 Z=420.000) RuntimeGrid:None EditorOnly:0 RuntimeOnly:0 HLODRelevant:0
 |   |   |- [+] [ 27]
 |   |   |   |- Guid:A7F875F5472F7B9999AC36BC9B1A4DAC BaseClass:/Game/TopDown/Blueprints/Game/Actors/BP_XYZ_Actor_Test.BP_XYZ_Actor_Test_C NativeClass:/Script/XYZ.XYZActor Name:BP_XYZ_Actor_Test_C_UAID_701AB8C826CF0CA801_1457602735 Label:BP_XYZ_Actor_Test26 SpatiallyLoaded:1 Bounds:IsValid=true, Min=(X=490.000 Y=2478.710 Z=110.000), Max=(X=590.000 Y=2580.000 Z=370.000) RuntimeGrid:None EditorOnly:0 RuntimeOnly:0 HLODRelevant:0
 |   |   |- [+] [ 28]
 |   |   |   |- Guid:505B4ED943FA99164AF46CAED7EC7B12 BaseClass: NativeClass:/Script/Engine.StaticMeshActor Name:StaticMeshActor_34 Label:SM_Cube SpatiallyLoaded:1 Bounds:IsValid=true, Min=(X=0.000 Y=0.000 Z=-50.000), Max=(X=10000.000 Y=10000.000 Z=0.000) RuntimeGrid:None EditorOnly:0 RuntimeOnly:0 HLODRelevant:1 FolderPath:Playground FolderGuid:8746DDAD42A18A3736DBE9BBB77675E5
 |   |   |- [+] [ 29]
 |   |   |   |- Guid:83385C934FF2BEAEDB2600A56A6F88EF BaseClass:/Game/TopDown/Blueprints/Game/Actors/BP_XYZ_Actor_Test.BP_XYZ_Actor_Test_C NativeClass:/Script/XYZ.XYZActor Name:BP_XYZ_Actor_Test_C_UAID_701AB8C826CF0CA801_1460553739 Label:BP_XYZ_Actor_Test30 SpatiallyLoaded:1 Bounds:IsValid=true, Min=(X=250.000 Y=1638.710 Z=110.000), Max=(X=350.000 Y=1740.000 Z=370.000) RuntimeGrid:None EditorOnly:0 RuntimeOnly:0 HLODRelevant:0
 |   |   |- [+] [ 30]
 |   |   |   |- Guid:2728ECF74EE79BF9A701D4B99FABECB2 BaseClass:/Game/TopDown/Blueprints/Game/Actors/BP_XYZ_Actor_Test.BP_XYZ_Actor_Test_C NativeClass:/Script/XYZ.XYZActor Name:BP_XYZ_Actor_Test_C_UAID_701AB8C826CF0CA801_1445380716 Label:BP_XYZ_Actor_Test7 SpatiallyLoaded:1 Bounds:IsValid=true, Min=(X=1010.000 Y=2288.710 Z=110.000), Max=(X=1110.000 Y=2390.000 Z=370.000) RuntimeGrid:None EditorOnly:0 RuntimeOnly:0 HLODRelevant:0
 |   |   |- [+] [ 31]
 |   |   |   |- Guid:5F76DA6B4A2C3F241CBA78A53B8FDBFB BaseClass:/Game/TopDown/Blueprints/Game/Actors/BP_XYZ_Actor_Test.BP_XYZ_Actor_Test_C NativeClass:/Script/XYZ.XYZActor Name:BP_XYZ_Actor_Test_C_UAID_701AB8C826CF0CA801_1457590732 Label:BP_XYZ_Actor_Test23 SpatiallyLoaded:1 Bounds:IsValid=true, Min=(X=490.000 Y=1978.710 Z=110.000), Max=(X=590.000 Y=2080.000 Z=370.000) RuntimeGrid:None EditorOnly:0 RuntimeOnly:0 HLODRelevant:0
 |   |   |- [+] [ 32]
 |   |   |   |- Guid:76AEC25446F29A5D473591A2109933AD BaseClass: NativeClass:/Script/Engine.StaticMeshActor Name:StaticMeshActor_UAID_701AB8C826CFECA701_1970581050 Label:Plane6 SpatiallyLoaded:1 Bounds:IsValid=true, Min=(X=1900.000 Y=1000.000 Z=-175.000), Max=(X=2500.000 Y=1000.000 Z=275.000) RuntimeGrid:None EditorOnly:0 RuntimeOnly:0 HLODRelevant:1
 |   |   |- [+] [ 33]
 |   |   |   |- Guid:CC9558944E3CB9356D05A78CA1B6DC7C BaseClass:/Game/TopDown/Blueprints/UI/Minimap/BP_Minimap_Passthrough.BP_Minimap_Passthrough_C NativeClass:/Script/Engine.Actor Name:BP_Minimap_Passthrough_C_UAID_701AB8C826CFD6A701_2047299175 Label:BP_Minimap_Passthrough SpatiallyLoaded:1 Bounds:IsValid=true, Min=(X=-2970.000 Y=-8030.000 Z=6190.000), Max=(X=-2870.000 Y=-7930.000 Z=6190.000) RuntimeGrid:None EditorOnly:0 RuntimeOnly:0 HLODRelevant:0
 |   |   |- [+] [ 34]
 |   |   |   |- Guid:6135F0894E32BAA1114A218756349D30 BaseClass:/Game/TopDown/Blueprints/Game/Actors/BP_XYZ_Actor_Test.BP_XYZ_Actor_Test_C NativeClass:/Script/XYZ.XYZActor Name:BP_XYZ_Actor_Test_C_UAID_701AB8C826CF0CA801_1457594733 Label:BP_XYZ_Actor_Test24 SpatiallyLoaded:1 Bounds:IsValid=true, Min=(X=490.000 Y=2128.710 Z=110.000), Max=(X=590.000 Y=2230.000 Z=370.000) RuntimeGrid:None EditorOnly:0 RuntimeOnly:0 HLODRelevant:0
 |   |   |- [+] [ 35]
 |   |   |   |- Guid:81E4D53A4C3D3E884024D5B2D7ACCFA0 BaseClass: NativeClass:/Script/Engine.StaticMeshActor Name:StaticMeshActor_44 Label:SM_Cube10 SpatiallyLoaded:1 Bounds:IsValid=true, Min=(X=1900.000 Y=400.000 Z=100.000), Max=(X=2400.000 Y=600.000 Z=200.000) RuntimeGrid:None EditorOnly:0 RuntimeOnly:0 HLODRelevant:1 FolderPath:Block01 FolderGuid:A3D0865D40B5211925A81EB39A13C84D
 |   |   |- [+] [ 36]
 |   |   |   |- Guid:D12E75A84450C92CCB3153B204DAD430 BaseClass:/Game/TopDown/Blueprints/Game/Actors/BP_XYZ_Actor_Test.BP_XYZ_Actor_Test_C NativeClass:/Script/XYZ.XYZActor Name:BP_XYZ_Actor_Test_C_UAID_701AB8C826CF0CA801_1460548738 Label:BP_XYZ_Actor_Test29 SpatiallyLoaded:1 Bounds:IsValid=true, Min=(X=250.000 Y=1448.710 Z=110.000), Max=(X=350.000 Y=1550.000 Z=370.000) RuntimeGrid:None EditorOnly:0 RuntimeOnly:0 HLODRelevant:0
 |   |   |- [+] [ 37]
 |   |   |   |- Guid:6EE91B5E4BE2697F6D57E2AE3FC32674 BaseClass: NativeClass:/Script/Engine.StaticMeshActor Name:StaticMeshActor_59 Label:SM_Cube8 SpatiallyLoaded:1 Bounds:IsValid=true, Min=(X=1900.000 Y=600.000 Z=0.000), Max=(X=2000.000 Y=900.000 Z=200.000) RuntimeGrid:None EditorOnly:0 RuntimeOnly:0 HLODRelevant:1 FolderPath:Block01 FolderGuid:A3D0865D40B5211925A81EB39A13C84D
 |   |   |- [+] [ 38]
 |   |   |   |- Guid:8895B3BF40245B77B187488AB45F4D66 BaseClass:/Game/TopDown/Blueprints/Game/Actors/BP_XYZ_Actor_Test.BP_XYZ_Actor_Test_C NativeClass:/Script/XYZ.XYZActor Name:BP_XYZ_Actor_Test_C_UAID_701AB8C826CF0CA801_1455329723 Label:BP_XYZ_Actor_Test14 SpatiallyLoaded:1 Bounds:IsValid=true, Min=(X=730.000 Y=1978.710 Z=110.000), Max=(X=830.000 Y=2080.000 Z=370.000) RuntimeGrid:None EditorOnly:0 RuntimeOnly:0 HLODRelevant:0
 |   |   |- [+] [ 39]
 |   |   |   |- Guid:2BCC76434B3EEC8A53D245AEE67B549F BaseClass:/Game/TopDown/Blueprints/Game/Actors/BP_XYZ_Actor_Test.BP_XYZ_Actor_Test_C NativeClass:/Script/XYZ.XYZActor Name:BP_XYZ_Actor_Test_C_UAID_701AB8C826CF0CA801_1457571728 Label:BP_XYZ_Actor_Test19 SpatiallyLoaded:1 Bounds:IsValid=true, Min=(X=490.000 Y=1248.710 Z=110.000), Max=(X=590.000 Y=1350.000 Z=370.000) RuntimeGrid:None EditorOnly:0 RuntimeOnly:0 HLODRelevant:0
 |   |   |- [+] [ 40]
 |   |   |   |- Guid:FFBC89574BBA5A9E2B5BEA99C0AE43F3 BaseClass: NativeClass:/Script/Engine.StaticMeshActor Name:StaticMeshActor_46 Label:SM_QuarterCylinder6 SpatiallyLoaded:1 Bounds:IsValid=true, Min=(X=2400.000 Y=900.000 Z=0.000), Max=(X=2500.000 Y=1000.000 Z=200.000) RuntimeGrid:None EditorOnly:0 RuntimeOnly:0 HLODRelevant:1 FolderPath:Block01 FolderGuid:A3D0865D40B5211925A81EB39A13C84D
 |   |   |- [+] [ 41]
 |   |   |   |- Guid:AF32E67340F72657701270A4BB118FEB BaseClass: NativeClass:/Script/Engine.StaticMeshActor Name:StaticMeshActor_UAID_701AB8C826CFE2A701_1159304288 Label:Plane2 SpatiallyLoaded:1 Bounds:IsValid=true, Min=(X=1600.000 Y=755.000 Z=-0.000), Max=(X=1600.000 Y=1005.000 Z=100.000) RuntimeGrid:None EditorOnly:0 RuntimeOnly:0 HLODRelevant:1
 |   |   |- [+] [ 42]
 |   |   |   |- Guid:C1F343BF47546FC406FC86B4815E25C6 BaseClass: NativeClass:/Script/Engine.DirectionalLight Name:DirectionalLight_1 Label:DirectionalLight SpatiallyLoaded:0 Bounds:IsValid=true, Min=(X=-4398046511104.000 Y=-4398046511104.000 Z=-4398046511104.000), Max=(X=4398046511104.000 Y=4398046511104.000 Z=4398046511104.000) RuntimeGrid:None EditorOnly:0 RuntimeOnly:0 HLODRelevant:0 FolderPath:Lighting FolderGuid:E13570EE436BA15E35C622BAA5B21164
 |   |   |- [+] [ 43]
 |   |   |   |- Guid:6CFE69CB41732F0CDEB04A85666FA67E BaseClass: NativeClass:/Script/Engine.WorldDataLayers Name:WorldDataLayers Label:WorldDataLayers-1 SpatiallyLoaded:0 Bounds:IsValid=true, Min=(X=0.000 Y=0.000 Z=0.000), Max=(X=0.000 Y=0.000 Z=0.000) RuntimeGrid:None EditorOnly:0 RuntimeOnly:0 HLODRelevant:0
 |   |   |- [+] [ 44]
 |   |   |   |- Guid:281B49C84DAFF6A6CB9C35A800DB17CE BaseClass: NativeClass:/Script/Engine.StaticMeshActor Name:StaticMeshActor_UAID_701AB8C826CFECA701_2053641053 Label:Plane9 SpatiallyLoaded:1 Bounds:IsValid=true, Min=(X=1600.000 Y=600.000 Z=-137.500), Max=(X=1900.000 Y=600.000 Z=237.500) RuntimeGrid:None EditorOnly:0 RuntimeOnly:0 HLODRelevant:1
 |   |   |- [+] [ 45]
 |   |   |   |- Guid:9B12E7F34547F03FF37BE1B8415797C7 BaseClass:/Game/TopDown/Blueprints/Game/Actors/BP_XYZ_Actor_Test.BP_XYZ_Actor_Test_C NativeClass:/Script/XYZ.XYZActor Name:BP_XYZ_Actor_Test_C_UAID_701AB8C826CF0CA801_1455325722 Label:BP_XYZ_Actor_Test13 SpatiallyLoaded:1 Bounds:IsValid=true, Min=(X=730.000 Y=1808.710 Z=110.000), Max=(X=830.000 Y=1910.000 Z=370.000) RuntimeGrid:None EditorOnly:0 RuntimeOnly:0 HLODRelevant:0
 |   |   |- [+] [ 46]
 |   |   |   |- Guid:C207630F46AD474F3A79B592280D36F3 BaseClass: NativeClass:/Script/Engine.StaticMeshActor Name:StaticMeshActor_58 Label:SM_QuarterCylinder7 SpatiallyLoaded:1 Bounds:IsValid=true, Min=(X=1900.000 Y=900.000 Z=0.000), Max=(X=2000.000 Y=1000.000 Z=200.000) RuntimeGrid:None EditorOnly:0 RuntimeOnly:0 HLODRelevant:1 FolderPath:Block01 FolderGuid:A3D0865D40B5211925A81EB39A13C84D
 |   |   |- [+] [ 47]
 |   |   |   |- Guid:7BB190AC4D11CAC3527D0DAE5AF3F338 BaseClass:/Game/TopDown/Blueprints/Game/Actors/BP_XYZ_Actor_Test.BP_XYZ_Actor_Test_C NativeClass:/Script/XYZ.XYZActor Name:BP_XYZ_Actor_Test_C_UAID_701AB8C826CF0CA801_1455320721 Label:BP_XYZ_Actor_Test12 SpatiallyLoaded:1 Bounds:IsValid=true, Min=(X=730.000 Y=1638.710 Z=110.000), Max=(X=830.000 Y=1740.000 Z=370.000) RuntimeGrid:None EditorOnly:0 RuntimeOnly:0 HLODRelevant:0
 |   |   |- [+] [ 48]
 |   |   |   |- Guid:DE80CC3743FF7D32C78968824FD23078 BaseClass:/Game/TopDown/Blueprints/Game/Actors/BP_XYZ_Actor_Test.BP_XYZ_Actor_Test_C NativeClass:/Script/XYZ.XYZActor Name:BP_XYZ_Actor_Test_C_UAID_701AB8C826CF0CA801_1455336725 Label:BP_XYZ_Actor_Test16 SpatiallyLoaded:1 Bounds:IsValid=true, Min=(X=730.000 Y=2288.710 Z=110.000), Max=(X=830.000 Y=2390.000 Z=370.000) RuntimeGrid:None EditorOnly:0 RuntimeOnly:0 HLODRelevant:0
 |   |   |- [+] [ 49]
 |   |   |   |- Guid:1694CAF046AB7ED663286BAEB2795CF5 BaseClass: NativeClass:/Script/Engine.StaticMeshActor Name:StaticMeshActor_43 Label:SM_Ramp3 SpatiallyLoaded:1 Bounds:IsValid=true, Min=(X=1600.000 Y=400.000 Z=100.000), Max=(X=1900.000 Y=600.000 Z=200.000) RuntimeGrid:None EditorOnly:0 RuntimeOnly:0 HLODRelevant:1 FolderPath:Block01 FolderGuid:A3D0865D40B5211925A81EB39A13C84D
 |   |   |- [+] [ 50]
 |   |   |   |- Guid:197B2D914AF7D670EFA1A697177AC113 BaseClass:/Game/TopDown/Blueprints/Game/Actors/BP_XYZ_Actor_Test.BP_XYZ_Actor_Test_C NativeClass:/Script/XYZ.XYZActor Name:BP_XYZ_Actor_Test_C_UAID_701AB8C826CF0CA801_1447413717 Label:BP_XYZ_Actor_Test8 SpatiallyLoaded:1 Bounds:IsValid=true, Min=(X=1010.000 Y=2478.710 Z=110.000), Max=(X=1110.000 Y=2580.000 Z=370.000) RuntimeGrid:None EditorOnly:0 RuntimeOnly:0 HLODRelevant:0
 |   |   |- [+] [ 51]
 |   |   |   |- Guid:853262F84D8418052EAD9BAC7C1D1B01 BaseClass:/Game/TopDown/Blueprints/Game/Actors/BP_XYZ_Actor_Test.BP_XYZ_Actor_Test_C NativeClass:/Script/XYZ.XYZActor Name:BP_XYZ_Actor_Test_C_UAID_701AB8C826CF0CA801_1439742713 Label:BP_XYZ_Actor_Test4 SpatiallyLoaded:1 Bounds:IsValid=true, Min=(X=1010.000 Y=1808.710 Z=110.000), Max=(X=1110.000 Y=1910.000 Z=370.000) RuntimeGrid:None EditorOnly:0 RuntimeOnly:0 HLODRelevant:0
 |   |   |- [+] [ 52]
 |   |   |   |- Guid:8A14DEE84C9C2C00D274AD8F50DB2D57 BaseClass:/Game/TopDown/Blueprints/Game/Actors/BP_XYZ_Actor_Test.BP_XYZ_Actor_Test_C NativeClass:/Script/XYZ.XYZActor Name:BP_XYZ_Actor_Test_C_UAID_701AB8C826CF0CA801_1436730711 Label:BP_XYZ_Actor_Test2 SpatiallyLoaded:1 Bounds:IsValid=true, Min=(X=1010.000 Y=1448.710 Z=110.000), Max=(X=1110.000 Y=1550.000 Z=370.000) RuntimeGrid:None EditorOnly:0 RuntimeOnly:0 HLODRelevant:0
 |   |   |- [+] [ 53]
 |   |   |   |- Guid:94D2F08F4CF7CD8C334F3ABA5038165B BaseClass:/Game/TopDown/Blueprints/Game/Actors/BP_XYZ_Actor_Test.BP_XYZ_Actor_Test_C NativeClass:/Script/XYZ.XYZActor Name:BP_XYZ_Actor_Test_C_UAID_701AB8C826CF0CA801_1455341726 Label:BP_XYZ_Actor_Test17 SpatiallyLoaded:1 Bounds:IsValid=true, Min=(X=730.000 Y=2478.710 Z=110.000), Max=(X=830.000 Y=2580.000 Z=370.000) RuntimeGrid:None EditorOnly:0 RuntimeOnly:0 HLODRelevant:0
 |   |   |- [+] [ 54]
 |   |   |   |- Guid:BACCF4CE41C052D5EDD58B97E3933C7B BaseClass:/Game/TopDown/Blueprints/Game/Actors/BP_XYZ_Actor_Test.BP_XYZ_Actor_Test_C NativeClass:/Script/XYZ.XYZActor Name:BP_XYZ_Actor_Test_C_UAID_701AB8C826CF0CA801_1437863712 Label:BP_XYZ_Actor_Test3 SpatiallyLoaded:1 Bounds:IsValid=true, Min=(X=1010.000 Y=1638.710 Z=110.000), Max=(X=1110.000 Y=1740.000 Z=370.000) RuntimeGrid:None EditorOnly:0 RuntimeOnly:0 HLODRelevant:0
 |   |   |- [+] [ 55]
 |   |   |   |- Guid:46252504480E1AB04D128A8F5AA07EFC BaseClass:/Game/TopDown/Blueprints/Game/Actors/BP_XYZ_Actor_Test.BP_XYZ_Actor_Test_C NativeClass:/Script/XYZ.XYZActor Name:BP_XYZ_Actor_Test_C_UAID_701AB8C826CF0CA801_1441224714 Label:BP_XYZ_Actor_Test5 SpatiallyLoaded:1 Bounds:IsValid=true, Min=(X=1010.000 Y=1978.710 Z=110.000), Max=(X=1110.000 Y=2080.000 Z=370.000) RuntimeGrid:None EditorOnly:0 RuntimeOnly:0 HLODRelevant:0
 |   |   |- [+] [ 56]
 |   |   |   |- Guid:765B342A44BE0580BD6E19853C1AEF65 BaseClass:/Game/TopDown/Blueprints/Game/Actors/BP_XYZ_Actor_Test.BP_XYZ_Actor_Test_C NativeClass:/Script/XYZ.XYZActor Name:BP_XYZ_Actor_Test_C_UAID_701AB8C826CF0CA801_1457606736 Label:BP_XYZ_Actor_Test27 SpatiallyLoaded:1 Bounds:IsValid=true, Min=(X=490.000 Y=2628.710 Z=110.000), Max=(X=590.000 Y=2730.000 Z=370.000) RuntimeGrid:None EditorOnly:0 RuntimeOnly:0 HLODRelevant:0
 |   |   |- [+] [ 57]
 |   |   |   |- Guid:89AD96DC4A21103AC6BE5A9BE8A42CD3 BaseClass:/Game/TopDown/Blueprints/Game/Actors/BP_XYZ_Actor_Test.BP_XYZ_Actor_Test_C NativeClass:/Script/XYZ.XYZActor Name:BP_XYZ_Actor_Test_C_UAID_701AB8C826CF0CA801_1457585731 Label:BP_XYZ_Actor_Test22 SpatiallyLoaded:1 Bounds:IsValid=true, Min=(X=490.000 Y=1808.710 Z=110.000), Max=(X=590.000 Y=1910.000 Z=370.000) RuntimeGrid:None EditorOnly:0 RuntimeOnly:0 HLODRelevant:0
 |   |   |- [+] [ 58]
 |   |   |   |- Guid:3AA00CC7473B3AB860032482C86F1357 BaseClass: NativeClass:/Script/Engine.SkyLight Name:SkyLight_1 Label:SkyLight SpatiallyLoaded:0 Bounds:IsValid=true, Min=(X=0.000 Y=0.000 Z=690.000), Max=(X=0.000 Y=0.000 Z=690.000) RuntimeGrid:None EditorOnly:0 RuntimeOnly:0 HLODRelevant:0 FolderPath:Lighting FolderGuid:E13570EE436BA15E35C622BAA5B21164
 |   |   |- [+] [ 59]
 |   |   |   |- Guid:6C550872423B7FC2E49BE7926CCC19C2 BaseClass:/Game/TopDown/Blueprints/Game/Actors/BP_XYZ_Actor_Test.BP_XYZ_Actor_Test_C NativeClass:/Script/XYZ.XYZActor Name:BP_XYZ_Actor_Test_C_UAID_701AB8C826CF0CA801_1457598734 Label:BP_XYZ_Actor_Test25 SpatiallyLoaded:1 Bounds:IsValid=true, Min=(X=490.000 Y=2288.710 Z=110.000), Max=(X=590.000 Y=2390.000 Z=370.000) RuntimeGrid:None EditorOnly:0 RuntimeOnly:0 HLODRelevant:0
 |   |   |- [+] [ 60]
 |   |   |   |- Guid:E92B029A43F3DD683C1B2481BF7B68DE BaseClass: NativeClass:/Script/Engine.VolumetricCloud Name:VolumetricCloud_1 Label:VolumetricCloud SpatiallyLoaded:0 Bounds:IsValid=true, Min=(X=0.000 Y=0.000 Z=820.000), Max=(X=0.000 Y=0.000 Z=820.000) RuntimeGrid:None EditorOnly:0 RuntimeOnly:0 HLODRelevant:0 FolderPath:Lighting FolderGuid:E13570EE436BA15E35C622BAA5B21164
 |   |   |- [+] [ 61]
 |   |   |   |- Guid:725DD05B4D9D142825330DA17C9345B9 BaseClass: NativeClass:/Script/Engine.StaticMeshActor Name:StaticMeshActor_UAID_701AB8C826CFE2A701_1114930287 Label:Plane SpatiallyLoaded:1 Bounds:IsValid=true, Min=(X=1400.000 Y=400.000 Z=-175.000), Max=(X=1400.000 Y=1000.000 Z=275.000) RuntimeGrid:None EditorOnly:0 RuntimeOnly:0 HLODRelevant:1
 |   |   |- [+] [ 62]
 |   |   |   |- Guid:D4AEB424434B5BB8AD7BAA959EE02ACD BaseClass: NativeClass:/Script/Engine.StaticMeshActor Name:StaticMeshActor_UAID_701AB8C826CFECA701_1927114048 Label:Plane4 SpatiallyLoaded:1 Bounds:IsValid=true, Min=(X=1400.000 Y=400.000 Z=-175.000), Max=(X=2000.000 Y=400.000 Z=275.000) RuntimeGrid:None EditorOnly:0 RuntimeOnly:0 HLODRelevant:1
 |- ContainerInstances:
 |- [+] MainContainer:
 |   |-        ID: 0x0000000000000000
 |   |-    Bounds: IsValid=false, Min=(X=0.000 Y=0.000 Z=0.000), Max=(X=0.000 Y=0.000 Z=0.000)
 |   |- Transform: 0.000000,0.000000,0.000000|0.000000,0.000000,-0.000000|1.000000,1.000000,1.000000
 |   |- Container: /Game/TopDown/Maps/TopDownMap
----------------------------------------------------------------------------------------------------------------
TopDownMap - Persistent Level
----------------------------------------------------------------------------------------------------------------
Always loaded Actor Count: 71 

----------------------------------------------------------------------------------------------------------------
TopDownMap - Runtime Spatial Hash - Streaming Grid - MainGrid
----------------------------------------------------------------------------------------------------------------
            Origin: X=0.000 Y=0.000 Z=0.000
         Cell Size: 12800
      World Bounds: IsValid=false, Min=(X=0.000 Y=0.000 Z=0.000), Max=(X=0.000 Y=0.000 Z=0.000)
     Loading Range: 25600.00
Block Slow Loading: No
 ClientOnlyVisible: No

[+] Grid Levels: 1
 |- Level  0: Cell Count    0 | Cell Size   12800 | Actor Count    0 (0.0%)

[+] Content of Grid Level 0

