  Using bundled DotNet SDK version: 6.0.302
  Running UnrealBuildTool: dotnet "..\..\Engine\Binaries\DotNET\UnrealBuildTool\UnrealBuildTool.dll" SlateViewer Win64 Development -WaitMutex -FromMsBuild
  Log file: C:\Users\aleja\gamedev\Engine\UnrealEngine\Engine\Programs\UnrealBuildTool\Log.txt
  Using 'git status' to determine working set for adaptive non-unity build (C:\Users\aleja\gamedev\Engine\UnrealEngine).
  Creating makefile for SlateViewer (no existing makefile)
  Parsing headers for SlateViewer
    Running Internal UnrealHeaderTool SlateViewer C:\Users\aleja\gamedev\Engine\UnrealEngine\Engine\Intermediate\Build\Win64\SlateViewer\Development\SlateViewer.uhtmanifest -WarningsAsErrors
  Total of 166 written
  Reflection code generated for SlateViewer in 0.4420391 seconds
  Building SlateViewer...
  Using Visual Studio 2022 14.34.31946 toolchain (C:\Program Files\Microsoft Visual Studio\2022\Community\VC\Tools\MSVC\14.34.31933) and Windows 10.0.22621.0 SDK (C:\Program Files (x86)\Windows Kits\10).
  [Upgrade]
  [Upgrade] Using backward-compatible include order. The latest version of UE has changed the order of includes, which may require code changes. The current setting is:
  [Upgrade]     IncludeOrderVersion = EngineIncludeOrderVersion.Unreal5_0
  [Upgrade] Suppress this message by setting 'IncludeOrderVersion = EngineIncludeOrderVersion.Unreal5_2;' in SlateViewer.Target.cs.
  [Upgrade] Alternatively you can set this to 'EngineIncludeOrderVersion.Latest' to always use the latest include order. This will potentially cause compile errors when integrating new versions of the engine.
  [Upgrade]
  Determining max actions to execute in parallel (10 physical cores, 20 logical cores)
    Executing up to 10 processes, one per physical core
    Requested 1.5 GB free memory per action, 3.51 GB available: limiting max parallel actions to 2
  Building 89 actions with 2 processes...
  [1/89] Compile [x64] Module.DesktopPlatform.cpp cancelled
  [2/89] Compile [x64] Module.ApplicationCore.cpp cancelled
  [3/89] Compile [x64] SharedPCH.Core.ShadowErrors.TypeCastErrors.cpp
C:\Users\aleja\gamedev\Engine\UnrealEngine\Engine\Source\Runtime\Core\Public\Containers\UnrealString.h(1106): fatal error C1088: Cannot flush compiler intermediate file: '..\Intermediate\Build\Win64\x64\SlateViewer\Development\Core\SharedPCH.Core.ShadowErrors.TypeCastErrors.h.pch': No space left on device
  [4/89] Compile [x64] Module.Sockets.cpp cancelled
  [5/89] Compile [x64] Module.DerivedDataCache.2_of_2.cpp cancelled
  [6/89] Compile [x64] Module.DerivedDataCache.1_of_2.cpp cancelled
  [7/89] Compile [x64] Module.Zen.cpp cancelled
  [8/89] Compile [x64] Module.Cbor.cpp cancelled
  [9/89] Compile [x64] Module.Json.cpp cancelled
  [10/89] Compile [x64] Module.SSL.cpp cancelled
  [11/89] Compile [x64] NetCommonModule.cpp cancelled
  [12/89] Compile [x64] Module.Projects.cpp cancelled
  [13/89] Compile [x64] SharedPCH.Slate.ShadowErrors.cpp
C:\Users\aleja\gamedev\Engine\UnrealEngine\Engine\Source\Runtime\Core\Public\Internationalization\Text.h(1067): fatal error C1088: Cannot flush compiler intermediate file: '..\Intermediate\Build\Win64\x64\SlateViewer\Development\Slate\SharedPCH.Slate.ShadowErrors.h.pch': No space left on device
  [14/89] Compile [x64] Module.ToolMenus.cpp cancelled
  [15/89] Compile [x64] Module.MessageLog.cpp cancelled
  [16/89] Compile [x64] Module.WebBrowser.cpp cancelled
  [17/89] Compile [x64] Module.ToolWidgets.cpp cancelled
  [18/89] Compile [x64] Module.AppFramework.cpp cancelled
  [19/89] Compile [x64] Module.SourceCodeAccess.cpp cancelled
  [20/89] Compile [x64] Module.SlateReflector.cpp cancelled
  [21/89] GenerateTLH dte80a.cpp
  [22/89] Compile [x64] SharedPCH.Core.ShadowErrors.cpp
C:\Program Files (x86)\Windows Kits\10\include\10.0.22621.0\ucrt\stdio.h(963): fatal error C1088: Cannot flush compiler intermediate file: '..\Intermediate\Build\Win64\x64\SlateViewer\Development\Core\SharedPCH.Core.ShadowErrors.h.pch': No space left on device
