  Using bundled DotNet SDK version: 6.0.302
  Running UnrealBuildTool: dotnet "..\..\Engine\Binaries\DotNET\UnrealBuildTool\UnrealBuildTool.dll" SwitchboardListenerHelper Win64 Development -WaitMutex -FromMsBuild
  Log file: C:\Users\aleja\gamedev\Engine\UnrealEngine\Engine\Programs\UnrealBuildTool\Log.txt
  Using 'git status' to determine working set for adaptive non-unity build (C:\Users\aleja\gamedev\Engine\UnrealEngine).
  Creating makefile for SwitchboardListenerHelper (no existing makefile)
  Unable to read C:\Users\aleja\gamedev\Engine\UnrealEngine\Engine\Intermediate\Build\SourceFileCache.bin. See log for additional information.
  Building SwitchboardListenerHelper...
  Using Visual Studio 2022 14.34.31946 toolchain (C:\Program Files\Microsoft Visual Studio\2022\Community\VC\Tools\MSVC\14.34.31933) and Windows 10.0.22621.0 SDK (C:\Program Files (x86)\Windows Kits\10).
  Determining max actions to execute in parallel (10 physical cores, 20 logical cores)
    Executing up to 10 processes, one per physical core
    Requested 1.5 GB free memory per action, 3.51 GB available: limiting max parallel actions to 2
  Building 47 actions with 2 processes...
  [1/47] Compile [x64] SharedPCH.Core.ShadowErrors.cpp
C:\Users\aleja\gamedev\Engine\UnrealEngine\Engine\Source\Runtime\Core\Public\Async\TaskGraphInterfaces.h(1718): fatal error C1088: Cannot flush compiler intermediate file: '..\Intermediate\Build\Win64\x64\SwitchboardListenerHelper\Development\Core\SharedPCH.Core.ShadowErrors.h.pch': No space left on device
  [2/47] Compile [x64] Module.Networking.cpp cancelled
  [3/47] Compile [x64] PCH.Core.cpp
C:\Users\aleja\gamedev\Engine\UnrealEngine\Engine\Source\Runtime\Core\Public\Containers\Array.h(2931): fatal error C1088: Cannot flush compiler intermediate file: '..\Intermediate\Build\Win64\x64\SwitchboardListenerHelper\Development\Core\PCH.Core.h.pch': No space left on device
  C:\Users\aleja\gamedev\Engine\UnrealEngine\Engine\Source\Runtime\Core\Public\Containers\Array.h(2922): note: while compiling class template member function 'int TArray<FConfigCommandlineOverride,FDefaultAllocator>::AllocatorCalculateSlackReserve(int)'
  C:\Users\aleja\gamedev\Engine\UnrealEngine\Engine\Source\Runtime\Core\Public\Containers\Array.h(2971): note: see reference to function template instantiation 'int TArray<FConfigCommandlineOverride,FDefaultAllocator>::AllocatorCalculateSlackReserve(int)' being compiled
  C:\Users\aleja\gamedev\Engine\UnrealEngine\Engine\Source\Runtime\Core\Public\Misc\ConfigCacheIni.h(398): note: see reference to class template instantiation 'TArray<FConfigCommandlineOverride,FDefaultAllocator>' being compiled
  [4/47] Compile [x64] Module.Core.9_of_17.cpp cancelled
  [5/47] Compile [x64] Module.Core.4_of_17.cpp cancelled
  [6/47] Compile [x64] Module.Core.17_of_17.cpp cancelled
  [7/47] Compile [x64] Module.Core.3_of_17.cpp cancelled
  [8/47] Compile [x64] Module.Core.11_of_17.cpp cancelled
  [9/47] Compile [x64] Module.Core.8_of_17.cpp cancelled
  [10/47] Compile [x64] Module.Core.7_of_17.cpp cancelled
  [11/47] Compile [x64] Module.Core.13_of_17.cpp cancelled
  [12/47] Compile [x64] Module.Core.12_of_17.cpp cancelled
  [13/47] Compile [x64] Module.Core.16_of_17.cpp cancelled
  [14/47] Compile [x64] Module.Core.1_of_17.cpp cancelled
  [15/47] Compile [x64] Module.Core.10_of_17.cpp cancelled
  [16/47] Compile [x64] Module.Core.5_of_17.cpp cancelled
  [17/47] Compile [x64] Module.Core.14_of_17.cpp cancelled
  [18/47] Compile [x64] Module.Core.6_of_17.cpp cancelled
  [19/47] Compile [x64] Module.Core.15_of_17.cpp cancelled
  [20/47] Compile [x64] Module.Core.2_of_17.cpp cancelled
  [21/47] Compile [x64] SharedPCH.Core.ShadowErrors.TypeCastErrors.cpp
C:\Users\aleja\gamedev\Engine\UnrealEngine\Engine\Source\Runtime\Core\Public\Misc\FrameRate.h(291): fatal error C1088: Cannot flush compiler intermediate file: '..\Intermediate\Build\Win64\x64\SwitchboardListenerHelper\Development\Core\SharedPCH.Core.ShadowErrors.TypeCastErrors.h.pch': No space left on device
  [22/47] Compile [x64] NetCommonModule.cpp cancelled
  [23/47] Compile [x64] Module.ApplicationCore.cpp cancelled
  [24/47] Compile [x64] Module.Sockets.cpp cancelled
  [25/47] Compile [x64] Module.Json.cpp cancelled
  [26/47] Compile [x64] Module.Projects.cpp cancelled
  [27/47] Compile [x64] PCH.CoreUObject.cpp
C:\Users\aleja\gamedev\Engine\UnrealEngine\Engine\Source\Runtime\Core\Public\Math\UnrealMathUtility.h(447): fatal error C1088: Cannot flush compiler intermediate file: '..\Intermediate\Build\Win64\x64\SwitchboardListenerHelper\Development\CoreUObject\PCH.CoreUObject.h.pch': No space left on device
  C:\Users\aleja\gamedev\Engine\UnrealEngine\Engine\Source\Runtime\Core\Public\Math\UnrealMathUtility.h(501): note: see reference to function template instantiation 'bool FMath::TIsNearlyEqualByULP<double,uint64,9223372036854775808>(FloatType,FloatType,int32)' being compiled
          with
          [
              FloatType=double
          ]
  [28/47] Compile [x64] Module.CoreUObject.8_of_12.cpp cancelled
  [29/47] Compile [x64] Module.CoreUObject.12_of_12.cpp cancelled
  [30/47] Compile [x64] Module.CoreUObject.5_of_12.cpp cancelled
  [31/47] Compile [x64] Module.CoreUObject.7_of_12.cpp cancelled
  [32/47] Compile [x64] Module.CoreUObject.4_of_12.cpp cancelled
  [33/47] Compile [x64] Module.CoreUObject.9_of_12.cpp cancelled
  [34/47] Compile [x64] Module.CoreUObject.11_of_12.cpp cancelled
  [35/47] Compile [x64] Module.CoreUObject.3_of_12.cpp cancelled
  [36/47] Compile [x64] Module.CoreUObject.1_of_12.cpp cancelled
  [37/47] Compile [x64] Module.CoreUObject.2_of_12.cpp cancelled
  [38/47] Compile [x64] Module.CoreUObject.10_of_12.cpp cancelled
  [39/47] Compile [x64] Module.CoreUObject.6_of_12.cpp cancelled
  [40/47] Compile [x64] BuildSettings.cpp
  [41/47] Compile [x64] Module.TraceLog.cpp
C:\Users\aleja\gamedev\Engine\UnrealEngine\Engine\Source\Runtime\Core\Public\Math\UnrealMathUtility.h(2269): fatal error C1088: Cannot flush compiler intermediate file: 'C:\Users\aleja\AppData\Local\Temp\_CL_33e2f929sy': No space left on device
  [42/47] Compile [x64] MiMalloc.c
  [43/47] Compile [x64] SharedPCH.CoreUObject.ShadowErrors.cpp
C:\Users\aleja\gamedev\Engine\UnrealEngine\Engine\Intermediate\Build\Win64\x64\SwitchboardListenerHelper\Development\CoreUObject\SharedPCH.CoreUObject.ShadowErrors.cpp(2): fatal error C1085: Cannot write precompiled header file: '..\Intermediate\Build\Win64\x64\SwitchboardListenerHelper\Development\CoreUObject\SharedPCH.CoreUObject.ShadowErrors.h.pch': There is not enough space on the disk.
  [44/47] Compile [x64] Module.JsonUtilities.cpp cancelled
  [45/47] Compile [x64] Module.SwitchboardListenerHelper.cpp cancelled
  [46/47] Link [x64] SwitchboardListenerHelper.exe cancelled
  [47/47] WriteMetadata SwitchboardListenerHelper.target cancelled
C:\Program Files\Microsoft Visual Studio\2022\Community\MSBuild\Microsoft\VC\v170\Microsoft.MakeFile.Targets(44,5): error MSB3073: The command "C:\Users\aleja\gamedev\Engine\UnrealEngine\Engine\Build\BatchFiles\Build.bat SwitchboardListenerHelper Win64 Development -WaitMutex -FromMsBuild" exited with code 6.
