  Using bundled DotNet SDK version: 6.0.302
  Running UnrealBuildTool: dotnet "..\..\Engine\Binaries\DotNET\UnrealBuildTool\UnrealBuildTool.dll" SymsLibDump Win64 Development -WaitMutex -FromMsBuild
  Log file: C:\Users\aleja\gamedev\Engine\UnrealEngine\Engine\Programs\UnrealBuildTool\Log.txt
  Using 'git status' to determine working set for adaptive non-unity build (C:\Users\aleja\gamedev\Engine\UnrealEngine).
  Creating makefile for SymsLibDump (no existing makefile)
  Waiting for 'git status' command to complete
  Building SymsLibDump...
  Using Visual Studio 2022 14.34.31946 toolchain (C:\Program Files\Microsoft Visual Studio\2022\Community\VC\Tools\MSVC\14.34.31933) and Windows 10.0.22621.0 SDK (C:\Program Files (x86)\Windows Kits\10).
  [Upgrade]
  [Upgrade] Using backward-compatible include order. The latest version of UE has changed the order of includes, which may require code changes. The current setting is:
  [Upgrade]     IncludeOrderVersion = EngineIncludeOrderVersion.Unreal5_0
  [Upgrade] Suppress this message by setting 'IncludeOrderVersion = EngineIncludeOrderVersion.Unreal5_2;' in SymsLibDump.Target.cs.
  [Upgrade] Alternatively you can set this to 'EngineIncludeOrderVersion.Latest' to always use the latest include order. This will potentially cause compile errors when integrating new versions of the engine.
  [Upgrade]
  Determining max actions to execute in parallel (10 physical cores, 20 logical cores)
    Executing up to 10 processes, one per physical core
  Building 30 actions with 10 processes...
  [1/30] Resource Default.rc2
  [2/30] Compile [x64] BuildSettings.cpp
  [3/30] Compile [x64] MiMalloc.c
  [4/30] Compile [x64] Module.TraceLog.cpp
  [5/30] Compile [x64] SharedPCH.Core.ShadowErrors.InclOrderUnreal5_0.cpp
  [6/30] Compile [x64] SharedPCH.Core.ShadowErrors.TypeCastErrors.cpp
  [7/30] Compile [x64] PCH.Core.cpp
  [8/30] Compile [x64] Module.Core.17_of_17.cpp
  [9/30] Compile [x64] Module.Projects.cpp
  [10/30] Compile [x64] Module.Core.4_of_17.cpp
  [11/30] Compile [x64] SymsLibDump.cpp
  [12/30] Compile [x64] Module.Core.16_of_17.cpp
  [13/30] Compile [x64] Module.Core.3_of_17.cpp
  [14/30] Compile [x64] Module.ApplicationCore.cpp
  [15/30] Compile [x64] Module.Json.cpp
  [16/30] Compile [x64] Module.Core.7_of_17.cpp
  [17/30] Compile [x64] Module.Core.11_of_17.cpp
  [18/30] Compile [x64] Module.Core.1_of_17.cpp
  [19/30] Compile [x64] Module.Core.8_of_17.cpp
  [20/30] Compile [x64] Module.Core.10_of_17.cpp
  [21/30] Compile [x64] Module.Core.15_of_17.cpp
  [22/30] Compile [x64] Module.Core.2_of_17.cpp
  [23/30] Compile [x64] Module.Core.12_of_17.cpp
  [24/30] Compile [x64] Module.Core.5_of_17.cpp
  [25/30] Compile [x64] Module.Core.9_of_17.cpp
  [26/30] Compile [x64] Module.Core.14_of_17.cpp
  [27/30] Compile [x64] Module.Core.6_of_17.cpp
  [28/30] Compile [x64] Module.Core.13_of_17.cpp
  [29/30] Link [x64] SymsLibDump-Win64-Development.exe
  [30/30] WriteMetadata SymsLibDump.target
  Total time in Parallel executor: 42.43 seconds
  Total execution time: 491.18 seconds
