  Using bundled DotNet SDK version: 6.0.302
  Running UnrealBuildTool: dotnet "..\..\Engine\Binaries\DotNET\UnrealBuildTool\UnrealBuildTool.dll" UnrealMultiUserSlateServer Win64 Development -WaitMutex -FromMsBuild
  Log file: C:\Users\aleja\gamedev\Engine\UnrealEngine\Engine\Programs\UnrealBuildTool\Log.txt
  Using 'git status' to determine working set for adaptive non-unity build (C:\Users\aleja\gamedev\Engine\UnrealEngine).
  Creating makefile for UnrealMultiUserSlateServer (no existing makefile)
  Parsing headers for UnrealMultiUserSlateServer
    Running Internal UnrealHeaderTool UnrealMultiUserSlateServer C:\Users\aleja\gamedev\Engine\UnrealEngine\Engine\Intermediate\Build\Win64\UnrealMultiUserSlateServer\Development\UnrealMultiUserSlateServer.uhtmanifest -WarningsAsErrors
  Total of 327 written
  Reflection code generated for UnrealMultiUserSlateServer in 0.5669581 seconds
  Waiting for 'git status' command to complete
EXEC : warning : Relative path '..\Plugins\Developer\Concert\ConcertUI\ConcertSharedSlate\Intermediate\Build\Win64\x64\UnrealMultiUserSlateServer\Development\ConcertSharedSlate\UnrealMultiUserSlateServer-ConcertSharedSlate.suppressed.lib' when resolved will have length '262' which is greater than MAX_PATH (260) and may cause unexpected errors with the MSVC toolchain.
  Building UnrealMultiUserSlateServer...
  Using Visual Studio 2022 14.34.31946 toolchain (C:\Program Files\Microsoft Visual Studio\2022\Community\VC\Tools\MSVC\14.34.31933) and Windows 10.0.22621.0 SDK (C:\Program Files (x86)\Windows Kits\10).
  [Upgrade]
  [Upgrade] Using backward-compatible include order. The latest version of UE has changed the order of includes, which may require code changes. The current setting is:
  [Upgrade]     IncludeOrderVersion = EngineIncludeOrderVersion.Unreal5_0
  [Upgrade] Suppress this message by setting 'IncludeOrderVersion = EngineIncludeOrderVersion.Unreal5_2;' in UnrealMultiUserSlateServer.Target.cs.
  [Upgrade] Alternatively you can set this to 'EngineIncludeOrderVersion.Latest' to always use the latest include order. This will potentially cause compile errors when integrating new versions of the engine.
  [Upgrade]
  Determining max actions to execute in parallel (10 physical cores, 20 logical cores)
    Executing up to 10 processes, one per physical core
    Requested 1.5 GB free memory per action, 6.37 GB available: limiting max parallel actions to 4
  Building 346 actions with 4 processes...
  [1/346] Resource Default.rc2
  [2/346] Compile [x64] MiMalloc.c
  [3/346] Compile [x64] SharedPCH.Core.ShadowErrors.cpp
  [4/346] Compile [x64] SharedPCH.Core.ShadowErrors.TypeCastErrors.cpp
  [5/346] Compile [x64] PCH.Core.cpp
  [6/346] Compile [x64] SharedPCH.CoreUObject.ShadowErrors.cpp
  [7/346] Compile [x64] SharedPCH.Core.Exceptions.ShadowErrors.cpp
  [8/346] Compile [x64] Module.TraceLog.cpp
  [9/346] Compile [x64] SharedPCH.CoreUObject.ShadowErrors.TypeCastErrors.cpp
  [10/346] Compile [x64] cond_expr.c
  [11/346] Compile [x64] preprocessor.c
  [12/346] Compile [x64] stb_ds.c
  [13/346] Compile [x64] stb_alloc.c
  [14/346] Compile [x64] BuildSettings.cpp
  [15/346] Compile [x64] PCH.CoreUObject.cpp
  [16/346] Resource UnrealMultiUserSlateServer.rc
  [17/346] Compile [x64] SharedPCH.Core.ShadowErrors.TypeCastWarnings.cpp
  [18/346] Compile [x64] SharedPCH.Slate.ShadowErrors.cpp
  [19/346] Compile [x64] SQLiteEmbedded.c
  [20/346] Compile [x64] Module.UnrealMultiUserSlateServer.cpp
  [21/346] Compile [x64] Module.RenderCore.3_of_5.cpp
  [22/346] Compile [x64] Module.RenderCore.5_of_5.cpp
  [23/346] Compile [x64] Module.RenderCore.2_of_5.cpp
  [24/346] Compile [x64] Module.RenderCore.4_of_5.cpp
  [25/346] Compile [x64] Module.RHI.2_of_2.cpp
  [26/346] Compile [x64] TextureBuildFunction.cpp
  [27/346] Compile [x64] ShaderPreprocessor.cpp
  [28/346] Compile [x64] Module.RHI.1_of_2.cpp
  [29/346] Compile [x64] TextureFormatManagerModule.cpp
  [30/346] Compile [x64] Module.RenderCore.1_of_5.cpp
  [31/346] Compile [x64] Module.Networking.cpp
  [32/346] Compile [x64] Module.ColorManagement.cpp
  [33/346] Compile [x64] TextureBuildUtilities.cpp
  [34/346] Compile [x64] Module.ShaderCompilerCommon.cpp
  [35/346] Compile [x64] Module.HTTP.cpp
  [36/346] Compile [x64] Module.UELibSampleRate.cpp
  [37/346] Compile [x64] Module.TraceAnalysis.cpp
  [38/346] Compile [x64] Module.SQLiteCore.cpp
  [39/346] Compile [x64] TextureFormatIntelISPCTexComp.cpp
  [40/346] Compile [x64] TextureFormatETC2.cpp
  [41/346] Compile [x64] TextureFormatASTC.cpp
  [42/346] Compile [x64] TextureCompressorModule.cpp
  [43/346] Compile [x64] TextureFormatUncompressed.cpp
  [44/346] Compile [x64] TextureFormatDXT.cpp
  [45/346] Compile [x64] Module.ShaderFormatD3D.cpp
  [46/346] Compile [x64] Module.VulkanShaderFormat.cpp
  [47/346] Compile [x64] Module.Json.cpp
  [48/346] Compile [x64] Module.TraceServices.cpp
  [49/346] Compile [x64] Module.ShaderFormatOpenGL.cpp
  [50/346] Compile [x64] Module.Sockets.cpp
  [51/346] Compile [x64] Module.Projects.cpp
  [52/346] Compile [x64] Module.Cbor.cpp
  [53/346] Compile [x64] Module.ApplicationCore.cpp
  [54/346] Compile [x64] Module.SSL.cpp
  [55/346] Compile [x64] Module.DesktopPlatform.cpp
  [56/346] Compile [x64] Module.Analytics.cpp
  [57/346] Compile [x64] Module.XmlParser.cpp
  [58/346] Compile [x64] Module.AnalyticsET.cpp
  [59/346] Compile [x64] NetCommonModule.cpp
  [60/346] Compile [x64] Module.Zen.cpp
  [61/346] Compile [x64] Module.DerivedDataCache.2_of_2.cpp
  [62/346] Compile [x64] Module.DerivedDataCache.1_of_2.cpp
  [63/346] Compile [x64] Module.Core.12_of_17.cpp
  [64/346] Compile [x64] Module.Core.15_of_17.cpp
  [65/346] Compile [x64] Module.Core.5_of_17.cpp
  [66/346] Compile [x64] Module.Core.16_of_17.cpp
  [67/346] Compile [x64] Module.Core.7_of_17.cpp
  [68/346] Compile [x64] Module.Core.11_of_17.cpp
  [69/346] Compile [x64] Module.Core.8_of_17.cpp
  [70/346] Compile [x64] Module.Core.2_of_17.cpp
  [71/346] Compile [x64] Module.Core.17_of_17.cpp
  [72/346] Compile [x64] Module.Core.1_of_17.cpp
  [73/346] Compile [x64] Module.Core.10_of_17.cpp
  [74/346] Compile [x64] Module.Core.4_of_17.cpp
  [75/346] Compile [x64] Module.Core.3_of_17.cpp
  [76/346] Compile [x64] Module.Core.13_of_17.cpp
  [77/346] Compile [x64] Module.Core.6_of_17.cpp
  [78/346] Compile [x64] Module.Core.14_of_17.cpp
  [79/346] Compile [x64] Module.Core.9_of_17.cpp
  [80/346] Compile [x64] Module.SlateCore.2_of_4.cpp
  [81/346] Compile [x64] Module.SlateCore.1_of_4.cpp
  [82/346] Compile [x64] Module.SlateCore.4_of_4.cpp
  [83/346] Compile [x64] Module.Slate.3_of_6.cpp
  [84/346] Compile [x64] Module.SlateCore.3_of_4.cpp
  [85/346] Compile [x64] Module.Slate.5_of_6.cpp
  [86/346] Compile [x64] Module.Slate.2_of_6.cpp
  [87/346] Compile [x64] Module.ImageCore.cpp
  [88/346] Compile [x64] Module.Slate.6_of_6.cpp
  [89/346] Compile [x64] Module.Concert.cpp
  [90/346] Compile [x64] Module.AutomationTest.cpp
  [91/346] Compile [x64] Module.Slate.1_of_6.cpp
  [92/346] Compile [x64] Module.DeveloperSettings.cpp
  [93/346] Compile [x64] Module.Slate.4_of_6.cpp
  [94/346] Compile [x64] Module.ConcertTransport.cpp
  [95/346] Compile [x64] Module.UnrealEdMessages.cpp
  [96/346] Compile [x64] Module.JsonUtilities.cpp
  [97/346] Compile [x64] Module.AutomationMessages.cpp
  [98/346] Compile [x64] Module.SessionMessages.cpp
  [99/346] Compile [x64] Module.Messaging.cpp
  [100/346] Compile [x64] Module.ConcertServer.cpp
  [101/346] Compile [x64] Module.AudioPlatformConfiguration.cpp
  [102/346] Compile [x64] Module.DeveloperToolSettings.cpp
  [103/346] Compile [x64] Module.AutomationController.cpp
  [104/346] Compile [x64] Module.SessionServices.cpp
  [105/346] Compile [x64] Module.ConcertSyncCore.cpp
  [106/346] Compile [x64] MessagingCommonModule.cpp
  [107/346] Compile [x64] Module.AutomationWorker.cpp
  [108/346] Compile [x64] Module.EngineSettings.cpp
  [109/346] Compile [x64] Module.Settings.cpp
  [110/346] Compile [x64] Module.EngineMessages.cpp
  [111/346] Compile [x64] Module.LauncherServices.cpp
  [112/346] Compile [x64] Module.CncrtSyncSvr.cpp
  [113/346] Compile [x64] Module.StandaloneRenderer.cpp
  [114/346] Compile [x64] Module.VectorVM.cpp
  [115/346] Link [x64] UnrealMultiUserSlateServer-TraceLog.lib
     Creating library ..\Intermediate\Build\Win64\x64\UnrealMultiUserSlateServer\Development\TraceLog\UnrealMultiUserSlateServer-TraceLog.lib and object ..\Intermediate\Build\Win64\x64\UnrealMultiUserSlateServer\Development\TraceLog\UnrealMultiUserSlateServer-TraceLog.exp
  [116/346] Link [x64] UnrealMultiUserSlateServer-TraceLog.dll
     Creating library ..\Intermediate\Build\Win64\x64\UnrealMultiUserSlateServer\Development\TraceLog\UnrealMultiUserSlateServer-TraceLog.suppressed.lib and object ..\Intermediate\Build\Win64\x64\UnrealMultiUserSlateServer\Development\TraceLog\UnrealMultiUserSlateServer-TraceLog.suppressed.exp
  [117/346] Compile [x64] Module.UdpMessaging.cpp
  [118/346] Compile [x64] Module.ShaderFormatVectorVM.cpp
  [119/346] Compile [x64] Module.InputCore.cpp
  [120/346] Link [x64] UnrealMultiUserSlateServer-BuildSettings.lib
     Creating library ..\Intermediate\Build\Win64\x64\UnrealMultiUserSlateServer\Development\BuildSettings\UnrealMultiUserSlateServer-BuildSettings.lib and object ..\Intermediate\Build\Win64\x64\UnrealMultiUserSlateServer\Development\BuildSettings\UnrealMultiUserSlateServer-BuildSettings.exp
  [121/346] Link [x64] UnrealMultiUserSlateServer-BuildSettings.dll
     Creating library ..\Intermediate\Build\Win64\x64\UnrealMultiUserSlateServer\Development\BuildSettings\UnrealMultiUserSlateServer-BuildSettings.suppressed.lib and object ..\Intermediate\Build\Win64\x64\UnrealMultiUserSlateServer\Development\BuildSettings\UnrealMultiUserSlateServer-BuildSettings.suppressed.exp
  [122/346] Compile [x64] Module.CoreUObject.1_of_12.cpp
  [123/346] Compile [x64] Module.Serialization.cpp
  [124/346] Compile [x64] Module.CoreUObject.12_of_12.cpp
  [125/346] Compile [x64] Module.ImageWrapper.cpp
  [126/346] Compile [x64] Module.CoreUObject.2_of_12.cpp
  [127/346] Compile [x64] Module.CoreUObject.5_of_12.cpp
  [128/346] Compile [x64] Module.CoreUObject.10_of_12.cpp
  [129/346] Compile [x64] Module.AssetRegistry.cpp
  [130/346] Compile [x64] Module.CoreUObject.9_of_12.cpp
  [131/346] Compile [x64] Module.CoreUObject.8_of_12.cpp
  [132/346] Compile [x64] Module.CoreUObject.3_of_12.cpp
  [133/346] Compile [x64] Module.CoreUObject.6_of_12.cpp
  [134/346] Compile [x64] Module.CookOnTheFly.cpp
  [135/346] Compile [x64] Module.CoreUObject.4_of_12.cpp
  [136/346] Compile [x64] Module.CoreUObject.11_of_12.cpp
  [137/346] Compile [x64] Module.MessageLog.cpp
  [138/346] Compile [x64] WorkspaceMenuStructureModule.cpp
  [139/346] Compile [x64] Module.CoreUObject.7_of_12.cpp
  [140/346] Compile [x64] Module.SourceCodeAccess.cpp
  [141/346] Compile [x64] Module.ToolMenus.cpp
  [142/346] Compile [x64] Module.ToolWidgets.cpp
  [143/346] Compile [x64] Module.TargetPlatform.cpp
  [144/346] Compile [x64] Module.TurnkeyIO.cpp
  [145/346] Compile [x64] Module.ScreenShotComparisonTools.cpp
  [146/346] Compile [x64] Module.SourceControl.cpp
  [147/346] Compile [x64] Module.AutomationWindow.cpp
  [148/346] Compile [x64] Module.TraceInsights.8_of_8.cpp
  [149/346] Compile [x64] Module.TraceInsights.3_of_8.cpp
  [150/346] Compile [x64] Module.AppFramework.cpp
  [151/346] Compile [x64] Module.TraceInsights.7_of_8.cpp
  [152/346] Compile [x64] Module.TraceInsights.1_of_8.cpp
  [153/346] Compile [x64] Module.UndoHistory.cpp
  [154/346] Compile [x64] Module.TraceInsights.2_of_8.cpp
  [155/346] Compile [x64] Module.TraceInsights.6_of_8.cpp
  [156/346] Compile [x64] Module.OutputLog.cpp
  [157/346] Compile [x64] Module.TraceInsights.5_of_8.cpp
  [158/346] Compile [x64] Module.ConcertSharedSlate.cpp
  [159/346] Compile [x64] Module.TurnkeySupport.cpp
  [160/346] Link [x64] UnrealMultiUserSlateServer.lib
     Creating library ..\Intermediate\Build\Win64\x64\UnrealMultiUserSlateServer\Development\UnrealMultiUserSlateServer.lib and object ..\Intermediate\Build\Win64\x64\UnrealMultiUserSlateServer\Development\UnrealMultiUserSlateServer.exp
  [161/346] Link [x64] UnrealMultiUserSlateServer-TextureBuild.lib
     Creating library ..\Intermediate\Build\Win64\x64\UnrealMultiUserSlateServer\Development\TextureBuild\UnrealMultiUserSlateServer-TextureBuild.lib and object ..\Intermediate\Build\Win64\x64\UnrealMultiUserSlateServer\Development\TextureBuild\UnrealMultiUserSlateServer-TextureBuild.exp
  [162/346] Link [x64] UnrealMultiUserSlateServer-ShaderPreprocessor.lib
     Creating library ..\Intermediate\Build\Win64\x64\UnrealMultiUserSlateServer\Development\ShaderPreprocessor\UnrealMultiUserSlateServer-ShaderPreprocessor.lib and object ..\Intermediate\Build\Win64\x64\UnrealMultiUserSlateServer\Development\ShaderPreprocessor\UnrealMultiUserSlateServer-ShaderPreprocessor.exp
  [163/346] Link [x64] UnrealMultiUserSlateServer-RHI.lib
     Creating library ..\Intermediate\Build\Win64\x64\UnrealMultiUserSlateServer\Development\RHI\UnrealMultiUserSlateServer-RHI.lib and object ..\Intermediate\Build\Win64\x64\UnrealMultiUserSlateServer\Development\RHI\UnrealMultiUserSlateServer-RHI.exp
  [164/346] Link [x64] UnrealMultiUserSlateServer-TextureFormat.lib
     Creating library ..\Intermediate\Build\Win64\x64\UnrealMultiUserSlateServer\Development\TextureFormat\UnrealMultiUserSlateServer-TextureFormat.lib and object ..\Intermediate\Build\Win64\x64\UnrealMultiUserSlateServer\Development\TextureFormat\UnrealMultiUserSlateServer-TextureFormat.exp
  [165/346] Link [x64] UnrealMultiUserSlateServer-RenderCore.lib
     Creating library ..\Intermediate\Build\Win64\x64\UnrealMultiUserSlateServer\Development\RenderCore\UnrealMultiUserSlateServer-RenderCore.lib and object ..\Intermediate\Build\Win64\x64\UnrealMultiUserSlateServer\Development\RenderCore\UnrealMultiUserSlateServer-RenderCore.exp
  [166/346] Compile [x64] Module.TraceInsights.4_of_8.cpp
  [167/346] Link [x64] UnrealMultiUserSlateServer-Networking.lib
     Creating library ..\Intermediate\Build\Win64\x64\UnrealMultiUserSlateServer\Development\Networking\UnrealMultiUserSlateServer-Networking.lib and object ..\Intermediate\Build\Win64\x64\UnrealMultiUserSlateServer\Development\Networking\UnrealMultiUserSlateServer-Networking.exp
  [168/346] Link [x64] UnrealMultiUserSlateServer-ColorManagement.lib
     Creating library ..\Intermediate\Build\Win64\x64\UnrealMultiUserSlateServer\Development\ColorManagement\UnrealMultiUserSlateServer-ColorManagement.lib and object ..\Intermediate\Build\Win64\x64\UnrealMultiUserSlateServer\Development\ColorManagement\UnrealMultiUserSlateServer-ColorManagement.exp
  [169/346] Link [x64] UnrealMultiUserSlateServer-TextureBuildUtilities.lib
     Creating library ..\Intermediate\Build\Win64\x64\UnrealMultiUserSlateServer\Development\TextureBuildUtilities\UnrealMultiUserSlateServer-TextureBuildUtilities.lib and object ..\Intermediate\Build\Win64\x64\UnrealMultiUserSlateServer\Development\TextureBuildUtilities\UnrealMultiUserSlateServer-TextureBuildUtilities.exp
  [170/346] Link [x64] UnrealMultiUserSlateServer-ShaderCompilerCommon.lib
     Creating library ..\Intermediate\Build\Win64\x64\UnrealMultiUserSlateServer\Development\ShaderCompilerCommon\UnrealMultiUserSlateServer-ShaderCompilerCommon.lib and object ..\Intermediate\Build\Win64\x64\UnrealMultiUserSlateServer\Development\ShaderCompilerCommon\UnrealMultiUserSlateServer-ShaderCompilerCommon.exp
  [171/346] Link [x64] UnrealMultiUserSlateServer-HTTP.lib
     Creating library ..\Intermediate\Build\Win64\x64\UnrealMultiUserSlateServer\Development\HTTP\UnrealMultiUserSlateServer-HTTP.lib and object ..\Intermediate\Build\Win64\x64\UnrealMultiUserSlateServer\Development\HTTP\UnrealMultiUserSlateServer-HTTP.exp
  [172/346] Link [x64] UnrealMultiUserSlateServer-UELibSampleRate.lib
     Creating library ..\Intermediate\Build\Win64\x64\UnrealMultiUserSlateServer\Development\UELibSampleRate\UnrealMultiUserSlateServer-UELibSampleRate.lib and object ..\Intermediate\Build\Win64\x64\UnrealMultiUserSlateServer\Development\UELibSampleRate\UnrealMultiUserSlateServer-UELibSampleRate.exp
  [173/346] Link [x64] UnrealMultiUserSlateServer-TraceAnalysis.lib
     Creating library ..\Intermediate\Build\Win64\x64\UnrealMultiUserSlateServer\Development\TraceAnalysis\UnrealMultiUserSlateServer-TraceAnalysis.lib and object ..\Intermediate\Build\Win64\x64\UnrealMultiUserSlateServer\Development\TraceAnalysis\UnrealMultiUserSlateServer-TraceAnalysis.exp
  [174/346] Link [x64] UnrealMultiUserSlateServer-SQLiteCore.lib
     Creating library ..\Plugins\Runtime\Database\SQLiteCore\Intermediate\Build\Win64\x64\UnrealMultiUserSlateServer\Development\SQLiteCore\UnrealMultiUserSlateServer-SQLiteCore.lib and object ..\Plugins\Runtime\Database\SQLiteCore\Intermediate\Build\Win64\x64\UnrealMultiUserSlateServer\Development\SQLiteCore\UnrealMultiUserSlateServer-SQLiteCore.exp
  [175/346] Link [x64] UnrealMultiUserSlateServer-TextureFormatIntelISPCTexComp.lib
     Creating library ..\Intermediate\Build\Win64\x64\UnrealMultiUserSlateServer\Development\TextureFormatIntelISPCTexComp\UnrealMultiUserSlateServer-TextureFormatIntelISPCTexComp.lib and object ..\Intermediate\Build\Win64\x64\UnrealMultiUserSlateServer\Development\TextureFormatIntelISPCTexComp\UnrealMultiUserSlateServer-TextureFormatIntelISPCTexComp.exp
  [176/346] Link [x64] UnrealMultiUserSlateServer-TextureFormatETC2.lib
     Creating library ..\Intermediate\Build\Win64\x64\UnrealMultiUserSlateServer\Development\TextureFormatETC2\UnrealMultiUserSlateServer-TextureFormatETC2.lib and object ..\Intermediate\Build\Win64\x64\UnrealMultiUserSlateServer\Development\TextureFormatETC2\UnrealMultiUserSlateServer-TextureFormatETC2.exp
  [177/346] Link [x64] UnrealMultiUserSlateServer-TextureFormatASTC.lib
     Creating library ..\Intermediate\Build\Win64\x64\UnrealMultiUserSlateServer\Development\TextureFormatASTC\UnrealMultiUserSlateServer-TextureFormatASTC.lib and object ..\Intermediate\Build\Win64\x64\UnrealMultiUserSlateServer\Development\TextureFormatASTC\UnrealMultiUserSlateServer-TextureFormatASTC.exp
  [178/346] Link [x64] UnrealMultiUserSlateServer-TextureCompressor.lib
     Creating library ..\Intermediate\Build\Win64\x64\UnrealMultiUserSlateServer\Development\TextureCompressor\UnrealMultiUserSlateServer-TextureCompressor.lib and object ..\Intermediate\Build\Win64\x64\UnrealMultiUserSlateServer\Development\TextureCompressor\UnrealMultiUserSlateServer-TextureCompressor.exp
  [179/346] Link [x64] UnrealMultiUserSlateServer-TextureFormatUncompressed.lib
     Creating library ..\Intermediate\Build\Win64\x64\UnrealMultiUserSlateServer\Development\TextureFormatUncompressed\UnrealMultiUserSlateServer-TextureFormatUncompressed.lib and object ..\Intermediate\Build\Win64\x64\UnrealMultiUserSlateServer\Development\TextureFormatUncompressed\UnrealMultiUserSlateServer-TextureFormatUncompressed.exp
  [180/346] Link [x64] UnrealMultiUserSlateServer-TextureFormatDXT.lib
     Creating library ..\Intermediate\Build\Win64\x64\UnrealMultiUserSlateServer\Development\TextureFormatDXT\UnrealMultiUserSlateServer-TextureFormatDXT.lib and object ..\Intermediate\Build\Win64\x64\UnrealMultiUserSlateServer\Development\TextureFormatDXT\UnrealMultiUserSlateServer-TextureFormatDXT.exp
  [181/346] Link [x64] UnrealMultiUserSlateServer-ShaderFormatD3D.lib
     Creating library ..\Intermediate\Build\Win64\x64\UnrealMultiUserSlateServer\Development\ShaderFormatD3D\UnrealMultiUserSlateServer-ShaderFormatD3D.lib and object ..\Intermediate\Build\Win64\x64\UnrealMultiUserSlateServer\Development\ShaderFormatD3D\UnrealMultiUserSlateServer-ShaderFormatD3D.exp
  [182/346] Link [x64] UnrealMultiUserSlateServer-VulkanShaderFormat.lib
     Creating library ..\Intermediate\Build\Win64\x64\UnrealMultiUserSlateServer\Development\VulkanShaderFormat\UnrealMultiUserSlateServer-VulkanShaderFormat.lib and object ..\Intermediate\Build\Win64\x64\UnrealMultiUserSlateServer\Development\VulkanShaderFormat\UnrealMultiUserSlateServer-VulkanShaderFormat.exp
  [183/346] Link [x64] UnrealMultiUserSlateServer-Json.lib
     Creating library ..\Intermediate\Build\Win64\x64\UnrealMultiUserSlateServer\Development\Json\UnrealMultiUserSlateServer-Json.lib and object ..\Intermediate\Build\Win64\x64\UnrealMultiUserSlateServer\Development\Json\UnrealMultiUserSlateServer-Json.exp
  [184/346] Link [x64] UnrealMultiUserSlateServer-TraceServices.lib
     Creating library ..\Intermediate\Build\Win64\x64\UnrealMultiUserSlateServer\Development\TraceServices\UnrealMultiUserSlateServer-TraceServices.lib and object ..\Intermediate\Build\Win64\x64\UnrealMultiUserSlateServer\Development\TraceServices\UnrealMultiUserSlateServer-TraceServices.exp
  [185/346] Link [x64] UnrealMultiUserSlateServer-ShaderFormatOpenGL.lib
     Creating library ..\Intermediate\Build\Win64\x64\UnrealMultiUserSlateServer\Development\ShaderFormatOpenGL\UnrealMultiUserSlateServer-ShaderFormatOpenGL.lib and object ..\Intermediate\Build\Win64\x64\UnrealMultiUserSlateServer\Development\ShaderFormatOpenGL\UnrealMultiUserSlateServer-ShaderFormatOpenGL.exp
  [186/346] Link [x64] UnrealMultiUserSlateServer-Sockets.lib
     Creating library ..\Intermediate\Build\Win64\x64\UnrealMultiUserSlateServer\Development\Sockets\UnrealMultiUserSlateServer-Sockets.lib and object ..\Intermediate\Build\Win64\x64\UnrealMultiUserSlateServer\Development\Sockets\UnrealMultiUserSlateServer-Sockets.exp
  [187/346] Link [x64] UnrealMultiUserSlateServer-Projects.lib
     Creating library ..\Intermediate\Build\Win64\x64\UnrealMultiUserSlateServer\Development\Projects\UnrealMultiUserSlateServer-Projects.lib and object ..\Intermediate\Build\Win64\x64\UnrealMultiUserSlateServer\Development\Projects\UnrealMultiUserSlateServer-Projects.exp
  [188/346] Link [x64] UnrealMultiUserSlateServer-Cbor.lib
     Creating library ..\Intermediate\Build\Win64\x64\UnrealMultiUserSlateServer\Development\Cbor\UnrealMultiUserSlateServer-Cbor.lib and object ..\Intermediate\Build\Win64\x64\UnrealMultiUserSlateServer\Development\Cbor\UnrealMultiUserSlateServer-Cbor.exp
  [189/346] Link [x64] UnrealMultiUserSlateServer-ApplicationCore.lib
     Creating library ..\Intermediate\Build\Win64\x64\UnrealMultiUserSlateServer\Development\ApplicationCore\UnrealMultiUserSlateServer-ApplicationCore.lib and object ..\Intermediate\Build\Win64\x64\UnrealMultiUserSlateServer\Development\ApplicationCore\UnrealMultiUserSlateServer-ApplicationCore.exp
  [190/346] Link [x64] UnrealMultiUserSlateServer-SSL.lib
     Creating library ..\Intermediate\Build\Win64\x64\UnrealMultiUserSlateServer\Development\SSL\UnrealMultiUserSlateServer-SSL.lib and object ..\Intermediate\Build\Win64\x64\UnrealMultiUserSlateServer\Development\SSL\UnrealMultiUserSlateServer-SSL.exp
  [191/346] Link [x64] UnrealMultiUserSlateServer-DesktopPlatform.lib
     Creating library ..\Intermediate\Build\Win64\x64\UnrealMultiUserSlateServer\Development\DesktopPlatform\UnrealMultiUserSlateServer-DesktopPlatform.lib and object ..\Intermediate\Build\Win64\x64\UnrealMultiUserSlateServer\Development\DesktopPlatform\UnrealMultiUserSlateServer-DesktopPlatform.exp
  [192/346] Link [x64] UnrealMultiUserSlateServer-Analytics.lib
     Creating library ..\Intermediate\Build\Win64\x64\UnrealMultiUserSlateServer\Development\Analytics\UnrealMultiUserSlateServer-Analytics.lib and object ..\Intermediate\Build\Win64\x64\UnrealMultiUserSlateServer\Development\Analytics\UnrealMultiUserSlateServer-Analytics.exp
  [193/346] Link [x64] UnrealMultiUserSlateServer-XmlParser.lib
     Creating library ..\Intermediate\Build\Win64\x64\UnrealMultiUserSlateServer\Development\XmlParser\UnrealMultiUserSlateServer-XmlParser.lib and object ..\Intermediate\Build\Win64\x64\UnrealMultiUserSlateServer\Development\XmlParser\UnrealMultiUserSlateServer-XmlParser.exp
  [194/346] Link [x64] UnrealMultiUserSlateServer-AnalyticsET.lib
     Creating library ..\Intermediate\Build\Win64\x64\UnrealMultiUserSlateServer\Development\AnalyticsET\UnrealMultiUserSlateServer-AnalyticsET.lib and object ..\Intermediate\Build\Win64\x64\UnrealMultiUserSlateServer\Development\AnalyticsET\UnrealMultiUserSlateServer-AnalyticsET.exp
  [195/346] Link [x64] UnrealMultiUserSlateServer-NetCommon.lib
     Creating library ..\Intermediate\Build\Win64\x64\UnrealMultiUserSlateServer\Development\NetCommon\UnrealMultiUserSlateServer-NetCommon.lib and object ..\Intermediate\Build\Win64\x64\UnrealMultiUserSlateServer\Development\NetCommon\UnrealMultiUserSlateServer-NetCommon.exp
  [196/346] Link [x64] UnrealMultiUserSlateServer-Zen.lib
     Creating library ..\Intermediate\Build\Win64\x64\UnrealMultiUserSlateServer\Development\Zen\UnrealMultiUserSlateServer-Zen.lib and object ..\Intermediate\Build\Win64\x64\UnrealMultiUserSlateServer\Development\Zen\UnrealMultiUserSlateServer-Zen.exp
  [197/346] Link [x64] UnrealMultiUserSlateServer-DerivedDataCache.lib
     Creating library ..\Intermediate\Build\Win64\x64\UnrealMultiUserSlateServer\Development\DerivedDataCache\UnrealMultiUserSlateServer-DerivedDataCache.lib and object ..\Intermediate\Build\Win64\x64\UnrealMultiUserSlateServer\Development\DerivedDataCache\UnrealMultiUserSlateServer-DerivedDataCache.exp
  [198/346] Link [x64] UnrealMultiUserSlateServer-SlateCore.lib
     Creating library ..\Intermediate\Build\Win64\x64\UnrealMultiUserSlateServer\Development\SlateCore\UnrealMultiUserSlateServer-SlateCore.lib and object ..\Intermediate\Build\Win64\x64\UnrealMultiUserSlateServer\Development\SlateCore\UnrealMultiUserSlateServer-SlateCore.exp
  [199/346] Link [x64] UnrealMultiUserSlateServer-ImageCore.lib
     Creating library ..\Intermediate\Build\Win64\x64\UnrealMultiUserSlateServer\Development\ImageCore\UnrealMultiUserSlateServer-ImageCore.lib and object ..\Intermediate\Build\Win64\x64\UnrealMultiUserSlateServer\Development\ImageCore\UnrealMultiUserSlateServer-ImageCore.exp
  [200/346] Link [x64] UnrealMultiUserSlateServer-Concert.lib
     Creating library ..\Plugins\Developer\Concert\ConcertMain\Intermediate\Build\Win64\x64\UnrealMultiUserSlateServer\Development\Concert\UnrealMultiUserSlateServer-Concert.lib and object ..\Plugins\Developer\Concert\ConcertMain\Intermediate\Build\Win64\x64\UnrealMultiUserSlateServer\Development\Concert\UnrealMultiUserSlateServer-Concert.exp
  [201/346] Link [x64] UnrealMultiUserSlateServer-AutomationTest.lib
     Creating library ..\Intermediate\Build\Win64\x64\UnrealMultiUserSlateServer\Development\AutomationTest\UnrealMultiUserSlateServer-AutomationTest.lib and object ..\Intermediate\Build\Win64\x64\UnrealMultiUserSlateServer\Development\AutomationTest\UnrealMultiUserSlateServer-AutomationTest.exp
  [202/346] Link [x64] UnrealMultiUserSlateServer-Core.lib
     Creating library ..\Intermediate\Build\Win64\x64\UnrealMultiUserSlateServer\Development\Core\UnrealMultiUserSlateServer-Core.lib and object ..\Intermediate\Build\Win64\x64\UnrealMultiUserSlateServer\Development\Core\UnrealMultiUserSlateServer-Core.exp
  [203/346] Link [x64] UnrealMultiUserSlateServer-DeveloperSettings.lib
     Creating library ..\Intermediate\Build\Win64\x64\UnrealMultiUserSlateServer\Development\DeveloperSettings\UnrealMultiUserSlateServer-DeveloperSettings.lib and object ..\Intermediate\Build\Win64\x64\UnrealMultiUserSlateServer\Development\DeveloperSettings\UnrealMultiUserSlateServer-DeveloperSettings.exp
  [204/346] Link [x64] UnrealMultiUserSlateServer-ConcertTransport.lib
     Creating library ..\Plugins\Developer\Concert\ConcertMain\Intermediate\Build\Win64\x64\UnrealMultiUserSlateServer\Development\ConcertTransport\UnrealMultiUserSlateServer-ConcertTransport.lib and object ..\Plugins\Developer\Concert\ConcertMain\Intermediate\Build\Win64\x64\UnrealMultiUserSlateServer\Development\ConcertTransport\UnrealMultiUserSlateServer-ConcertTransport.exp
  [205/346] Link [x64] UnrealMultiUserSlateServer-UnrealEdMessages.lib
     Creating library ..\Intermediate\Build\Win64\x64\UnrealMultiUserSlateServer\Development\UnrealEdMessages\UnrealMultiUserSlateServer-UnrealEdMessages.lib and object ..\Intermediate\Build\Win64\x64\UnrealMultiUserSlateServer\Development\UnrealEdMessages\UnrealMultiUserSlateServer-UnrealEdMessages.exp
  [206/346] Link [x64] UnrealMultiUserSlateServer-JsonUtilities.lib
     Creating library ..\Intermediate\Build\Win64\x64\UnrealMultiUserSlateServer\Development\JsonUtilities\UnrealMultiUserSlateServer-JsonUtilities.lib and object ..\Intermediate\Build\Win64\x64\UnrealMultiUserSlateServer\Development\JsonUtilities\UnrealMultiUserSlateServer-JsonUtilities.exp
  [207/346] Link [x64] UnrealMultiUserSlateServer-Slate.lib
     Creating library ..\Intermediate\Build\Win64\x64\UnrealMultiUserSlateServer\Development\Slate\UnrealMultiUserSlateServer-Slate.lib and object ..\Intermediate\Build\Win64\x64\UnrealMultiUserSlateServer\Development\Slate\UnrealMultiUserSlateServer-Slate.exp
  [208/346] Link [x64] UnrealMultiUserSlateServer-AutomationMessages.lib
     Creating library ..\Intermediate\Build\Win64\x64\UnrealMultiUserSlateServer\Development\AutomationMessages\UnrealMultiUserSlateServer-AutomationMessages.lib and object ..\Intermediate\Build\Win64\x64\UnrealMultiUserSlateServer\Development\AutomationMessages\UnrealMultiUserSlateServer-AutomationMessages.exp
  [209/346] Link [x64] UnrealMultiUserSlateServer-SessionMessages.lib
     Creating library ..\Intermediate\Build\Win64\x64\UnrealMultiUserSlateServer\Development\SessionMessages\UnrealMultiUserSlateServer-SessionMessages.lib and object ..\Intermediate\Build\Win64\x64\UnrealMultiUserSlateServer\Development\SessionMessages\UnrealMultiUserSlateServer-SessionMessages.exp
  [210/346] Link [x64] UnrealMultiUserSlateServer-Messaging.lib
     Creating library ..\Intermediate\Build\Win64\x64\UnrealMultiUserSlateServer\Development\Messaging\UnrealMultiUserSlateServer-Messaging.lib and object ..\Intermediate\Build\Win64\x64\UnrealMultiUserSlateServer\Development\Messaging\UnrealMultiUserSlateServer-Messaging.exp
  [211/346] Link [x64] UnrealMultiUserSlateServer-ConcertServer.lib
     Creating library ..\Plugins\Developer\Concert\ConcertMain\Intermediate\Build\Win64\x64\UnrealMultiUserSlateServer\Development\ConcertServer\UnrealMultiUserSlateServer-ConcertServer.lib and object ..\Plugins\Developer\Concert\ConcertMain\Intermediate\Build\Win64\x64\UnrealMultiUserSlateServer\Development\ConcertServer\UnrealMultiUserSlateServer-ConcertServer.exp
  [212/346] Link [x64] UnrealMultiUserSlateServer-AudioPlatformConfiguration.lib
     Creating library ..\Intermediate\Build\Win64\x64\UnrealMultiUserSlateServer\Development\AudioPlatformConfiguration\UnrealMultiUserSlateServer-AudioPlatformConfiguration.lib and object ..\Intermediate\Build\Win64\x64\UnrealMultiUserSlateServer\Development\AudioPlatformConfiguration\UnrealMultiUserSlateServer-AudioPlatformConfiguration.exp
  [213/346] Link [x64] UnrealMultiUserSlateServer-DeveloperToolSettings.lib
     Creating library ..\Intermediate\Build\Win64\x64\UnrealMultiUserSlateServer\Development\DeveloperToolSettings\UnrealMultiUserSlateServer-DeveloperToolSettings.lib and object ..\Intermediate\Build\Win64\x64\UnrealMultiUserSlateServer\Development\DeveloperToolSettings\UnrealMultiUserSlateServer-DeveloperToolSettings.exp
  [214/346] Link [x64] UnrealMultiUserSlateServer-AutomationController.lib
     Creating library ..\Intermediate\Build\Win64\x64\UnrealMultiUserSlateServer\Development\AutomationController\UnrealMultiUserSlateServer-AutomationController.lib and object ..\Intermediate\Build\Win64\x64\UnrealMultiUserSlateServer\Development\AutomationController\UnrealMultiUserSlateServer-AutomationController.exp
  [215/346] Link [x64] UnrealMultiUserSlateServer-SessionServices.lib
     Creating library ..\Intermediate\Build\Win64\x64\UnrealMultiUserSlateServer\Development\SessionServices\UnrealMultiUserSlateServer-SessionServices.lib and object ..\Intermediate\Build\Win64\x64\UnrealMultiUserSlateServer\Development\SessionServices\UnrealMultiUserSlateServer-SessionServices.exp
  [216/346] Link [x64] UnrealMultiUserSlateServer-ConcertSyncCore.lib
     Creating library ..\Plugins\Developer\Concert\ConcertSync\ConcertSyncCore\Intermediate\Build\Win64\x64\UnrealMultiUserSlateServer\Development\ConcertSyncCore\UnrealMultiUserSlateServer-ConcertSyncCore.lib and object ..\Plugins\Developer\Concert\ConcertSync\ConcertSyncCore\Intermediate\Build\Win64\x64\UnrealMultiUserSlateServer\Development\ConcertSyncCore\UnrealMultiUserSlateServer-ConcertSyncCore.exp
  [217/346] Link [x64] UnrealMultiUserSlateServer-MessagingCommon.lib
     Creating library ..\Intermediate\Build\Win64\x64\UnrealMultiUserSlateServer\Development\MessagingCommon\UnrealMultiUserSlateServer-MessagingCommon.lib and object ..\Intermediate\Build\Win64\x64\UnrealMultiUserSlateServer\Development\MessagingCommon\UnrealMultiUserSlateServer-MessagingCommon.exp
  [218/346] Link [x64] UnrealMultiUserSlateServer-AutomationWorker.lib
     Creating library ..\Intermediate\Build\Win64\x64\UnrealMultiUserSlateServer\Development\AutomationWorker\UnrealMultiUserSlateServer-AutomationWorker.lib and object ..\Intermediate\Build\Win64\x64\UnrealMultiUserSlateServer\Development\AutomationWorker\UnrealMultiUserSlateServer-AutomationWorker.exp
  [219/346] Link [x64] UnrealMultiUserSlateServer-EngineSettings.lib
     Creating library ..\Intermediate\Build\Win64\x64\UnrealMultiUserSlateServer\Development\EngineSettings\UnrealMultiUserSlateServer-EngineSettings.lib and object ..\Intermediate\Build\Win64\x64\UnrealMultiUserSlateServer\Development\EngineSettings\UnrealMultiUserSlateServer-EngineSettings.exp
  [220/346] Link [x64] UnrealMultiUserSlateServer-Settings.lib
     Creating library ..\Intermediate\Build\Win64\x64\UnrealMultiUserSlateServer\Development\Settings\UnrealMultiUserSlateServer-Settings.lib and object ..\Intermediate\Build\Win64\x64\UnrealMultiUserSlateServer\Development\Settings\UnrealMultiUserSlateServer-Settings.exp
  [221/346] Link [x64] UnrealMultiUserSlateServer-EngineMessages.lib
     Creating library ..\Intermediate\Build\Win64\x64\UnrealMultiUserSlateServer\Development\EngineMessages\UnrealMultiUserSlateServer-EngineMessages.lib and object ..\Intermediate\Build\Win64\x64\UnrealMultiUserSlateServer\Development\EngineMessages\UnrealMultiUserSlateServer-EngineMessages.exp
  [222/346] Link [x64] UnrealMultiUserSlateServer-LauncherServices.lib
     Creating library ..\Intermediate\Build\Win64\x64\UnrealMultiUserSlateServer\Development\LauncherServices\UnrealMultiUserSlateServer-LauncherServices.lib and object ..\Intermediate\Build\Win64\x64\UnrealMultiUserSlateServer\Development\LauncherServices\UnrealMultiUserSlateServer-LauncherServices.exp
  [223/346] Link [x64] UnrealMultiUserSlateServer-ConcertSyncServer.lib
     Creating library ..\Plugins\Developer\Concert\ConcertSync\ConcertSyncServer\Intermediate\Build\Win64\x64\UnrealMultiUserSlateServer\Development\CncrtSyncSvr\UnrealMultiUserSlateServer-ConcertSyncServer.lib and object ..\Plugins\Developer\Concert\ConcertSync\ConcertSyncServer\Intermediate\Build\Win64\x64\UnrealMultiUserSlateServer\Development\CncrtSyncSvr\UnrealMultiUserSlateServer-ConcertSyncServer.exp
  [224/346] Link [x64] UnrealMultiUserSlateServer-StandaloneRenderer.lib
     Creating library ..\Intermediate\Build\Win64\x64\UnrealMultiUserSlateServer\Development\StandaloneRenderer\UnrealMultiUserSlateServer-StandaloneRenderer.lib and object ..\Intermediate\Build\Win64\x64\UnrealMultiUserSlateServer\Development\StandaloneRenderer\UnrealMultiUserSlateServer-StandaloneRenderer.exp
  [225/346] Link [x64] UnrealMultiUserSlateServer-VectorVM.lib
     Creating library ..\Intermediate\Build\Win64\x64\UnrealMultiUserSlateServer\Development\VectorVM\UnrealMultiUserSlateServer-VectorVM.lib and object ..\Intermediate\Build\Win64\x64\UnrealMultiUserSlateServer\Development\VectorVM\UnrealMultiUserSlateServer-VectorVM.exp
  [226/346] Link [x64] UnrealMultiUserSlateServer-UdpMessaging.lib
     Creating library ..\Plugins\Messaging\UdpMessaging\Intermediate\Build\Win64\x64\UnrealMultiUserSlateServer\Development\UdpMessaging\UnrealMultiUserSlateServer-UdpMessaging.lib and object ..\Plugins\Messaging\UdpMessaging\Intermediate\Build\Win64\x64\UnrealMultiUserSlateServer\Development\UdpMessaging\UnrealMultiUserSlateServer-UdpMessaging.exp
  [227/346] Link [x64] UnrealMultiUserSlateServer-ShaderFormatVectorVM.lib
     Creating library ..\Intermediate\Build\Win64\x64\UnrealMultiUserSlateServer\Development\ShaderFormatVectorVM\UnrealMultiUserSlateServer-ShaderFormatVectorVM.lib and object ..\Intermediate\Build\Win64\x64\UnrealMultiUserSlateServer\Development\ShaderFormatVectorVM\UnrealMultiUserSlateServer-ShaderFormatVectorVM.exp
  [228/346] Link [x64] UnrealMultiUserSlateServer-InputCore.lib
     Creating library ..\Intermediate\Build\Win64\x64\UnrealMultiUserSlateServer\Development\InputCore\UnrealMultiUserSlateServer-InputCore.lib and object ..\Intermediate\Build\Win64\x64\UnrealMultiUserSlateServer\Development\InputCore\UnrealMultiUserSlateServer-InputCore.exp
  [229/346] Link [x64] UnrealMultiUserSlateServer-Serialization.lib
     Creating library ..\Intermediate\Build\Win64\x64\UnrealMultiUserSlateServer\Development\Serialization\UnrealMultiUserSlateServer-Serialization.lib and object ..\Intermediate\Build\Win64\x64\UnrealMultiUserSlateServer\Development\Serialization\UnrealMultiUserSlateServer-Serialization.exp
  [230/346] Link [x64] UnrealMultiUserSlateServer-ImageWrapper.lib
     Creating library ..\Intermediate\Build\Win64\x64\UnrealMultiUserSlateServer\Development\ImageWrapper\UnrealMultiUserSlateServer-ImageWrapper.lib and object ..\Intermediate\Build\Win64\x64\UnrealMultiUserSlateServer\Development\ImageWrapper\UnrealMultiUserSlateServer-ImageWrapper.exp
  [231/346] Link [x64] UnrealMultiUserSlateServer-AssetRegistry.lib
     Creating library ..\Intermediate\Build\Win64\x64\UnrealMultiUserSlateServer\Development\AssetRegistry\UnrealMultiUserSlateServer-AssetRegistry.lib and object ..\Intermediate\Build\Win64\x64\UnrealMultiUserSlateServer\Development\AssetRegistry\UnrealMultiUserSlateServer-AssetRegistry.exp
  [232/346] Link [x64] UnrealMultiUserSlateServer-CookOnTheFly.lib
     Creating library ..\Intermediate\Build\Win64\x64\UnrealMultiUserSlateServer\Development\CookOnTheFly\UnrealMultiUserSlateServer-CookOnTheFly.lib and object ..\Intermediate\Build\Win64\x64\UnrealMultiUserSlateServer\Development\CookOnTheFly\UnrealMultiUserSlateServer-CookOnTheFly.exp
  [233/346] Link [x64] UnrealMultiUserSlateServer-MessageLog.lib
     Creating library ..\Intermediate\Build\Win64\x64\UnrealMultiUserSlateServer\Development\MessageLog\UnrealMultiUserSlateServer-MessageLog.lib and object ..\Intermediate\Build\Win64\x64\UnrealMultiUserSlateServer\Development\MessageLog\UnrealMultiUserSlateServer-MessageLog.exp
  [234/346] Link [x64] UnrealMultiUserSlateServer-WorkspaceMenuStructure.lib
     Creating library ..\Intermediate\Build\Win64\x64\UnrealMultiUserSlateServer\Development\WorkspaceMenuStructure\UnrealMultiUserSlateServer-WorkspaceMenuStructure.lib and object ..\Intermediate\Build\Win64\x64\UnrealMultiUserSlateServer\Development\WorkspaceMenuStructure\UnrealMultiUserSlateServer-WorkspaceMenuStructure.exp
  [235/346] Link [x64] UnrealMultiUserSlateServer-CoreUObject.lib
     Creating library ..\Intermediate\Build\Win64\x64\UnrealMultiUserSlateServer\Development\CoreUObject\UnrealMultiUserSlateServer-CoreUObject.lib and object ..\Intermediate\Build\Win64\x64\UnrealMultiUserSlateServer\Development\CoreUObject\UnrealMultiUserSlateServer-CoreUObject.exp
  [236/346] Link [x64] UnrealMultiUserSlateServer-SourceCodeAccess.lib
     Creating library ..\Intermediate\Build\Win64\x64\UnrealMultiUserSlateServer\Development\SourceCodeAccess\UnrealMultiUserSlateServer-SourceCodeAccess.lib and object ..\Intermediate\Build\Win64\x64\UnrealMultiUserSlateServer\Development\SourceCodeAccess\UnrealMultiUserSlateServer-SourceCodeAccess.exp
  [237/346] Link [x64] UnrealMultiUserSlateServer-ToolMenus.lib
     Creating library ..\Intermediate\Build\Win64\x64\UnrealMultiUserSlateServer\Development\ToolMenus\UnrealMultiUserSlateServer-ToolMenus.lib and object ..\Intermediate\Build\Win64\x64\UnrealMultiUserSlateServer\Development\ToolMenus\UnrealMultiUserSlateServer-ToolMenus.exp
  [238/346] Link [x64] UnrealMultiUserSlateServer-ToolWidgets.lib
     Creating library ..\Intermediate\Build\Win64\x64\UnrealMultiUserSlateServer\Development\ToolWidgets\UnrealMultiUserSlateServer-ToolWidgets.lib and object ..\Intermediate\Build\Win64\x64\UnrealMultiUserSlateServer\Development\ToolWidgets\UnrealMultiUserSlateServer-ToolWidgets.exp
  [239/346] Link [x64] UnrealMultiUserSlateServer-TargetPlatform.lib
     Creating library ..\Intermediate\Build\Win64\x64\UnrealMultiUserSlateServer\Development\TargetPlatform\UnrealMultiUserSlateServer-TargetPlatform.lib and object ..\Intermediate\Build\Win64\x64\UnrealMultiUserSlateServer\Development\TargetPlatform\UnrealMultiUserSlateServer-TargetPlatform.exp
  [240/346] Link [x64] UnrealMultiUserSlateServer-TurnkeyIO.lib
     Creating library ..\Intermediate\Build\Win64\x64\UnrealMultiUserSlateServer\Development\TurnkeyIO\UnrealMultiUserSlateServer-TurnkeyIO.lib and object ..\Intermediate\Build\Win64\x64\UnrealMultiUserSlateServer\Development\TurnkeyIO\UnrealMultiUserSlateServer-TurnkeyIO.exp
  [241/346] Link [x64] UnrealMultiUserSlateServer-ScreenShotComparisonTools.lib
     Creating library ..\Intermediate\Build\Win64\x64\UnrealMultiUserSlateServer\Development\ScreenShotComparisonTools\UnrealMultiUserSlateServer-ScreenShotComparisonTools.lib and object ..\Intermediate\Build\Win64\x64\UnrealMultiUserSlateServer\Development\ScreenShotComparisonTools\UnrealMultiUserSlateServer-ScreenShotComparisonTools.exp
  [242/346] Link [x64] UnrealMultiUserSlateServer-SourceControl.lib
     Creating library ..\Intermediate\Build\Win64\x64\UnrealMultiUserSlateServer\Development\SourceControl\UnrealMultiUserSlateServer-SourceControl.lib and object ..\Intermediate\Build\Win64\x64\UnrealMultiUserSlateServer\Development\SourceControl\UnrealMultiUserSlateServer-SourceControl.exp
  [243/346] Link [x64] UnrealMultiUserSlateServer-AutomationWindow.lib
     Creating library ..\Intermediate\Build\Win64\x64\UnrealMultiUserSlateServer\Development\AutomationWindow\UnrealMultiUserSlateServer-AutomationWindow.lib and object ..\Intermediate\Build\Win64\x64\UnrealMultiUserSlateServer\Development\AutomationWindow\UnrealMultiUserSlateServer-AutomationWindow.exp
  [244/346] Link [x64] UnrealMultiUserSlateServer-AppFramework.lib
     Creating library ..\Intermediate\Build\Win64\x64\UnrealMultiUserSlateServer\Development\AppFramework\UnrealMultiUserSlateServer-AppFramework.lib and object ..\Intermediate\Build\Win64\x64\UnrealMultiUserSlateServer\Development\AppFramework\UnrealMultiUserSlateServer-AppFramework.exp
  [245/346] Link [x64] UnrealMultiUserSlateServer-UndoHistory.lib
     Creating library ..\Intermediate\Build\Win64\x64\UnrealMultiUserSlateServer\Development\UndoHistory\UnrealMultiUserSlateServer-UndoHistory.lib and object ..\Intermediate\Build\Win64\x64\UnrealMultiUserSlateServer\Development\UndoHistory\UnrealMultiUserSlateServer-UndoHistory.exp
  [246/346] Link [x64] UnrealMultiUserSlateServer-OutputLog.lib
     Creating library ..\Intermediate\Build\Win64\x64\UnrealMultiUserSlateServer\Development\OutputLog\UnrealMultiUserSlateServer-OutputLog.lib and object ..\Intermediate\Build\Win64\x64\UnrealMultiUserSlateServer\Development\OutputLog\UnrealMultiUserSlateServer-OutputLog.exp
  [247/346] Link [x64] UnrealMultiUserSlateServer-Core.dll
     Creating library ..\Intermediate\Build\Win64\x64\UnrealMultiUserSlateServer\Development\Core\UnrealMultiUserSlateServer-Core.suppressed.lib and object ..\Intermediate\Build\Win64\x64\UnrealMultiUserSlateServer\Development\Core\UnrealMultiUserSlateServer-Core.suppressed.exp
  [248/346] Link [x64] UnrealMultiUserSlateServer-TurnkeySupport.lib
     Creating library ..\Intermediate\Build\Win64\x64\UnrealMultiUserSlateServer\Development\TurnkeySupport\UnrealMultiUserSlateServer-TurnkeySupport.lib and object ..\Intermediate\Build\Win64\x64\UnrealMultiUserSlateServer\Development\TurnkeySupport\UnrealMultiUserSlateServer-TurnkeySupport.exp
  [249/346] Link [x64] UnrealMultiUserSlateServer-ConcertSharedSlate.lib
     Creating library ..\Plugins\Developer\Concert\ConcertUI\ConcertSharedSlate\Intermediate\Build\Win64\x64\UnrealMultiUserSlateServer\Development\ConcertSharedSlate\UnrealMultiUserSlateServer-ConcertSharedSlate.lib and object ..\Plugins\Developer\Concert\ConcertUI\ConcertSharedSlate\Intermediate\Build\Win64\x64\UnrealMultiUserSlateServer\Development\ConcertSharedSlate\UnrealMultiUserSlateServer-ConcertSharedSlate.exp
  [250/346] Link [x64] UnrealMultiUserSlateServer-TraceInsights.lib
     Creating library ..\Intermediate\Build\Win64\x64\UnrealMultiUserSlateServer\Development\TraceInsights\UnrealMultiUserSlateServer-TraceInsights.lib and object ..\Intermediate\Build\Win64\x64\UnrealMultiUserSlateServer\Development\TraceInsights\UnrealMultiUserSlateServer-TraceInsights.exp
  [251/346] Link [x64] UnrealMultiUserSlateServer-ImageWrapper.dll
     Creating library ..\Intermediate\Build\Win64\x64\UnrealMultiUserSlateServer\Development\ImageWrapper\UnrealMultiUserSlateServer-ImageWrapper.suppressed.lib and object ..\Intermediate\Build\Win64\x64\UnrealMultiUserSlateServer\Development\ImageWrapper\UnrealMultiUserSlateServer-ImageWrapper.suppressed.exp
  [252/346] Link [x64] UnrealMultiUserSlateServer-CoreUObject.dll
     Creating library ..\Intermediate\Build\Win64\x64\UnrealMultiUserSlateServer\Development\CoreUObject\UnrealMultiUserSlateServer-CoreUObject.suppressed.lib and object ..\Intermediate\Build\Win64\x64\UnrealMultiUserSlateServer\Development\CoreUObject\UnrealMultiUserSlateServer-CoreUObject.suppressed.exp
  [253/346] Link [x64] UnrealMultiUserSlateServer-ShaderFormatD3D.dll
     Creating library ..\Intermediate\Build\Win64\x64\UnrealMultiUserSlateServer\Development\ShaderFormatD3D\UnrealMultiUserSlateServer-ShaderFormatD3D.suppressed.lib and object ..\Intermediate\Build\Win64\x64\UnrealMultiUserSlateServer\Development\ShaderFormatD3D\UnrealMultiUserSlateServer-ShaderFormatD3D.suppressed.exp
  [254/346] Link [x64] UnrealMultiUserSlateServer-Zen.dll
     Creating library ..\Intermediate\Build\Win64\x64\UnrealMultiUserSlateServer\Development\Zen\UnrealMultiUserSlateServer-Zen.suppressed.lib and object ..\Intermediate\Build\Win64\x64\UnrealMultiUserSlateServer\Development\Zen\UnrealMultiUserSlateServer-Zen.suppressed.exp
  [255/346] Link [x64] UnrealMultiUserSlateServer-DerivedDataCache.dll
     Creating library ..\Intermediate\Build\Win64\x64\UnrealMultiUserSlateServer\Development\DerivedDataCache\UnrealMultiUserSlateServer-DerivedDataCache.suppressed.lib and object ..\Intermediate\Build\Win64\x64\UnrealMultiUserSlateServer\Development\DerivedDataCache\UnrealMultiUserSlateServer-DerivedDataCache.suppressed.exp
  [256/346] Link [x64] UnrealMultiUserSlateServer-ShaderFormatOpenGL.dll
     Creating library ..\Intermediate\Build\Win64\x64\UnrealMultiUserSlateServer\Development\ShaderFormatOpenGL\UnrealMultiUserSlateServer-ShaderFormatOpenGL.suppressed.lib and object ..\Intermediate\Build\Win64\x64\UnrealMultiUserSlateServer\Development\ShaderFormatOpenGL\UnrealMultiUserSlateServer-ShaderFormatOpenGL.suppressed.exp
  [257/346] Link [x64] UnrealMultiUserSlateServer-HTTP.dll
     Creating library ..\Intermediate\Build\Win64\x64\UnrealMultiUserSlateServer\Development\HTTP\UnrealMultiUserSlateServer-HTTP.suppressed.lib and object ..\Intermediate\Build\Win64\x64\UnrealMultiUserSlateServer\Development\HTTP\UnrealMultiUserSlateServer-HTTP.suppressed.exp
  [258/346] Link [x64] UnrealMultiUserSlateServer-ShaderPreprocessor.dll
     Creating library ..\Intermediate\Build\Win64\x64\UnrealMultiUserSlateServer\Development\ShaderPreprocessor\UnrealMultiUserSlateServer-ShaderPreprocessor.suppressed.lib and object ..\Intermediate\Build\Win64\x64\UnrealMultiUserSlateServer\Development\ShaderPreprocessor\UnrealMultiUserSlateServer-ShaderPreprocessor.suppressed.exp
  [259/346] Link [x64] UnrealMultiUserSlateServer-VulkanShaderFormat.dll
     Creating library ..\Intermediate\Build\Win64\x64\UnrealMultiUserSlateServer\Development\VulkanShaderFormat\UnrealMultiUserSlateServer-VulkanShaderFormat.suppressed.lib and object ..\Intermediate\Build\Win64\x64\UnrealMultiUserSlateServer\Development\VulkanShaderFormat\UnrealMultiUserSlateServer-VulkanShaderFormat.suppressed.exp
  [260/346] Link [x64] UnrealMultiUserSlateServer-TextureCompressor.dll
     Creating library ..\Intermediate\Build\Win64\x64\UnrealMultiUserSlateServer\Development\TextureCompressor\UnrealMultiUserSlateServer-TextureCompressor.suppressed.lib and object ..\Intermediate\Build\Win64\x64\UnrealMultiUserSlateServer\Development\TextureCompressor\UnrealMultiUserSlateServer-TextureCompressor.suppressed.exp
  [261/346] Link [x64] UnrealMultiUserSlateServer-TraceAnalysis.dll
     Creating library ..\Intermediate\Build\Win64\x64\UnrealMultiUserSlateServer\Development\TraceAnalysis\UnrealMultiUserSlateServer-TraceAnalysis.suppressed.lib and object ..\Intermediate\Build\Win64\x64\UnrealMultiUserSlateServer\Development\TraceAnalysis\UnrealMultiUserSlateServer-TraceAnalysis.suppressed.exp
  [262/346] Link [x64] UnrealMultiUserSlateServer-TraceServices.dll
     Creating library ..\Intermediate\Build\Win64\x64\UnrealMultiUserSlateServer\Development\TraceServices\UnrealMultiUserSlateServer-TraceServices.suppressed.lib and object ..\Intermediate\Build\Win64\x64\UnrealMultiUserSlateServer\Development\TraceServices\UnrealMultiUserSlateServer-TraceServices.suppressed.exp
  [263/346] Link [x64] UnrealMultiUserSlateServer-RHI.dll
     Creating library ..\Intermediate\Build\Win64\x64\UnrealMultiUserSlateServer\Development\RHI\UnrealMultiUserSlateServer-RHI.suppressed.lib and object ..\Intermediate\Build\Win64\x64\UnrealMultiUserSlateServer\Development\RHI\UnrealMultiUserSlateServer-RHI.suppressed.exp
  [264/346] Link [x64] UnrealMultiUserSlateServer-AnalyticsET.dll
     Creating library ..\Intermediate\Build\Win64\x64\UnrealMultiUserSlateServer\Development\AnalyticsET\UnrealMultiUserSlateServer-AnalyticsET.suppressed.lib and object ..\Intermediate\Build\Win64\x64\UnrealMultiUserSlateServer\Development\AnalyticsET\UnrealMultiUserSlateServer-AnalyticsET.suppressed.exp
  [265/346] Link [x64] UnrealMultiUserSlateServer-ShaderCompilerCommon.dll
     Creating library ..\Intermediate\Build\Win64\x64\UnrealMultiUserSlateServer\Development\ShaderCompilerCommon\UnrealMultiUserSlateServer-ShaderCompilerCommon.suppressed.lib and object ..\Intermediate\Build\Win64\x64\UnrealMultiUserSlateServer\Development\ShaderCompilerCommon\UnrealMultiUserSlateServer-ShaderCompilerCommon.suppressed.exp
  [266/346] Link [x64] UnrealMultiUserSlateServer-DesktopPlatform.dll
     Creating library ..\Intermediate\Build\Win64\x64\UnrealMultiUserSlateServer\Development\DesktopPlatform\UnrealMultiUserSlateServer-DesktopPlatform.suppressed.lib and object ..\Intermediate\Build\Win64\x64\UnrealMultiUserSlateServer\Development\DesktopPlatform\UnrealMultiUserSlateServer-DesktopPlatform.suppressed.exp
  [267/346] Link [x64] UnrealMultiUserSlateServer-SSL.dll
     Creating library ..\Intermediate\Build\Win64\x64\UnrealMultiUserSlateServer\Development\SSL\UnrealMultiUserSlateServer-SSL.suppressed.lib and object ..\Intermediate\Build\Win64\x64\UnrealMultiUserSlateServer\Development\SSL\UnrealMultiUserSlateServer-SSL.suppressed.exp
  [268/346] Link [x64] UnrealMultiUserSlateServer-TextureFormatUncompressed.dll
     Creating library ..\Intermediate\Build\Win64\x64\UnrealMultiUserSlateServer\Development\TextureFormatUncompressed\UnrealMultiUserSlateServer-TextureFormatUncompressed.suppressed.lib and object ..\Intermediate\Build\Win64\x64\UnrealMultiUserSlateServer\Development\TextureFormatUncompressed\UnrealMultiUserSlateServer-TextureFormatUncompressed.suppressed.exp
  [269/346] Link [x64] UnrealMultiUserSlateServer-SQLiteCore.dll
     Creating library ..\Plugins\Runtime\Database\SQLiteCore\Intermediate\Build\Win64\x64\UnrealMultiUserSlateServer\Development\SQLiteCore\UnrealMultiUserSlateServer-SQLiteCore.suppressed.lib and object ..\Plugins\Runtime\Database\SQLiteCore\Intermediate\Build\Win64\x64\UnrealMultiUserSlateServer\Development\SQLiteCore\UnrealMultiUserSlateServer-SQLiteCore.suppressed.exp
  [270/346] Link [x64] UnrealMultiUserSlateServer-CookOnTheFly.dll
     Creating library ..\Intermediate\Build\Win64\x64\UnrealMultiUserSlateServer\Development\CookOnTheFly\UnrealMultiUserSlateServer-CookOnTheFly.suppressed.lib and object ..\Intermediate\Build\Win64\x64\UnrealMultiUserSlateServer\Development\CookOnTheFly\UnrealMultiUserSlateServer-CookOnTheFly.suppressed.exp
  [271/346] Link [x64] UnrealMultiUserSlateServer-TextureFormat.dll
     Creating library ..\Intermediate\Build\Win64\x64\UnrealMultiUserSlateServer\Development\TextureFormat\UnrealMultiUserSlateServer-TextureFormat.suppressed.lib and object ..\Intermediate\Build\Win64\x64\UnrealMultiUserSlateServer\Development\TextureFormat\UnrealMultiUserSlateServer-TextureFormat.suppressed.exp
  [272/346] Link [x64] UnrealMultiUserSlateServer-Sockets.dll
     Creating library ..\Intermediate\Build\Win64\x64\UnrealMultiUserSlateServer\Development\Sockets\UnrealMultiUserSlateServer-Sockets.suppressed.lib and object ..\Intermediate\Build\Win64\x64\UnrealMultiUserSlateServer\Development\Sockets\UnrealMultiUserSlateServer-Sockets.suppressed.exp
  [273/346] Link [x64] UnrealMultiUserSlateServer-Projects.dll
     Creating library ..\Intermediate\Build\Win64\x64\UnrealMultiUserSlateServer\Development\Projects\UnrealMultiUserSlateServer-Projects.suppressed.lib and object ..\Intermediate\Build\Win64\x64\UnrealMultiUserSlateServer\Development\Projects\UnrealMultiUserSlateServer-Projects.suppressed.exp
  [274/346] Link [x64] UnrealMultiUserSlateServer-ApplicationCore.dll
     Creating library ..\Intermediate\Build\Win64\x64\UnrealMultiUserSlateServer\Development\ApplicationCore\UnrealMultiUserSlateServer-ApplicationCore.suppressed.lib and object ..\Intermediate\Build\Win64\x64\UnrealMultiUserSlateServer\Development\ApplicationCore\UnrealMultiUserSlateServer-ApplicationCore.suppressed.exp
  [275/346] Link [x64] UnrealMultiUserSlateServer-Networking.dll
     Creating library ..\Intermediate\Build\Win64\x64\UnrealMultiUserSlateServer\Development\Networking\UnrealMultiUserSlateServer-Networking.suppressed.lib and object ..\Intermediate\Build\Win64\x64\UnrealMultiUserSlateServer\Development\Networking\UnrealMultiUserSlateServer-Networking.suppressed.exp
  [276/346] Link [x64] UnrealMultiUserSlateServer-Cbor.dll
     Creating library ..\Intermediate\Build\Win64\x64\UnrealMultiUserSlateServer\Development\Cbor\UnrealMultiUserSlateServer-Cbor.suppressed.lib and object ..\Intermediate\Build\Win64\x64\UnrealMultiUserSlateServer\Development\Cbor\UnrealMultiUserSlateServer-Cbor.suppressed.exp
  [277/346] Link [x64] UnrealMultiUserSlateServer-Json.dll
     Creating library ..\Intermediate\Build\Win64\x64\UnrealMultiUserSlateServer\Development\Json\UnrealMultiUserSlateServer-Json.suppressed.lib and object ..\Intermediate\Build\Win64\x64\UnrealMultiUserSlateServer\Development\Json\UnrealMultiUserSlateServer-Json.suppressed.exp
  [278/346] Link [x64] UnrealMultiUserSlateServer-Analytics.dll
     Creating library ..\Intermediate\Build\Win64\x64\UnrealMultiUserSlateServer\Development\Analytics\UnrealMultiUserSlateServer-Analytics.suppressed.lib and object ..\Intermediate\Build\Win64\x64\UnrealMultiUserSlateServer\Development\Analytics\UnrealMultiUserSlateServer-Analytics.suppressed.exp
  [279/346] Link [x64] UnrealMultiUserSlateServer-ColorManagement.dll
     Creating library ..\Intermediate\Build\Win64\x64\UnrealMultiUserSlateServer\Development\ColorManagement\UnrealMultiUserSlateServer-ColorManagement.suppressed.lib and object ..\Intermediate\Build\Win64\x64\UnrealMultiUserSlateServer\Development\ColorManagement\UnrealMultiUserSlateServer-ColorManagement.suppressed.exp
  [280/346] Link [x64] UnrealMultiUserSlateServer-UELibSampleRate.dll
     Creating library ..\Intermediate\Build\Win64\x64\UnrealMultiUserSlateServer\Development\UELibSampleRate\UnrealMultiUserSlateServer-UELibSampleRate.suppressed.lib and object ..\Intermediate\Build\Win64\x64\UnrealMultiUserSlateServer\Development\UELibSampleRate\UnrealMultiUserSlateServer-UELibSampleRate.suppressed.exp
  [281/346] Link [x64] UnrealMultiUserSlateServer-XmlParser.dll
     Creating library ..\Intermediate\Build\Win64\x64\UnrealMultiUserSlateServer\Development\XmlParser\UnrealMultiUserSlateServer-XmlParser.suppressed.lib and object ..\Intermediate\Build\Win64\x64\UnrealMultiUserSlateServer\Development\XmlParser\UnrealMultiUserSlateServer-XmlParser.suppressed.exp
  [282/346] Link [x64] UnrealMultiUserSlateServer-NetCommon.dll
     Creating library ..\Intermediate\Build\Win64\x64\UnrealMultiUserSlateServer\Development\NetCommon\UnrealMultiUserSlateServer-NetCommon.suppressed.lib and object ..\Intermediate\Build\Win64\x64\UnrealMultiUserSlateServer\Development\NetCommon\UnrealMultiUserSlateServer-NetCommon.suppressed.exp
  [283/346] Link [x64] UnrealMultiUserSlateServer-TargetPlatform.dll
     Creating library ..\Intermediate\Build\Win64\x64\UnrealMultiUserSlateServer\Development\TargetPlatform\UnrealMultiUserSlateServer-TargetPlatform.suppressed.lib and object ..\Intermediate\Build\Win64\x64\UnrealMultiUserSlateServer\Development\TargetPlatform\UnrealMultiUserSlateServer-TargetPlatform.suppressed.exp
  [284/346] Link [x64] UnrealMultiUserSlateServer-WorkspaceMenuStructure.dll
     Creating library ..\Intermediate\Build\Win64\x64\UnrealMultiUserSlateServer\Development\WorkspaceMenuStructure\UnrealMultiUserSlateServer-WorkspaceMenuStructure.suppressed.lib and object ..\Intermediate\Build\Win64\x64\UnrealMultiUserSlateServer\Development\WorkspaceMenuStructure\UnrealMultiUserSlateServer-WorkspaceMenuStructure.suppressed.exp
  [285/346] Link [x64] UnrealMultiUserSlateServer-TextureBuild.dll
     Creating library ..\Intermediate\Build\Win64\x64\UnrealMultiUserSlateServer\Development\TextureBuild\UnrealMultiUserSlateServer-TextureBuild.suppressed.lib and object ..\Intermediate\Build\Win64\x64\UnrealMultiUserSlateServer\Development\TextureBuild\UnrealMultiUserSlateServer-TextureBuild.suppressed.exp
  [286/346] Link [x64] UnrealMultiUserSlateServer-TextureFormatASTC.dll
     Creating library ..\Intermediate\Build\Win64\x64\UnrealMultiUserSlateServer\Development\TextureFormatASTC\UnrealMultiUserSlateServer-TextureFormatASTC.suppressed.lib and object ..\Intermediate\Build\Win64\x64\UnrealMultiUserSlateServer\Development\TextureFormatASTC\UnrealMultiUserSlateServer-TextureFormatASTC.suppressed.exp
  [287/346] Link [x64] UnrealMultiUserSlateServer-TextureFormatIntelISPCTexComp.dll
     Creating library ..\Intermediate\Build\Win64\x64\UnrealMultiUserSlateServer\Development\TextureFormatIntelISPCTexComp\UnrealMultiUserSlateServer-TextureFormatIntelISPCTexComp.suppressed.lib and object ..\Intermediate\Build\Win64\x64\UnrealMultiUserSlateServer\Development\TextureFormatIntelISPCTexComp\UnrealMultiUserSlateServer-TextureFormatIntelISPCTexComp.suppressed.exp
  [288/346] Link [x64] UnrealMultiUserSlateServer-TextureFormatETC2.dll
     Creating library ..\Intermediate\Build\Win64\x64\UnrealMultiUserSlateServer\Development\TextureFormatETC2\UnrealMultiUserSlateServer-TextureFormatETC2.suppressed.lib and object ..\Intermediate\Build\Win64\x64\UnrealMultiUserSlateServer\Development\TextureFormatETC2\UnrealMultiUserSlateServer-TextureFormatETC2.suppressed.exp
  [289/346] Link [x64] UnrealMultiUserSlateServer-TextureFormatDXT.dll
     Creating library ..\Intermediate\Build\Win64\x64\UnrealMultiUserSlateServer\Development\TextureFormatDXT\UnrealMultiUserSlateServer-TextureFormatDXT.suppressed.lib and object ..\Intermediate\Build\Win64\x64\UnrealMultiUserSlateServer\Development\TextureFormatDXT\UnrealMultiUserSlateServer-TextureFormatDXT.suppressed.exp
  [290/346] Link [x64] UnrealMultiUserSlateServer-TextureBuildUtilities.dll
     Creating library ..\Intermediate\Build\Win64\x64\UnrealMultiUserSlateServer\Development\TextureBuildUtilities\UnrealMultiUserSlateServer-TextureBuildUtilities.suppressed.lib and object ..\Intermediate\Build\Win64\x64\UnrealMultiUserSlateServer\Development\TextureBuildUtilities\UnrealMultiUserSlateServer-TextureBuildUtilities.suppressed.exp
  [291/346] Link [x64] UnrealMultiUserSlateServer-RenderCore.dll
     Creating library ..\Intermediate\Build\Win64\x64\UnrealMultiUserSlateServer\Development\RenderCore\UnrealMultiUserSlateServer-RenderCore.suppressed.lib and object ..\Intermediate\Build\Win64\x64\UnrealMultiUserSlateServer\Development\RenderCore\UnrealMultiUserSlateServer-RenderCore.suppressed.exp
  [292/346] Link [x64] UnrealMultiUserSlateServer-SlateCore.dll
     Creating library ..\Intermediate\Build\Win64\x64\UnrealMultiUserSlateServer\Development\SlateCore\UnrealMultiUserSlateServer-SlateCore.suppressed.lib and object ..\Intermediate\Build\Win64\x64\UnrealMultiUserSlateServer\Development\SlateCore\UnrealMultiUserSlateServer-SlateCore.suppressed.exp
  [293/346] Link [x64] UnrealMultiUserSlateServer-StandaloneRenderer.dll
     Creating library ..\Intermediate\Build\Win64\x64\UnrealMultiUserSlateServer\Development\StandaloneRenderer\UnrealMultiUserSlateServer-StandaloneRenderer.suppressed.lib and object ..\Intermediate\Build\Win64\x64\UnrealMultiUserSlateServer\Development\StandaloneRenderer\UnrealMultiUserSlateServer-StandaloneRenderer.suppressed.exp
  [294/346] Compile [x64] Module.SlateReflector.cpp
  [295/346] Link [x64] UnrealMultiUserSlateServer-SourceControl.dll
     Creating library ..\Intermediate\Build\Win64\x64\UnrealMultiUserSlateServer\Development\SourceControl\UnrealMultiUserSlateServer-SourceControl.suppressed.lib and object ..\Intermediate\Build\Win64\x64\UnrealMultiUserSlateServer\Development\SourceControl\UnrealMultiUserSlateServer-SourceControl.suppressed.exp
  [296/346] Link [x64] UnrealMultiUserSlateServer-UdpMessaging.dll
     Creating library ..\Plugins\Messaging\UdpMessaging\Intermediate\Build\Win64\x64\UnrealMultiUserSlateServer\Development\UdpMessaging\UnrealMultiUserSlateServer-UdpMessaging.suppressed.lib and object ..\Plugins\Messaging\UdpMessaging\Intermediate\Build\Win64\x64\UnrealMultiUserSlateServer\Development\UdpMessaging\UnrealMultiUserSlateServer-UdpMessaging.suppressed.exp
  [297/346] Link [x64] UnrealMultiUserSlateServer-AutomationWorker.dll
     Creating library ..\Intermediate\Build\Win64\x64\UnrealMultiUserSlateServer\Development\AutomationWorker\UnrealMultiUserSlateServer-AutomationWorker.suppressed.lib and object ..\Intermediate\Build\Win64\x64\UnrealMultiUserSlateServer\Development\AutomationWorker\UnrealMultiUserSlateServer-AutomationWorker.suppressed.exp
  [298/346] Link [x64] UnrealMultiUserSlateServer-ScreenShotComparisonTools.dll
     Creating library ..\Intermediate\Build\Win64\x64\UnrealMultiUserSlateServer\Development\ScreenShotComparisonTools\UnrealMultiUserSlateServer-ScreenShotComparisonTools.suppressed.lib and object ..\Intermediate\Build\Win64\x64\UnrealMultiUserSlateServer\Development\ScreenShotComparisonTools\UnrealMultiUserSlateServer-ScreenShotComparisonTools.suppressed.exp
  [299/346] Link [x64] UnrealMultiUserSlateServer-Slate.dll
     Creating library ..\Intermediate\Build\Win64\x64\UnrealMultiUserSlateServer\Development\Slate\UnrealMultiUserSlateServer-Slate.suppressed.lib and object ..\Intermediate\Build\Win64\x64\UnrealMultiUserSlateServer\Development\Slate\UnrealMultiUserSlateServer-Slate.suppressed.exp
  [300/346] Link [x64] UnrealMultiUserSlateServer-ConcertSyncServer.dll
     Creating library ..\Plugins\Developer\Concert\ConcertSync\ConcertSyncServer\Intermediate\Build\Win64\x64\UnrealMultiUserSlateServer\Development\CncrtSyncSvr\UnrealMultiUserSlateServer-ConcertSyncServer.suppressed.lib and object ..\Plugins\Developer\Concert\ConcertSync\ConcertSyncServer\Intermediate\Build\Win64\x64\UnrealMultiUserSlateServer\Development\CncrtSyncSvr\UnrealMultiUserSlateServer-ConcertSyncServer.suppressed.exp
  [301/346] Link [x64] UnrealMultiUserSlateServer-ShaderFormatVectorVM.dll
     Creating library ..\Intermediate\Build\Win64\x64\UnrealMultiUserSlateServer\Development\ShaderFormatVectorVM\UnrealMultiUserSlateServer-ShaderFormatVectorVM.suppressed.lib and object ..\Intermediate\Build\Win64\x64\UnrealMultiUserSlateServer\Development\ShaderFormatVectorVM\UnrealMultiUserSlateServer-ShaderFormatVectorVM.suppressed.exp
  [302/346] Link [x64] UnrealMultiUserSlateServer-UndoHistory.dll
     Creating library ..\Intermediate\Build\Win64\x64\UnrealMultiUserSlateServer\Development\UndoHistory\UnrealMultiUserSlateServer-UndoHistory.suppressed.lib and object ..\Intermediate\Build\Win64\x64\UnrealMultiUserSlateServer\Development\UndoHistory\UnrealMultiUserSlateServer-UndoHistory.suppressed.exp
  [303/346] Link [x64] UnrealMultiUserSlateServer-ConcertSyncCore.dll
     Creating library ..\Plugins\Developer\Concert\ConcertSync\ConcertSyncCore\Intermediate\Build\Win64\x64\UnrealMultiUserSlateServer\Development\ConcertSyncCore\UnrealMultiUserSlateServer-ConcertSyncCore.suppressed.lib and object ..\Plugins\Developer\Concert\ConcertSync\ConcertSyncCore\Intermediate\Build\Win64\x64\UnrealMultiUserSlateServer\Development\ConcertSyncCore\UnrealMultiUserSlateServer-ConcertSyncCore.suppressed.exp
  [304/346] Link [x64] UnrealMultiUserSlateServer-ToolMenus.dll
     Creating library ..\Intermediate\Build\Win64\x64\UnrealMultiUserSlateServer\Development\ToolMenus\UnrealMultiUserSlateServer-ToolMenus.suppressed.lib and object ..\Intermediate\Build\Win64\x64\UnrealMultiUserSlateServer\Development\ToolMenus\UnrealMultiUserSlateServer-ToolMenus.suppressed.exp
  [305/346] Link [x64] UnrealMultiUserSlateServer-MessageLog.dll
     Creating library ..\Intermediate\Build\Win64\x64\UnrealMultiUserSlateServer\Development\MessageLog\UnrealMultiUserSlateServer-MessageLog.suppressed.lib and object ..\Intermediate\Build\Win64\x64\UnrealMultiUserSlateServer\Development\MessageLog\UnrealMultiUserSlateServer-MessageLog.suppressed.exp
  [306/346] Link [x64] UnrealMultiUserSlateServer-ConcertServer.dll
     Creating library ..\Plugins\Developer\Concert\ConcertMain\Intermediate\Build\Win64\x64\UnrealMultiUserSlateServer\Development\ConcertServer\UnrealMultiUserSlateServer-ConcertServer.suppressed.lib and object ..\Plugins\Developer\Concert\ConcertMain\Intermediate\Build\Win64\x64\UnrealMultiUserSlateServer\Development\ConcertServer\UnrealMultiUserSlateServer-ConcertServer.suppressed.exp
  [307/346] Link [x64] UnrealMultiUserSlateServer-AppFramework.dll
     Creating library ..\Intermediate\Build\Win64\x64\UnrealMultiUserSlateServer\Development\AppFramework\UnrealMultiUserSlateServer-AppFramework.suppressed.lib and object ..\Intermediate\Build\Win64\x64\UnrealMultiUserSlateServer\Development\AppFramework\UnrealMultiUserSlateServer-AppFramework.suppressed.exp
  [308/346] Link [x64] UnrealMultiUserSlateServer-DeveloperToolSettings.dll
     Creating library ..\Intermediate\Build\Win64\x64\UnrealMultiUserSlateServer\Development\DeveloperToolSettings\UnrealMultiUserSlateServer-DeveloperToolSettings.suppressed.lib and object ..\Intermediate\Build\Win64\x64\UnrealMultiUserSlateServer\Development\DeveloperToolSettings\UnrealMultiUserSlateServer-DeveloperToolSettings.suppressed.exp
  [309/346] Link [x64] UnrealMultiUserSlateServer-Concert.dll
     Creating library ..\Plugins\Developer\Concert\ConcertMain\Intermediate\Build\Win64\x64\UnrealMultiUserSlateServer\Development\Concert\UnrealMultiUserSlateServer-Concert.suppressed.lib and object ..\Plugins\Developer\Concert\ConcertMain\Intermediate\Build\Win64\x64\UnrealMultiUserSlateServer\Development\Concert\UnrealMultiUserSlateServer-Concert.suppressed.exp
  [310/346] Link [x64] UnrealMultiUserSlateServer-SourceCodeAccess.dll
     Creating library ..\Intermediate\Build\Win64\x64\UnrealMultiUserSlateServer\Development\SourceCodeAccess\UnrealMultiUserSlateServer-SourceCodeAccess.suppressed.lib and object ..\Intermediate\Build\Win64\x64\UnrealMultiUserSlateServer\Development\SourceCodeAccess\UnrealMultiUserSlateServer-SourceCodeAccess.suppressed.exp
  [311/346] Link [x64] UnrealMultiUserSlateServer-ConcertTransport.dll
     Creating library ..\Plugins\Developer\Concert\ConcertMain\Intermediate\Build\Win64\x64\UnrealMultiUserSlateServer\Development\ConcertTransport\UnrealMultiUserSlateServer-ConcertTransport.suppressed.lib and object ..\Plugins\Developer\Concert\ConcertMain\Intermediate\Build\Win64\x64\UnrealMultiUserSlateServer\Development\ConcertTransport\UnrealMultiUserSlateServer-ConcertTransport.suppressed.exp
  [312/346] Link [x64] UnrealMultiUserSlateServer-SessionServices.dll
     Creating library ..\Intermediate\Build\Win64\x64\UnrealMultiUserSlateServer\Development\SessionServices\UnrealMultiUserSlateServer-SessionServices.suppressed.lib and object ..\Intermediate\Build\Win64\x64\UnrealMultiUserSlateServer\Development\SessionServices\UnrealMultiUserSlateServer-SessionServices.suppressed.exp
  [313/346] Link [x64] UnrealMultiUserSlateServer-AssetRegistry.dll
     Creating library ..\Intermediate\Build\Win64\x64\UnrealMultiUserSlateServer\Development\AssetRegistry\UnrealMultiUserSlateServer-AssetRegistry.suppressed.lib and object ..\Intermediate\Build\Win64\x64\UnrealMultiUserSlateServer\Development\AssetRegistry\UnrealMultiUserSlateServer-AssetRegistry.suppressed.exp
  [314/346] Link [x64] UnrealMultiUserSlateServer-Serialization.dll
     Creating library ..\Intermediate\Build\Win64\x64\UnrealMultiUserSlateServer\Development\Serialization\UnrealMultiUserSlateServer-Serialization.suppressed.lib and object ..\Intermediate\Build\Win64\x64\UnrealMultiUserSlateServer\Development\Serialization\UnrealMultiUserSlateServer-Serialization.suppressed.exp
  [315/346] Link [x64] UnrealMultiUserSlateServer-DeveloperSettings.dll
     Creating library ..\Intermediate\Build\Win64\x64\UnrealMultiUserSlateServer\Development\DeveloperSettings\UnrealMultiUserSlateServer-DeveloperSettings.suppressed.lib and object ..\Intermediate\Build\Win64\x64\UnrealMultiUserSlateServer\Development\DeveloperSettings\UnrealMultiUserSlateServer-DeveloperSettings.suppressed.exp
  [316/346] Link [x64] UnrealMultiUserSlateServer-JsonUtilities.dll
     Creating library ..\Intermediate\Build\Win64\x64\UnrealMultiUserSlateServer\Development\JsonUtilities\UnrealMultiUserSlateServer-JsonUtilities.suppressed.lib and object ..\Intermediate\Build\Win64\x64\UnrealMultiUserSlateServer\Development\JsonUtilities\UnrealMultiUserSlateServer-JsonUtilities.suppressed.exp
  [317/346] Link [x64] UnrealMultiUserSlateServer-AudioPlatformConfiguration.dll
     Creating library ..\Intermediate\Build\Win64\x64\UnrealMultiUserSlateServer\Development\AudioPlatformConfiguration\UnrealMultiUserSlateServer-AudioPlatformConfiguration.suppressed.lib and object ..\Intermediate\Build\Win64\x64\UnrealMultiUserSlateServer\Development\AudioPlatformConfiguration\UnrealMultiUserSlateServer-AudioPlatformConfiguration.suppressed.exp
  [318/346] Link [x64] UnrealMultiUserSlateServer-ImageCore.dll
     Creating library ..\Intermediate\Build\Win64\x64\UnrealMultiUserSlateServer\Development\ImageCore\UnrealMultiUserSlateServer-ImageCore.suppressed.lib and object ..\Intermediate\Build\Win64\x64\UnrealMultiUserSlateServer\Development\ImageCore\UnrealMultiUserSlateServer-ImageCore.suppressed.exp
  [319/346] Link [x64] UnrealMultiUserSlateServer-AutomationMessages.dll
     Creating library ..\Intermediate\Build\Win64\x64\UnrealMultiUserSlateServer\Development\AutomationMessages\UnrealMultiUserSlateServer-AutomationMessages.suppressed.lib and object ..\Intermediate\Build\Win64\x64\UnrealMultiUserSlateServer\Development\AutomationMessages\UnrealMultiUserSlateServer-AutomationMessages.suppressed.exp
  [320/346] Link [x64] UnrealMultiUserSlateServer-UnrealEdMessages.dll
     Creating library ..\Intermediate\Build\Win64\x64\UnrealMultiUserSlateServer\Development\UnrealEdMessages\UnrealMultiUserSlateServer-UnrealEdMessages.suppressed.lib and object ..\Intermediate\Build\Win64\x64\UnrealMultiUserSlateServer\Development\UnrealEdMessages\UnrealMultiUserSlateServer-UnrealEdMessages.suppressed.exp
  [321/346] Link [x64] UnrealMultiUserSlateServer-SessionMessages.dll
     Creating library ..\Intermediate\Build\Win64\x64\UnrealMultiUserSlateServer\Development\SessionMessages\UnrealMultiUserSlateServer-SessionMessages.suppressed.lib and object ..\Intermediate\Build\Win64\x64\UnrealMultiUserSlateServer\Development\SessionMessages\UnrealMultiUserSlateServer-SessionMessages.suppressed.exp
  [322/346] Link [x64] UnrealMultiUserSlateServer-VectorVM.dll
     Creating library ..\Intermediate\Build\Win64\x64\UnrealMultiUserSlateServer\Development\VectorVM\UnrealMultiUserSlateServer-VectorVM.suppressed.lib and object ..\Intermediate\Build\Win64\x64\UnrealMultiUserSlateServer\Development\VectorVM\UnrealMultiUserSlateServer-VectorVM.suppressed.exp
  [323/346] Link [x64] UnrealMultiUserSlateServer-InputCore.dll
     Creating library ..\Intermediate\Build\Win64\x64\UnrealMultiUserSlateServer\Development\InputCore\UnrealMultiUserSlateServer-InputCore.suppressed.lib and object ..\Intermediate\Build\Win64\x64\UnrealMultiUserSlateServer\Development\InputCore\UnrealMultiUserSlateServer-InputCore.suppressed.exp
  [324/346] Link [x64] UnrealMultiUserSlateServer-AutomationTest.dll
     Creating library ..\Intermediate\Build\Win64\x64\UnrealMultiUserSlateServer\Development\AutomationTest\UnrealMultiUserSlateServer-AutomationTest.suppressed.lib and object ..\Intermediate\Build\Win64\x64\UnrealMultiUserSlateServer\Development\AutomationTest\UnrealMultiUserSlateServer-AutomationTest.suppressed.exp
  [325/346] Link [x64] UnrealMultiUserSlateServer-Messaging.dll
     Creating library ..\Intermediate\Build\Win64\x64\UnrealMultiUserSlateServer\Development\Messaging\UnrealMultiUserSlateServer-Messaging.suppressed.lib and object ..\Intermediate\Build\Win64\x64\UnrealMultiUserSlateServer\Development\Messaging\UnrealMultiUserSlateServer-Messaging.suppressed.exp
  [326/346] Link [x64] UnrealMultiUserSlateServer-MessagingCommon.dll
     Creating library ..\Intermediate\Build\Win64\x64\UnrealMultiUserSlateServer\Development\MessagingCommon\UnrealMultiUserSlateServer-MessagingCommon.suppressed.lib and object ..\Intermediate\Build\Win64\x64\UnrealMultiUserSlateServer\Development\MessagingCommon\UnrealMultiUserSlateServer-MessagingCommon.suppressed.exp
  [327/346] Link [x64] UnrealMultiUserSlateServer-EngineMessages.dll
     Creating library ..\Intermediate\Build\Win64\x64\UnrealMultiUserSlateServer\Development\EngineMessages\UnrealMultiUserSlateServer-EngineMessages.suppressed.lib and object ..\Intermediate\Build\Win64\x64\UnrealMultiUserSlateServer\Development\EngineMessages\UnrealMultiUserSlateServer-EngineMessages.suppressed.exp
  [328/346] Link [x64] UnrealMultiUserSlateServer-Settings.dll
     Creating library ..\Intermediate\Build\Win64\x64\UnrealMultiUserSlateServer\Development\Settings\UnrealMultiUserSlateServer-Settings.suppressed.lib and object ..\Intermediate\Build\Win64\x64\UnrealMultiUserSlateServer\Development\Settings\UnrealMultiUserSlateServer-Settings.suppressed.exp
  [329/346] Link [x64] UnrealMultiUserSlateServer-EngineSettings.dll
     Creating library ..\Intermediate\Build\Win64\x64\UnrealMultiUserSlateServer\Development\EngineSettings\UnrealMultiUserSlateServer-EngineSettings.suppressed.lib and object ..\Intermediate\Build\Win64\x64\UnrealMultiUserSlateServer\Development\EngineSettings\UnrealMultiUserSlateServer-EngineSettings.suppressed.exp
  [330/346] Link [x64] UnrealMultiUserSlateServer-TurnkeyIO.dll
     Creating library ..\Intermediate\Build\Win64\x64\UnrealMultiUserSlateServer\Development\TurnkeyIO\UnrealMultiUserSlateServer-TurnkeyIO.suppressed.lib and object ..\Intermediate\Build\Win64\x64\UnrealMultiUserSlateServer\Development\TurnkeyIO\UnrealMultiUserSlateServer-TurnkeyIO.suppressed.exp
  [331/346] Link [x64] UnrealMultiUserSlateServer-AutomationWindow.dll
     Creating library ..\Intermediate\Build\Win64\x64\UnrealMultiUserSlateServer\Development\AutomationWindow\UnrealMultiUserSlateServer-AutomationWindow.suppressed.lib and object ..\Intermediate\Build\Win64\x64\UnrealMultiUserSlateServer\Development\AutomationWindow\UnrealMultiUserSlateServer-AutomationWindow.suppressed.exp
  [332/346] Link [x64] UnrealMultiUserSlateServer-OutputLog.dll
     Creating library ..\Intermediate\Build\Win64\x64\UnrealMultiUserSlateServer\Development\OutputLog\UnrealMultiUserSlateServer-OutputLog.suppressed.lib and object ..\Intermediate\Build\Win64\x64\UnrealMultiUserSlateServer\Development\OutputLog\UnrealMultiUserSlateServer-OutputLog.suppressed.exp
  [333/346] Link [x64] UnrealMultiUserSlateServer-LauncherServices.dll
     Creating library ..\Intermediate\Build\Win64\x64\UnrealMultiUserSlateServer\Development\LauncherServices\UnrealMultiUserSlateServer-LauncherServices.suppressed.lib and object ..\Intermediate\Build\Win64\x64\UnrealMultiUserSlateServer\Development\LauncherServices\UnrealMultiUserSlateServer-LauncherServices.suppressed.exp
  [334/346] Link [x64] UnrealMultiUserSlateServer-AutomationController.dll
     Creating library ..\Intermediate\Build\Win64\x64\UnrealMultiUserSlateServer\Development\AutomationController\UnrealMultiUserSlateServer-AutomationController.suppressed.lib and object ..\Intermediate\Build\Win64\x64\UnrealMultiUserSlateServer\Development\AutomationController\UnrealMultiUserSlateServer-AutomationController.suppressed.exp
  [335/346] Link [x64] UnrealMultiUserSlateServer-TurnkeySupport.dll
     Creating library ..\Intermediate\Build\Win64\x64\UnrealMultiUserSlateServer\Development\TurnkeySupport\UnrealMultiUserSlateServer-TurnkeySupport.suppressed.lib and object ..\Intermediate\Build\Win64\x64\UnrealMultiUserSlateServer\Development\TurnkeySupport\UnrealMultiUserSlateServer-TurnkeySupport.suppressed.exp
  [336/346] Link [x64] UnrealMultiUserSlateServer-ToolWidgets.dll
     Creating library ..\Intermediate\Build\Win64\x64\UnrealMultiUserSlateServer\Development\ToolWidgets\UnrealMultiUserSlateServer-ToolWidgets.suppressed.lib and object ..\Intermediate\Build\Win64\x64\UnrealMultiUserSlateServer\Development\ToolWidgets\UnrealMultiUserSlateServer-ToolWidgets.suppressed.exp
  [337/346] Link [x64] UnrealMultiUserSlateServer-ConcertSharedSlate.dll
LINK : fatal error LNK1104: cannot open file '..\Plugins\Developer\Concert\ConcertUI\ConcertSharedSlate\Intermediate\Build\Win64\x64\UnrealMultiUserSlateServer\Development\ConcertSharedSlate\UnrealMultiUserSlateServer-ConcertSharedSlate.suppressed.exp'
  [338/346] Link [x64] UnrealMultiUserSlateServer.exe
  [339/346] Link [x64] UnrealMultiUserSlateServer-SlateReflector.lib
     Creating library ..\Intermediate\Build\Win64\x64\UnrealMultiUserSlateServer\Development\SlateReflector\UnrealMultiUserSlateServer-SlateReflector.lib and object ..\Intermediate\Build\Win64\x64\UnrealMultiUserSlateServer\Development\SlateReflector\UnrealMultiUserSlateServer-SlateReflector.exp
  [340/346] Link [x64] UnrealMultiUserSlateServer-TraceInsights.dll
     Creating library ..\Intermediate\Build\Win64\x64\UnrealMultiUserSlateServer\Development\TraceInsights\UnrealMultiUserSlateServer-TraceInsights.suppressed.lib and object ..\Intermediate\Build\Win64\x64\UnrealMultiUserSlateServer\Development\TraceInsights\UnrealMultiUserSlateServer-TraceInsights.suppressed.exp
  [341/346] Link [x64] UnrealMultiUserSlateServer-SlateReflector.dll
     Creating library ..\Intermediate\Build\Win64\x64\UnrealMultiUserSlateServer\Development\SlateReflector\UnrealMultiUserSlateServer-SlateReflector.suppressed.lib and object ..\Intermediate\Build\Win64\x64\UnrealMultiUserSlateServer\Development\SlateReflector\UnrealMultiUserSlateServer-SlateReflector.suppressed.exp
  [342/346] Compile [x64] Module.MultiUserServer.cpp
  [343/346] Link [x64] UnrealMultiUserSlateServer-MultiUserServer.lib
     Creating library ..\Plugins\Developer\Concert\ConcertApp\MultiUserServer\Intermediate\Build\Win64\x64\UnrealMultiUserSlateServer\Development\MultiUserServer\UnrealMultiUserSlateServer-MultiUserServer.lib and object ..\Plugins\Developer\Concert\ConcertApp\MultiUserServer\Intermediate\Build\Win64\x64\UnrealMultiUserSlateServer\Development\MultiUserServer\UnrealMultiUserSlateServer-MultiUserServer.exp
  [344/346] Link [x64] UnrealMultiUserSlateServer-MultiUserServer.dll
     Creating library ..\Plugins\Developer\Concert\ConcertApp\MultiUserServer\Intermediate\Build\Win64\x64\UnrealMultiUserSlateServer\Development\MultiUserServer\UnrealMultiUserSlateServer-MultiUserServer.suppressed.lib and object ..\Plugins\Developer\Concert\ConcertApp\MultiUserServer\Intermediate\Build\Win64\x64\UnrealMultiUserSlateServer\Development\MultiUserServer\UnrealMultiUserSlateServer-MultiUserServer.suppressed.exp
  [345/346] WriteMetadata UnrealMultiUserSlateServer.version cancelled
  [346/346] WriteMetadata UnrealMultiUserSlateServer.target cancelled
C:\Program Files\Microsoft Visual Studio\2022\Community\MSBuild\Microsoft\VC\v170\Microsoft.MakeFile.Targets(44,5): error MSB3073: The command "C:\Users\aleja\gamedev\Engine\UnrealEngine\Engine\Build\BatchFiles\Build.bat UnrealMultiUserSlateServer Win64 Development -WaitMutex -FromMsBuild" exited with code 6.
