  Using bundled DotNet SDK version: 6.0.302
  Running UnrealBuildTool: dotnet "..\..\Engine\Binaries\DotNET\UnrealBuildTool\UnrealBuildTool.dll" UnrealHeaderTool Win64 Development -WaitMutex -FromMsBuild
  Log file: C:\Users\aleja\gamedev\Engine\UnrealEngine\Engine\Programs\UnrealBuildTool\Log.txt
  Using 'git status' to determine working set for adaptive non-unity build (C:\Users\aleja\gamedev\Engine\UnrealEngine).
  Creating makefile for UnrealHeaderTool (no existing makefile)
  DEPRECATED: C++ UHT is being built by request.  C++ UHT has been deprecated and will be removed in 5.2
  Waiting for 'git status' command to complete
  Building UnrealHeaderTool...
  Using Visual Studio 2022 14.34.31946 toolchain (C:\Program Files\Microsoft Visual Studio\2022\Community\VC\Tools\MSVC\14.34.31933) and Windows 10.0.22621.0 SDK (C:\Program Files (x86)\Windows Kits\10).
  Determining max actions to execute in parallel (10 physical cores, 20 logical cores)
    Executing up to 10 processes, one per physical core
  Building 63 actions with 10 processes...
  [1/63] Compile [x64] SharedPCH.Core.ShadowErrors.TypeCastErrors.cpp
  [2/63] Compile [x64] NetCommonModule.cpp
  [3/63] Compile [x64] Module.SSL.cpp
  [4/63] Compile [x64] Module.Sockets.cpp
  [5/63] Compile [x64] PCH.Core.cpp
  [6/63] Link [x64] UnrealHeaderTool-NetCommon.lib
     Creating library ..\Intermediate\Build\Win64\x64\UnrealHeaderTool\Development\NetCommon\UnrealHeaderTool-NetCommon.lib and object ..\Intermediate\Build\Win64\x64\UnrealHeaderTool\Development\NetCommon\UnrealHeaderTool-NetCommon.exp
  [7/63] Link [x64] UnrealHeaderTool-SSL.lib
     Creating library ..\Intermediate\Build\Win64\x64\UnrealHeaderTool\Development\SSL\UnrealHeaderTool-SSL.lib and object ..\Intermediate\Build\Win64\x64\UnrealHeaderTool\Development\SSL\UnrealHeaderTool-SSL.exp
  [8/63] Link [x64] UnrealHeaderTool-Sockets.lib
     Creating library ..\Intermediate\Build\Win64\x64\UnrealHeaderTool\Development\Sockets\UnrealHeaderTool-Sockets.lib and object ..\Intermediate\Build\Win64\x64\UnrealHeaderTool\Development\Sockets\UnrealHeaderTool-Sockets.exp
  [9/63] Compile [x64] Module.Zen.cpp
  [10/63] Compile [x64] Module.Projects.cpp
  [11/63] Compile [x64] Module.Json.cpp
  [12/63] Compile [x64] PCH.CoreUObject.cpp
  [13/63] Compile [x64] Module.UnrealHeaderTool.2_of_2.cpp
  [14/63] Compile [x64] Module.Core.7_of_17.cpp
  [15/63] Compile [x64] Module.UnrealHeaderTool.1_of_2.cpp
  [16/63] Compile [x64] Module.DerivedDataCache.2_of_2.cpp
  [17/63] Compile [x64] Module.Core.16_of_17.cpp
  [18/63] Compile [x64] Module.Core.8_of_17.cpp
  [19/63] Compile [x64] Module.Core.17_of_17.cpp
  [20/63] Compile [x64] Module.DerivedDataCache.1_of_2.cpp
  [21/63] Compile [x64] Module.Core.6_of_17.cpp
  [22/63] Compile [x64] Module.Core.4_of_17.cpp
  [23/63] Compile [x64] Module.Core.10_of_17.cpp
  [24/63] Compile [x64] Module.Core.9_of_17.cpp
  [25/63] Link [x64] UnrealHeaderTool-Zen.lib
     Creating library ..\Intermediate\Build\Win64\x64\UnrealHeaderTool\Development\Zen\UnrealHeaderTool-Zen.lib and object ..\Intermediate\Build\Win64\x64\UnrealHeaderTool\Development\Zen\UnrealHeaderTool-Zen.exp
  [26/63] Link [x64] UnrealHeaderTool-Projects.lib
     Creating library ..\Intermediate\Build\Win64\x64\UnrealHeaderTool\Development\Projects\UnrealHeaderTool-Projects.lib and object ..\Intermediate\Build\Win64\x64\UnrealHeaderTool\Development\Projects\UnrealHeaderTool-Projects.exp
  [27/63] Link [x64] UnrealHeaderTool-Json.lib
     Creating library ..\Intermediate\Build\Win64\x64\UnrealHeaderTool\Development\Json\UnrealHeaderTool-Json.lib and object ..\Intermediate\Build\Win64\x64\UnrealHeaderTool\Development\Json\UnrealHeaderTool-Json.exp
  [28/63] Compile [x64] Module.Core.3_of_17.cpp
  [29/63] Compile [x64] Module.Core.12_of_17.cpp
  [30/63] Compile [x64] Module.Core.5_of_17.cpp
  [31/63] Compile [x64] Module.Core.11_of_17.cpp
  [32/63] Compile [x64] Module.Core.2_of_17.cpp
  [33/63] Compile [x64] Module.Core.15_of_17.cpp
  [34/63] Compile [x64] Module.CoreUObject.5_of_11.cpp
  [35/63] Compile [x64] Module.CoreUObject.11_of_11.cpp
  [36/63] Compile [x64] Module.CoreUObject.3_of_11.cpp
  [37/63] Compile [x64] Module.Core.1_of_17.cpp
  [38/63] Compile [x64] Module.CoreUObject.7_of_11.cpp
  [39/63] Link [x64] UnrealHeaderTool.lib
     Creating library ..\Intermediate\Build\Win64\x64\UnrealHeaderTool\Development\UnrealHeaderTool.lib and object ..\Intermediate\Build\Win64\x64\UnrealHeaderTool\Development\UnrealHeaderTool.exp
  [40/63] Link [x64] UnrealHeaderTool-DerivedDataCache.lib
     Creating library ..\Intermediate\Build\Win64\x64\UnrealHeaderTool\Development\DerivedDataCache\UnrealHeaderTool-DerivedDataCache.lib and object ..\Intermediate\Build\Win64\x64\UnrealHeaderTool\Development\DerivedDataCache\UnrealHeaderTool-DerivedDataCache.exp
  [41/63] Compile [x64] Module.CoreUObject.8_of_11.cpp
  [42/63] Compile [x64] Module.CoreUObject.9_of_11.cpp
  [43/63] Compile [x64] Module.Core.13_of_17.cpp
  [44/63] Compile [x64] Module.CoreUObject.4_of_11.cpp
  [45/63] Compile [x64] Module.CoreUObject.1_of_11.cpp
  [46/63] Compile [x64] Module.CoreUObject.6_of_11.cpp
  [47/63] Compile [x64] Module.Core.14_of_17.cpp
  [48/63] Link [x64] UnrealHeaderTool-Core.lib
     Creating library ..\Intermediate\Build\Win64\x64\UnrealHeaderTool\Development\Core\UnrealHeaderTool-Core.lib and object ..\Intermediate\Build\Win64\x64\UnrealHeaderTool\Development\Core\UnrealHeaderTool-Core.exp
  [49/63] Link [x64] UnrealHeaderTool-Json.dll
     Creating library ..\Intermediate\Build\Win64\x64\UnrealHeaderTool\Development\Json\UnrealHeaderTool-Json.suppressed.lib and object ..\Intermediate\Build\Win64\x64\UnrealHeaderTool\Development\Json\UnrealHeaderTool-Json.suppressed.exp
  [50/63] Link [x64] UnrealHeaderTool-NetCommon.dll
     Creating library ..\Intermediate\Build\Win64\x64\UnrealHeaderTool\Development\NetCommon\UnrealHeaderTool-NetCommon.suppressed.lib and object ..\Intermediate\Build\Win64\x64\UnrealHeaderTool\Development\NetCommon\UnrealHeaderTool-NetCommon.suppressed.exp
  [51/63] Link [x64] UnrealHeaderTool-Sockets.dll
     Creating library ..\Intermediate\Build\Win64\x64\UnrealHeaderTool\Development\Sockets\UnrealHeaderTool-Sockets.suppressed.lib and object ..\Intermediate\Build\Win64\x64\UnrealHeaderTool\Development\Sockets\UnrealHeaderTool-Sockets.suppressed.exp
  [52/63] Link [x64] UnrealHeaderTool-SSL.dll
     Creating library ..\Intermediate\Build\Win64\x64\UnrealHeaderTool\Development\SSL\UnrealHeaderTool-SSL.suppressed.lib and object ..\Intermediate\Build\Win64\x64\UnrealHeaderTool\Development\SSL\UnrealHeaderTool-SSL.suppressed.exp
  [53/63] Link [x64] UnrealHeaderTool-Projects.dll
     Creating library ..\Intermediate\Build\Win64\x64\UnrealHeaderTool\Development\Projects\UnrealHeaderTool-Projects.suppressed.lib and object ..\Intermediate\Build\Win64\x64\UnrealHeaderTool\Development\Projects\UnrealHeaderTool-Projects.suppressed.exp
  [54/63] Link [x64] UnrealHeaderTool-Zen.dll
     Creating library ..\Intermediate\Build\Win64\x64\UnrealHeaderTool\Development\Zen\UnrealHeaderTool-Zen.suppressed.lib and object ..\Intermediate\Build\Win64\x64\UnrealHeaderTool\Development\Zen\UnrealHeaderTool-Zen.suppressed.exp
  [55/63] Link [x64] UnrealHeaderTool-DerivedDataCache.dll
     Creating library ..\Intermediate\Build\Win64\x64\UnrealHeaderTool\Development\DerivedDataCache\UnrealHeaderTool-DerivedDataCache.suppressed.lib and object ..\Intermediate\Build\Win64\x64\UnrealHeaderTool\Development\DerivedDataCache\UnrealHeaderTool-DerivedDataCache.suppressed.exp
  [56/63] Link [x64] UnrealHeaderTool-Core.dll
     Creating library ..\Intermediate\Build\Win64\x64\UnrealHeaderTool\Development\Core\UnrealHeaderTool-Core.suppressed.lib and object ..\Intermediate\Build\Win64\x64\UnrealHeaderTool\Development\Core\UnrealHeaderTool-Core.suppressed.exp
  [57/63] Compile [x64] Module.CoreUObject.2_of_11.cpp
  [58/63] Compile [x64] Module.CoreUObject.10_of_11.cpp
  [59/63] Link [x64] UnrealHeaderTool-CoreUObject.lib
     Creating library ..\Intermediate\Build\Win64\x64\UnrealHeaderTool\Development\CoreUObject\UnrealHeaderTool-CoreUObject.lib and object ..\Intermediate\Build\Win64\x64\UnrealHeaderTool\Development\CoreUObject\UnrealHeaderTool-CoreUObject.exp
  [60/63] Link [x64] UnrealHeaderTool.exe
  [61/63] Link [x64] UnrealHeaderTool-CoreUObject.dll
     Creating library ..\Intermediate\Build\Win64\x64\UnrealHeaderTool\Development\CoreUObject\UnrealHeaderTool-CoreUObject.suppressed.lib and object ..\Intermediate\Build\Win64\x64\UnrealHeaderTool\Development\CoreUObject\UnrealHeaderTool-CoreUObject.suppressed.exp
  [62/63] WriteMetadata UnrealHeaderTool.version
  [63/63] WriteMetadata UnrealHeaderTool.target
  Total time in Parallel executor: 63.49 seconds
  Total execution time: 183.63 seconds
