  Using bundled DotNet SDK version: 6.0.302
  Running UnrealBuildTool: dotnet "..\..\Engine\Binaries\DotNET\UnrealBuildTool\UnrealBuildTool.dll" UnrealObjectPtrTool Win64 Development -WaitMutex -FromMsBuild
  Log file: C:\Users\aleja\gamedev\Engine\UnrealEngine\Engine\Programs\UnrealBuildTool\Log.txt
  Using 'git status' to determine working set for adaptive non-unity build (C:\Users\aleja\gamedev\Engine\UnrealEngine).
  Creating makefile for UnrealObjectPtrTool (no existing makefile)
  Waiting for 'git status' command to complete
  Building UnrealObjectPtrTool...
  Using Visual Studio 2022 14.34.31946 toolchain (C:\Program Files\Microsoft Visual Studio\2022\Community\VC\Tools\MSVC\14.34.31933) and Windows 10.0.22621.0 SDK (C:\Program Files (x86)\Windows Kits\10).
  Determining max actions to execute in parallel (10 physical cores, 20 logical cores)
    Executing up to 10 processes, one per physical core
  Building 40 actions with 10 processes...
  [1/40] Resource Default.rc2
  [2/40] Compile [x64] BuildSettings.cpp
  [3/40] Link [x64] UnrealObjectPtrTool-BuildSettings.lib
     Creating library ..\Intermediate\Build\Win64\x64\UnrealObjectPtrTool\Development\BuildSettings\UnrealObjectPtrTool-BuildSettings.lib and object ..\Intermediate\Build\Win64\x64\UnrealObjectPtrTool\Development\BuildSettings\UnrealObjectPtrTool-BuildSettings.exp
  [4/40] Link [x64] UnrealObjectPtrTool-BuildSettings.dll
     Creating library ..\Intermediate\Build\Win64\x64\UnrealObjectPtrTool\Development\BuildSettings\UnrealObjectPtrTool-BuildSettings.suppressed.lib and object ..\Intermediate\Build\Win64\x64\UnrealObjectPtrTool\Development\BuildSettings\UnrealObjectPtrTool-BuildSettings.suppressed.exp
  [5/40] Compile [x64] MiMalloc.c
  [6/40] Compile [x64] Module.TraceLog.cpp
  [7/40] Link [x64] UnrealObjectPtrTool-TraceLog.lib
     Creating library ..\Intermediate\Build\Win64\x64\UnrealObjectPtrTool\Development\TraceLog\UnrealObjectPtrTool-TraceLog.lib and object ..\Intermediate\Build\Win64\x64\UnrealObjectPtrTool\Development\TraceLog\UnrealObjectPtrTool-TraceLog.exp
  [8/40] Link [x64] UnrealObjectPtrTool-TraceLog.dll
     Creating library ..\Intermediate\Build\Win64\x64\UnrealObjectPtrTool\Development\TraceLog\UnrealObjectPtrTool-TraceLog.suppressed.lib and object ..\Intermediate\Build\Win64\x64\UnrealObjectPtrTool\Development\TraceLog\UnrealObjectPtrTool-TraceLog.suppressed.exp
  [9/40] Compile [x64] SharedPCH.Core.ShadowErrors.TypeCastErrors.cpp
  [10/40] Compile [x64] PCH.Core.cpp
  [11/40] Compile [x64] Module.Core.17_of_17.cpp
  [12/40] Compile [x64] UnrealObjectPtrTool.cpp
  [13/40] Compile [x64] Module.Core.2_of_17.cpp
  [14/40] Compile [x64] Module.Projects.cpp
  [15/40] Compile [x64] Module.Json.cpp
  [16/40] Compile [x64] Module.Core.4_of_17.cpp
  [17/40] Compile [x64] Module.Core.7_of_17.cpp
  [18/40] Compile [x64] Module.Core.16_of_17.cpp
  [19/40] Compile [x64] Module.Core.11_of_17.cpp
  [20/40] Compile [x64] Module.Core.3_of_17.cpp
  [21/40] Compile [x64] Module.Core.10_of_17.cpp
  [22/40] Compile [x64] Module.Core.5_of_17.cpp
  [23/40] Link [x64] UnrealObjectPtrTool.lib
     Creating library ..\Intermediate\Build\Win64\x64\UnrealObjectPtrTool\Development\UnrealObjectPtrTool.lib and object ..\Intermediate\Build\Win64\x64\UnrealObjectPtrTool\Development\UnrealObjectPtrTool.exp
  [24/40] Link [x64] UnrealObjectPtrTool-Projects.lib
     Creating library ..\Intermediate\Build\Win64\x64\UnrealObjectPtrTool\Development\Projects\UnrealObjectPtrTool-Projects.lib and object ..\Intermediate\Build\Win64\x64\UnrealObjectPtrTool\Development\Projects\UnrealObjectPtrTool-Projects.exp
  [25/40] Link [x64] UnrealObjectPtrTool-Json.lib
     Creating library ..\Intermediate\Build\Win64\x64\UnrealObjectPtrTool\Development\Json\UnrealObjectPtrTool-Json.lib and object ..\Intermediate\Build\Win64\x64\UnrealObjectPtrTool\Development\Json\UnrealObjectPtrTool-Json.exp
  [26/40] Compile [x64] Module.Core.15_of_17.cpp
  [27/40] Compile [x64] Module.Core.6_of_17.cpp
  [28/40] Compile [x64] Module.Core.1_of_17.cpp
  [29/40] Compile [x64] Module.Core.9_of_17.cpp
  [30/40] Compile [x64] Module.Core.8_of_17.cpp
  [31/40] Compile [x64] Module.Core.12_of_17.cpp
  [32/40] Compile [x64] Module.Core.14_of_17.cpp
  [33/40] Compile [x64] Module.Core.13_of_17.cpp
  [34/40] Link [x64] UnrealObjectPtrTool-Core.lib
     Creating library ..\Intermediate\Build\Win64\x64\UnrealObjectPtrTool\Development\Core\UnrealObjectPtrTool-Core.lib and object ..\Intermediate\Build\Win64\x64\UnrealObjectPtrTool\Development\Core\UnrealObjectPtrTool-Core.exp
  [35/40] Link [x64] UnrealObjectPtrTool-Json.dll
     Creating library ..\Intermediate\Build\Win64\x64\UnrealObjectPtrTool\Development\Json\UnrealObjectPtrTool-Json.suppressed.lib and object ..\Intermediate\Build\Win64\x64\UnrealObjectPtrTool\Development\Json\UnrealObjectPtrTool-Json.suppressed.exp
  [36/40] Link [x64] UnrealObjectPtrTool.exe
  [37/40] Link [x64] UnrealObjectPtrTool-Projects.dll
     Creating library ..\Intermediate\Build\Win64\x64\UnrealObjectPtrTool\Development\Projects\UnrealObjectPtrTool-Projects.suppressed.lib and object ..\Intermediate\Build\Win64\x64\UnrealObjectPtrTool\Development\Projects\UnrealObjectPtrTool-Projects.suppressed.exp
  [38/40] Link [x64] UnrealObjectPtrTool-Core.dll
     Creating library ..\Intermediate\Build\Win64\x64\UnrealObjectPtrTool\Development\Core\UnrealObjectPtrTool-Core.suppressed.lib and object ..\Intermediate\Build\Win64\x64\UnrealObjectPtrTool\Development\Core\UnrealObjectPtrTool-Core.suppressed.exp
  [39/40] WriteMetadata UnrealObjectPtrTool.version
  [40/40] WriteMetadata UnrealObjectPtrTool.target
  Total time in Parallel executor: 55.23 seconds
  Total execution time: 759.61 seconds
