  Using bundled DotNet SDK version: 6.0.302
  Running UnrealBuildTool: dotnet "..\..\Engine\Binaries\DotNET\UnrealBuildTool\UnrealBuildTool.dll" UnrealVersionSelector Win64 Development -WaitMutex -FromMsBuild
  Log file: C:\Users\aleja\gamedev\Engine\UnrealEngine\Engine\Programs\UnrealBuildTool\Log.txt
  Using 'git status' to determine working set for adaptive non-unity build (C:\Users\aleja\gamedev\Engine\UnrealEngine).
  Creating makefile for UnrealVersionSelector (no existing makefile)
  Waiting for 'git status' command to complete
  Building UnrealVersionSelector...
  Using Visual Studio 2022 14.34.31946 toolchain (C:\Program Files\Microsoft Visual Studio\2022\Community\VC\Tools\MSVC\14.34.31933) and Windows 10.0.22621.0 SDK (C:\Program Files (x86)\Windows Kits\10).
  Determining max actions to execute in parallel (10 physical cores, 20 logical cores)
    Executing up to 10 processes, one per physical core
  Building 31 actions with 10 processes...
  [1/31] Resource Resource.rc
  [2/31] Compile [x64] BuildSettings.cpp
  [3/31] Compile [x64] MiMalloc.c
  [4/31] Compile [x64] Module.TraceLog.cpp
  [5/31] Compile [x64] SharedPCH.Core.ShadowErrors.TypeCastErrors.cpp
  [6/31] Compile [x64] SharedPCH.Core.ShadowErrors.cpp
  [7/31] Compile [x64] PCH.Core.cpp
  [8/31] Compile [x64] Module.Projects.cpp
  [9/31] Compile [x64] Module.UnrealVersionSelector.cpp
  [10/31] Compile [x64] Module.DesktopPlatform.cpp
  [11/31] Compile [x64] Module.Json.cpp
  [12/31] Compile [x64] Module.ApplicationCore.cpp
  [13/31] Compile [x64] Module.Core.10_of_17.cpp
  [14/31] Compile [x64] Module.Core.8_of_17.cpp
  [15/31] Compile [x64] Module.Core.11_of_17.cpp
  [16/31] Compile [x64] Module.Core.9_of_17.cpp
  [17/31] Compile [x64] Module.Core.17_of_17.cpp
  [18/31] Compile [x64] Module.Core.1_of_17.cpp
  [19/31] Compile [x64] Module.Core.7_of_17.cpp
  [20/31] Compile [x64] Module.Core.5_of_17.cpp
  [21/31] Compile [x64] Module.Core.4_of_17.cpp
  [22/31] Compile [x64] Module.Core.2_of_17.cpp
  [23/31] Compile [x64] Module.Core.16_of_17.cpp
  [24/31] Compile [x64] Module.Core.3_of_17.cpp
  [25/31] Compile [x64] Module.Core.15_of_17.cpp
  [26/31] Compile [x64] Module.Core.12_of_17.cpp
  [27/31] Compile [x64] Module.Core.13_of_17.cpp
  [28/31] Compile [x64] Module.Core.6_of_17.cpp
  [29/31] Compile [x64] Module.Core.14_of_17.cpp
  [30/31] Link [x64] UnrealVersionSelector.exe
  [31/31] WriteMetadata UnrealVersionSelector.target
  Total time in Parallel executor: 45.90 seconds
  Total execution time: 199.88 seconds
