  Using bundled DotNet SDK version: 6.0.302
  Running UnrealBuildTool: dotnet "..\..\Engine\Binaries\DotNET\UnrealBuildTool\UnrealBuildTool.dll" UnrealLightmass Win64 Development -WaitMutex -FromMsBuild
  Log file: C:\Users\aleja\gamedev\Engine\UnrealEngine\Engine\Programs\UnrealBuildTool\Log.txt
  Using 'git status' to determine working set for adaptive non-unity build (C:\Users\aleja\gamedev\Engine\UnrealEngine).
  Creating makefile for UnrealLightmass (no existing makefile)
  Parsing headers for UnrealLightmass
    Running Internal UnrealHeaderTool C:\Users\aleja\gamedev\Engine\UnrealEngine\Engine\Programs\UnrealLightmass\UnrealLightmass.uproject C:\Users\aleja\gamedev\Engine\UnrealEngine\Engine\Intermediate\Build\Win64\UnrealLightmass\Development\UnrealLightmass.uhtmanifest -WarningsAsErrors
  Total of 17 written
  Reflection code generated for UnrealLightmass in 0.3904129 seconds
  Waiting for 'git status' command to complete
  Building UnrealLightmass...
  Using Visual Studio 2022 14.34.31946 toolchain (C:\Program Files\Microsoft Visual Studio\2022\Community\VC\Tools\MSVC\14.34.31933) and Windows 10.0.22621.0 SDK (C:\Program Files (x86)\Windows Kits\10).
  [Upgrade]
  [Upgrade] Using backward-compatible include order. The latest version of UE has changed the order of includes, which may require code changes. The current setting is:
  [Upgrade]     IncludeOrderVersion = EngineIncludeOrderVersion.Unreal5_0
  [Upgrade] Suppress this message by setting 'IncludeOrderVersion = EngineIncludeOrderVersion.Unreal5_2;' in UnrealLightmass.Target.cs.
  [Upgrade] Alternatively you can set this to 'EngineIncludeOrderVersion.Latest' to always use the latest include order. This will potentially cause compile errors when integrating new versions of the engine.
  [Upgrade]
  Determining max actions to execute in parallel (10 physical cores, 20 logical cores)
    Executing up to 10 processes, one per physical core
    Requested 1.5 GB free memory per action, 4.14 GB available: limiting max parallel actions to 2
  Building 98 actions with 2 processes...
  [1/98] Resource Default.rc2
  [2/98] Compile [x64] PCH.Core.cpp
  [3/98] Compile [x64] PCH.CoreUObject.cpp
  [4/98] Compile [x64] SharedPCH.Core.ShadowErrors.TypeCastErrors.cpp
  [5/98] Compile [x64] MiMalloc.c
  [6/98] Compile [x64] Module.TraceLog.cpp
  [7/98] Compile [x64] SharedPCH.CoreUObject.ShadowErrors.cpp
  [8/98] Compile [x64] SharedPCH.CoreUObject.ShadowErrors.TypeCastErrors.cpp
  [9/98] Compile [x64] BuildSettings.cpp
  [10/98] Compile [x64] SharedPCH.Core.ShadowErrors.cpp
  [11/98] Compile [x64] Module.UnrealLightmass.3_of_3.cpp
  [12/98] Compile [x64] Module.UnrealLightmass.1_of_3.cpp
  [13/98] Copy tbbmalloc.dll
  [14/98] Compile [x64] Module.UnrealLightmass.2_of_3.cpp
  [15/98] Compile [x64] Module.Core.1_of_17.cpp
  [16/98] Compile [x64] Module.Core.5_of_17.cpp
  [17/98] Compile [x64] Module.Core.11_of_17.cpp
  [18/98] Compile [x64] Module.Core.15_of_17.cpp
  [19/98] Compile [x64] Module.Core.12_of_17.cpp
  [20/98] Compile [x64] Module.Core.2_of_17.cpp
  [21/98] Compile [x64] Module.Core.17_of_17.cpp
  [22/98] Compile [x64] Module.Core.13_of_17.cpp
  [23/98] Compile [x64] Module.Core.3_of_17.cpp
  [24/98] Compile [x64] Module.Core.7_of_17.cpp
  [25/98] Compile [x64] Module.Core.16_of_17.cpp
  [26/98] Compile [x64] Module.Core.14_of_17.cpp
  [27/98] Compile [x64] Module.Core.4_of_17.cpp
  [28/98] Compile [x64] Module.Core.9_of_17.cpp
  [29/98] Compile [x64] Module.Core.10_of_17.cpp
  [30/98] Compile [x64] Module.Core.8_of_17.cpp
  [31/98] Compile [x64] Module.CoreUObject.1_of_12.cpp
  [32/98] Compile [x64] Module.CoreUObject.9_of_12.cpp
  [33/98] Compile [x64] Module.Core.6_of_17.cpp
  [34/98] Compile [x64] Module.CoreUObject.6_of_12.cpp
  [35/98] Compile [x64] Module.CoreUObject.12_of_12.cpp
  [36/98] Compile [x64] Module.CoreUObject.7_of_12.cpp
  [37/98] Compile [x64] Module.CoreUObject.5_of_12.cpp
  [38/98] Compile [x64] Module.CoreUObject.4_of_12.cpp
  [39/98] Compile [x64] Module.CoreUObject.2_of_12.cpp
  [40/98] Compile [x64] Module.CoreUObject.10_of_12.cpp
  [41/98] Compile [x64] Module.CoreUObject.3_of_12.cpp
  [42/98] Compile [x64] Module.CoreUObject.8_of_12.cpp
  [43/98] Compile [x64] Module.CoreUObject.11_of_12.cpp
  [44/98] Compile [x64] Module.Json.cpp
  [45/98] Compile [x64] Module.Sockets.cpp
  [46/98] Compile [x64] Module.Cbor.cpp
  [47/98] Compile [x64] Module.SSL.cpp
  [48/98] Compile [x64] Module.Projects.cpp
  [49/98] Compile [x64] Module.Zen.cpp
  [50/98] Compile [x64] NetCommonModule.cpp
  [51/98] Compile [x64] Module.ApplicationCore.cpp
  [52/98] Compile [x64] Module.DerivedDataCache.1_of_2.cpp
  [53/98] Link [x64] UnrealLightmass-TraceLog.lib
     Creating library ..\Intermediate\Build\Win64\x64\UnrealLightmass\Development\TraceLog\UnrealLightmass-TraceLog.lib and object ..\Intermediate\Build\Win64\x64\UnrealLightmass\Development\TraceLog\UnrealLightmass-TraceLog.exp
  [54/98] Link [x64] UnrealLightmass-TraceLog.dll
     Creating library ..\Intermediate\Build\Win64\x64\UnrealLightmass\Development\TraceLog\UnrealLightmass-TraceLog.suppressed.lib and object ..\Intermediate\Build\Win64\x64\UnrealLightmass\Development\TraceLog\UnrealLightmass-TraceLog.suppressed.exp
  [55/98] Compile [x64] Module.Messaging.cpp
  [56/98] Compile [x64] Module.DerivedDataCache.2_of_2.cpp
  [57/98] Compile [x64] Module.SwarmInterface.cpp
  [58/98] Compile [x64] Module.UdpMessaging.cpp
  [59/98] Link [x64] UnrealLightmass-BuildSettings.lib
     Creating library ..\Intermediate\Build\Win64\x64\UnrealLightmass\Development\BuildSettings\UnrealLightmass-BuildSettings.lib and object ..\Intermediate\Build\Win64\x64\UnrealLightmass\Development\BuildSettings\UnrealLightmass-BuildSettings.exp
  [60/98] Link [x64] UnrealLightmass-BuildSettings.dll
     Creating library ..\Intermediate\Build\Win64\x64\UnrealLightmass\Development\BuildSettings\UnrealLightmass-BuildSettings.suppressed.lib and object ..\Intermediate\Build\Win64\x64\UnrealLightmass\Development\BuildSettings\UnrealLightmass-BuildSettings.suppressed.exp
  [61/98] Compile [x64] Module.Networking.cpp
  [62/98] Link [x64] UnrealLightmass.lib
     Creating library ..\Intermediate\Build\Win64\x64\UnrealLightmass\Development\UnrealLightmass.lib and object ..\Intermediate\Build\Win64\x64\UnrealLightmass\Development\UnrealLightmass.exp
  [63/98] Link [x64] UnrealLightmass-Core.lib
     Creating library ..\Intermediate\Build\Win64\x64\UnrealLightmass\Development\Core\UnrealLightmass-Core.lib and object ..\Intermediate\Build\Win64\x64\UnrealLightmass\Development\Core\UnrealLightmass-Core.exp
  [64/98] Link [x64] UnrealLightmass-CoreUObject.lib
     Creating library ..\Intermediate\Build\Win64\x64\UnrealLightmass\Development\CoreUObject\UnrealLightmass-CoreUObject.lib and object ..\Intermediate\Build\Win64\x64\UnrealLightmass\Development\CoreUObject\UnrealLightmass-CoreUObject.exp
  [65/98] Compile [x64] Module.Serialization.cpp
  [66/98] Link [x64] UnrealLightmass-Json.lib
     Creating library ..\Intermediate\Build\Win64\x64\UnrealLightmass\Development\Json\UnrealLightmass-Json.lib and object ..\Intermediate\Build\Win64\x64\UnrealLightmass\Development\Json\UnrealLightmass-Json.exp
  [67/98] Link [x64] UnrealLightmass-Sockets.lib
     Creating library ..\Intermediate\Build\Win64\x64\UnrealLightmass\Development\Sockets\UnrealLightmass-Sockets.lib and object ..\Intermediate\Build\Win64\x64\UnrealLightmass\Development\Sockets\UnrealLightmass-Sockets.exp
  [68/98] Link [x64] UnrealLightmass-Cbor.lib
     Creating library ..\Intermediate\Build\Win64\x64\UnrealLightmass\Development\Cbor\UnrealLightmass-Cbor.lib and object ..\Intermediate\Build\Win64\x64\UnrealLightmass\Development\Cbor\UnrealLightmass-Cbor.exp
  [69/98] Link [x64] UnrealLightmass-SSL.lib
     Creating library ..\Intermediate\Build\Win64\x64\UnrealLightmass\Development\SSL\UnrealLightmass-SSL.lib and object ..\Intermediate\Build\Win64\x64\UnrealLightmass\Development\SSL\UnrealLightmass-SSL.exp
  [70/98] Link [x64] UnrealLightmass-Projects.lib
     Creating library ..\Intermediate\Build\Win64\x64\UnrealLightmass\Development\Projects\UnrealLightmass-Projects.lib and object ..\Intermediate\Build\Win64\x64\UnrealLightmass\Development\Projects\UnrealLightmass-Projects.exp
  [71/98] Link [x64] UnrealLightmass-NetCommon.lib
     Creating library ..\Intermediate\Build\Win64\x64\UnrealLightmass\Development\NetCommon\UnrealLightmass-NetCommon.lib and object ..\Intermediate\Build\Win64\x64\UnrealLightmass\Development\NetCommon\UnrealLightmass-NetCommon.exp
  [72/98] Link [x64] UnrealLightmass-Zen.lib
     Creating library ..\Intermediate\Build\Win64\x64\UnrealLightmass\Development\Zen\UnrealLightmass-Zen.lib and object ..\Intermediate\Build\Win64\x64\UnrealLightmass\Development\Zen\UnrealLightmass-Zen.exp
  [73/98] Link [x64] UnrealLightmass-Messaging.lib
     Creating library ..\Intermediate\Build\Win64\x64\UnrealLightmass\Development\Messaging\UnrealLightmass-Messaging.lib and object ..\Intermediate\Build\Win64\x64\UnrealLightmass\Development\Messaging\UnrealLightmass-Messaging.exp
  [74/98] Link [x64] UnrealLightmass-ApplicationCore.lib
     Creating library ..\Intermediate\Build\Win64\x64\UnrealLightmass\Development\ApplicationCore\UnrealLightmass-ApplicationCore.lib and object ..\Intermediate\Build\Win64\x64\UnrealLightmass\Development\ApplicationCore\UnrealLightmass-ApplicationCore.exp
  [75/98] Link [x64] UnrealLightmass-SwarmInterface.lib
     Creating library ..\Intermediate\Build\Win64\x64\UnrealLightmass\Development\SwarmInterface\UnrealLightmass-SwarmInterface.lib and object ..\Intermediate\Build\Win64\x64\UnrealLightmass\Development\SwarmInterface\UnrealLightmass-SwarmInterface.exp
  [76/98] Link [x64] UnrealLightmass-DerivedDataCache.lib
     Creating library ..\Intermediate\Build\Win64\x64\UnrealLightmass\Development\DerivedDataCache\UnrealLightmass-DerivedDataCache.lib and object ..\Intermediate\Build\Win64\x64\UnrealLightmass\Development\DerivedDataCache\UnrealLightmass-DerivedDataCache.exp
  [77/98] Link [x64] UnrealLightmass-UdpMessaging.lib
     Creating library ..\Plugins\Messaging\UdpMessaging\Intermediate\Build\Win64\x64\UnrealLightmass\Development\UdpMessaging\UnrealLightmass-UdpMessaging.lib and object ..\Plugins\Messaging\UdpMessaging\Intermediate\Build\Win64\x64\UnrealLightmass\Development\UdpMessaging\UnrealLightmass-UdpMessaging.exp
  [78/98] Link [x64] UnrealLightmass-Networking.lib
     Creating library ..\Intermediate\Build\Win64\x64\UnrealLightmass\Development\Networking\UnrealLightmass-Networking.lib and object ..\Intermediate\Build\Win64\x64\UnrealLightmass\Development\Networking\UnrealLightmass-Networking.exp
  [79/98] Link [x64] UnrealLightmass-SSL.dll
     Creating library ..\Intermediate\Build\Win64\x64\UnrealLightmass\Development\SSL\UnrealLightmass-SSL.suppressed.lib and object ..\Intermediate\Build\Win64\x64\UnrealLightmass\Development\SSL\UnrealLightmass-SSL.suppressed.exp
  [80/98] Link [x64] UnrealLightmass-ApplicationCore.dll
     Creating library ..\Intermediate\Build\Win64\x64\UnrealLightmass\Development\ApplicationCore\UnrealLightmass-ApplicationCore.suppressed.lib and object ..\Intermediate\Build\Win64\x64\UnrealLightmass\Development\ApplicationCore\UnrealLightmass-ApplicationCore.suppressed.exp
  [81/98] Link [x64] UnrealLightmass-NetCommon.dll
     Creating library ..\Intermediate\Build\Win64\x64\UnrealLightmass\Development\NetCommon\UnrealLightmass-NetCommon.suppressed.lib and object ..\Intermediate\Build\Win64\x64\UnrealLightmass\Development\NetCommon\UnrealLightmass-NetCommon.suppressed.exp
  [82/98] Link [x64] UnrealLightmass-Json.dll
     Creating library ..\Intermediate\Build\Win64\x64\UnrealLightmass\Development\Json\UnrealLightmass-Json.suppressed.lib and object ..\Intermediate\Build\Win64\x64\UnrealLightmass\Development\Json\UnrealLightmass-Json.suppressed.exp
  [83/98] Link [x64] UnrealLightmass-Core.dll
     Creating library ..\Intermediate\Build\Win64\x64\UnrealLightmass\Development\Core\UnrealLightmass-Core.suppressed.lib and object ..\Intermediate\Build\Win64\x64\UnrealLightmass\Development\Core\UnrealLightmass-Core.suppressed.exp
  [84/98] Link [x64] UnrealLightmass-Cbor.dll
     Creating library ..\Intermediate\Build\Win64\x64\UnrealLightmass\Development\Cbor\UnrealLightmass-Cbor.suppressed.lib and object ..\Intermediate\Build\Win64\x64\UnrealLightmass\Development\Cbor\UnrealLightmass-Cbor.suppressed.exp
  [85/98] Link [x64] UnrealLightmass-Messaging.dll
     Creating library ..\Intermediate\Build\Win64\x64\UnrealLightmass\Development\Messaging\UnrealLightmass-Messaging.suppressed.lib and object ..\Intermediate\Build\Win64\x64\UnrealLightmass\Development\Messaging\UnrealLightmass-Messaging.suppressed.exp
  [86/98] Link [x64] UnrealLightmass-Serialization.lib
     Creating library ..\Intermediate\Build\Win64\x64\UnrealLightmass\Development\Serialization\UnrealLightmass-Serialization.lib and object ..\Intermediate\Build\Win64\x64\UnrealLightmass\Development\Serialization\UnrealLightmass-Serialization.exp
  [87/98] Link [x64] UnrealLightmass-SwarmInterface.dll
     Creating library ..\Intermediate\Build\Win64\x64\UnrealLightmass\Development\SwarmInterface\UnrealLightmass-SwarmInterface.suppressed.lib and object ..\Intermediate\Build\Win64\x64\UnrealLightmass\Development\SwarmInterface\UnrealLightmass-SwarmInterface.suppressed.exp
  [88/98] Link [x64] UnrealLightmass-Projects.dll
     Creating library ..\Intermediate\Build\Win64\x64\UnrealLightmass\Development\Projects\UnrealLightmass-Projects.suppressed.lib and object ..\Intermediate\Build\Win64\x64\UnrealLightmass\Development\Projects\UnrealLightmass-Projects.suppressed.exp
  [89/98] Link [x64] UnrealLightmass-Networking.dll
     Creating library ..\Intermediate\Build\Win64\x64\UnrealLightmass\Development\Networking\UnrealLightmass-Networking.suppressed.lib and object ..\Intermediate\Build\Win64\x64\UnrealLightmass\Development\Networking\UnrealLightmass-Networking.suppressed.exp
  [90/98] Link [x64] UnrealLightmass-Serialization.dll
     Creating library ..\Intermediate\Build\Win64\x64\UnrealLightmass\Development\Serialization\UnrealLightmass-Serialization.suppressed.lib and object ..\Intermediate\Build\Win64\x64\UnrealLightmass\Development\Serialization\UnrealLightmass-Serialization.suppressed.exp
  [91/98] Link [x64] UnrealLightmass-Sockets.dll
     Creating library ..\Intermediate\Build\Win64\x64\UnrealLightmass\Development\Sockets\UnrealLightmass-Sockets.suppressed.lib and object ..\Intermediate\Build\Win64\x64\UnrealLightmass\Development\Sockets\UnrealLightmass-Sockets.suppressed.exp
  [92/98] Link [x64] UnrealLightmass-Zen.dll
     Creating library ..\Intermediate\Build\Win64\x64\UnrealLightmass\Development\Zen\UnrealLightmass-Zen.suppressed.lib and object ..\Intermediate\Build\Win64\x64\UnrealLightmass\Development\Zen\UnrealLightmass-Zen.suppressed.exp
  [93/98] Link [x64] UnrealLightmass.exe
  [94/98] Link [x64] UnrealLightmass-DerivedDataCache.dll
     Creating library ..\Intermediate\Build\Win64\x64\UnrealLightmass\Development\DerivedDataCache\UnrealLightmass-DerivedDataCache.suppressed.lib and object ..\Intermediate\Build\Win64\x64\UnrealLightmass\Development\DerivedDataCache\UnrealLightmass-DerivedDataCache.suppressed.exp
  [95/98] Link [x64] UnrealLightmass-UdpMessaging.dll
     Creating library ..\Plugins\Messaging\UdpMessaging\Intermediate\Build\Win64\x64\UnrealLightmass\Development\UdpMessaging\UnrealLightmass-UdpMessaging.suppressed.lib and object ..\Plugins\Messaging\UdpMessaging\Intermediate\Build\Win64\x64\UnrealLightmass\Development\UdpMessaging\UnrealLightmass-UdpMessaging.suppressed.exp
  [96/98] Link [x64] UnrealLightmass-CoreUObject.dll
     Creating library ..\Intermediate\Build\Win64\x64\UnrealLightmass\Development\CoreUObject\UnrealLightmass-CoreUObject.suppressed.lib and object ..\Intermediate\Build\Win64\x64\UnrealLightmass\Development\CoreUObject\UnrealLightmass-CoreUObject.suppressed.exp
  [97/98] WriteMetadata UnrealLightmass.version
  [98/98] WriteMetadata UnrealLightmass.target
  Total time in Parallel executor: 153.30 seconds
  Total execution time: 1547.12 seconds
