  Using bundled DotNet SDK version: 6.0.302
  Running UnrealBuildTool: dotnet "..\..\Engine\Binaries\DotNET\UnrealBuildTool\UnrealBuildTool.dll" UnrealFrontend Win64 Development -WaitMutex -FromMsBuild
  Log file: C:\Users\aleja\gamedev\Engine\UnrealEngine\Engine\Programs\UnrealBuildTool\Log.txt
  Using 'git status' to determine working set for adaptive non-unity build (C:\Users\aleja\gamedev\Engine\UnrealEngine).
  Creating makefile for UnrealFrontend (no existing makefile)
  Waiting for 'git status' command to complete
  Building UnrealFrontend...
  Using Visual Studio 2022 14.34.31946 toolchain (C:\Program Files\Microsoft Visual Studio\2022\Community\VC\Tools\MSVC\14.34.31933) and Windows 10.0.22621.0 SDK (C:\Program Files (x86)\Windows Kits\10).
  [Upgrade]
  [Upgrade] Using backward-compatible include order. The latest version of UE has changed the order of includes, which may require code changes. The current setting is:
  [Upgrade]     IncludeOrderVersion = EngineIncludeOrderVersion.Unreal5_0
  [Upgrade] Suppress this message by setting 'IncludeOrderVersion = EngineIncludeOrderVersion.Unreal5_2;' in UnrealFrontend.Target.cs.
  [Upgrade] Alternatively you can set this to 'EngineIncludeOrderVersion.Latest' to always use the latest include order. This will potentially cause compile errors when integrating new versions of the engine.
  [Upgrade]
  Determining max actions to execute in parallel (10 physical cores, 20 logical cores)
    Executing up to 10 processes, one per physical core
    Requested 1.5 GB free memory per action, 10.2 GB available: limiting max parallel actions to 6
  Building 341 actions with 6 processes...
  [1/341] Compile [x64] MiMalloc.c
  [2/341] Compile [x64] SharedPCH.Core.ShadowErrors.cpp
  [3/341] Compile [x64] SharedPCH.Core.ShadowErrors.TypeCastErrors.cpp
  [4/341] Compile [x64] PCH.Core.cpp
  [5/341] Compile [x64] SharedPCH.CoreUObject.ShadowErrors.cpp
  [6/341] Compile [x64] preprocessor.c
  [7/341] Compile [x64] Module.TraceLog.cpp
  [8/341] Compile [x64] SharedPCH.Core.Exceptions.ShadowErrors.cpp
  [9/341] GenerateTLH dte80a.cpp
  [10/341] Compile [x64] PCH.CoreUObject.cpp
  [11/341] Compile [x64] SharedPCH.CoreUObject.ShadowErrors.TypeCastErrors.cpp
  [12/341] Compile [x64] SharedPCH.Core.ShadowErrors.TypeCastWarnings.cpp
  [13/341] Compile [x64] SharedPCH.Slate.ShadowErrors.cpp
  [14/341] Compile [x64] Module.RenderCore.5_of_5.cpp
  [15/341] Compile [x64] Module.RenderCore.1_of_5.cpp
  [16/341] Compile [x64] Module.UnrealFrontend.cpp
  [17/341] Compile [x64] Module.RenderCore.2_of_5.cpp
  [18/341] Compile [x64] TextureBuildFunction.cpp
  [19/341] Compile [x64] Module.Networking.cpp
  [20/341] Compile [x64] Module.RenderCore.4_of_5.cpp
  [21/341] Compile [x64] TextureFormatManagerModule.cpp
  [22/341] Compile [x64] Module.RenderCore.3_of_5.cpp
  [23/341] Compile [x64] Module.RHI.2_of_2.cpp
  [24/341] Compile [x64] Module.ColorManagement.cpp
  [25/341] Compile [x64] TextureBuildUtilities.cpp
  [26/341] Compile [x64] ShaderPreprocessor.cpp
  [27/341] Compile [x64] Module.UELibSampleRate.cpp
  [28/341] Compile [x64] TextureCompressorModule.cpp
  [29/341] Compile [x64] TextureFormatIntelISPCTexComp.cpp
  [30/341] Compile [x64] TextureFormatETC2.cpp
  [31/341] Compile [x64] Module.RHI.1_of_2.cpp
  [32/341] Compile [x64] Module.HTTP.cpp
  [33/341] Compile [x64] LinuxArm64TargetPlatformModule.cpp
  [34/341] Compile [x64] AndroidDeviceDetectionModule.cpp
  [35/341] Compile [x64] TextureFormatASTC.cpp
  [36/341] Compile [x64] TextureFormatDXT.cpp
  [37/341] Compile [x64] TextureFormatUncompressed.cpp
  [38/341] Compile [x64] Module.ShaderCompilerCommon.cpp
  [39/341] Compile [x64] Module.ShaderFormatD3D.cpp
  [40/341] Compile [x64] Module.DesktopPlatform.cpp
  [41/341] Compile [x64] Module.Json.cpp
  [42/341] Compile [x64] Module.VulkanShaderFormat.cpp
  [43/341] Compile [x64] Module.Sockets.cpp
  [44/341] Compile [x64] Module.SSL.cpp
  [45/341] Compile [x64] Module.Projects.cpp
  [46/341] Compile [x64] Module.ShaderFormatOpenGL.cpp
  [47/341] Compile [x64] Module.Cbor.cpp
  [48/341] Compile [x64] Module.ApplicationCore.cpp
  [49/341] Compile [x64] NetCommonModule.cpp
  [50/341] Compile [x64] Module.Analytics.cpp
  [51/341] Compile [x64] Module.Zen.cpp
  [52/341] Compile [x64] Module.DirectoryWatcher.cpp
  [53/341] Compile [x64] Module.DerivedDataCache.2_of_2.cpp
  [54/341] Compile [x64] Module.Core.2_of_17.cpp
  [55/341] Compile [x64] Module.Core.16_of_17.cpp
  [56/341] Compile [x64] Module.DerivedDataCache.1_of_2.cpp
  [57/341] Compile [x64] Module.Core.10_of_17.cpp
  [58/341] Compile [x64] Module.Core.9_of_17.cpp
  [59/341] Compile [x64] Module.Core.17_of_17.cpp
  [60/341] Compile [x64] Module.Core.11_of_17.cpp
  [61/341] Compile [x64] Module.Core.1_of_17.cpp
  [62/341] Compile [x64] Module.Core.15_of_17.cpp
  [63/341] Compile [x64] Module.Core.7_of_17.cpp
  [64/341] Compile [x64] Module.Core.4_of_17.cpp
  [65/341] Compile [x64] Module.Core.12_of_17.cpp
  [66/341] Compile [x64] Module.Core.5_of_17.cpp
  [67/341] Compile [x64] Module.Core.3_of_17.cpp
  [68/341] Compile [x64] Module.Core.6_of_17.cpp
  [69/341] Compile [x64] Module.Core.8_of_17.cpp
  [70/341] Compile [x64] Module.SlateCore.2_of_4.cpp
  [71/341] Compile [x64] Module.Core.14_of_17.cpp
  [72/341] Compile [x64] Module.SlateCore.1_of_4.cpp
  [73/341] Compile [x64] Module.SlateCore.4_of_4.cpp
  [74/341] Compile [x64] Module.Core.13_of_17.cpp
  [75/341] Compile [x64] Module.Slate.3_of_6.cpp
  [76/341] Compile [x64] Module.Slate.5_of_6.cpp
  [77/341] Compile [x64] Module.SlateCore.3_of_4.cpp
  [78/341] Compile [x64] Module.ImageCore.cpp
  [79/341] Compile [x64] Module.DeveloperSettings.cpp
  [80/341] Compile [x64] Module.Slate.2_of_6.cpp
  [81/341] Compile [x64] Module.JsonUtilities.cpp
  [82/341] Compile [x64] Module.AudioPlatformConfiguration.cpp
  [83/341] Compile [x64] Module.Slate.4_of_6.cpp
  [84/341] Compile [x64] Module.AutomationTest.cpp
  [85/341] Compile [x64] Module.UnrealEdMessages.cpp
  [86/341] Compile [x64] Module.AutomationMessages.cpp
  [87/341] Compile [x64] Module.Slate.6_of_6.cpp
  [88/341] Compile [x64] Module.Settings.cpp
  [89/341] Compile [x64] Module.AutomationController.cpp
  [90/341] Compile [x64] Module.Slate.1_of_6.cpp
  [91/341] Compile [x64] Module.EngineSettings.cpp
  [92/341] Compile [x64] Module.SessionMessages.cpp
  [93/341] Compile [x64] Module.Messaging.cpp
  [94/341] Compile [x64] Module.DeveloperToolSettings.cpp
  [95/341] Compile [x64] Module.SessionServices.cpp
  [96/341] Compile [x64] Module.LauncherServices.cpp
  [97/341] Compile [x64] Module.EngineMessages.cpp
  [98/341] Compile [x64] Module.PIEPreviewDeviceSpecification.cpp
  [99/341] Compile [x64] Module.TcpMessaging.cpp
  [100/341] Compile [x64] Module.ProfilerClient.cpp
  [101/341] Compile [x64] Module.ProfilerMessages.cpp
  [102/341] Compile [x64] Module.TargetDeviceServices.cpp
  [103/341] Compile [x64] Module.LinuxTargetPlatform.cpp
  [104/341] Compile [x64] Module.WindowsTargetPlatform.cpp
  [105/341] Link [x64] UnrealFrontend-TraceLog.lib
     Creating library ..\Intermediate\Build\Win64\x64\UnrealFrontend\Development\TraceLog\UnrealFrontend-TraceLog.lib and object ..\Intermediate\Build\Win64\x64\UnrealFrontend\Development\TraceLog\UnrealFrontend-TraceLog.exp
  [106/341] Link [x64] UnrealFrontend-TraceLog.dll
     Creating library ..\Intermediate\Build\Win64\x64\UnrealFrontend\Development\TraceLog\UnrealFrontend-TraceLog.suppressed.lib and object ..\Intermediate\Build\Win64\x64\UnrealFrontend\Development\TraceLog\UnrealFrontend-TraceLog.suppressed.exp
  [107/341] Compile [x64] Module.UdpMessaging.cpp
  [108/341] Touch dte80a.tlh
  [109/341] Compile [x64] Module.StandaloneRenderer.cpp
  [110/341] Compile [x64] Module.ShaderFormatVectorVM.cpp
  [111/341] Compile [x64] Module.HoloLensTargetPlatform.cpp
  [112/341] Compile [x64] Module.VectorVM.cpp
  [113/341] Compile [x64] Module.CoreUObject.4_of_12.cpp
  [114/341] Compile [x64] Module.ImageWrapper.cpp
  [115/341] Compile [x64] Module.CoreUObject.8_of_12.cpp
  [116/341] Compile [x64] Module.CoreUObject.11_of_12.cpp
  [117/341] Compile [x64] Module.CoreUObject.2_of_12.cpp
  [118/341] Compile [x64] Module.CoreUObject.10_of_12.cpp
  [119/341] Compile [x64] Module.CoreUObject.1_of_12.cpp
  [120/341] Compile [x64] Module.CoreUObject.3_of_12.cpp
  [121/341] Compile [x64] Module.CoreUObject.9_of_12.cpp
  [122/341] Compile [x64] Module.CoreUObject.12_of_12.cpp
  [123/341] Compile [x64] Module.CoreUObject.6_of_12.cpp
  [124/341] Compile [x64] Module.AndroidTargetPlatform.cpp
  [125/341] Compile [x64] Module.InputCore.cpp
  [126/341] Compile [x64] Module.CookOnTheFly.cpp
  [127/341] Compile [x64] Module.Serialization.cpp
  [128/341] Compile [x64] Module.TargetPlatform.cpp
  [129/341] Compile [x64] WorkspaceMenuStructureModule.cpp
  [130/341] Compile [x64] Module.SourceCodeAccess.cpp
  [131/341] Compile [x64] Module.CoreUObject.5_of_12.cpp
  [132/341] Compile [x64] Module.ScreenShotComparisonTools.cpp
  [133/341] Compile [x64] Module.ToolWidgets.cpp
  [134/341] Compile [x64] Module.ToolMenus.cpp
  [135/341] Compile [x64] Module.MessageLog.cpp
  [136/341] Compile [x64] Module.TurnkeyIO.cpp
  [137/341] Compile [x64] Module.AssetRegistry.cpp
  [138/341] Compile [x64] Module.SourceControl.cpp
  [139/341] Compile [x64] Module.DesktopWidgets.cpp
  [140/341] Compile [x64] Module.CoreUObject.7_of_12.cpp
  [141/341] Compile [x64] Module.OutputLog.cpp
  [142/341] Compile [x64] Module.AutomationWindow.cpp
  [143/341] Compile [x64] Module.SessionFrontend.cpp
  [144/341] Compile [x64] Module.ScreenShotComparison.cpp
  [145/341] Compile [x64] Module.Profiler.cpp
  [146/341] Link [x64] UnrealFrontend.lib
     Creating library ..\Intermediate\Build\Win64\x64\UnrealFrontend\Development\UnrealFrontend.lib and object ..\Intermediate\Build\Win64\x64\UnrealFrontend\Development\UnrealFrontend.exp
  [147/341] Link [x64] UnrealFrontend-TextureBuild.lib
     Creating library ..\Intermediate\Build\Win64\x64\UnrealFrontend\Development\TextureBuild\UnrealFrontend-TextureBuild.lib and object ..\Intermediate\Build\Win64\x64\UnrealFrontend\Development\TextureBuild\UnrealFrontend-TextureBuild.exp
  [148/341] Link [x64] UnrealFrontend-Networking.lib
     Creating library ..\Intermediate\Build\Win64\x64\UnrealFrontend\Development\Networking\UnrealFrontend-Networking.lib and object ..\Intermediate\Build\Win64\x64\UnrealFrontend\Development\Networking\UnrealFrontend-Networking.exp
  [149/341] Link [x64] UnrealFrontend-TextureFormat.lib
     Creating library ..\Intermediate\Build\Win64\x64\UnrealFrontend\Development\TextureFormat\UnrealFrontend-TextureFormat.lib and object ..\Intermediate\Build\Win64\x64\UnrealFrontend\Development\TextureFormat\UnrealFrontend-TextureFormat.exp
  [150/341] Compile [x64] Module.TurnkeySupport.cpp
  [151/341] Link [x64] UnrealFrontend-ColorManagement.lib
     Creating library ..\Intermediate\Build\Win64\x64\UnrealFrontend\Development\ColorManagement\UnrealFrontend-ColorManagement.lib and object ..\Intermediate\Build\Win64\x64\UnrealFrontend\Development\ColorManagement\UnrealFrontend-ColorManagement.exp
  [152/341] Link [x64] UnrealFrontend-TextureBuildUtilities.lib
     Creating library ..\Intermediate\Build\Win64\x64\UnrealFrontend\Development\TextureBuildUtilities\UnrealFrontend-TextureBuildUtilities.lib and object ..\Intermediate\Build\Win64\x64\UnrealFrontend\Development\TextureBuildUtilities\UnrealFrontend-TextureBuildUtilities.exp
  [153/341] Link [x64] UnrealFrontend-RenderCore.lib
     Creating library ..\Intermediate\Build\Win64\x64\UnrealFrontend\Development\RenderCore\UnrealFrontend-RenderCore.lib and object ..\Intermediate\Build\Win64\x64\UnrealFrontend\Development\RenderCore\UnrealFrontend-RenderCore.exp
  [154/341] Link [x64] UnrealFrontend-ShaderPreprocessor.lib
     Creating library ..\Intermediate\Build\Win64\x64\UnrealFrontend\Development\ShaderPreprocessor\UnrealFrontend-ShaderPreprocessor.lib and object ..\Intermediate\Build\Win64\x64\UnrealFrontend\Development\ShaderPreprocessor\UnrealFrontend-ShaderPreprocessor.exp
  [155/341] Link [x64] UnrealFrontend-UELibSampleRate.lib
     Creating library ..\Intermediate\Build\Win64\x64\UnrealFrontend\Development\UELibSampleRate\UnrealFrontend-UELibSampleRate.lib and object ..\Intermediate\Build\Win64\x64\UnrealFrontend\Development\UELibSampleRate\UnrealFrontend-UELibSampleRate.exp
  [156/341] Link [x64] UnrealFrontend-TextureCompressor.lib
     Creating library ..\Intermediate\Build\Win64\x64\UnrealFrontend\Development\TextureCompressor\UnrealFrontend-TextureCompressor.lib and object ..\Intermediate\Build\Win64\x64\UnrealFrontend\Development\TextureCompressor\UnrealFrontend-TextureCompressor.exp
  [157/341] Link [x64] UnrealFrontend-TextureFormatIntelISPCTexComp.lib
     Creating library ..\Intermediate\Build\Win64\x64\UnrealFrontend\Development\TextureFormatIntelISPCTexComp\UnrealFrontend-TextureFormatIntelISPCTexComp.lib and object ..\Intermediate\Build\Win64\x64\UnrealFrontend\Development\TextureFormatIntelISPCTexComp\UnrealFrontend-TextureFormatIntelISPCTexComp.exp
  [158/341] Link [x64] UnrealFrontend-TextureFormatETC2.lib
     Creating library ..\Intermediate\Build\Win64\x64\UnrealFrontend\Development\TextureFormatETC2\UnrealFrontend-TextureFormatETC2.lib and object ..\Intermediate\Build\Win64\x64\UnrealFrontend\Development\TextureFormatETC2\UnrealFrontend-TextureFormatETC2.exp
  [159/341] Link [x64] UnrealFrontend-HTTP.lib
     Creating library ..\Intermediate\Build\Win64\x64\UnrealFrontend\Development\HTTP\UnrealFrontend-HTTP.lib and object ..\Intermediate\Build\Win64\x64\UnrealFrontend\Development\HTTP\UnrealFrontend-HTTP.exp
  [160/341] Link [x64] UnrealFrontend-RHI.lib
     Creating library ..\Intermediate\Build\Win64\x64\UnrealFrontend\Development\RHI\UnrealFrontend-RHI.lib and object ..\Intermediate\Build\Win64\x64\UnrealFrontend\Development\RHI\UnrealFrontend-RHI.exp
  [161/341] Link [x64] UnrealFrontend-LinuxArm64TargetPlatform.lib
     Creating library ..\Intermediate\Build\Win64\x64\UnrealFrontend\Development\LinuxArm64\LinuxArm64TargetPlatform\UnrealFrontend-LinuxArm64TargetPlatform.lib and object ..\Intermediate\Build\Win64\x64\UnrealFrontend\Development\LinuxArm64\LinuxArm64TargetPlatform\UnrealFrontend-LinuxArm64TargetPlatform.exp
  [162/341] Link [x64] UnrealFrontend-AndroidDeviceDetection.lib
     Creating library ..\Intermediate\Build\Win64\x64\UnrealFrontend\Development\Android\AndroidDeviceDetection\UnrealFrontend-AndroidDeviceDetection.lib and object ..\Intermediate\Build\Win64\x64\UnrealFrontend\Development\Android\AndroidDeviceDetection\UnrealFrontend-AndroidDeviceDetection.exp
  [163/341] Compile [x64] Module.DeviceManager.cpp
  [164/341] Link [x64] UnrealFrontend-TextureFormatASTC.lib
     Creating library ..\Intermediate\Build\Win64\x64\UnrealFrontend\Development\TextureFormatASTC\UnrealFrontend-TextureFormatASTC.lib and object ..\Intermediate\Build\Win64\x64\UnrealFrontend\Development\TextureFormatASTC\UnrealFrontend-TextureFormatASTC.exp
  [165/341] Link [x64] UnrealFrontend-TextureFormatDXT.lib
     Creating library ..\Intermediate\Build\Win64\x64\UnrealFrontend\Development\TextureFormatDXT\UnrealFrontend-TextureFormatDXT.lib and object ..\Intermediate\Build\Win64\x64\UnrealFrontend\Development\TextureFormatDXT\UnrealFrontend-TextureFormatDXT.exp
  [166/341] Link [x64] UnrealFrontend-TextureFormatUncompressed.lib
     Creating library ..\Intermediate\Build\Win64\x64\UnrealFrontend\Development\TextureFormatUncompressed\UnrealFrontend-TextureFormatUncompressed.lib and object ..\Intermediate\Build\Win64\x64\UnrealFrontend\Development\TextureFormatUncompressed\UnrealFrontend-TextureFormatUncompressed.exp
  [167/341] Link [x64] UnrealFrontend-ShaderCompilerCommon.lib
     Creating library ..\Intermediate\Build\Win64\x64\UnrealFrontend\Development\ShaderCompilerCommon\UnrealFrontend-ShaderCompilerCommon.lib and object ..\Intermediate\Build\Win64\x64\UnrealFrontend\Development\ShaderCompilerCommon\UnrealFrontend-ShaderCompilerCommon.exp
  [168/341] Link [x64] UnrealFrontend-ShaderFormatD3D.lib
     Creating library ..\Intermediate\Build\Win64\x64\UnrealFrontend\Development\ShaderFormatD3D\UnrealFrontend-ShaderFormatD3D.lib and object ..\Intermediate\Build\Win64\x64\UnrealFrontend\Development\ShaderFormatD3D\UnrealFrontend-ShaderFormatD3D.exp
  [169/341] Link [x64] UnrealFrontend-DesktopPlatform.lib
     Creating library ..\Intermediate\Build\Win64\x64\UnrealFrontend\Development\DesktopPlatform\UnrealFrontend-DesktopPlatform.lib and object ..\Intermediate\Build\Win64\x64\UnrealFrontend\Development\DesktopPlatform\UnrealFrontend-DesktopPlatform.exp
  [170/341] Link [x64] UnrealFrontend-Json.lib
     Creating library ..\Intermediate\Build\Win64\x64\UnrealFrontend\Development\Json\UnrealFrontend-Json.lib and object ..\Intermediate\Build\Win64\x64\UnrealFrontend\Development\Json\UnrealFrontend-Json.exp
  [171/341] Link [x64] UnrealFrontend-VulkanShaderFormat.lib
     Creating library ..\Intermediate\Build\Win64\x64\UnrealFrontend\Development\VulkanShaderFormat\UnrealFrontend-VulkanShaderFormat.lib and object ..\Intermediate\Build\Win64\x64\UnrealFrontend\Development\VulkanShaderFormat\UnrealFrontend-VulkanShaderFormat.exp
  [172/341] Link [x64] UnrealFrontend-Sockets.lib
     Creating library ..\Intermediate\Build\Win64\x64\UnrealFrontend\Development\Sockets\UnrealFrontend-Sockets.lib and object ..\Intermediate\Build\Win64\x64\UnrealFrontend\Development\Sockets\UnrealFrontend-Sockets.exp
  [173/341] Link [x64] UnrealFrontend-SSL.lib
     Creating library ..\Intermediate\Build\Win64\x64\UnrealFrontend\Development\SSL\UnrealFrontend-SSL.lib and object ..\Intermediate\Build\Win64\x64\UnrealFrontend\Development\SSL\UnrealFrontend-SSL.exp
  [174/341] Link [x64] UnrealFrontend-Projects.lib
     Creating library ..\Intermediate\Build\Win64\x64\UnrealFrontend\Development\Projects\UnrealFrontend-Projects.lib and object ..\Intermediate\Build\Win64\x64\UnrealFrontend\Development\Projects\UnrealFrontend-Projects.exp
  [175/341] Link [x64] UnrealFrontend-ShaderFormatOpenGL.lib
     Creating library ..\Intermediate\Build\Win64\x64\UnrealFrontend\Development\ShaderFormatOpenGL\UnrealFrontend-ShaderFormatOpenGL.lib and object ..\Intermediate\Build\Win64\x64\UnrealFrontend\Development\ShaderFormatOpenGL\UnrealFrontend-ShaderFormatOpenGL.exp
  [176/341] Link [x64] UnrealFrontend-Cbor.lib
     Creating library ..\Intermediate\Build\Win64\x64\UnrealFrontend\Development\Cbor\UnrealFrontend-Cbor.lib and object ..\Intermediate\Build\Win64\x64\UnrealFrontend\Development\Cbor\UnrealFrontend-Cbor.exp
  [177/341] Link [x64] UnrealFrontend-ApplicationCore.lib
     Creating library ..\Intermediate\Build\Win64\x64\UnrealFrontend\Development\ApplicationCore\UnrealFrontend-ApplicationCore.lib and object ..\Intermediate\Build\Win64\x64\UnrealFrontend\Development\ApplicationCore\UnrealFrontend-ApplicationCore.exp
  [178/341] Link [x64] UnrealFrontend-NetCommon.lib
     Creating library ..\Intermediate\Build\Win64\x64\UnrealFrontend\Development\NetCommon\UnrealFrontend-NetCommon.lib and object ..\Intermediate\Build\Win64\x64\UnrealFrontend\Development\NetCommon\UnrealFrontend-NetCommon.exp
  [179/341] Link [x64] UnrealFrontend-Analytics.lib
     Creating library ..\Intermediate\Build\Win64\x64\UnrealFrontend\Development\Analytics\UnrealFrontend-Analytics.lib and object ..\Intermediate\Build\Win64\x64\UnrealFrontend\Development\Analytics\UnrealFrontend-Analytics.exp
  [180/341] Link [x64] UnrealFrontend-Zen.lib
     Creating library ..\Intermediate\Build\Win64\x64\UnrealFrontend\Development\Zen\UnrealFrontend-Zen.lib and object ..\Intermediate\Build\Win64\x64\UnrealFrontend\Development\Zen\UnrealFrontend-Zen.exp
  [181/341] Link [x64] UnrealFrontend-DirectoryWatcher.lib
     Creating library ..\Intermediate\Build\Win64\x64\UnrealFrontend\Development\DirectoryWatcher\UnrealFrontend-DirectoryWatcher.lib and object ..\Intermediate\Build\Win64\x64\UnrealFrontend\Development\DirectoryWatcher\UnrealFrontend-DirectoryWatcher.exp
  [182/341] Link [x64] UnrealFrontend-DerivedDataCache.lib
     Creating library ..\Intermediate\Build\Win64\x64\UnrealFrontend\Development\DerivedDataCache\UnrealFrontend-DerivedDataCache.lib and object ..\Intermediate\Build\Win64\x64\UnrealFrontend\Development\DerivedDataCache\UnrealFrontend-DerivedDataCache.exp
  [183/341] Link [x64] UnrealFrontend-ImageCore.lib
     Creating library ..\Intermediate\Build\Win64\x64\UnrealFrontend\Development\ImageCore\UnrealFrontend-ImageCore.lib and object ..\Intermediate\Build\Win64\x64\UnrealFrontend\Development\ImageCore\UnrealFrontend-ImageCore.exp
  [184/341] Link [x64] UnrealFrontend-DeveloperSettings.lib
     Creating library ..\Intermediate\Build\Win64\x64\UnrealFrontend\Development\DeveloperSettings\UnrealFrontend-DeveloperSettings.lib and object ..\Intermediate\Build\Win64\x64\UnrealFrontend\Development\DeveloperSettings\UnrealFrontend-DeveloperSettings.exp
  [185/341] Link [x64] UnrealFrontend-SlateCore.lib
     Creating library ..\Intermediate\Build\Win64\x64\UnrealFrontend\Development\SlateCore\UnrealFrontend-SlateCore.lib and object ..\Intermediate\Build\Win64\x64\UnrealFrontend\Development\SlateCore\UnrealFrontend-SlateCore.exp
  [186/341] Link [x64] UnrealFrontend-JsonUtilities.lib
     Creating library ..\Intermediate\Build\Win64\x64\UnrealFrontend\Development\JsonUtilities\UnrealFrontend-JsonUtilities.lib and object ..\Intermediate\Build\Win64\x64\UnrealFrontend\Development\JsonUtilities\UnrealFrontend-JsonUtilities.exp
  [187/341] Link [x64] UnrealFrontend-AudioPlatformConfiguration.lib
     Creating library ..\Intermediate\Build\Win64\x64\UnrealFrontend\Development\AudioPlatformConfiguration\UnrealFrontend-AudioPlatformConfiguration.lib and object ..\Intermediate\Build\Win64\x64\UnrealFrontend\Development\AudioPlatformConfiguration\UnrealFrontend-AudioPlatformConfiguration.exp
  [188/341] Link [x64] UnrealFrontend-AutomationTest.lib
     Creating library ..\Intermediate\Build\Win64\x64\UnrealFrontend\Development\AutomationTest\UnrealFrontend-AutomationTest.lib and object ..\Intermediate\Build\Win64\x64\UnrealFrontend\Development\AutomationTest\UnrealFrontend-AutomationTest.exp
  [189/341] Link [x64] UnrealFrontend-UnrealEdMessages.lib
     Creating library ..\Intermediate\Build\Win64\x64\UnrealFrontend\Development\UnrealEdMessages\UnrealFrontend-UnrealEdMessages.lib and object ..\Intermediate\Build\Win64\x64\UnrealFrontend\Development\UnrealEdMessages\UnrealFrontend-UnrealEdMessages.exp
  [190/341] Link [x64] UnrealFrontend-AutomationMessages.lib
     Creating library ..\Intermediate\Build\Win64\x64\UnrealFrontend\Development\AutomationMessages\UnrealFrontend-AutomationMessages.lib and object ..\Intermediate\Build\Win64\x64\UnrealFrontend\Development\AutomationMessages\UnrealFrontend-AutomationMessages.exp
  [191/341] Link [x64] UnrealFrontend-Settings.lib
     Creating library ..\Intermediate\Build\Win64\x64\UnrealFrontend\Development\Settings\UnrealFrontend-Settings.lib and object ..\Intermediate\Build\Win64\x64\UnrealFrontend\Development\Settings\UnrealFrontend-Settings.exp
  [192/341] Link [x64] UnrealFrontend-Core.lib
     Creating library ..\Intermediate\Build\Win64\x64\UnrealFrontend\Development\Core\UnrealFrontend-Core.lib and object ..\Intermediate\Build\Win64\x64\UnrealFrontend\Development\Core\UnrealFrontend-Core.exp
  [193/341] Link [x64] UnrealFrontend-AutomationController.lib
     Creating library ..\Intermediate\Build\Win64\x64\UnrealFrontend\Development\AutomationController\UnrealFrontend-AutomationController.lib and object ..\Intermediate\Build\Win64\x64\UnrealFrontend\Development\AutomationController\UnrealFrontend-AutomationController.exp
  [194/341] Link [x64] UnrealFrontend-EngineSettings.lib
     Creating library ..\Intermediate\Build\Win64\x64\UnrealFrontend\Development\EngineSettings\UnrealFrontend-EngineSettings.lib and object ..\Intermediate\Build\Win64\x64\UnrealFrontend\Development\EngineSettings\UnrealFrontend-EngineSettings.exp
  [195/341] Link [x64] UnrealFrontend-SessionMessages.lib
     Creating library ..\Intermediate\Build\Win64\x64\UnrealFrontend\Development\SessionMessages\UnrealFrontend-SessionMessages.lib and object ..\Intermediate\Build\Win64\x64\UnrealFrontend\Development\SessionMessages\UnrealFrontend-SessionMessages.exp
  [196/341] Link [x64] UnrealFrontend-Messaging.lib
     Creating library ..\Intermediate\Build\Win64\x64\UnrealFrontend\Development\Messaging\UnrealFrontend-Messaging.lib and object ..\Intermediate\Build\Win64\x64\UnrealFrontend\Development\Messaging\UnrealFrontend-Messaging.exp
  [197/341] Link [x64] UnrealFrontend-DeveloperToolSettings.lib
     Creating library ..\Intermediate\Build\Win64\x64\UnrealFrontend\Development\DeveloperToolSettings\UnrealFrontend-DeveloperToolSettings.lib and object ..\Intermediate\Build\Win64\x64\UnrealFrontend\Development\DeveloperToolSettings\UnrealFrontend-DeveloperToolSettings.exp
  [198/341] Link [x64] UnrealFrontend-SessionServices.lib
     Creating library ..\Intermediate\Build\Win64\x64\UnrealFrontend\Development\SessionServices\UnrealFrontend-SessionServices.lib and object ..\Intermediate\Build\Win64\x64\UnrealFrontend\Development\SessionServices\UnrealFrontend-SessionServices.exp
  [199/341] Link [x64] UnrealFrontend-LauncherServices.lib
     Creating library ..\Intermediate\Build\Win64\x64\UnrealFrontend\Development\LauncherServices\UnrealFrontend-LauncherServices.lib and object ..\Intermediate\Build\Win64\x64\UnrealFrontend\Development\LauncherServices\UnrealFrontend-LauncherServices.exp
  [200/341] Link [x64] UnrealFrontend-Slate.lib
     Creating library ..\Intermediate\Build\Win64\x64\UnrealFrontend\Development\Slate\UnrealFrontend-Slate.lib and object ..\Intermediate\Build\Win64\x64\UnrealFrontend\Development\Slate\UnrealFrontend-Slate.exp
  [201/341] Link [x64] UnrealFrontend-EngineMessages.lib
     Creating library ..\Intermediate\Build\Win64\x64\UnrealFrontend\Development\EngineMessages\UnrealFrontend-EngineMessages.lib and object ..\Intermediate\Build\Win64\x64\UnrealFrontend\Development\EngineMessages\UnrealFrontend-EngineMessages.exp
  [202/341] Link [x64] UnrealFrontend-PIEPreviewDeviceSpecification.lib
     Creating library ..\Intermediate\Build\Win64\x64\UnrealFrontend\Development\PIEPreviewDeviceSpecification\UnrealFrontend-PIEPreviewDeviceSpecification.lib and object ..\Intermediate\Build\Win64\x64\UnrealFrontend\Development\PIEPreviewDeviceSpecification\UnrealFrontend-PIEPreviewDeviceSpecification.exp
  [203/341] Link [x64] UnrealFrontend-TcpMessaging.lib
     Creating library ..\Plugins\Messaging\TcpMessaging\Intermediate\Build\Win64\x64\UnrealFrontend\Development\TcpMessaging\UnrealFrontend-TcpMessaging.lib and object ..\Plugins\Messaging\TcpMessaging\Intermediate\Build\Win64\x64\UnrealFrontend\Development\TcpMessaging\UnrealFrontend-TcpMessaging.exp
  [204/341] Link [x64] UnrealFrontend-ProfilerClient.lib
     Creating library ..\Intermediate\Build\Win64\x64\UnrealFrontend\Development\ProfilerClient\UnrealFrontend-ProfilerClient.lib and object ..\Intermediate\Build\Win64\x64\UnrealFrontend\Development\ProfilerClient\UnrealFrontend-ProfilerClient.exp
  [205/341] Link [x64] UnrealFrontend-ProfilerMessages.lib
     Creating library ..\Intermediate\Build\Win64\x64\UnrealFrontend\Development\ProfilerMessages\UnrealFrontend-ProfilerMessages.lib and object ..\Intermediate\Build\Win64\x64\UnrealFrontend\Development\ProfilerMessages\UnrealFrontend-ProfilerMessages.exp
  [206/341] Link [x64] UnrealFrontend-TargetDeviceServices.lib
     Creating library ..\Intermediate\Build\Win64\x64\UnrealFrontend\Development\TargetDeviceServices\UnrealFrontend-TargetDeviceServices.lib and object ..\Intermediate\Build\Win64\x64\UnrealFrontend\Development\TargetDeviceServices\UnrealFrontend-TargetDeviceServices.exp
  [207/341] Link [x64] UnrealFrontend-LinuxTargetPlatform.lib
     Creating library ..\Intermediate\Build\Win64\x64\UnrealFrontend\Development\Linux\LinuxTargetPlatform\UnrealFrontend-LinuxTargetPlatform.lib and object ..\Intermediate\Build\Win64\x64\UnrealFrontend\Development\Linux\LinuxTargetPlatform\UnrealFrontend-LinuxTargetPlatform.exp
  [208/341] Link [x64] UnrealFrontend-WindowsTargetPlatform.lib
     Creating library ..\Intermediate\Build\Win64\x64\UnrealFrontend\Development\WindowsTargetPlatform\UnrealFrontend-WindowsTargetPlatform.lib and object ..\Intermediate\Build\Win64\x64\UnrealFrontend\Development\WindowsTargetPlatform\UnrealFrontend-WindowsTargetPlatform.exp
  [209/341] Link [x64] UnrealFrontend-UdpMessaging.lib
     Creating library ..\Plugins\Messaging\UdpMessaging\Intermediate\Build\Win64\x64\UnrealFrontend\Development\UdpMessaging\UnrealFrontend-UdpMessaging.lib and object ..\Plugins\Messaging\UdpMessaging\Intermediate\Build\Win64\x64\UnrealFrontend\Development\UdpMessaging\UnrealFrontend-UdpMessaging.exp
  [210/341] Link [x64] UnrealFrontend-StandaloneRenderer.lib
     Creating library ..\Intermediate\Build\Win64\x64\UnrealFrontend\Development\StandaloneRenderer\UnrealFrontend-StandaloneRenderer.lib and object ..\Intermediate\Build\Win64\x64\UnrealFrontend\Development\StandaloneRenderer\UnrealFrontend-StandaloneRenderer.exp
  [211/341] Link [x64] UnrealFrontend-ShaderFormatVectorVM.lib
     Creating library ..\Intermediate\Build\Win64\x64\UnrealFrontend\Development\ShaderFormatVectorVM\UnrealFrontend-ShaderFormatVectorVM.lib and object ..\Intermediate\Build\Win64\x64\UnrealFrontend\Development\ShaderFormatVectorVM\UnrealFrontend-ShaderFormatVectorVM.exp
  [212/341] Link [x64] UnrealFrontend-HoloLensTargetPlatform.lib
     Creating library ..\Intermediate\Build\Win64\x64\UnrealFrontend\Development\HoloLensTargetPlatform\UnrealFrontend-HoloLensTargetPlatform.lib and object ..\Intermediate\Build\Win64\x64\UnrealFrontend\Development\HoloLensTargetPlatform\UnrealFrontend-HoloLensTargetPlatform.exp
  [213/341] Link [x64] UnrealFrontend-VectorVM.lib
     Creating library ..\Intermediate\Build\Win64\x64\UnrealFrontend\Development\VectorVM\UnrealFrontend-VectorVM.lib and object ..\Intermediate\Build\Win64\x64\UnrealFrontend\Development\VectorVM\UnrealFrontend-VectorVM.exp
  [214/341] Link [x64] UnrealFrontend-ImageWrapper.lib
     Creating library ..\Intermediate\Build\Win64\x64\UnrealFrontend\Development\ImageWrapper\UnrealFrontend-ImageWrapper.lib and object ..\Intermediate\Build\Win64\x64\UnrealFrontend\Development\ImageWrapper\UnrealFrontend-ImageWrapper.exp
  [215/341] Link [x64] UnrealFrontend-AndroidTargetPlatform.lib
     Creating library ..\Intermediate\Build\Win64\x64\UnrealFrontend\Development\Android\AndroidTargetPlatform\UnrealFrontend-AndroidTargetPlatform.lib and object ..\Intermediate\Build\Win64\x64\UnrealFrontend\Development\Android\AndroidTargetPlatform\UnrealFrontend-AndroidTargetPlatform.exp
  [216/341] Link [x64] UnrealFrontend-InputCore.lib
     Creating library ..\Intermediate\Build\Win64\x64\UnrealFrontend\Development\InputCore\UnrealFrontend-InputCore.lib and object ..\Intermediate\Build\Win64\x64\UnrealFrontend\Development\InputCore\UnrealFrontend-InputCore.exp
  [217/341] Link [x64] UnrealFrontend-CookOnTheFly.lib
     Creating library ..\Intermediate\Build\Win64\x64\UnrealFrontend\Development\CookOnTheFly\UnrealFrontend-CookOnTheFly.lib and object ..\Intermediate\Build\Win64\x64\UnrealFrontend\Development\CookOnTheFly\UnrealFrontend-CookOnTheFly.exp
  [218/341] Link [x64] UnrealFrontend-Serialization.lib
     Creating library ..\Intermediate\Build\Win64\x64\UnrealFrontend\Development\Serialization\UnrealFrontend-Serialization.lib and object ..\Intermediate\Build\Win64\x64\UnrealFrontend\Development\Serialization\UnrealFrontend-Serialization.exp
  [219/341] Link [x64] UnrealFrontend-TargetPlatform.lib
     Creating library ..\Intermediate\Build\Win64\x64\UnrealFrontend\Development\TargetPlatform\UnrealFrontend-TargetPlatform.lib and object ..\Intermediate\Build\Win64\x64\UnrealFrontend\Development\TargetPlatform\UnrealFrontend-TargetPlatform.exp
  [220/341] Link [x64] UnrealFrontend-WorkspaceMenuStructure.lib
     Creating library ..\Intermediate\Build\Win64\x64\UnrealFrontend\Development\WorkspaceMenuStructure\UnrealFrontend-WorkspaceMenuStructure.lib and object ..\Intermediate\Build\Win64\x64\UnrealFrontend\Development\WorkspaceMenuStructure\UnrealFrontend-WorkspaceMenuStructure.exp
  [221/341] Link [x64] UnrealFrontend-SourceCodeAccess.lib
     Creating library ..\Intermediate\Build\Win64\x64\UnrealFrontend\Development\SourceCodeAccess\UnrealFrontend-SourceCodeAccess.lib and object ..\Intermediate\Build\Win64\x64\UnrealFrontend\Development\SourceCodeAccess\UnrealFrontend-SourceCodeAccess.exp
  [222/341] Link [x64] UnrealFrontend-ScreenShotComparisonTools.lib
     Creating library ..\Intermediate\Build\Win64\x64\UnrealFrontend\Development\ScreenShotComparisonTools\UnrealFrontend-ScreenShotComparisonTools.lib and object ..\Intermediate\Build\Win64\x64\UnrealFrontend\Development\ScreenShotComparisonTools\UnrealFrontend-ScreenShotComparisonTools.exp
  [223/341] Link [x64] UnrealFrontend-ToolWidgets.lib
     Creating library ..\Intermediate\Build\Win64\x64\UnrealFrontend\Development\ToolWidgets\UnrealFrontend-ToolWidgets.lib and object ..\Intermediate\Build\Win64\x64\UnrealFrontend\Development\ToolWidgets\UnrealFrontend-ToolWidgets.exp
  [224/341] Link [x64] UnrealFrontend-ToolMenus.lib
     Creating library ..\Intermediate\Build\Win64\x64\UnrealFrontend\Development\ToolMenus\UnrealFrontend-ToolMenus.lib and object ..\Intermediate\Build\Win64\x64\UnrealFrontend\Development\ToolMenus\UnrealFrontend-ToolMenus.exp
  [225/341] Link [x64] UnrealFrontend-MessageLog.lib
     Creating library ..\Intermediate\Build\Win64\x64\UnrealFrontend\Development\MessageLog\UnrealFrontend-MessageLog.lib and object ..\Intermediate\Build\Win64\x64\UnrealFrontend\Development\MessageLog\UnrealFrontend-MessageLog.exp
  [226/341] Link [x64] UnrealFrontend-Core.dll
     Creating library ..\Intermediate\Build\Win64\x64\UnrealFrontend\Development\Core\UnrealFrontend-Core.suppressed.lib and object ..\Intermediate\Build\Win64\x64\UnrealFrontend\Development\Core\UnrealFrontend-Core.suppressed.exp
  [227/341] Link [x64] UnrealFrontend-TurnkeyIO.lib
     Creating library ..\Intermediate\Build\Win64\x64\UnrealFrontend\Development\TurnkeyIO\UnrealFrontend-TurnkeyIO.lib and object ..\Intermediate\Build\Win64\x64\UnrealFrontend\Development\TurnkeyIO\UnrealFrontend-TurnkeyIO.exp
  [228/341] Link [x64] UnrealFrontend-AssetRegistry.lib
     Creating library ..\Intermediate\Build\Win64\x64\UnrealFrontend\Development\AssetRegistry\UnrealFrontend-AssetRegistry.lib and object ..\Intermediate\Build\Win64\x64\UnrealFrontend\Development\AssetRegistry\UnrealFrontend-AssetRegistry.exp
  [229/341] Link [x64] UnrealFrontend-SourceControl.lib
     Creating library ..\Intermediate\Build\Win64\x64\UnrealFrontend\Development\SourceControl\UnrealFrontend-SourceControl.lib and object ..\Intermediate\Build\Win64\x64\UnrealFrontend\Development\SourceControl\UnrealFrontend-SourceControl.exp
  [230/341] Link [x64] UnrealFrontend-DesktopWidgets.lib
     Creating library ..\Intermediate\Build\Win64\x64\UnrealFrontend\Development\DesktopWidgets\UnrealFrontend-DesktopWidgets.lib and object ..\Intermediate\Build\Win64\x64\UnrealFrontend\Development\DesktopWidgets\UnrealFrontend-DesktopWidgets.exp
  [231/341] Link [x64] UnrealFrontend-OutputLog.lib
     Creating library ..\Intermediate\Build\Win64\x64\UnrealFrontend\Development\OutputLog\UnrealFrontend-OutputLog.lib and object ..\Intermediate\Build\Win64\x64\UnrealFrontend\Development\OutputLog\UnrealFrontend-OutputLog.exp
  [232/341] Compile [x64] Module.VSSCA.cpp
  [233/341] Link [x64] UnrealFrontend-AutomationWindow.lib
     Creating library ..\Intermediate\Build\Win64\x64\UnrealFrontend\Development\AutomationWindow\UnrealFrontend-AutomationWindow.lib and object ..\Intermediate\Build\Win64\x64\UnrealFrontend\Development\AutomationWindow\UnrealFrontend-AutomationWindow.exp
  [234/341] Link [x64] UnrealFrontend-ScreenShotComparison.lib
     Creating library ..\Intermediate\Build\Win64\x64\UnrealFrontend\Development\ScreenShotComparison\UnrealFrontend-ScreenShotComparison.lib and object ..\Intermediate\Build\Win64\x64\UnrealFrontend\Development\ScreenShotComparison\UnrealFrontend-ScreenShotComparison.exp
  [235/341] Link [x64] UnrealFrontend-SessionFrontend.lib
     Creating library ..\Intermediate\Build\Win64\x64\UnrealFrontend\Development\SessionFrontend\UnrealFrontend-SessionFrontend.lib and object ..\Intermediate\Build\Win64\x64\UnrealFrontend\Development\SessionFrontend\UnrealFrontend-SessionFrontend.exp
  [236/341] Link [x64] UnrealFrontend-CoreUObject.lib
     Creating library ..\Intermediate\Build\Win64\x64\UnrealFrontend\Development\CoreUObject\UnrealFrontend-CoreUObject.lib and object ..\Intermediate\Build\Win64\x64\UnrealFrontend\Development\CoreUObject\UnrealFrontend-CoreUObject.exp
  [237/341] Link [x64] UnrealFrontend-TurnkeySupport.lib
     Creating library ..\Intermediate\Build\Win64\x64\UnrealFrontend\Development\TurnkeySupport\UnrealFrontend-TurnkeySupport.lib and object ..\Intermediate\Build\Win64\x64\UnrealFrontend\Development\TurnkeySupport\UnrealFrontend-TurnkeySupport.exp
  [238/341] Link [x64] UnrealFrontend-Profiler.lib
     Creating library ..\Intermediate\Build\Win64\x64\UnrealFrontend\Development\Profiler\UnrealFrontend-Profiler.lib and object ..\Intermediate\Build\Win64\x64\UnrealFrontend\Development\Profiler\UnrealFrontend-Profiler.exp
  [239/341] Link [x64] UnrealFrontend-DeviceManager.lib
     Creating library ..\Intermediate\Build\Win64\x64\UnrealFrontend\Development\DeviceManager\UnrealFrontend-DeviceManager.lib and object ..\Intermediate\Build\Win64\x64\UnrealFrontend\Development\DeviceManager\UnrealFrontend-DeviceManager.exp
  [240/341] Link [x64] UnrealFrontend-ShaderFormatD3D.dll
     Creating library ..\Intermediate\Build\Win64\x64\UnrealFrontend\Development\ShaderFormatD3D\UnrealFrontend-ShaderFormatD3D.suppressed.lib and object ..\Intermediate\Build\Win64\x64\UnrealFrontend\Development\ShaderFormatD3D\UnrealFrontend-ShaderFormatD3D.suppressed.exp
  [241/341] Link [x64] UnrealFrontend-ImageWrapper.dll
     Creating library ..\Intermediate\Build\Win64\x64\UnrealFrontend\Development\ImageWrapper\UnrealFrontend-ImageWrapper.suppressed.lib and object ..\Intermediate\Build\Win64\x64\UnrealFrontend\Development\ImageWrapper\UnrealFrontend-ImageWrapper.suppressed.exp
  [242/341] Link [x64] UnrealFrontend-DerivedDataCache.dll
     Creating library ..\Intermediate\Build\Win64\x64\UnrealFrontend\Development\DerivedDataCache\UnrealFrontend-DerivedDataCache.suppressed.lib and object ..\Intermediate\Build\Win64\x64\UnrealFrontend\Development\DerivedDataCache\UnrealFrontend-DerivedDataCache.suppressed.exp
  [243/341] Link [x64] UnrealFrontend-Zen.dll
     Creating library ..\Intermediate\Build\Win64\x64\UnrealFrontend\Development\Zen\UnrealFrontend-Zen.suppressed.lib and object ..\Intermediate\Build\Win64\x64\UnrealFrontend\Development\Zen\UnrealFrontend-Zen.suppressed.exp
  [244/341] Link [x64] UnrealFrontend-CoreUObject.dll
     Creating library ..\Intermediate\Build\Win64\x64\UnrealFrontend\Development\CoreUObject\UnrealFrontend-CoreUObject.suppressed.lib and object ..\Intermediate\Build\Win64\x64\UnrealFrontend\Development\CoreUObject\UnrealFrontend-CoreUObject.suppressed.exp
  [245/341] Link [x64] UnrealFrontend-ShaderFormatOpenGL.dll
     Creating library ..\Intermediate\Build\Win64\x64\UnrealFrontend\Development\ShaderFormatOpenGL\UnrealFrontend-ShaderFormatOpenGL.suppressed.lib and object ..\Intermediate\Build\Win64\x64\UnrealFrontend\Development\ShaderFormatOpenGL\UnrealFrontend-ShaderFormatOpenGL.suppressed.exp
  [246/341] Link [x64] UnrealFrontend-ShaderPreprocessor.dll
     Creating library ..\Intermediate\Build\Win64\x64\UnrealFrontend\Development\ShaderPreprocessor\UnrealFrontend-ShaderPreprocessor.suppressed.lib and object ..\Intermediate\Build\Win64\x64\UnrealFrontend\Development\ShaderPreprocessor\UnrealFrontend-ShaderPreprocessor.suppressed.exp
  [247/341] Link [x64] UnrealFrontend-HTTP.dll
     Creating library ..\Intermediate\Build\Win64\x64\UnrealFrontend\Development\HTTP\UnrealFrontend-HTTP.suppressed.lib and object ..\Intermediate\Build\Win64\x64\UnrealFrontend\Development\HTTP\UnrealFrontend-HTTP.suppressed.exp
  [248/341] Link [x64] UnrealFrontend-VulkanShaderFormat.dll
     Creating library ..\Intermediate\Build\Win64\x64\UnrealFrontend\Development\VulkanShaderFormat\UnrealFrontend-VulkanShaderFormat.suppressed.lib and object ..\Intermediate\Build\Win64\x64\UnrealFrontend\Development\VulkanShaderFormat\UnrealFrontend-VulkanShaderFormat.suppressed.exp
  [249/341] Link [x64] UnrealFrontend-TextureCompressor.dll
     Creating library ..\Intermediate\Build\Win64\x64\UnrealFrontend\Development\TextureCompressor\UnrealFrontend-TextureCompressor.suppressed.lib and object ..\Intermediate\Build\Win64\x64\UnrealFrontend\Development\TextureCompressor\UnrealFrontend-TextureCompressor.suppressed.exp
  [250/341] Link [x64] UnrealFrontend-ShaderCompilerCommon.dll
     Creating library ..\Intermediate\Build\Win64\x64\UnrealFrontend\Development\ShaderCompilerCommon\UnrealFrontend-ShaderCompilerCommon.suppressed.lib and object ..\Intermediate\Build\Win64\x64\UnrealFrontend\Development\ShaderCompilerCommon\UnrealFrontend-ShaderCompilerCommon.suppressed.exp
  [251/341] Link [x64] UnrealFrontend-TextureFormatUncompressed.dll
     Creating library ..\Intermediate\Build\Win64\x64\UnrealFrontend\Development\TextureFormatUncompressed\UnrealFrontend-TextureFormatUncompressed.suppressed.lib and object ..\Intermediate\Build\Win64\x64\UnrealFrontend\Development\TextureFormatUncompressed\UnrealFrontend-TextureFormatUncompressed.suppressed.exp
  [252/341] Link [x64] UnrealFrontend-RHI.dll
     Creating library ..\Intermediate\Build\Win64\x64\UnrealFrontend\Development\RHI\UnrealFrontend-RHI.suppressed.lib and object ..\Intermediate\Build\Win64\x64\UnrealFrontend\Development\RHI\UnrealFrontend-RHI.suppressed.exp
  [253/341] Link [x64] UnrealFrontend-SSL.dll
     Creating library ..\Intermediate\Build\Win64\x64\UnrealFrontend\Development\SSL\UnrealFrontend-SSL.suppressed.lib and object ..\Intermediate\Build\Win64\x64\UnrealFrontend\Development\SSL\UnrealFrontend-SSL.suppressed.exp
  [254/341] Link [x64] UnrealFrontend-CookOnTheFly.dll
     Creating library ..\Intermediate\Build\Win64\x64\UnrealFrontend\Development\CookOnTheFly\UnrealFrontend-CookOnTheFly.suppressed.lib and object ..\Intermediate\Build\Win64\x64\UnrealFrontend\Development\CookOnTheFly\UnrealFrontend-CookOnTheFly.suppressed.exp
  [255/341] Link [x64] UnrealFrontend-DesktopPlatform.dll
     Creating library ..\Intermediate\Build\Win64\x64\UnrealFrontend\Development\DesktopPlatform\UnrealFrontend-DesktopPlatform.suppressed.lib and object ..\Intermediate\Build\Win64\x64\UnrealFrontend\Development\DesktopPlatform\UnrealFrontend-DesktopPlatform.suppressed.exp
  [256/341] Link [x64] UnrealFrontend-Sockets.dll
     Creating library ..\Intermediate\Build\Win64\x64\UnrealFrontend\Development\Sockets\UnrealFrontend-Sockets.suppressed.lib and object ..\Intermediate\Build\Win64\x64\UnrealFrontend\Development\Sockets\UnrealFrontend-Sockets.suppressed.exp
  [257/341] Link [x64] UnrealFrontend-TextureFormat.dll
     Creating library ..\Intermediate\Build\Win64\x64\UnrealFrontend\Development\TextureFormat\UnrealFrontend-TextureFormat.suppressed.lib and object ..\Intermediate\Build\Win64\x64\UnrealFrontend\Development\TextureFormat\UnrealFrontend-TextureFormat.suppressed.exp
  [258/341] Link [x64] UnrealFrontend-Projects.dll
     Creating library ..\Intermediate\Build\Win64\x64\UnrealFrontend\Development\Projects\UnrealFrontend-Projects.suppressed.lib and object ..\Intermediate\Build\Win64\x64\UnrealFrontend\Development\Projects\UnrealFrontend-Projects.suppressed.exp
  [259/341] Link [x64] UnrealFrontend-Networking.dll
     Creating library ..\Intermediate\Build\Win64\x64\UnrealFrontend\Development\Networking\UnrealFrontend-Networking.suppressed.lib and object ..\Intermediate\Build\Win64\x64\UnrealFrontend\Development\Networking\UnrealFrontend-Networking.suppressed.exp
  [260/341] Link [x64] UnrealFrontend-ApplicationCore.dll
     Creating library ..\Intermediate\Build\Win64\x64\UnrealFrontend\Development\ApplicationCore\UnrealFrontend-ApplicationCore.suppressed.lib and object ..\Intermediate\Build\Win64\x64\UnrealFrontend\Development\ApplicationCore\UnrealFrontend-ApplicationCore.suppressed.exp
  [261/341] Link [x64] UnrealFrontend-UELibSampleRate.dll
     Creating library ..\Intermediate\Build\Win64\x64\UnrealFrontend\Development\UELibSampleRate\UnrealFrontend-UELibSampleRate.suppressed.lib and object ..\Intermediate\Build\Win64\x64\UnrealFrontend\Development\UELibSampleRate\UnrealFrontend-UELibSampleRate.suppressed.exp
  [262/341] Link [x64] UnrealFrontend-Json.dll
     Creating library ..\Intermediate\Build\Win64\x64\UnrealFrontend\Development\Json\UnrealFrontend-Json.suppressed.lib and object ..\Intermediate\Build\Win64\x64\UnrealFrontend\Development\Json\UnrealFrontend-Json.suppressed.exp
  [263/341] Link [x64] UnrealFrontend-ColorManagement.dll
     Creating library ..\Intermediate\Build\Win64\x64\UnrealFrontend\Development\ColorManagement\UnrealFrontend-ColorManagement.suppressed.lib and object ..\Intermediate\Build\Win64\x64\UnrealFrontend\Development\ColorManagement\UnrealFrontend-ColorManagement.suppressed.exp
  [264/341] Link [x64] UnrealFrontend-DirectoryWatcher.dll
     Creating library ..\Intermediate\Build\Win64\x64\UnrealFrontend\Development\DirectoryWatcher\UnrealFrontend-DirectoryWatcher.suppressed.lib and object ..\Intermediate\Build\Win64\x64\UnrealFrontend\Development\DirectoryWatcher\UnrealFrontend-DirectoryWatcher.suppressed.exp
  [265/341] Link [x64] UnrealFrontend-NetCommon.dll
     Creating library ..\Intermediate\Build\Win64\x64\UnrealFrontend\Development\NetCommon\UnrealFrontend-NetCommon.suppressed.lib and object ..\Intermediate\Build\Win64\x64\UnrealFrontend\Development\NetCommon\UnrealFrontend-NetCommon.suppressed.exp
  [266/341] Link [x64] UnrealFrontend-Cbor.dll
     Creating library ..\Intermediate\Build\Win64\x64\UnrealFrontend\Development\Cbor\UnrealFrontend-Cbor.suppressed.lib and object ..\Intermediate\Build\Win64\x64\UnrealFrontend\Development\Cbor\UnrealFrontend-Cbor.suppressed.exp
  [267/341] Link [x64] UnrealFrontend-Analytics.dll
     Creating library ..\Intermediate\Build\Win64\x64\UnrealFrontend\Development\Analytics\UnrealFrontend-Analytics.suppressed.lib and object ..\Intermediate\Build\Win64\x64\UnrealFrontend\Development\Analytics\UnrealFrontend-Analytics.suppressed.exp
  [268/341] Link [x64] UnrealFrontend-TargetPlatform.dll
     Creating library ..\Intermediate\Build\Win64\x64\UnrealFrontend\Development\TargetPlatform\UnrealFrontend-TargetPlatform.suppressed.lib and object ..\Intermediate\Build\Win64\x64\UnrealFrontend\Development\TargetPlatform\UnrealFrontend-TargetPlatform.suppressed.exp
  [269/341] Link [x64] UnrealFrontend-AndroidDeviceDetection.dll
     Creating library ..\Intermediate\Build\Win64\x64\UnrealFrontend\Development\Android\AndroidDeviceDetection\UnrealFrontend-AndroidDeviceDetection.suppressed.lib and object ..\Intermediate\Build\Win64\x64\UnrealFrontend\Development\Android\AndroidDeviceDetection\UnrealFrontend-AndroidDeviceDetection.suppressed.exp
  [270/341] Link [x64] UnrealFrontend-WorkspaceMenuStructure.dll
     Creating library ..\Intermediate\Build\Win64\x64\UnrealFrontend\Development\WorkspaceMenuStructure\UnrealFrontend-WorkspaceMenuStructure.suppressed.lib and object ..\Intermediate\Build\Win64\x64\UnrealFrontend\Development\WorkspaceMenuStructure\UnrealFrontend-WorkspaceMenuStructure.suppressed.exp
  [271/341] Link [x64] UnrealFrontend-TextureBuild.dll
     Creating library ..\Intermediate\Build\Win64\x64\UnrealFrontend\Development\TextureBuild\UnrealFrontend-TextureBuild.suppressed.lib and object ..\Intermediate\Build\Win64\x64\UnrealFrontend\Development\TextureBuild\UnrealFrontend-TextureBuild.suppressed.exp
  [272/341] Link [x64] UnrealFrontend-TextureFormatIntelISPCTexComp.dll
     Creating library ..\Intermediate\Build\Win64\x64\UnrealFrontend\Development\TextureFormatIntelISPCTexComp\UnrealFrontend-TextureFormatIntelISPCTexComp.suppressed.lib and object ..\Intermediate\Build\Win64\x64\UnrealFrontend\Development\TextureFormatIntelISPCTexComp\UnrealFrontend-TextureFormatIntelISPCTexComp.suppressed.exp
  [273/341] Link [x64] UnrealFrontend-TextureFormatASTC.dll
     Creating library ..\Intermediate\Build\Win64\x64\UnrealFrontend\Development\TextureFormatASTC\UnrealFrontend-TextureFormatASTC.suppressed.lib and object ..\Intermediate\Build\Win64\x64\UnrealFrontend\Development\TextureFormatASTC\UnrealFrontend-TextureFormatASTC.suppressed.exp
  [274/341] Link [x64] UnrealFrontend-TextureBuildUtilities.dll
     Creating library ..\Intermediate\Build\Win64\x64\UnrealFrontend\Development\TextureBuildUtilities\UnrealFrontend-TextureBuildUtilities.suppressed.lib and object ..\Intermediate\Build\Win64\x64\UnrealFrontend\Development\TextureBuildUtilities\UnrealFrontend-TextureBuildUtilities.suppressed.exp
  [275/341] Link [x64] UnrealFrontend-TextureFormatDXT.dll
     Creating library ..\Intermediate\Build\Win64\x64\UnrealFrontend\Development\TextureFormatDXT\UnrealFrontend-TextureFormatDXT.suppressed.lib and object ..\Intermediate\Build\Win64\x64\UnrealFrontend\Development\TextureFormatDXT\UnrealFrontend-TextureFormatDXT.suppressed.exp
  [276/341] Link [x64] UnrealFrontend-TextureFormatETC2.dll
     Creating library ..\Intermediate\Build\Win64\x64\UnrealFrontend\Development\TextureFormatETC2\UnrealFrontend-TextureFormatETC2.suppressed.lib and object ..\Intermediate\Build\Win64\x64\UnrealFrontend\Development\TextureFormatETC2\UnrealFrontend-TextureFormatETC2.suppressed.exp
  [277/341] Link [x64] UnrealFrontend-DesktopWidgets.dll
     Creating library ..\Intermediate\Build\Win64\x64\UnrealFrontend\Development\DesktopWidgets\UnrealFrontend-DesktopWidgets.suppressed.lib and object ..\Intermediate\Build\Win64\x64\UnrealFrontend\Development\DesktopWidgets\UnrealFrontend-DesktopWidgets.suppressed.exp
  [278/341] Link [x64] UnrealFrontend-LinuxArm64TargetPlatform.dll
     Creating library ..\Intermediate\Build\Win64\x64\UnrealFrontend\Development\LinuxArm64\LinuxArm64TargetPlatform\UnrealFrontend-LinuxArm64TargetPlatform.suppressed.lib and object ..\Intermediate\Build\Win64\x64\UnrealFrontend\Development\LinuxArm64\LinuxArm64TargetPlatform\UnrealFrontend-LinuxArm64TargetPlatform.suppressed.exp
  [279/341] Link [x64] UnrealFrontend-RenderCore.dll
     Creating library ..\Intermediate\Build\Win64\x64\UnrealFrontend\Development\RenderCore\UnrealFrontend-RenderCore.suppressed.lib and object ..\Intermediate\Build\Win64\x64\UnrealFrontend\Development\RenderCore\UnrealFrontend-RenderCore.suppressed.exp
  [280/341] Link [x64] UnrealFrontend-VisualStudioSourceCodeAccess.lib
     Creating library ..\Plugins\Developer\VisualStudioSourceCodeAccess\Intermediate\Build\Win64\x64\UnrealFrontend\Development\VSSCA\UnrealFrontend-VisualStudioSourceCodeAccess.lib and object ..\Plugins\Developer\VisualStudioSourceCodeAccess\Intermediate\Build\Win64\x64\UnrealFrontend\Development\VSSCA\UnrealFrontend-VisualStudioSourceCodeAccess.exp
  [281/341] Link [x64] UnrealFrontend-DeviceManager.dll
     Creating library ..\Intermediate\Build\Win64\x64\UnrealFrontend\Development\DeviceManager\UnrealFrontend-DeviceManager.suppressed.lib and object ..\Intermediate\Build\Win64\x64\UnrealFrontend\Development\DeviceManager\UnrealFrontend-DeviceManager.suppressed.exp
  [282/341] Link [x64] UnrealFrontend-VisualStudioSourceCodeAccess.dll
     Creating library ..\Plugins\Developer\VisualStudioSourceCodeAccess\Intermediate\Build\Win64\x64\UnrealFrontend\Development\VSSCA\UnrealFrontend-VisualStudioSourceCodeAccess.suppressed.lib and object ..\Plugins\Developer\VisualStudioSourceCodeAccess\Intermediate\Build\Win64\x64\UnrealFrontend\Development\VSSCA\UnrealFrontend-VisualStudioSourceCodeAccess.suppressed.exp
  [283/341] Link [x64] UnrealFrontend-Profiler.dll
     Creating library ..\Intermediate\Build\Win64\x64\UnrealFrontend\Development\Profiler\UnrealFrontend-Profiler.suppressed.lib and object ..\Intermediate\Build\Win64\x64\UnrealFrontend\Development\Profiler\UnrealFrontend-Profiler.suppressed.exp
  [284/341] Link [x64] UnrealFrontend-TurnkeySupport.dll
     Creating library ..\Intermediate\Build\Win64\x64\UnrealFrontend\Development\TurnkeySupport\UnrealFrontend-TurnkeySupport.suppressed.lib and object ..\Intermediate\Build\Win64\x64\UnrealFrontend\Development\TurnkeySupport\UnrealFrontend-TurnkeySupport.suppressed.exp
  [285/341] Link [x64] UnrealFrontend-ScreenShotComparison.dll
     Creating library ..\Intermediate\Build\Win64\x64\UnrealFrontend\Development\ScreenShotComparison\UnrealFrontend-ScreenShotComparison.suppressed.lib and object ..\Intermediate\Build\Win64\x64\UnrealFrontend\Development\ScreenShotComparison\UnrealFrontend-ScreenShotComparison.suppressed.exp
  [286/341] Link [x64] UnrealFrontend-SlateCore.dll
     Creating library ..\Intermediate\Build\Win64\x64\UnrealFrontend\Development\SlateCore\UnrealFrontend-SlateCore.suppressed.lib and object ..\Intermediate\Build\Win64\x64\UnrealFrontend\Development\SlateCore\UnrealFrontend-SlateCore.suppressed.exp
  [287/341] Link [x64] UnrealFrontend-StandaloneRenderer.dll
     Creating library ..\Intermediate\Build\Win64\x64\UnrealFrontend\Development\StandaloneRenderer\UnrealFrontend-StandaloneRenderer.suppressed.lib and object ..\Intermediate\Build\Win64\x64\UnrealFrontend\Development\StandaloneRenderer\UnrealFrontend-StandaloneRenderer.suppressed.exp
  [288/341] Compile [x64] Module.ProjectLauncher.cpp
  [289/341] Link [x64] UnrealFrontend-AutomationWindow.dll
     Creating library ..\Intermediate\Build\Win64\x64\UnrealFrontend\Development\AutomationWindow\UnrealFrontend-AutomationWindow.suppressed.lib and object ..\Intermediate\Build\Win64\x64\UnrealFrontend\Development\AutomationWindow\UnrealFrontend-AutomationWindow.suppressed.exp
  [290/341] Link [x64] UnrealFrontend-Slate.dll
     Creating library ..\Intermediate\Build\Win64\x64\UnrealFrontend\Development\Slate\UnrealFrontend-Slate.suppressed.lib and object ..\Intermediate\Build\Win64\x64\UnrealFrontend\Development\Slate\UnrealFrontend-Slate.suppressed.exp
  [291/341] Link [x64] UnrealFrontend-AutomationController.dll
     Creating library ..\Intermediate\Build\Win64\x64\UnrealFrontend\Development\AutomationController\UnrealFrontend-AutomationController.suppressed.lib and object ..\Intermediate\Build\Win64\x64\UnrealFrontend\Development\AutomationController\UnrealFrontend-AutomationController.suppressed.exp
  [292/341] Link [x64] UnrealFrontend-SourceControl.dll
     Creating library ..\Intermediate\Build\Win64\x64\UnrealFrontend\Development\SourceControl\UnrealFrontend-SourceControl.suppressed.lib and object ..\Intermediate\Build\Win64\x64\UnrealFrontend\Development\SourceControl\UnrealFrontend-SourceControl.suppressed.exp
  [293/341] Link [x64] UnrealFrontend-UdpMessaging.dll
     Creating library ..\Plugins\Messaging\UdpMessaging\Intermediate\Build\Win64\x64\UnrealFrontend\Development\UdpMessaging\UnrealFrontend-UdpMessaging.suppressed.lib and object ..\Plugins\Messaging\UdpMessaging\Intermediate\Build\Win64\x64\UnrealFrontend\Development\UdpMessaging\UnrealFrontend-UdpMessaging.suppressed.exp
  [294/341] Link [x64] UnrealFrontend-LauncherServices.dll
     Creating library ..\Intermediate\Build\Win64\x64\UnrealFrontend\Development\LauncherServices\UnrealFrontend-LauncherServices.suppressed.lib and object ..\Intermediate\Build\Win64\x64\UnrealFrontend\Development\LauncherServices\UnrealFrontend-LauncherServices.suppressed.exp
  [295/341] Link [x64] UnrealFrontend-ScreenShotComparisonTools.dll
     Creating library ..\Intermediate\Build\Win64\x64\UnrealFrontend\Development\ScreenShotComparisonTools\UnrealFrontend-ScreenShotComparisonTools.suppressed.lib and object ..\Intermediate\Build\Win64\x64\UnrealFrontend\Development\ScreenShotComparisonTools\UnrealFrontend-ScreenShotComparisonTools.suppressed.exp
  [296/341] Link [x64] UnrealFrontend-ShaderFormatVectorVM.dll
     Creating library ..\Intermediate\Build\Win64\x64\UnrealFrontend\Development\ShaderFormatVectorVM\UnrealFrontend-ShaderFormatVectorVM.suppressed.lib and object ..\Intermediate\Build\Win64\x64\UnrealFrontend\Development\ShaderFormatVectorVM\UnrealFrontend-ShaderFormatVectorVM.suppressed.exp
  [297/341] Link [x64] UnrealFrontend-HoloLensTargetPlatform.dll
     Creating library ..\Intermediate\Build\Win64\x64\UnrealFrontend\Development\HoloLensTargetPlatform\UnrealFrontend-HoloLensTargetPlatform.suppressed.lib and object ..\Intermediate\Build\Win64\x64\UnrealFrontend\Development\HoloLensTargetPlatform\UnrealFrontend-HoloLensTargetPlatform.suppressed.exp
  [298/341] Link [x64] UnrealFrontend-OutputLog.dll
     Creating library ..\Intermediate\Build\Win64\x64\UnrealFrontend\Development\OutputLog\UnrealFrontend-OutputLog.suppressed.lib and object ..\Intermediate\Build\Win64\x64\UnrealFrontend\Development\OutputLog\UnrealFrontend-OutputLog.suppressed.exp
  [299/341] Link [x64] UnrealFrontend-TurnkeyIO.dll
     Creating library ..\Intermediate\Build\Win64\x64\UnrealFrontend\Development\TurnkeyIO\UnrealFrontend-TurnkeyIO.suppressed.lib and object ..\Intermediate\Build\Win64\x64\UnrealFrontend\Development\TurnkeyIO\UnrealFrontend-TurnkeyIO.suppressed.exp
  [300/341] Link [x64] UnrealFrontend-AndroidTargetPlatform.dll
     Creating library ..\Intermediate\Build\Win64\x64\UnrealFrontend\Development\Android\AndroidTargetPlatform\UnrealFrontend-AndroidTargetPlatform.suppressed.lib and object ..\Intermediate\Build\Win64\x64\UnrealFrontend\Development\Android\AndroidTargetPlatform\UnrealFrontend-AndroidTargetPlatform.suppressed.exp
  [301/341] Link [x64] UnrealFrontend-TcpMessaging.dll
     Creating library ..\Plugins\Messaging\TcpMessaging\Intermediate\Build\Win64\x64\UnrealFrontend\Development\TcpMessaging\UnrealFrontend-TcpMessaging.suppressed.lib and object ..\Plugins\Messaging\TcpMessaging\Intermediate\Build\Win64\x64\UnrealFrontend\Development\TcpMessaging\UnrealFrontend-TcpMessaging.suppressed.exp
  [302/341] Link [x64] UnrealFrontend-ToolMenus.dll
     Creating library ..\Intermediate\Build\Win64\x64\UnrealFrontend\Development\ToolMenus\UnrealFrontend-ToolMenus.suppressed.lib and object ..\Intermediate\Build\Win64\x64\UnrealFrontend\Development\ToolMenus\UnrealFrontend-ToolMenus.suppressed.exp
  [303/341] Link [x64] UnrealFrontend-WindowsTargetPlatform.dll
     Creating library ..\Intermediate\Build\Win64\x64\UnrealFrontend\Development\WindowsTargetPlatform\UnrealFrontend-WindowsTargetPlatform.suppressed.lib and object ..\Intermediate\Build\Win64\x64\UnrealFrontend\Development\WindowsTargetPlatform\UnrealFrontend-WindowsTargetPlatform.suppressed.exp
  [304/341] Link [x64] UnrealFrontend-LinuxTargetPlatform.dll
     Creating library ..\Intermediate\Build\Win64\x64\UnrealFrontend\Development\Linux\LinuxTargetPlatform\UnrealFrontend-LinuxTargetPlatform.suppressed.lib and object ..\Intermediate\Build\Win64\x64\UnrealFrontend\Development\Linux\LinuxTargetPlatform\UnrealFrontend-LinuxTargetPlatform.suppressed.exp
  [305/341] Link [x64] UnrealFrontend-MessageLog.dll
     Creating library ..\Intermediate\Build\Win64\x64\UnrealFrontend\Development\MessageLog\UnrealFrontend-MessageLog.suppressed.lib and object ..\Intermediate\Build\Win64\x64\UnrealFrontend\Development\MessageLog\UnrealFrontend-MessageLog.suppressed.exp
  [306/341] Link [x64] UnrealFrontend-DeveloperToolSettings.dll
     Creating library ..\Intermediate\Build\Win64\x64\UnrealFrontend\Development\DeveloperToolSettings\UnrealFrontend-DeveloperToolSettings.suppressed.lib and object ..\Intermediate\Build\Win64\x64\UnrealFrontend\Development\DeveloperToolSettings\UnrealFrontend-DeveloperToolSettings.suppressed.exp
  [307/341] Link [x64] UnrealFrontend-SessionServices.dll
     Creating library ..\Intermediate\Build\Win64\x64\UnrealFrontend\Development\SessionServices\UnrealFrontend-SessionServices.suppressed.lib and object ..\Intermediate\Build\Win64\x64\UnrealFrontend\Development\SessionServices\UnrealFrontend-SessionServices.suppressed.exp
  [308/341] Link [x64] UnrealFrontend-TargetDeviceServices.dll
     Creating library ..\Intermediate\Build\Win64\x64\UnrealFrontend\Development\TargetDeviceServices\UnrealFrontend-TargetDeviceServices.suppressed.lib and object ..\Intermediate\Build\Win64\x64\UnrealFrontend\Development\TargetDeviceServices\UnrealFrontend-TargetDeviceServices.suppressed.exp
  [309/341] Link [x64] UnrealFrontend-Serialization.dll
     Creating library ..\Intermediate\Build\Win64\x64\UnrealFrontend\Development\Serialization\UnrealFrontend-Serialization.suppressed.lib and object ..\Intermediate\Build\Win64\x64\UnrealFrontend\Development\Serialization\UnrealFrontend-Serialization.suppressed.exp
  [310/341] Link [x64] UnrealFrontend-AssetRegistry.dll
     Creating library ..\Intermediate\Build\Win64\x64\UnrealFrontend\Development\AssetRegistry\UnrealFrontend-AssetRegistry.suppressed.lib and object ..\Intermediate\Build\Win64\x64\UnrealFrontend\Development\AssetRegistry\UnrealFrontend-AssetRegistry.suppressed.exp
  [311/341] Link [x64] UnrealFrontend-DeveloperSettings.dll
     Creating library ..\Intermediate\Build\Win64\x64\UnrealFrontend\Development\DeveloperSettings\UnrealFrontend-DeveloperSettings.suppressed.lib and object ..\Intermediate\Build\Win64\x64\UnrealFrontend\Development\DeveloperSettings\UnrealFrontend-DeveloperSettings.suppressed.exp
  [312/341] Link [x64] UnrealFrontend-AutomationMessages.dll
     Creating library ..\Intermediate\Build\Win64\x64\UnrealFrontend\Development\AutomationMessages\UnrealFrontend-AutomationMessages.suppressed.lib and object ..\Intermediate\Build\Win64\x64\UnrealFrontend\Development\AutomationMessages\UnrealFrontend-AutomationMessages.suppressed.exp
  [313/341] Link [x64] UnrealFrontend-ProfilerClient.dll
     Creating library ..\Intermediate\Build\Win64\x64\UnrealFrontend\Development\ProfilerClient\UnrealFrontend-ProfilerClient.suppressed.lib and object ..\Intermediate\Build\Win64\x64\UnrealFrontend\Development\ProfilerClient\UnrealFrontend-ProfilerClient.suppressed.exp
  [314/341] Link [x64] UnrealFrontend-SourceCodeAccess.dll
     Creating library ..\Intermediate\Build\Win64\x64\UnrealFrontend\Development\SourceCodeAccess\UnrealFrontend-SourceCodeAccess.suppressed.lib and object ..\Intermediate\Build\Win64\x64\UnrealFrontend\Development\SourceCodeAccess\UnrealFrontend-SourceCodeAccess.suppressed.exp
  [315/341] Link [x64] UnrealFrontend-AudioPlatformConfiguration.dll
     Creating library ..\Intermediate\Build\Win64\x64\UnrealFrontend\Development\AudioPlatformConfiguration\UnrealFrontend-AudioPlatformConfiguration.suppressed.lib and object ..\Intermediate\Build\Win64\x64\UnrealFrontend\Development\AudioPlatformConfiguration\UnrealFrontend-AudioPlatformConfiguration.suppressed.exp
  [316/341] Compile [x64] Module.AppFramework.cpp
  [317/341] Link [x64] UnrealFrontend-JsonUtilities.dll
     Creating library ..\Intermediate\Build\Win64\x64\UnrealFrontend\Development\JsonUtilities\UnrealFrontend-JsonUtilities.suppressed.lib and object ..\Intermediate\Build\Win64\x64\UnrealFrontend\Development\JsonUtilities\UnrealFrontend-JsonUtilities.suppressed.exp
  [318/341] Link [x64] UnrealFrontend-ImageCore.dll
     Creating library ..\Intermediate\Build\Win64\x64\UnrealFrontend\Development\ImageCore\UnrealFrontend-ImageCore.suppressed.lib and object ..\Intermediate\Build\Win64\x64\UnrealFrontend\Development\ImageCore\UnrealFrontend-ImageCore.suppressed.exp
  [319/341] Link [x64] UnrealFrontend-EngineMessages.dll
     Creating library ..\Intermediate\Build\Win64\x64\UnrealFrontend\Development\EngineMessages\UnrealFrontend-EngineMessages.suppressed.lib and object ..\Intermediate\Build\Win64\x64\UnrealFrontend\Development\EngineMessages\UnrealFrontend-EngineMessages.suppressed.exp
  [320/341] Link [x64] UnrealFrontend-Messaging.dll
     Creating library ..\Intermediate\Build\Win64\x64\UnrealFrontend\Development\Messaging\UnrealFrontend-Messaging.suppressed.lib and object ..\Intermediate\Build\Win64\x64\UnrealFrontend\Development\Messaging\UnrealFrontend-Messaging.suppressed.exp
  [321/341] Link [x64] UnrealFrontend-AutomationTest.dll
     Creating library ..\Intermediate\Build\Win64\x64\UnrealFrontend\Development\AutomationTest\UnrealFrontend-AutomationTest.suppressed.lib and object ..\Intermediate\Build\Win64\x64\UnrealFrontend\Development\AutomationTest\UnrealFrontend-AutomationTest.suppressed.exp
  [322/341] Link [x64] UnrealFrontend-PIEPreviewDeviceSpecification.dll
     Creating library ..\Intermediate\Build\Win64\x64\UnrealFrontend\Development\PIEPreviewDeviceSpecification\UnrealFrontend-PIEPreviewDeviceSpecification.suppressed.lib and object ..\Intermediate\Build\Win64\x64\UnrealFrontend\Development\PIEPreviewDeviceSpecification\UnrealFrontend-PIEPreviewDeviceSpecification.suppressed.exp
  [323/341] Link [x64] UnrealFrontend-EngineSettings.dll
     Creating library ..\Intermediate\Build\Win64\x64\UnrealFrontend\Development\EngineSettings\UnrealFrontend-EngineSettings.suppressed.lib and object ..\Intermediate\Build\Win64\x64\UnrealFrontend\Development\EngineSettings\UnrealFrontend-EngineSettings.suppressed.exp
  [324/341] Link [x64] UnrealFrontend-UnrealEdMessages.dll
     Creating library ..\Intermediate\Build\Win64\x64\UnrealFrontend\Development\UnrealEdMessages\UnrealFrontend-UnrealEdMessages.suppressed.lib and object ..\Intermediate\Build\Win64\x64\UnrealFrontend\Development\UnrealEdMessages\UnrealFrontend-UnrealEdMessages.suppressed.exp
  [325/341] Link [x64] UnrealFrontend-Settings.dll
     Creating library ..\Intermediate\Build\Win64\x64\UnrealFrontend\Development\Settings\UnrealFrontend-Settings.suppressed.lib and object ..\Intermediate\Build\Win64\x64\UnrealFrontend\Development\Settings\UnrealFrontend-Settings.suppressed.exp
  [326/341] Link [x64] UnrealFrontend-InputCore.dll
     Creating library ..\Intermediate\Build\Win64\x64\UnrealFrontend\Development\InputCore\UnrealFrontend-InputCore.suppressed.lib and object ..\Intermediate\Build\Win64\x64\UnrealFrontend\Development\InputCore\UnrealFrontend-InputCore.suppressed.exp
  [327/341] Link [x64] UnrealFrontend-ProfilerMessages.dll
     Creating library ..\Intermediate\Build\Win64\x64\UnrealFrontend\Development\ProfilerMessages\UnrealFrontend-ProfilerMessages.suppressed.lib and object ..\Intermediate\Build\Win64\x64\UnrealFrontend\Development\ProfilerMessages\UnrealFrontend-ProfilerMessages.suppressed.exp
  [328/341] Link [x64] UnrealFrontend-ProjectLauncher.lib
     Creating library ..\Intermediate\Build\Win64\x64\UnrealFrontend\Development\ProjectLauncher\UnrealFrontend-ProjectLauncher.lib and object ..\Intermediate\Build\Win64\x64\UnrealFrontend\Development\ProjectLauncher\UnrealFrontend-ProjectLauncher.exp
  [329/341] Link [x64] UnrealFrontend-SessionMessages.dll
     Creating library ..\Intermediate\Build\Win64\x64\UnrealFrontend\Development\SessionMessages\UnrealFrontend-SessionMessages.suppressed.lib and object ..\Intermediate\Build\Win64\x64\UnrealFrontend\Development\SessionMessages\UnrealFrontend-SessionMessages.suppressed.exp
  [330/341] Link [x64] UnrealFrontend-VectorVM.dll
     Creating library ..\Intermediate\Build\Win64\x64\UnrealFrontend\Development\VectorVM\UnrealFrontend-VectorVM.suppressed.lib and object ..\Intermediate\Build\Win64\x64\UnrealFrontend\Development\VectorVM\UnrealFrontend-VectorVM.suppressed.exp
  [331/341] Link [x64] UnrealFrontend-AppFramework.lib
     Creating library ..\Intermediate\Build\Win64\x64\UnrealFrontend\Development\AppFramework\UnrealFrontend-AppFramework.lib and object ..\Intermediate\Build\Win64\x64\UnrealFrontend\Development\AppFramework\UnrealFrontend-AppFramework.exp
  [332/341] Link [x64] UnrealFrontend-SessionFrontend.dll
     Creating library ..\Intermediate\Build\Win64\x64\UnrealFrontend\Development\SessionFrontend\UnrealFrontend-SessionFrontend.suppressed.lib and object ..\Intermediate\Build\Win64\x64\UnrealFrontend\Development\SessionFrontend\UnrealFrontend-SessionFrontend.suppressed.exp
  [333/341] Link [x64] UnrealFrontend.exe
  [334/341] Link [x64] UnrealFrontend-ProjectLauncher.dll
     Creating library ..\Intermediate\Build\Win64\x64\UnrealFrontend\Development\ProjectLauncher\UnrealFrontend-ProjectLauncher.suppressed.lib and object ..\Intermediate\Build\Win64\x64\UnrealFrontend\Development\ProjectLauncher\UnrealFrontend-ProjectLauncher.suppressed.exp
  [335/341] Link [x64] UnrealFrontend-ToolWidgets.dll
     Creating library ..\Intermediate\Build\Win64\x64\UnrealFrontend\Development\ToolWidgets\UnrealFrontend-ToolWidgets.suppressed.lib and object ..\Intermediate\Build\Win64\x64\UnrealFrontend\Development\ToolWidgets\UnrealFrontend-ToolWidgets.suppressed.exp
  [336/341] Link [x64] UnrealFrontend-AppFramework.dll
     Creating library ..\Intermediate\Build\Win64\x64\UnrealFrontend\Development\AppFramework\UnrealFrontend-AppFramework.suppressed.lib and object ..\Intermediate\Build\Win64\x64\UnrealFrontend\Development\AppFramework\UnrealFrontend-AppFramework.suppressed.exp
  [337/341] Compile [x64] Module.SlateReflector.cpp
  [338/341] Link [x64] UnrealFrontend-SlateReflector.lib
     Creating library ..\Intermediate\Build\Win64\x64\UnrealFrontend\Development\SlateReflector\UnrealFrontend-SlateReflector.lib and object ..\Intermediate\Build\Win64\x64\UnrealFrontend\Development\SlateReflector\UnrealFrontend-SlateReflector.exp
  [339/341] Link [x64] UnrealFrontend-SlateReflector.dll
     Creating library ..\Intermediate\Build\Win64\x64\UnrealFrontend\Development\SlateReflector\UnrealFrontend-SlateReflector.suppressed.lib and object ..\Intermediate\Build\Win64\x64\UnrealFrontend\Development\SlateReflector\UnrealFrontend-SlateReflector.suppressed.exp
  [340/341] WriteMetadata UnrealFrontend.version
  [341/341] WriteMetadata UnrealFrontend.target
  Total time in Parallel executor: 207.04 seconds
  Total execution time: 400.82 seconds
