  Using bundled DotNet SDK version: 6.0.302
  Running UnrealBuildTool: dotnet "..\..\Engine\Binaries\DotNET\UnrealBuildTool\UnrealBuildTool.dll" UnrealMultiUserServer Win64 Development -WaitMutex -FromMsBuild
  Log file: C:\Users\aleja\gamedev\Engine\UnrealEngine\Engine\Programs\UnrealBuildTool\Log.txt
  Using 'git status' to determine working set for adaptive non-unity build (C:\Users\aleja\gamedev\Engine\UnrealEngine).
  Creating makefile for UnrealMultiUserServer (no existing makefile)
  Parsing headers for UnrealMultiUserServer
    Running Internal UnrealHeaderTool UnrealMultiUserServer C:\Users\aleja\gamedev\Engine\UnrealEngine\Engine\Intermediate\Build\Win64\UnrealMultiUserServer\Development\UnrealMultiUserServer.uhtmanifest -WarningsAsErrors
  Total of 255 written
  Reflection code generated for UnrealMultiUserServer in 0.5807591 seconds
  Waiting for 'git status' command to complete
  Building UnrealMultiUserServer...
  Using Visual Studio 2022 14.34.31946 toolchain (C:\Program Files\Microsoft Visual Studio\2022\Community\VC\Tools\MSVC\14.34.31933) and Windows 10.0.22621.0 SDK (C:\Program Files (x86)\Windows Kits\10).
  [Upgrade]
  [Upgrade] Using backward-compatible include order. The latest version of UE has changed the order of includes, which may require code changes. The current setting is:
  [Upgrade]     IncludeOrderVersion = EngineIncludeOrderVersion.Unreal5_0
  [Upgrade] Suppress this message by setting 'IncludeOrderVersion = EngineIncludeOrderVersion.Unreal5_2;' in UnrealMultiUserServer.Target.cs.
  [Upgrade] Alternatively you can set this to 'EngineIncludeOrderVersion.Latest' to always use the latest include order. This will potentially cause compile errors when integrating new versions of the engine.
  [Upgrade]
  Determining max actions to execute in parallel (10 physical cores, 20 logical cores)
    Executing up to 10 processes, one per physical core
    Requested 1.5 GB free memory per action, 7.01 GB available: limiting max parallel actions to 4
  Building 242 actions with 4 processes...
  [1/242] Resource Default.rc2
  [2/242] Compile [x64] MiMalloc.c
  [3/242] Compile [x64] SharedPCH.Core.ShadowErrors.TypeCastErrors.cpp
  [4/242] Compile [x64] PCH.Core.cpp
  [5/242] Compile [x64] SharedPCH.CoreUObject.ShadowErrors.cpp
  [6/242] Compile [x64] SharedPCH.Core.ShadowErrors.cpp
  [7/242] Compile [x64] PCH.CoreUObject.cpp
  [8/242] Compile [x64] Module.TraceLog.cpp
  [9/242] Compile [x64] BuildSettings.cpp
  [10/242] Compile [x64] SharedPCH.CoreUObject.ShadowErrors.TypeCastErrors.cpp
  [11/242] Compile [x64] SharedPCH.Core.Exceptions.ShadowErrors.cpp
  [12/242] Compile [x64] SharedPCH.Core.ShadowErrors.TypeCastWarnings.cpp
  [13/242] Resource UnrealMultiUserServer.rc
  [14/242] Compile [x64] SharedPCH.Slate.ShadowErrors.cpp
  [15/242] Compile [x64] Module.Json.cpp
  [16/242] Compile [x64] Module.ApplicationCore.cpp
  [17/242] Compile [x64] Module.Cbor.cpp
  [18/242] Compile [x64] Module.UnrealMultiUserServer.cpp
  [19/242] Compile [x64] SQLiteEmbedded.c
  [20/242] Compile [x64] Module.Sockets.cpp
  [21/242] Compile [x64] Module.SSL.cpp
  [22/242] Compile [x64] NetCommonModule.cpp
  [23/242] Compile [x64] Module.Analytics.cpp
  [24/242] Compile [x64] Module.DesktopPlatform.cpp
  [25/242] Compile [x64] Module.XmlParser.cpp
  [26/242] Compile [x64] Module.Core.17_of_17.cpp
  [27/242] Compile [x64] Module.Projects.cpp
  [28/242] Compile [x64] Module.AnalyticsET.cpp
  [29/242] Compile [x64] Module.Core.2_of_17.cpp
  [30/242] Compile [x64] Module.Core.7_of_17.cpp
  [31/242] Compile [x64] Module.Core.8_of_17.cpp
  [32/242] Compile [x64] Module.Core.9_of_17.cpp
  [33/242] Compile [x64] Module.Core.1_of_17.cpp
  [34/242] Compile [x64] Module.Core.4_of_17.cpp
  [35/242] Compile [x64] Module.Core.12_of_17.cpp
  [36/242] Compile [x64] Module.Core.14_of_17.cpp
  [37/242] Compile [x64] Module.Core.15_of_17.cpp
  [38/242] Compile [x64] Module.Core.3_of_17.cpp
  [39/242] Compile [x64] Module.Core.11_of_17.cpp
  [40/242] Compile [x64] Module.Core.10_of_17.cpp
  [41/242] Compile [x64] Module.Core.16_of_17.cpp
  [42/242] Compile [x64] Module.Core.5_of_17.cpp
  [43/242] Compile [x64] Module.Core.13_of_17.cpp
  [44/242] Compile [x64] Module.Core.6_of_17.cpp
  [45/242] Compile [x64] Module.Slate.5_of_6.cpp
  [46/242] Compile [x64] Module.Slate.3_of_6.cpp
  [47/242] Compile [x64] Module.Slate.2_of_6.cpp
  [48/242] Compile [x64] Module.Slate.4_of_6.cpp
  [49/242] Compile [x64] Module.Slate.6_of_6.cpp
  [50/242] Compile [x64] Module.Slate.1_of_6.cpp
  [51/242] Compile [x64] Module.SlateCore.1_of_4.cpp
  [52/242] Compile [x64] Module.SlateCore.2_of_4.cpp
  [53/242] Compile [x64] Module.JsonUtilities.cpp
  [54/242] Compile [x64] Module.Concert.cpp
  [55/242] Compile [x64] Module.AutomationTest.cpp
  [56/242] Compile [x64] Module.AutomationMessages.cpp
  [57/242] Compile [x64] Module.SlateCore.4_of_4.cpp
  [58/242] Compile [x64] Module.ConcertTransport.cpp
  [59/242] Compile [x64] Module.UnrealEdMessages.cpp
  [60/242] Compile [x64] Module.ImageCore.cpp
  [61/242] Compile [x64] Module.AutomationController.cpp
  [62/242] Compile [x64] Module.ConcertServer.cpp
  [63/242] Compile [x64] MessagingCommonModule.cpp
  [64/242] Compile [x64] Module.SessionMessages.cpp
  [65/242] Compile [x64] Module.Settings.cpp
  [66/242] Compile [x64] Module.Messaging.cpp
  [67/242] Compile [x64] Module.AutomationWorker.cpp
  [68/242] Compile [x64] Module.EngineMessages.cpp
  [69/242] Compile [x64] Module.SessionServices.cpp
  [70/242] Compile [x64] Module.ConcertSyncCore.cpp
  [71/242] Compile [x64] Module.UdpMessaging.cpp
  [72/242] Compile [x64] Module.ColorManagement.cpp
  [73/242] Compile [x64] Module.SlateCore.3_of_4.cpp
  [74/242] Compile [x64] Module.CncrtSyncSvr.cpp
  [75/242] Compile [x64] Module.HTTP.cpp
  [76/242] Compile [x64] Module.TraceAnalysis.cpp
  [77/242] Compile [x64] Module.Networking.cpp
  [78/242] Compile [x64] Module.SQLiteCore.cpp
  [79/242] Compile [x64] Module.RHI.2_of_2.cpp
  [80/242] Compile [x64] Module.RHI.1_of_2.cpp
  [81/242] Compile [x64] Module.RenderCore.5_of_5.cpp
  [82/242] Compile [x64] Module.RenderCore.3_of_5.cpp
  [83/242] Compile [x64] Module.RenderCore.4_of_5.cpp
  [84/242] Compile [x64] Module.CoreUObject.1_of_12.cpp
  [85/242] Compile [x64] Module.RenderCore.1_of_5.cpp
  [86/242] Compile [x64] Module.CoreUObject.8_of_12.cpp
  [87/242] Compile [x64] Module.RenderCore.2_of_5.cpp
  [88/242] Compile [x64] Module.CoreUObject.3_of_12.cpp
  [89/242] Compile [x64] Module.TraceServices.cpp
  [90/242] Compile [x64] Module.CoreUObject.11_of_12.cpp
  [91/242] Compile [x64] Module.CoreUObject.2_of_12.cpp
  [92/242] Compile [x64] Module.CoreUObject.9_of_12.cpp
  [93/242] Compile [x64] Module.CoreUObject.4_of_12.cpp
  [94/242] Compile [x64] Module.CoreUObject.5_of_12.cpp
  [95/242] Compile [x64] Module.CoreUObject.12_of_12.cpp
  [96/242] Link [x64] UnrealMultiUserServer-TraceLog.lib
     Creating library ..\Intermediate\Build\Win64\x64\UnrealMultiUserServer\Development\TraceLog\UnrealMultiUserServer-TraceLog.lib and object ..\Intermediate\Build\Win64\x64\UnrealMultiUserServer\Development\TraceLog\UnrealMultiUserServer-TraceLog.exp
  [97/242] Link [x64] UnrealMultiUserServer-TraceLog.dll
     Creating library ..\Intermediate\Build\Win64\x64\UnrealMultiUserServer\Development\TraceLog\UnrealMultiUserServer-TraceLog.suppressed.lib and object ..\Intermediate\Build\Win64\x64\UnrealMultiUserServer\Development\TraceLog\UnrealMultiUserServer-TraceLog.suppressed.exp
  [98/242] Link [x64] UnrealMultiUserServer-BuildSettings.lib
     Creating library ..\Intermediate\Build\Win64\x64\UnrealMultiUserServer\Development\BuildSettings\UnrealMultiUserServer-BuildSettings.lib and object ..\Intermediate\Build\Win64\x64\UnrealMultiUserServer\Development\BuildSettings\UnrealMultiUserServer-BuildSettings.exp
  [99/242] Link [x64] UnrealMultiUserServer-BuildSettings.dll
     Creating library ..\Intermediate\Build\Win64\x64\UnrealMultiUserServer\Development\BuildSettings\UnrealMultiUserServer-BuildSettings.suppressed.lib and object ..\Intermediate\Build\Win64\x64\UnrealMultiUserServer\Development\BuildSettings\UnrealMultiUserServer-BuildSettings.suppressed.exp
  [100/242] Compile [x64] Module.CoreUObject.6_of_12.cpp
  [101/242] Compile [x64] Module.InputCore.cpp
  [102/242] Compile [x64] Module.Serialization.cpp
  [103/242] Compile [x64] Module.CoreUObject.10_of_12.cpp
  [104/242] Compile [x64] Module.CoreUObject.7_of_12.cpp
  [105/242] Compile [x64] Module.CookOnTheFly.cpp
  [106/242] Compile [x64] Module.ImageWrapper.cpp
  [107/242] Compile [x64] Module.MessageLog.cpp
  [108/242] Compile [x64] Module.AssetRegistry.cpp
  [109/242] Compile [x64] Module.ToolMenus.cpp
  [110/242] Compile [x64] Module.SourceCodeAccess.cpp
  [111/242] Compile [x64] Module.ToolWidgets.cpp
  [112/242] Compile [x64] Module.ScreenShotComparisonTools.cpp
  [113/242] Compile [x64] Module.AutomationWindow.cpp
  [114/242] Compile [x64] Module.TraceInsights.5_of_8.cpp
  [115/242] Compile [x64] Module.AppFramework.cpp
  [116/242] Compile [x64] WorkspaceMenuStructureModule.cpp
  [117/242] Compile [x64] Module.TraceInsights.2_of_8.cpp
  [118/242] Compile [x64] Module.TraceInsights.8_of_8.cpp
  [119/242] Compile [x64] Module.TraceInsights.1_of_8.cpp
  [120/242] Compile [x64] Module.TraceInsights.7_of_8.cpp
  [121/242] Compile [x64] Module.TraceInsights.3_of_8.cpp
  [122/242] Link [x64] UnrealMultiUserServer-Json.lib
     Creating library ..\Intermediate\Build\Win64\x64\UnrealMultiUserServer\Development\Json\UnrealMultiUserServer-Json.lib and object ..\Intermediate\Build\Win64\x64\UnrealMultiUserServer\Development\Json\UnrealMultiUserServer-Json.exp
  [123/242] Link [x64] UnrealMultiUserServer-ApplicationCore.lib
     Creating library ..\Intermediate\Build\Win64\x64\UnrealMultiUserServer\Development\ApplicationCore\UnrealMultiUserServer-ApplicationCore.lib and object ..\Intermediate\Build\Win64\x64\UnrealMultiUserServer\Development\ApplicationCore\UnrealMultiUserServer-ApplicationCore.exp
  [124/242] Compile [x64] Module.TraceInsights.4_of_8.cpp
  [125/242] Link [x64] UnrealMultiUserServer-Cbor.lib
     Creating library ..\Intermediate\Build\Win64\x64\UnrealMultiUserServer\Development\Cbor\UnrealMultiUserServer-Cbor.lib and object ..\Intermediate\Build\Win64\x64\UnrealMultiUserServer\Development\Cbor\UnrealMultiUserServer-Cbor.exp
  [126/242] Link [x64] UnrealMultiUserServer.lib
     Creating library ..\Intermediate\Build\Win64\x64\UnrealMultiUserServer\Development\UnrealMultiUserServer.lib and object ..\Intermediate\Build\Win64\x64\UnrealMultiUserServer\Development\UnrealMultiUserServer.exp
  [127/242] Link [x64] UnrealMultiUserServer-Sockets.lib
     Creating library ..\Intermediate\Build\Win64\x64\UnrealMultiUserServer\Development\Sockets\UnrealMultiUserServer-Sockets.lib and object ..\Intermediate\Build\Win64\x64\UnrealMultiUserServer\Development\Sockets\UnrealMultiUserServer-Sockets.exp
  [128/242] Link [x64] UnrealMultiUserServer-SSL.lib
     Creating library ..\Intermediate\Build\Win64\x64\UnrealMultiUserServer\Development\SSL\UnrealMultiUserServer-SSL.lib and object ..\Intermediate\Build\Win64\x64\UnrealMultiUserServer\Development\SSL\UnrealMultiUserServer-SSL.exp
  [129/242] Link [x64] UnrealMultiUserServer-NetCommon.lib
     Creating library ..\Intermediate\Build\Win64\x64\UnrealMultiUserServer\Development\NetCommon\UnrealMultiUserServer-NetCommon.lib and object ..\Intermediate\Build\Win64\x64\UnrealMultiUserServer\Development\NetCommon\UnrealMultiUserServer-NetCommon.exp
  [130/242] Link [x64] UnrealMultiUserServer-Analytics.lib
     Creating library ..\Intermediate\Build\Win64\x64\UnrealMultiUserServer\Development\Analytics\UnrealMultiUserServer-Analytics.lib and object ..\Intermediate\Build\Win64\x64\UnrealMultiUserServer\Development\Analytics\UnrealMultiUserServer-Analytics.exp
  [131/242] Link [x64] UnrealMultiUserServer-DesktopPlatform.lib
     Creating library ..\Intermediate\Build\Win64\x64\UnrealMultiUserServer\Development\DesktopPlatform\UnrealMultiUserServer-DesktopPlatform.lib and object ..\Intermediate\Build\Win64\x64\UnrealMultiUserServer\Development\DesktopPlatform\UnrealMultiUserServer-DesktopPlatform.exp
  [132/242] Link [x64] UnrealMultiUserServer-XmlParser.lib
     Creating library ..\Intermediate\Build\Win64\x64\UnrealMultiUserServer\Development\XmlParser\UnrealMultiUserServer-XmlParser.lib and object ..\Intermediate\Build\Win64\x64\UnrealMultiUserServer\Development\XmlParser\UnrealMultiUserServer-XmlParser.exp
  [133/242] Link [x64] UnrealMultiUserServer-Projects.lib
     Creating library ..\Intermediate\Build\Win64\x64\UnrealMultiUserServer\Development\Projects\UnrealMultiUserServer-Projects.lib and object ..\Intermediate\Build\Win64\x64\UnrealMultiUserServer\Development\Projects\UnrealMultiUserServer-Projects.exp
  [134/242] Link [x64] UnrealMultiUserServer-AnalyticsET.lib
     Creating library ..\Intermediate\Build\Win64\x64\UnrealMultiUserServer\Development\AnalyticsET\UnrealMultiUserServer-AnalyticsET.lib and object ..\Intermediate\Build\Win64\x64\UnrealMultiUserServer\Development\AnalyticsET\UnrealMultiUserServer-AnalyticsET.exp
  [135/242] Link [x64] UnrealMultiUserServer-Slate.lib
     Creating library ..\Intermediate\Build\Win64\x64\UnrealMultiUserServer\Development\Slate\UnrealMultiUserServer-Slate.lib and object ..\Intermediate\Build\Win64\x64\UnrealMultiUserServer\Development\Slate\UnrealMultiUserServer-Slate.exp
  [136/242] Link [x64] UnrealMultiUserServer-JsonUtilities.lib
     Creating library ..\Intermediate\Build\Win64\x64\UnrealMultiUserServer\Development\JsonUtilities\UnrealMultiUserServer-JsonUtilities.lib and object ..\Intermediate\Build\Win64\x64\UnrealMultiUserServer\Development\JsonUtilities\UnrealMultiUserServer-JsonUtilities.exp
  [137/242] Link [x64] UnrealMultiUserServer-Core.lib
     Creating library ..\Intermediate\Build\Win64\x64\UnrealMultiUserServer\Development\Core\UnrealMultiUserServer-Core.lib and object ..\Intermediate\Build\Win64\x64\UnrealMultiUserServer\Development\Core\UnrealMultiUserServer-Core.exp
  [138/242] Link [x64] UnrealMultiUserServer-Concert.lib
     Creating library ..\Plugins\Developer\Concert\ConcertMain\Intermediate\Build\Win64\x64\UnrealMultiUserServer\Development\Concert\UnrealMultiUserServer-Concert.lib and object ..\Plugins\Developer\Concert\ConcertMain\Intermediate\Build\Win64\x64\UnrealMultiUserServer\Development\Concert\UnrealMultiUserServer-Concert.exp
  [139/242] Link [x64] UnrealMultiUserServer-AutomationTest.lib
     Creating library ..\Intermediate\Build\Win64\x64\UnrealMultiUserServer\Development\AutomationTest\UnrealMultiUserServer-AutomationTest.lib and object ..\Intermediate\Build\Win64\x64\UnrealMultiUserServer\Development\AutomationTest\UnrealMultiUserServer-AutomationTest.exp
  [140/242] Link [x64] UnrealMultiUserServer-AutomationMessages.lib
     Creating library ..\Intermediate\Build\Win64\x64\UnrealMultiUserServer\Development\AutomationMessages\UnrealMultiUserServer-AutomationMessages.lib and object ..\Intermediate\Build\Win64\x64\UnrealMultiUserServer\Development\AutomationMessages\UnrealMultiUserServer-AutomationMessages.exp
  [141/242] Link [x64] UnrealMultiUserServer-ConcertTransport.lib
     Creating library ..\Plugins\Developer\Concert\ConcertMain\Intermediate\Build\Win64\x64\UnrealMultiUserServer\Development\ConcertTransport\UnrealMultiUserServer-ConcertTransport.lib and object ..\Plugins\Developer\Concert\ConcertMain\Intermediate\Build\Win64\x64\UnrealMultiUserServer\Development\ConcertTransport\UnrealMultiUserServer-ConcertTransport.exp
  [142/242] Link [x64] UnrealMultiUserServer-UnrealEdMessages.lib
     Creating library ..\Intermediate\Build\Win64\x64\UnrealMultiUserServer\Development\UnrealEdMessages\UnrealMultiUserServer-UnrealEdMessages.lib and object ..\Intermediate\Build\Win64\x64\UnrealMultiUserServer\Development\UnrealEdMessages\UnrealMultiUserServer-UnrealEdMessages.exp
  [143/242] Link [x64] UnrealMultiUserServer-ImageCore.lib
     Creating library ..\Intermediate\Build\Win64\x64\UnrealMultiUserServer\Development\ImageCore\UnrealMultiUserServer-ImageCore.lib and object ..\Intermediate\Build\Win64\x64\UnrealMultiUserServer\Development\ImageCore\UnrealMultiUserServer-ImageCore.exp
  [144/242] Link [x64] UnrealMultiUserServer-AutomationController.lib
     Creating library ..\Intermediate\Build\Win64\x64\UnrealMultiUserServer\Development\AutomationController\UnrealMultiUserServer-AutomationController.lib and object ..\Intermediate\Build\Win64\x64\UnrealMultiUserServer\Development\AutomationController\UnrealMultiUserServer-AutomationController.exp
  [145/242] Link [x64] UnrealMultiUserServer-ConcertServer.lib
     Creating library ..\Plugins\Developer\Concert\ConcertMain\Intermediate\Build\Win64\x64\UnrealMultiUserServer\Development\ConcertServer\UnrealMultiUserServer-ConcertServer.lib and object ..\Plugins\Developer\Concert\ConcertMain\Intermediate\Build\Win64\x64\UnrealMultiUserServer\Development\ConcertServer\UnrealMultiUserServer-ConcertServer.exp
  [146/242] Link [x64] UnrealMultiUserServer-MessagingCommon.lib
     Creating library ..\Intermediate\Build\Win64\x64\UnrealMultiUserServer\Development\MessagingCommon\UnrealMultiUserServer-MessagingCommon.lib and object ..\Intermediate\Build\Win64\x64\UnrealMultiUserServer\Development\MessagingCommon\UnrealMultiUserServer-MessagingCommon.exp
  [147/242] Link [x64] UnrealMultiUserServer-SessionMessages.lib
     Creating library ..\Intermediate\Build\Win64\x64\UnrealMultiUserServer\Development\SessionMessages\UnrealMultiUserServer-SessionMessages.lib and object ..\Intermediate\Build\Win64\x64\UnrealMultiUserServer\Development\SessionMessages\UnrealMultiUserServer-SessionMessages.exp
  [148/242] Link [x64] UnrealMultiUserServer-Settings.lib
     Creating library ..\Intermediate\Build\Win64\x64\UnrealMultiUserServer\Development\Settings\UnrealMultiUserServer-Settings.lib and object ..\Intermediate\Build\Win64\x64\UnrealMultiUserServer\Development\Settings\UnrealMultiUserServer-Settings.exp
  [149/242] Link [x64] UnrealMultiUserServer-Messaging.lib
     Creating library ..\Intermediate\Build\Win64\x64\UnrealMultiUserServer\Development\Messaging\UnrealMultiUserServer-Messaging.lib and object ..\Intermediate\Build\Win64\x64\UnrealMultiUserServer\Development\Messaging\UnrealMultiUserServer-Messaging.exp
  [150/242] Link [x64] UnrealMultiUserServer-AutomationWorker.lib
     Creating library ..\Intermediate\Build\Win64\x64\UnrealMultiUserServer\Development\AutomationWorker\UnrealMultiUserServer-AutomationWorker.lib and object ..\Intermediate\Build\Win64\x64\UnrealMultiUserServer\Development\AutomationWorker\UnrealMultiUserServer-AutomationWorker.exp
  [151/242] Link [x64] UnrealMultiUserServer-EngineMessages.lib
     Creating library ..\Intermediate\Build\Win64\x64\UnrealMultiUserServer\Development\EngineMessages\UnrealMultiUserServer-EngineMessages.lib and object ..\Intermediate\Build\Win64\x64\UnrealMultiUserServer\Development\EngineMessages\UnrealMultiUserServer-EngineMessages.exp
  [152/242] Link [x64] UnrealMultiUserServer-SessionServices.lib
     Creating library ..\Intermediate\Build\Win64\x64\UnrealMultiUserServer\Development\SessionServices\UnrealMultiUserServer-SessionServices.lib and object ..\Intermediate\Build\Win64\x64\UnrealMultiUserServer\Development\SessionServices\UnrealMultiUserServer-SessionServices.exp
  [153/242] Link [x64] UnrealMultiUserServer-ConcertSyncCore.lib
     Creating library ..\Plugins\Developer\Concert\ConcertSync\ConcertSyncCore\Intermediate\Build\Win64\x64\UnrealMultiUserServer\Development\ConcertSyncCore\UnrealMultiUserServer-ConcertSyncCore.lib and object ..\Plugins\Developer\Concert\ConcertSync\ConcertSyncCore\Intermediate\Build\Win64\x64\UnrealMultiUserServer\Development\ConcertSyncCore\UnrealMultiUserServer-ConcertSyncCore.exp
  [154/242] Link [x64] UnrealMultiUserServer-UdpMessaging.lib
     Creating library ..\Plugins\Messaging\UdpMessaging\Intermediate\Build\Win64\x64\UnrealMultiUserServer\Development\UdpMessaging\UnrealMultiUserServer-UdpMessaging.lib and object ..\Plugins\Messaging\UdpMessaging\Intermediate\Build\Win64\x64\UnrealMultiUserServer\Development\UdpMessaging\UnrealMultiUserServer-UdpMessaging.exp
  [155/242] Link [x64] UnrealMultiUserServer-ColorManagement.lib
     Creating library ..\Intermediate\Build\Win64\x64\UnrealMultiUserServer\Development\ColorManagement\UnrealMultiUserServer-ColorManagement.lib and object ..\Intermediate\Build\Win64\x64\UnrealMultiUserServer\Development\ColorManagement\UnrealMultiUserServer-ColorManagement.exp
  [156/242] Link [x64] UnrealMultiUserServer-ConcertSyncServer.lib
     Creating library ..\Plugins\Developer\Concert\ConcertSync\ConcertSyncServer\Intermediate\Build\Win64\x64\UnrealMultiUserServer\Development\CncrtSyncSvr\UnrealMultiUserServer-ConcertSyncServer.lib and object ..\Plugins\Developer\Concert\ConcertSync\ConcertSyncServer\Intermediate\Build\Win64\x64\UnrealMultiUserServer\Development\CncrtSyncSvr\UnrealMultiUserServer-ConcertSyncServer.exp
  [157/242] Link [x64] UnrealMultiUserServer-SlateCore.lib
     Creating library ..\Intermediate\Build\Win64\x64\UnrealMultiUserServer\Development\SlateCore\UnrealMultiUserServer-SlateCore.lib and object ..\Intermediate\Build\Win64\x64\UnrealMultiUserServer\Development\SlateCore\UnrealMultiUserServer-SlateCore.exp
  [158/242] Link [x64] UnrealMultiUserServer-HTTP.lib
     Creating library ..\Intermediate\Build\Win64\x64\UnrealMultiUserServer\Development\HTTP\UnrealMultiUserServer-HTTP.lib and object ..\Intermediate\Build\Win64\x64\UnrealMultiUserServer\Development\HTTP\UnrealMultiUserServer-HTTP.exp
  [159/242] Link [x64] UnrealMultiUserServer-TraceAnalysis.lib
     Creating library ..\Intermediate\Build\Win64\x64\UnrealMultiUserServer\Development\TraceAnalysis\UnrealMultiUserServer-TraceAnalysis.lib and object ..\Intermediate\Build\Win64\x64\UnrealMultiUserServer\Development\TraceAnalysis\UnrealMultiUserServer-TraceAnalysis.exp
  [160/242] Link [x64] UnrealMultiUserServer-Networking.lib
     Creating library ..\Intermediate\Build\Win64\x64\UnrealMultiUserServer\Development\Networking\UnrealMultiUserServer-Networking.lib and object ..\Intermediate\Build\Win64\x64\UnrealMultiUserServer\Development\Networking\UnrealMultiUserServer-Networking.exp
  [161/242] Link [x64] UnrealMultiUserServer-SQLiteCore.lib
     Creating library ..\Plugins\Runtime\Database\SQLiteCore\Intermediate\Build\Win64\x64\UnrealMultiUserServer\Development\SQLiteCore\UnrealMultiUserServer-SQLiteCore.lib and object ..\Plugins\Runtime\Database\SQLiteCore\Intermediate\Build\Win64\x64\UnrealMultiUserServer\Development\SQLiteCore\UnrealMultiUserServer-SQLiteCore.exp
  [162/242] Link [x64] UnrealMultiUserServer-RHI.lib
     Creating library ..\Intermediate\Build\Win64\x64\UnrealMultiUserServer\Development\RHI\UnrealMultiUserServer-RHI.lib and object ..\Intermediate\Build\Win64\x64\UnrealMultiUserServer\Development\RHI\UnrealMultiUserServer-RHI.exp
  [163/242] Link [x64] UnrealMultiUserServer-TraceServices.lib
     Creating library ..\Intermediate\Build\Win64\x64\UnrealMultiUserServer\Development\TraceServices\UnrealMultiUserServer-TraceServices.lib and object ..\Intermediate\Build\Win64\x64\UnrealMultiUserServer\Development\TraceServices\UnrealMultiUserServer-TraceServices.exp
  [164/242] Link [x64] UnrealMultiUserServer-RenderCore.lib
     Creating library ..\Intermediate\Build\Win64\x64\UnrealMultiUserServer\Development\RenderCore\UnrealMultiUserServer-RenderCore.lib and object ..\Intermediate\Build\Win64\x64\UnrealMultiUserServer\Development\RenderCore\UnrealMultiUserServer-RenderCore.exp
  [165/242] Link [x64] UnrealMultiUserServer-InputCore.lib
     Creating library ..\Intermediate\Build\Win64\x64\UnrealMultiUserServer\Development\InputCore\UnrealMultiUserServer-InputCore.lib and object ..\Intermediate\Build\Win64\x64\UnrealMultiUserServer\Development\InputCore\UnrealMultiUserServer-InputCore.exp
  [166/242] Link [x64] UnrealMultiUserServer-Serialization.lib
     Creating library ..\Intermediate\Build\Win64\x64\UnrealMultiUserServer\Development\Serialization\UnrealMultiUserServer-Serialization.lib and object ..\Intermediate\Build\Win64\x64\UnrealMultiUserServer\Development\Serialization\UnrealMultiUserServer-Serialization.exp
  [167/242] Link [x64] UnrealMultiUserServer-CoreUObject.lib
     Creating library ..\Intermediate\Build\Win64\x64\UnrealMultiUserServer\Development\CoreUObject\UnrealMultiUserServer-CoreUObject.lib and object ..\Intermediate\Build\Win64\x64\UnrealMultiUserServer\Development\CoreUObject\UnrealMultiUserServer-CoreUObject.exp
  [168/242] Link [x64] UnrealMultiUserServer-CookOnTheFly.lib
     Creating library ..\Intermediate\Build\Win64\x64\UnrealMultiUserServer\Development\CookOnTheFly\UnrealMultiUserServer-CookOnTheFly.lib and object ..\Intermediate\Build\Win64\x64\UnrealMultiUserServer\Development\CookOnTheFly\UnrealMultiUserServer-CookOnTheFly.exp
  [169/242] Link [x64] UnrealMultiUserServer-ImageWrapper.lib
     Creating library ..\Intermediate\Build\Win64\x64\UnrealMultiUserServer\Development\ImageWrapper\UnrealMultiUserServer-ImageWrapper.lib and object ..\Intermediate\Build\Win64\x64\UnrealMultiUserServer\Development\ImageWrapper\UnrealMultiUserServer-ImageWrapper.exp
  [170/242] Link [x64] UnrealMultiUserServer-MessageLog.lib
     Creating library ..\Intermediate\Build\Win64\x64\UnrealMultiUserServer\Development\MessageLog\UnrealMultiUserServer-MessageLog.lib and object ..\Intermediate\Build\Win64\x64\UnrealMultiUserServer\Development\MessageLog\UnrealMultiUserServer-MessageLog.exp
  [171/242] Link [x64] UnrealMultiUserServer-AssetRegistry.lib
     Creating library ..\Intermediate\Build\Win64\x64\UnrealMultiUserServer\Development\AssetRegistry\UnrealMultiUserServer-AssetRegistry.lib and object ..\Intermediate\Build\Win64\x64\UnrealMultiUserServer\Development\AssetRegistry\UnrealMultiUserServer-AssetRegistry.exp
  [172/242] Link [x64] UnrealMultiUserServer-ToolMenus.lib
     Creating library ..\Intermediate\Build\Win64\x64\UnrealMultiUserServer\Development\ToolMenus\UnrealMultiUserServer-ToolMenus.lib and object ..\Intermediate\Build\Win64\x64\UnrealMultiUserServer\Development\ToolMenus\UnrealMultiUserServer-ToolMenus.exp
  [173/242] Link [x64] UnrealMultiUserServer-SourceCodeAccess.lib
     Creating library ..\Intermediate\Build\Win64\x64\UnrealMultiUserServer\Development\SourceCodeAccess\UnrealMultiUserServer-SourceCodeAccess.lib and object ..\Intermediate\Build\Win64\x64\UnrealMultiUserServer\Development\SourceCodeAccess\UnrealMultiUserServer-SourceCodeAccess.exp
  [174/242] Link [x64] UnrealMultiUserServer-ToolWidgets.lib
     Creating library ..\Intermediate\Build\Win64\x64\UnrealMultiUserServer\Development\ToolWidgets\UnrealMultiUserServer-ToolWidgets.lib and object ..\Intermediate\Build\Win64\x64\UnrealMultiUserServer\Development\ToolWidgets\UnrealMultiUserServer-ToolWidgets.exp
  [175/242] Link [x64] UnrealMultiUserServer-ScreenShotComparisonTools.lib
     Creating library ..\Intermediate\Build\Win64\x64\UnrealMultiUserServer\Development\ScreenShotComparisonTools\UnrealMultiUserServer-ScreenShotComparisonTools.lib and object ..\Intermediate\Build\Win64\x64\UnrealMultiUserServer\Development\ScreenShotComparisonTools\UnrealMultiUserServer-ScreenShotComparisonTools.exp
  [176/242] Link [x64] UnrealMultiUserServer-AutomationWindow.lib
     Creating library ..\Intermediate\Build\Win64\x64\UnrealMultiUserServer\Development\AutomationWindow\UnrealMultiUserServer-AutomationWindow.lib and object ..\Intermediate\Build\Win64\x64\UnrealMultiUserServer\Development\AutomationWindow\UnrealMultiUserServer-AutomationWindow.exp
  [177/242] Link [x64] UnrealMultiUserServer-AppFramework.lib
     Creating library ..\Intermediate\Build\Win64\x64\UnrealMultiUserServer\Development\AppFramework\UnrealMultiUserServer-AppFramework.lib and object ..\Intermediate\Build\Win64\x64\UnrealMultiUserServer\Development\AppFramework\UnrealMultiUserServer-AppFramework.exp
  [178/242] Link [x64] UnrealMultiUserServer-WorkspaceMenuStructure.lib
     Creating library ..\Intermediate\Build\Win64\x64\UnrealMultiUserServer\Development\WorkspaceMenuStructure\UnrealMultiUserServer-WorkspaceMenuStructure.lib and object ..\Intermediate\Build\Win64\x64\UnrealMultiUserServer\Development\WorkspaceMenuStructure\UnrealMultiUserServer-WorkspaceMenuStructure.exp
  [179/242] Link [x64] UnrealMultiUserServer-Core.dll
     Creating library ..\Intermediate\Build\Win64\x64\UnrealMultiUserServer\Development\Core\UnrealMultiUserServer-Core.suppressed.lib and object ..\Intermediate\Build\Win64\x64\UnrealMultiUserServer\Development\Core\UnrealMultiUserServer-Core.suppressed.exp
  [180/242] Link [x64] UnrealMultiUserServer-HTTP.dll
     Creating library ..\Intermediate\Build\Win64\x64\UnrealMultiUserServer\Development\HTTP\UnrealMultiUserServer-HTTP.suppressed.lib and object ..\Intermediate\Build\Win64\x64\UnrealMultiUserServer\Development\HTTP\UnrealMultiUserServer-HTTP.suppressed.exp
  [181/242] Link [x64] UnrealMultiUserServer-TraceAnalysis.dll
     Creating library ..\Intermediate\Build\Win64\x64\UnrealMultiUserServer\Development\TraceAnalysis\UnrealMultiUserServer-TraceAnalysis.suppressed.lib and object ..\Intermediate\Build\Win64\x64\UnrealMultiUserServer\Development\TraceAnalysis\UnrealMultiUserServer-TraceAnalysis.suppressed.exp
  [182/242] Link [x64] UnrealMultiUserServer-CoreUObject.dll
     Creating library ..\Intermediate\Build\Win64\x64\UnrealMultiUserServer\Development\CoreUObject\UnrealMultiUserServer-CoreUObject.suppressed.lib and object ..\Intermediate\Build\Win64\x64\UnrealMultiUserServer\Development\CoreUObject\UnrealMultiUserServer-CoreUObject.suppressed.exp
  [183/242] Link [x64] UnrealMultiUserServer-RHI.dll
     Creating library ..\Intermediate\Build\Win64\x64\UnrealMultiUserServer\Development\RHI\UnrealMultiUserServer-RHI.suppressed.lib and object ..\Intermediate\Build\Win64\x64\UnrealMultiUserServer\Development\RHI\UnrealMultiUserServer-RHI.suppressed.exp
  [184/242] Link [x64] UnrealMultiUserServer-SSL.dll
     Creating library ..\Intermediate\Build\Win64\x64\UnrealMultiUserServer\Development\SSL\UnrealMultiUserServer-SSL.suppressed.lib and object ..\Intermediate\Build\Win64\x64\UnrealMultiUserServer\Development\SSL\UnrealMultiUserServer-SSL.suppressed.exp
  [185/242] Link [x64] UnrealMultiUserServer-DesktopPlatform.dll
     Creating library ..\Intermediate\Build\Win64\x64\UnrealMultiUserServer\Development\DesktopPlatform\UnrealMultiUserServer-DesktopPlatform.suppressed.lib and object ..\Intermediate\Build\Win64\x64\UnrealMultiUserServer\Development\DesktopPlatform\UnrealMultiUserServer-DesktopPlatform.suppressed.exp
  [186/242] Link [x64] UnrealMultiUserServer-SQLiteCore.dll
     Creating library ..\Plugins\Runtime\Database\SQLiteCore\Intermediate\Build\Win64\x64\UnrealMultiUserServer\Development\SQLiteCore\UnrealMultiUserServer-SQLiteCore.suppressed.lib and object ..\Plugins\Runtime\Database\SQLiteCore\Intermediate\Build\Win64\x64\UnrealMultiUserServer\Development\SQLiteCore\UnrealMultiUserServer-SQLiteCore.suppressed.exp
  [187/242] Link [x64] UnrealMultiUserServer-Projects.dll
     Creating library ..\Intermediate\Build\Win64\x64\UnrealMultiUserServer\Development\Projects\UnrealMultiUserServer-Projects.suppressed.lib and object ..\Intermediate\Build\Win64\x64\UnrealMultiUserServer\Development\Projects\UnrealMultiUserServer-Projects.suppressed.exp
  [188/242] Link [x64] UnrealMultiUserServer-Networking.dll
     Creating library ..\Intermediate\Build\Win64\x64\UnrealMultiUserServer\Development\Networking\UnrealMultiUserServer-Networking.suppressed.lib and object ..\Intermediate\Build\Win64\x64\UnrealMultiUserServer\Development\Networking\UnrealMultiUserServer-Networking.suppressed.exp
  [189/242] Link [x64] UnrealMultiUserServer-Sockets.dll
     Creating library ..\Intermediate\Build\Win64\x64\UnrealMultiUserServer\Development\Sockets\UnrealMultiUserServer-Sockets.suppressed.lib and object ..\Intermediate\Build\Win64\x64\UnrealMultiUserServer\Development\Sockets\UnrealMultiUserServer-Sockets.suppressed.exp
  [190/242] Link [x64] UnrealMultiUserServer-ApplicationCore.dll
     Creating library ..\Intermediate\Build\Win64\x64\UnrealMultiUserServer\Development\ApplicationCore\UnrealMultiUserServer-ApplicationCore.suppressed.lib and object ..\Intermediate\Build\Win64\x64\UnrealMultiUserServer\Development\ApplicationCore\UnrealMultiUserServer-ApplicationCore.suppressed.exp
  [191/242] Link [x64] UnrealMultiUserServer-NetCommon.dll
     Creating library ..\Intermediate\Build\Win64\x64\UnrealMultiUserServer\Development\NetCommon\UnrealMultiUserServer-NetCommon.suppressed.lib and object ..\Intermediate\Build\Win64\x64\UnrealMultiUserServer\Development\NetCommon\UnrealMultiUserServer-NetCommon.suppressed.exp
  [192/242] Link [x64] UnrealMultiUserServer-Cbor.dll
     Creating library ..\Intermediate\Build\Win64\x64\UnrealMultiUserServer\Development\Cbor\UnrealMultiUserServer-Cbor.suppressed.lib and object ..\Intermediate\Build\Win64\x64\UnrealMultiUserServer\Development\Cbor\UnrealMultiUserServer-Cbor.suppressed.exp
  [193/242] Link [x64] UnrealMultiUserServer-Json.dll
     Creating library ..\Intermediate\Build\Win64\x64\UnrealMultiUserServer\Development\Json\UnrealMultiUserServer-Json.suppressed.lib and object ..\Intermediate\Build\Win64\x64\UnrealMultiUserServer\Development\Json\UnrealMultiUserServer-Json.suppressed.exp
  [194/242] Link [x64] UnrealMultiUserServer-Analytics.dll
     Creating library ..\Intermediate\Build\Win64\x64\UnrealMultiUserServer\Development\Analytics\UnrealMultiUserServer-Analytics.suppressed.lib and object ..\Intermediate\Build\Win64\x64\UnrealMultiUserServer\Development\Analytics\UnrealMultiUserServer-Analytics.suppressed.exp
  [195/242] Link [x64] UnrealMultiUserServer-ColorManagement.dll
     Creating library ..\Intermediate\Build\Win64\x64\UnrealMultiUserServer\Development\ColorManagement\UnrealMultiUserServer-ColorManagement.suppressed.lib and object ..\Intermediate\Build\Win64\x64\UnrealMultiUserServer\Development\ColorManagement\UnrealMultiUserServer-ColorManagement.suppressed.exp
  [196/242] Link [x64] UnrealMultiUserServer-XmlParser.dll
     Creating library ..\Intermediate\Build\Win64\x64\UnrealMultiUserServer\Development\XmlParser\UnrealMultiUserServer-XmlParser.suppressed.lib and object ..\Intermediate\Build\Win64\x64\UnrealMultiUserServer\Development\XmlParser\UnrealMultiUserServer-XmlParser.suppressed.exp
  [197/242] Link [x64] UnrealMultiUserServer-ImageWrapper.dll
     Creating library ..\Intermediate\Build\Win64\x64\UnrealMultiUserServer\Development\ImageWrapper\UnrealMultiUserServer-ImageWrapper.suppressed.lib and object ..\Intermediate\Build\Win64\x64\UnrealMultiUserServer\Development\ImageWrapper\UnrealMultiUserServer-ImageWrapper.suppressed.exp
  [198/242] Link [x64] UnrealMultiUserServer-WorkspaceMenuStructure.dll
     Creating library ..\Intermediate\Build\Win64\x64\UnrealMultiUserServer\Development\WorkspaceMenuStructure\UnrealMultiUserServer-WorkspaceMenuStructure.suppressed.lib and object ..\Intermediate\Build\Win64\x64\UnrealMultiUserServer\Development\WorkspaceMenuStructure\UnrealMultiUserServer-WorkspaceMenuStructure.suppressed.exp
  [199/242] Link [x64] UnrealMultiUserServer-AnalyticsET.dll
     Creating library ..\Intermediate\Build\Win64\x64\UnrealMultiUserServer\Development\AnalyticsET\UnrealMultiUserServer-AnalyticsET.suppressed.lib and object ..\Intermediate\Build\Win64\x64\UnrealMultiUserServer\Development\AnalyticsET\UnrealMultiUserServer-AnalyticsET.suppressed.exp
  [200/242] Link [x64] UnrealMultiUserServer-CookOnTheFly.dll
     Creating library ..\Intermediate\Build\Win64\x64\UnrealMultiUserServer\Development\CookOnTheFly\UnrealMultiUserServer-CookOnTheFly.suppressed.lib and object ..\Intermediate\Build\Win64\x64\UnrealMultiUserServer\Development\CookOnTheFly\UnrealMultiUserServer-CookOnTheFly.suppressed.exp
  [201/242] Link [x64] UnrealMultiUserServer-TraceServices.dll
     Creating library ..\Intermediate\Build\Win64\x64\UnrealMultiUserServer\Development\TraceServices\UnrealMultiUserServer-TraceServices.suppressed.lib and object ..\Intermediate\Build\Win64\x64\UnrealMultiUserServer\Development\TraceServices\UnrealMultiUserServer-TraceServices.suppressed.exp
  [202/242] Link [x64] UnrealMultiUserServer-UdpMessaging.dll
     Creating library ..\Plugins\Messaging\UdpMessaging\Intermediate\Build\Win64\x64\UnrealMultiUserServer\Development\UdpMessaging\UnrealMultiUserServer-UdpMessaging.suppressed.lib and object ..\Plugins\Messaging\UdpMessaging\Intermediate\Build\Win64\x64\UnrealMultiUserServer\Development\UdpMessaging\UnrealMultiUserServer-UdpMessaging.suppressed.exp
  [203/242] Link [x64] UnrealMultiUserServer-AutomationWorker.dll
     Creating library ..\Intermediate\Build\Win64\x64\UnrealMultiUserServer\Development\AutomationWorker\UnrealMultiUserServer-AutomationWorker.suppressed.lib and object ..\Intermediate\Build\Win64\x64\UnrealMultiUserServer\Development\AutomationWorker\UnrealMultiUserServer-AutomationWorker.suppressed.exp
  [204/242] Link [x64] UnrealMultiUserServer-SlateCore.dll
     Creating library ..\Intermediate\Build\Win64\x64\UnrealMultiUserServer\Development\SlateCore\UnrealMultiUserServer-SlateCore.suppressed.lib and object ..\Intermediate\Build\Win64\x64\UnrealMultiUserServer\Development\SlateCore\UnrealMultiUserServer-SlateCore.suppressed.exp
  [205/242] Link [x64] UnrealMultiUserServer-ConcertSyncServer.dll
     Creating library ..\Plugins\Developer\Concert\ConcertSync\ConcertSyncServer\Intermediate\Build\Win64\x64\UnrealMultiUserServer\Development\CncrtSyncSvr\UnrealMultiUserServer-ConcertSyncServer.suppressed.lib and object ..\Plugins\Developer\Concert\ConcertSync\ConcertSyncServer\Intermediate\Build\Win64\x64\UnrealMultiUserServer\Development\CncrtSyncSvr\UnrealMultiUserServer-ConcertSyncServer.suppressed.exp
  [206/242] Link [x64] UnrealMultiUserServer-AppFramework.dll
     Creating library ..\Intermediate\Build\Win64\x64\UnrealMultiUserServer\Development\AppFramework\UnrealMultiUserServer-AppFramework.suppressed.lib and object ..\Intermediate\Build\Win64\x64\UnrealMultiUserServer\Development\AppFramework\UnrealMultiUserServer-AppFramework.suppressed.exp
  [207/242] Link [x64] UnrealMultiUserServer-ToolMenus.dll
     Creating library ..\Intermediate\Build\Win64\x64\UnrealMultiUserServer\Development\ToolMenus\UnrealMultiUserServer-ToolMenus.suppressed.lib and object ..\Intermediate\Build\Win64\x64\UnrealMultiUserServer\Development\ToolMenus\UnrealMultiUserServer-ToolMenus.suppressed.exp
  [208/242] Link [x64] UnrealMultiUserServer-ConcertSyncCore.dll
     Creating library ..\Plugins\Developer\Concert\ConcertSync\ConcertSyncCore\Intermediate\Build\Win64\x64\UnrealMultiUserServer\Development\ConcertSyncCore\UnrealMultiUserServer-ConcertSyncCore.suppressed.lib and object ..\Plugins\Developer\Concert\ConcertSync\ConcertSyncCore\Intermediate\Build\Win64\x64\UnrealMultiUserServer\Development\ConcertSyncCore\UnrealMultiUserServer-ConcertSyncCore.suppressed.exp
  [209/242] Link [x64] UnrealMultiUserServer-MessageLog.dll
     Creating library ..\Intermediate\Build\Win64\x64\UnrealMultiUserServer\Development\MessageLog\UnrealMultiUserServer-MessageLog.suppressed.lib and object ..\Intermediate\Build\Win64\x64\UnrealMultiUserServer\Development\MessageLog\UnrealMultiUserServer-MessageLog.suppressed.exp
  [210/242] Link [x64] UnrealMultiUserServer-ConcertServer.dll
     Creating library ..\Plugins\Developer\Concert\ConcertMain\Intermediate\Build\Win64\x64\UnrealMultiUserServer\Development\ConcertServer\UnrealMultiUserServer-ConcertServer.suppressed.lib and object ..\Plugins\Developer\Concert\ConcertMain\Intermediate\Build\Win64\x64\UnrealMultiUserServer\Development\ConcertServer\UnrealMultiUserServer-ConcertServer.suppressed.exp
  [211/242] Link [x64] UnrealMultiUserServer-AssetRegistry.dll
     Creating library ..\Intermediate\Build\Win64\x64\UnrealMultiUserServer\Development\AssetRegistry\UnrealMultiUserServer-AssetRegistry.suppressed.lib and object ..\Intermediate\Build\Win64\x64\UnrealMultiUserServer\Development\AssetRegistry\UnrealMultiUserServer-AssetRegistry.suppressed.exp
  [212/242] Link [x64] UnrealMultiUserServer-Serialization.dll
     Creating library ..\Intermediate\Build\Win64\x64\UnrealMultiUserServer\Development\Serialization\UnrealMultiUserServer-Serialization.suppressed.lib and object ..\Intermediate\Build\Win64\x64\UnrealMultiUserServer\Development\Serialization\UnrealMultiUserServer-Serialization.suppressed.exp
  [213/242] Link [x64] UnrealMultiUserServer-SourceCodeAccess.dll
     Creating library ..\Intermediate\Build\Win64\x64\UnrealMultiUserServer\Development\SourceCodeAccess\UnrealMultiUserServer-SourceCodeAccess.suppressed.lib and object ..\Intermediate\Build\Win64\x64\UnrealMultiUserServer\Development\SourceCodeAccess\UnrealMultiUserServer-SourceCodeAccess.suppressed.exp
  [214/242] Link [x64] UnrealMultiUserServer-SessionServices.dll
     Creating library ..\Intermediate\Build\Win64\x64\UnrealMultiUserServer\Development\SessionServices\UnrealMultiUserServer-SessionServices.suppressed.lib and object ..\Intermediate\Build\Win64\x64\UnrealMultiUserServer\Development\SessionServices\UnrealMultiUserServer-SessionServices.suppressed.exp
  [215/242] Link [x64] UnrealMultiUserServer-ConcertTransport.dll
     Creating library ..\Plugins\Developer\Concert\ConcertMain\Intermediate\Build\Win64\x64\UnrealMultiUserServer\Development\ConcertTransport\UnrealMultiUserServer-ConcertTransport.suppressed.lib and object ..\Plugins\Developer\Concert\ConcertMain\Intermediate\Build\Win64\x64\UnrealMultiUserServer\Development\ConcertTransport\UnrealMultiUserServer-ConcertTransport.suppressed.exp
  [216/242] Link [x64] UnrealMultiUserServer-Concert.dll
     Creating library ..\Plugins\Developer\Concert\ConcertMain\Intermediate\Build\Win64\x64\UnrealMultiUserServer\Development\Concert\UnrealMultiUserServer-Concert.suppressed.lib and object ..\Plugins\Developer\Concert\ConcertMain\Intermediate\Build\Win64\x64\UnrealMultiUserServer\Development\Concert\UnrealMultiUserServer-Concert.suppressed.exp
  [217/242] Compile [x64] Module.TraceInsights.6_of_8.cpp
  [218/242] Link [x64] UnrealMultiUserServer-ImageCore.dll
     Creating library ..\Intermediate\Build\Win64\x64\UnrealMultiUserServer\Development\ImageCore\UnrealMultiUserServer-ImageCore.suppressed.lib and object ..\Intermediate\Build\Win64\x64\UnrealMultiUserServer\Development\ImageCore\UnrealMultiUserServer-ImageCore.suppressed.exp
  [219/242] Link [x64] UnrealMultiUserServer-JsonUtilities.dll
     Creating library ..\Intermediate\Build\Win64\x64\UnrealMultiUserServer\Development\JsonUtilities\UnrealMultiUserServer-JsonUtilities.suppressed.lib and object ..\Intermediate\Build\Win64\x64\UnrealMultiUserServer\Development\JsonUtilities\UnrealMultiUserServer-JsonUtilities.suppressed.exp
  [220/242] Link [x64] UnrealMultiUserServer-AutomationMessages.dll
     Creating library ..\Intermediate\Build\Win64\x64\UnrealMultiUserServer\Development\AutomationMessages\UnrealMultiUserServer-AutomationMessages.suppressed.lib and object ..\Intermediate\Build\Win64\x64\UnrealMultiUserServer\Development\AutomationMessages\UnrealMultiUserServer-AutomationMessages.suppressed.exp
  [221/242] Link [x64] UnrealMultiUserServer-UnrealEdMessages.dll
     Creating library ..\Intermediate\Build\Win64\x64\UnrealMultiUserServer\Development\UnrealEdMessages\UnrealMultiUserServer-UnrealEdMessages.suppressed.lib and object ..\Intermediate\Build\Win64\x64\UnrealMultiUserServer\Development\UnrealEdMessages\UnrealMultiUserServer-UnrealEdMessages.suppressed.exp
  [222/242] Link [x64] UnrealMultiUserServer-EngineMessages.dll
     Creating library ..\Intermediate\Build\Win64\x64\UnrealMultiUserServer\Development\EngineMessages\UnrealMultiUserServer-EngineMessages.suppressed.lib and object ..\Intermediate\Build\Win64\x64\UnrealMultiUserServer\Development\EngineMessages\UnrealMultiUserServer-EngineMessages.suppressed.exp
  [223/242] Link [x64] UnrealMultiUserServer-Messaging.dll
     Creating library ..\Intermediate\Build\Win64\x64\UnrealMultiUserServer\Development\Messaging\UnrealMultiUserServer-Messaging.suppressed.lib and object ..\Intermediate\Build\Win64\x64\UnrealMultiUserServer\Development\Messaging\UnrealMultiUserServer-Messaging.suppressed.exp
  [224/242] Link [x64] UnrealMultiUserServer-SessionMessages.dll
     Creating library ..\Intermediate\Build\Win64\x64\UnrealMultiUserServer\Development\SessionMessages\UnrealMultiUserServer-SessionMessages.suppressed.lib and object ..\Intermediate\Build\Win64\x64\UnrealMultiUserServer\Development\SessionMessages\UnrealMultiUserServer-SessionMessages.suppressed.exp
  [225/242] Link [x64] UnrealMultiUserServer-AutomationTest.dll
     Creating library ..\Intermediate\Build\Win64\x64\UnrealMultiUserServer\Development\AutomationTest\UnrealMultiUserServer-AutomationTest.suppressed.lib and object ..\Intermediate\Build\Win64\x64\UnrealMultiUserServer\Development\AutomationTest\UnrealMultiUserServer-AutomationTest.suppressed.exp
  [226/242] Link [x64] UnrealMultiUserServer-MessagingCommon.dll
     Creating library ..\Intermediate\Build\Win64\x64\UnrealMultiUserServer\Development\MessagingCommon\UnrealMultiUserServer-MessagingCommon.suppressed.lib and object ..\Intermediate\Build\Win64\x64\UnrealMultiUserServer\Development\MessagingCommon\UnrealMultiUserServer-MessagingCommon.suppressed.exp
  [227/242] Link [x64] UnrealMultiUserServer-Settings.dll
     Creating library ..\Intermediate\Build\Win64\x64\UnrealMultiUserServer\Development\Settings\UnrealMultiUserServer-Settings.suppressed.lib and object ..\Intermediate\Build\Win64\x64\UnrealMultiUserServer\Development\Settings\UnrealMultiUserServer-Settings.suppressed.exp
  [228/242] Link [x64] UnrealMultiUserServer-InputCore.dll
     Creating library ..\Intermediate\Build\Win64\x64\UnrealMultiUserServer\Development\InputCore\UnrealMultiUserServer-InputCore.suppressed.lib and object ..\Intermediate\Build\Win64\x64\UnrealMultiUserServer\Development\InputCore\UnrealMultiUserServer-InputCore.suppressed.exp
  [229/242] Link [x64] UnrealMultiUserServer-ScreenShotComparisonTools.dll
     Creating library ..\Intermediate\Build\Win64\x64\UnrealMultiUserServer\Development\ScreenShotComparisonTools\UnrealMultiUserServer-ScreenShotComparisonTools.suppressed.lib and object ..\Intermediate\Build\Win64\x64\UnrealMultiUserServer\Development\ScreenShotComparisonTools\UnrealMultiUserServer-ScreenShotComparisonTools.suppressed.exp
  [230/242] Link [x64] UnrealMultiUserServer-RenderCore.dll
     Creating library ..\Intermediate\Build\Win64\x64\UnrealMultiUserServer\Development\RenderCore\UnrealMultiUserServer-RenderCore.suppressed.lib and object ..\Intermediate\Build\Win64\x64\UnrealMultiUserServer\Development\RenderCore\UnrealMultiUserServer-RenderCore.suppressed.exp
  [231/242] Link [x64] UnrealMultiUserServer-AutomationController.dll
     Creating library ..\Intermediate\Build\Win64\x64\UnrealMultiUserServer\Development\AutomationController\UnrealMultiUserServer-AutomationController.suppressed.lib and object ..\Intermediate\Build\Win64\x64\UnrealMultiUserServer\Development\AutomationController\UnrealMultiUserServer-AutomationController.suppressed.exp
  [232/242] Link [x64] UnrealMultiUserServer-Slate.dll
     Creating library ..\Intermediate\Build\Win64\x64\UnrealMultiUserServer\Development\Slate\UnrealMultiUserServer-Slate.suppressed.lib and object ..\Intermediate\Build\Win64\x64\UnrealMultiUserServer\Development\Slate\UnrealMultiUserServer-Slate.suppressed.exp
  [233/242] Link [x64] UnrealMultiUserServer-AutomationWindow.dll
     Creating library ..\Intermediate\Build\Win64\x64\UnrealMultiUserServer\Development\AutomationWindow\UnrealMultiUserServer-AutomationWindow.suppressed.lib and object ..\Intermediate\Build\Win64\x64\UnrealMultiUserServer\Development\AutomationWindow\UnrealMultiUserServer-AutomationWindow.suppressed.exp
  [234/242] Link [x64] UnrealMultiUserServer-ToolWidgets.dll
     Creating library ..\Intermediate\Build\Win64\x64\UnrealMultiUserServer\Development\ToolWidgets\UnrealMultiUserServer-ToolWidgets.suppressed.lib and object ..\Intermediate\Build\Win64\x64\UnrealMultiUserServer\Development\ToolWidgets\UnrealMultiUserServer-ToolWidgets.suppressed.exp
  [235/242] Link [x64] UnrealMultiUserServer-TraceInsights.lib
     Creating library ..\Intermediate\Build\Win64\x64\UnrealMultiUserServer\Development\TraceInsights\UnrealMultiUserServer-TraceInsights.lib and object ..\Intermediate\Build\Win64\x64\UnrealMultiUserServer\Development\TraceInsights\UnrealMultiUserServer-TraceInsights.exp
  [236/242] Link [x64] UnrealMultiUserServer.exe
  [237/242] Link [x64] UnrealMultiUserServer-TraceInsights.dll
     Creating library ..\Intermediate\Build\Win64\x64\UnrealMultiUserServer\Development\TraceInsights\UnrealMultiUserServer-TraceInsights.suppressed.lib and object ..\Intermediate\Build\Win64\x64\UnrealMultiUserServer\Development\TraceInsights\UnrealMultiUserServer-TraceInsights.suppressed.exp
  [238/242] Compile [x64] Module.SlateReflector.cpp
  [239/242] Link [x64] UnrealMultiUserServer-SlateReflector.lib
     Creating library ..\Intermediate\Build\Win64\x64\UnrealMultiUserServer\Development\SlateReflector\UnrealMultiUserServer-SlateReflector.lib and object ..\Intermediate\Build\Win64\x64\UnrealMultiUserServer\Development\SlateReflector\UnrealMultiUserServer-SlateReflector.exp
  [240/242] Link [x64] UnrealMultiUserServer-SlateReflector.dll
     Creating library ..\Intermediate\Build\Win64\x64\UnrealMultiUserServer\Development\SlateReflector\UnrealMultiUserServer-SlateReflector.suppressed.lib and object ..\Intermediate\Build\Win64\x64\UnrealMultiUserServer\Development\SlateReflector\UnrealMultiUserServer-SlateReflector.suppressed.exp
  [241/242] WriteMetadata UnrealMultiUserServer.version
  [242/242] WriteMetadata UnrealMultiUserServer.target
  Total time in Parallel executor: 286.96 seconds
  Total execution time: 1049.04 seconds
