  Using bundled DotNet SDK version: 6.0.302
  Running UnrealBuildTool: dotnet "..\..\Engine\Binaries\DotNET\UnrealBuildTool\UnrealBuildTool.dll" UnrealRecoverySvc Win64 Development -WaitMutex -FromMsBuild
  Log file: C:\Users\aleja\gamedev\Engine\UnrealEngine\Engine\Programs\UnrealBuildTool\Log.txt
  Using 'git status' to determine working set for adaptive non-unity build (C:\Users\aleja\gamedev\Engine\UnrealEngine).
  Creating makefile for UnrealRecoverySvc (no existing makefile)
  Parsing headers for UnrealRecoverySvc
    Running Internal UnrealHeaderTool UnrealRecoverySvc C:\Users\aleja\gamedev\Engine\UnrealEngine\Engine\Intermediate\Build\Win64\UnrealRecoverySvc\Development\UnrealRecoverySvc.uhtmanifest -WarningsAsErrors
  Total of 57 written
  Reflection code generated for UnrealRecoverySvc in 0.4133331 seconds
  Waiting for 'git status' command to complete
  Building UnrealRecoverySvc...
  Using Visual Studio 2022 14.34.31946 toolchain (C:\Program Files\Microsoft Visual Studio\2022\Community\VC\Tools\MSVC\14.34.31933) and Windows 10.0.22621.0 SDK (C:\Program Files (x86)\Windows Kits\10).
  [Upgrade]
  [Upgrade] Using backward-compatible include order. The latest version of UE has changed the order of includes, which may require code changes. The current setting is:
  [Upgrade]     IncludeOrderVersion = EngineIncludeOrderVersion.Unreal5_0
  [Upgrade] Suppress this message by setting 'IncludeOrderVersion = EngineIncludeOrderVersion.Unreal5_2;' in UnrealRecoverySvc.Target.cs.
  [Upgrade] Alternatively you can set this to 'EngineIncludeOrderVersion.Latest' to always use the latest include order. This will potentially cause compile errors when integrating new versions of the engine.
  [Upgrade]
  Determining max actions to execute in parallel (10 physical cores, 20 logical cores)
    Executing up to 10 processes, one per physical core
  Building 61 actions with 10 processes...
  [1/61] Resource Default.rc2
  [2/61] Compile [x64] BuildSettings.cpp
  [3/61] Compile [x64] MiMalloc.c
  [4/61] Compile [x64] Module.TraceLog.cpp
  [5/61] Compile [x64] SharedPCH.Core.ShadowErrors.TypeCastErrors.cpp
  [6/61] Compile [x64] SharedPCH.Core.ShadowErrors.cpp
  [7/61] Compile [x64] NetCommonModule.cpp
  [8/61] Compile [x64] Module.Cbor.cpp
  [9/61] Compile [x64] PCH.Core.cpp
  [10/61] Compile [x64] Module.Sockets.cpp
  [11/61] Compile [x64] Module.SQLiteCore.cpp
  [12/61] Compile [x64] Module.Core.17_of_17.cpp
  [13/61] Compile [x64] SharedPCH.CoreUObject.ShadowErrors.cpp
  [14/61] Compile [x64] SharedPCH.CoreUObject.ShadowErrors.InclOrderUnreal5_0.cpp
  [15/61] Compile [x64] SharedPCH.CoreUObject.ShadowErrors.TypeCastErrors.cpp
  [16/61] Compile [x64] Module.Networking.cpp
  [17/61] Compile [x64] PCH.CoreUObject.cpp
  [18/61] Compile [x64] Module.Core.2_of_17.cpp
  [19/61] Compile [x64] Module.ApplicationCore.cpp
  [20/61] Compile [x64] Module.Projects.cpp
  [21/61] Compile [x64] Module.Json.cpp
  [22/61] Compile [x64] Module.Core.11_of_17.cpp
  [23/61] Compile [x64] SQLiteEmbedded.c
  [24/61] Compile [x64] Module.Core.5_of_17.cpp
  [25/61] Compile [x64] Module.Core.9_of_17.cpp
  [26/61] Compile [x64] Module.Core.16_of_17.cpp
  [27/61] Compile [x64] Module.Core.4_of_17.cpp
  [28/61] Compile [x64] Module.Core.10_of_17.cpp
  [29/61] Compile [x64] Module.Core.7_of_17.cpp
  [30/61] Compile [x64] Module.Core.3_of_17.cpp
  [31/61] Compile [x64] Module.Core.12_of_17.cpp
  [32/61] Compile [x64] Module.Concert.cpp
  [33/61] Compile [x64] Module.Core.8_of_17.cpp
  [34/61] Compile [x64] Module.Core.15_of_17.cpp
  [35/61] Compile [x64] Module.ConcertTransport.cpp
  [36/61] Compile [x64] MessagingCommonModule.cpp
  [37/61] Compile [x64] Module.CncrtSyncSvr.cpp
  [38/61] Compile [x64] Module.Core.1_of_17.cpp
  [39/61] Compile [x64] Module.ConcertServer.cpp
  [40/61] Compile [x64] Module.Messaging.cpp
  [41/61] Compile [x64] Module.Core.6_of_17.cpp
  [42/61] Compile [x64] Module.ConcertSyncCore.cpp
  [43/61] Compile [x64] Module.UdpMessaging.cpp
  [44/61] Compile [x64] UnrealRecoverySvc.cpp
  [45/61] Compile [x64] Module.CoreUObject.12_of_12.cpp
  [46/61] Compile [x64] Module.Serialization.cpp
  [47/61] Compile [x64] Module.CoreUObject.4_of_12.cpp
  [48/61] Compile [x64] Module.CoreUObject.1_of_12.cpp
  [49/61] Compile [x64] Module.CoreUObject.9_of_12.cpp
  [50/61] Compile [x64] Module.Core.13_of_17.cpp
  [51/61] Compile [x64] Module.CoreUObject.3_of_12.cpp
  [52/61] Compile [x64] Module.CoreUObject.8_of_12.cpp
  [53/61] Compile [x64] Module.Core.14_of_17.cpp
  [54/61] Compile [x64] Module.CoreUObject.2_of_12.cpp
  [55/61] Compile [x64] Module.CoreUObject.10_of_12.cpp
  [56/61] Compile [x64] Module.CoreUObject.11_of_12.cpp
  [57/61] Compile [x64] Module.CoreUObject.5_of_12.cpp
  [58/61] Compile [x64] Module.CoreUObject.6_of_12.cpp
  [59/61] Compile [x64] Module.CoreUObject.7_of_12.cpp
  [60/61] Link [x64] UnrealRecoverySvc.exe
  [61/61] WriteMetadata UnrealRecoverySvc.target
  Total time in Parallel executor: 85.50 seconds
  Total execution time: 434.35 seconds
