  Using bundled DotNet SDK version: 6.0.302
  Running UnrealBuildTool: dotnet "..\..\Engine\Binaries\DotNET\UnrealBuildTool\UnrealBuildTool.dll" -Target="XYZEditor Win64 Development -Project=\"C:\Users\aleja\OneDrive\Documents\Unreal Projects\XYZ\XYZ.uproject\"" -Target="ShaderCompileWorker Win64 Development -Quiet" -WaitMutex -FromMsBuild
  Log file: C:\Users\aleja\gamedev\Engine\UnrealEngine\Engine\Programs\UnrealBuildTool\Log.txt
  Using 'git status' to determine working set for adaptive non-unity build (C:\Users\aleja\gamedev\Engine\UnrealEngine).
  Using 'git status' to determine working set for adaptive non-unity build (C:\Users\aleja\OneDrive\Documents\Unreal Projects\XYZ).
  Waiting for 'git status' command to complete
  Invalidating makefile for XYZEditor (working set of source files changed)
  Parsing headers for XYZEditor
    Running Internal UnrealHeaderTool "C:\Users\aleja\OneDrive\Documents\Unreal Projects\XYZ\XYZ.uproject" "C:\Users\aleja\OneDrive\Documents\Unreal Projects\XYZ\Intermediate\Build\Win64\XYZEditor\Development\XYZEditor.uhtmanifest" -WarningsAsErrors
  Total of 0 written
  Reflection code generated for XYZEditor in 1.211665 seconds
  Building XYZEditor and ShaderCompileWorker...
  Using Visual Studio 2022 14.34.31946 toolchain (C:\Program Files\Microsoft Visual Studio\2022\Community\VC\Tools\MSVC\14.34.31933) and Windows 10.0.22621.0 SDK (C:\Program Files (x86)\Windows Kits\10).
  [Upgrade]
  [Upgrade] Using backward-compatible include order. The latest version of UE has changed the order of includes, which may require code changes. The current setting is:
  [Upgrade]     IncludeOrderVersion = EngineIncludeOrderVersion.Unreal5_1
  [Upgrade] Suppress this message by setting 'IncludeOrderVersion = EngineIncludeOrderVersion.Unreal5_2;' in XYZEditor.Target.cs.
  [Upgrade] Alternatively you can set this to 'EngineIncludeOrderVersion.Latest' to always use the latest include order. This will potentially cause compile errors when integrating new versions of the engine.
  [Upgrade]
  [Adaptive Build] Excluded from XYZ unity file: XYZPlayerController.cpp, XYZSelectionStructure.cpp, XYZ.init.gen.cpp, XYZPlayerController.gen.cpp
  Determining max actions to execute in parallel (10 physical cores, 20 logical cores)
    Executing up to 10 processes, one per physical core
    Requested 1.5 GB free memory per action, 13.07 GB available: limiting max parallel actions to 8
  Building 6 actions with 6 processes...
  [1/6] Compile [x64] XYZSelectionStructure.cpp
  [2/6] Compile [x64] Module.XYZ.cpp
C:\Users\aleja\OneDrive\Documents\Unreal Projects\XYZ\Source\XYZ\XYZActor.cpp(26): warning C4996: 'AActor::GetComponentsByClass': Use one of the GetComponents implementations as appropriate Please update your code to the new API before upgrading to the next release, otherwise your project will no longer compile.
  [3/6] Compile [x64] XYZPlayerController.cpp
  [4/6] Link [x64] UnrealEditor-XYZ.lib
     Creating library C:\Users\aleja\OneDrive\Documents\Unreal Projects\XYZ\Intermediate\Build\Win64\x64\UnrealEditor\Development\XYZ\UnrealEditor-XYZ.lib and object C:\Users\aleja\OneDrive\Documents\Unreal Projects\XYZ\Intermediate\Build\Win64\x64\UnrealEditor\Development\XYZ\UnrealEditor-XYZ.exp
  [5/6] Link [x64] UnrealEditor-XYZ.dll
     Creating library C:\Users\aleja\OneDrive\Documents\Unreal Projects\XYZ\Intermediate\Build\Win64\x64\UnrealEditor\Development\XYZ\UnrealEditor-XYZ.suppressed.lib and object C:\Users\aleja\OneDrive\Documents\Unreal Projects\XYZ\Intermediate\Build\Win64\x64\UnrealEditor\Development\XYZ\UnrealEditor-XYZ.suppressed.exp
  [6/6] WriteMetadata XYZEditor.target
  Total time in Parallel executor: 7.94 seconds
  Total execution time: 15.27 seconds
