  Using bundled DotNet SDK version: 6.0.302
  Running UnrealBuildTool: dotnet "..\..\Engine\Binaries\DotNET\UnrealBuildTool\UnrealBuildTool.dll" ZenDashboard Win64 Development -WaitMutex -FromMsBuild
  Log file: C:\Users\aleja\gamedev\Engine\UnrealEngine\Engine\Programs\UnrealBuildTool\Log.txt
  Using 'git status' to determine working set for adaptive non-unity build (C:\Users\aleja\gamedev\Engine\UnrealEngine).
  Creating makefile for ZenDashboard (no existing makefile)
  Parsing headers for ZenDashboard
    Running Internal UnrealHeaderTool ZenDashboard C:\Users\aleja\gamedev\Engine\UnrealEngine\Engine\Intermediate\Build\Win64\ZenDashboard\Development\ZenDashboard.uhtmanifest -WarningsAsErrors
  Total of 0 written
  Reflection code generated for ZenDashboard in 0.7395406 seconds
  Waiting for 'git status' command to complete
  Building ZenDashboard...
  Using Visual Studio 2022 14.34.31946 toolchain (C:\Program Files\Microsoft Visual Studio\2022\Community\VC\Tools\MSVC\14.34.31933) and Windows 10.0.22621.0 SDK (C:\Program Files (x86)\Windows Kits\10).
  Determining max actions to execute in parallel (10 physical cores, 20 logical cores)
    Executing up to 10 processes, one per physical core
  Building 66 actions with 10 processes...
  [1/66] Resource Default.rc2
  [2/66] Compile [x64] BuildSettings.cpp
  [3/66] Compile [x64] Module.TraceLog.cpp
  [4/66] Compile [x64] MiMalloc.c
  [5/66] Compile [x64] SharedPCH.Core.Exceptions.ShadowErrors.cpp
  [6/66] Compile [x64] SharedPCH.Core.ShadowErrors.cpp
  [7/66] Compile [x64] SharedPCH.Core.ShadowErrors.TypeCastErrors.cpp
  [8/66] Compile [x64] PCH.Core.cpp
  [9/66] Compile [x64] Module.ColorManagement.cpp
  [10/66] Compile [x64] Module.SSL.cpp
  [11/66] Compile [x64] NetCommonModule.cpp
  [12/66] Compile [x64] Module.Json.cpp
  [13/66] Compile [x64] SharedPCH.CoreUObject.ShadowErrors.cpp
  [14/66] Compile [x64] SharedPCH.CoreUObject.ShadowErrors.TypeCastErrors.cpp
  [15/66] Compile [x64] Module.Sockets.cpp
  [16/66] Compile [x64] Module.Projects.cpp
  [17/66] Compile [x64] PCH.CoreUObject.cpp
  [18/66] Compile [x64] Module.Zen.cpp
  [19/66] Compile [x64] Module.ApplicationCore.cpp
  [20/66] Compile [x64] Module.Core.3_of_17.cpp
  [21/66] Compile [x64] Module.Core.2_of_17.cpp
  [22/66] Compile [x64] Module.Core.13_of_17.cpp
  [23/66] Compile [x64] SharedPCH.Slate.ShadowErrors.cpp
  [24/66] Compile [x64] Module.Core.8_of_17.cpp
  [25/66] Compile [x64] Module.Core.1_of_17.cpp
  [26/66] Compile [x64] Module.Core.4_of_17.cpp
  [27/66] Compile [x64] Module.Core.11_of_17.cpp
  [28/66] Compile [x64] Module.Core.17_of_17.cpp
  [29/66] Compile [x64] Module.ImageWrapper.cpp
  [30/66] Compile [x64] Module.Core.14_of_17.cpp
  [31/66] Compile [x64] Module.Core.5_of_17.cpp
  [32/66] Compile [x64] Module.Core.9_of_17.cpp
  [33/66] Compile [x64] Module.Core.16_of_17.cpp
  [34/66] Compile [x64] Module.Core.7_of_17.cpp
  [35/66] Compile [x64] Module.Core.15_of_17.cpp
  [36/66] Compile [x64] Module.Core.6_of_17.cpp
  [37/66] Compile [x64] Module.Core.12_of_17.cpp
  [38/66] Compile [x64] Module.Core.10_of_17.cpp
  [39/66] Compile [x64] Module.ImageCore.cpp
  [40/66] Compile [x64] Module.SlateCore.2_of_4.cpp
  [41/66] Compile [x64] Module.SlateCore.1_of_4.cpp
  [42/66] Compile [x64] Module.Slate.5_of_6.cpp
  [43/66] Compile [x64] Module.InputCore.cpp
  [44/66] Compile [x64] Module.Slate.6_of_6.cpp
  [45/66] Compile [x64] Module.Slate.2_of_6.cpp
  [46/66] Compile [x64] Module.Slate.3_of_6.cpp
  [47/66] Compile [x64] Module.StandaloneRenderer.cpp
  [48/66] Compile [x64] Module.Slate.4_of_6.cpp
  [49/66] Compile [x64] Module.Slate.1_of_6.cpp
  [50/66] Compile [x64] Module.SlateCore.4_of_4.cpp
  [51/66] Compile [x64] Module.CoreUObject.12_of_12.cpp
  [52/66] Compile [x64] Module.CoreUObject.4_of_12.cpp
  [53/66] Compile [x64] Module.SlateCore.3_of_4.cpp
  [54/66] Compile [x64] Module.CoreUObject.1_of_12.cpp
  [55/66] Compile [x64] Module.CoreUObject.9_of_12.cpp
  [56/66] Compile [x64] Module.CoreUObject.2_of_12.cpp
  [57/66] Compile [x64] Module.CoreUObject.5_of_12.cpp
  [58/66] Compile [x64] Module.CoreUObject.10_of_12.cpp
  [59/66] Compile [x64] Module.CoreUObject.3_of_12.cpp
  [60/66] Compile [x64] Module.CoreUObject.11_of_12.cpp
  [61/66] Compile [x64] Module.CoreUObject.6_of_12.cpp
  [62/66] Compile [x64] Module.CoreUObject.8_of_12.cpp
  [63/66] Compile [x64] Module.ZenDashboard.cpp
  [64/66] Compile [x64] Module.CoreUObject.7_of_12.cpp
  [65/66] Link [x64] ZenDashboard.exe
     Creating library ..\Binaries\Win64\ZenDashboard.lib and object ..\Binaries\Win64\ZenDashboard.exp
  [66/66] WriteMetadata ZenDashboard.target
  Total time in Parallel executor: 104.96 seconds
  Total execution time: 110.39 seconds
